
**** Build of configuration Debug for project blinky ****

"C:\\Users\\thielith\\ti\\ccs1250\\ccs\\utils\\bin\\gmake" -k -j 4 all -O 
 
Building file: "../pinmux.c"
Invoking: Arm Compiler
"C:/Users/thielith/ti/ccs1250/ccs/tools/compiler/ti-cgt-arm_20.2.7.LTS/bin/armcl" -mv7M4 --code_state=16 --float_support=none -me -Ooff --include_path="C:/Users/thielith/Desktop/eec-172/lab/workspace/blinky" --include_path="C:/Users/thielith/ti/CC3200SDK_1.5.0/cc3200-sdk/" --include_path="C:/Users/thielith/ti/CC3200SDK_1.5.0/cc3200-sdk/driverlib/" --include_path="C:/Users/thielith/ti/CC3200SDK_1.5.0/cc3200-sdk/inc/" --include_path="C:/Users/thielith/ti/CC3200SDK_1.5.0/cc3200-sdk/example/common/" --include_path="C:/Users/thielith/ti/ccs1250/ccs/tools/compiler/ti-cgt-arm_20.2.7.LTS/include" --define=ccs --define=cc3200 --define=NON_NETWORK -g --diag_warning=225 --diag_wrap=off --display_error_number --abi=eabi --preproc_with_compile --preproc_dependency="pinmux.d_raw"  "../pinmux.c"
Finished building: "../pinmux.c"
 
Building file: "C:/Users/thielith/ti/CC3200SDK_1.5.0/cc3200-sdk/example/common/gpio_if.c"
Invoking: Arm Compiler
"C:/Users/thielith/ti/ccs1250/ccs/tools/compiler/ti-cgt-arm_20.2.7.LTS/bin/armcl" -mv7M4 --code_state=16 --float_support=none -me -Ooff --include_path="C:/Users/thielith/Desktop/eec-172/lab/workspace/blinky" --include_path="C:/Users/thielith/ti/CC3200SDK_1.5.0/cc3200-sdk/" --include_path="C:/Users/thielith/ti/CC3200SDK_1.5.0/cc3200-sdk/driverlib/" --include_path="C:/Users/thielith/ti/CC3200SDK_1.5.0/cc3200-sdk/inc/" --include_path="C:/Users/thielith/ti/CC3200SDK_1.5.0/cc3200-sdk/example/common/" --include_path="C:/Users/thielith/ti/ccs1250/ccs/tools/compiler/ti-cgt-arm_20.2.7.LTS/include" --define=ccs --define=cc3200 --define=NON_NETWORK -g --diag_warning=225 --diag_wrap=off --display_error_number --abi=eabi --preproc_with_compile --preproc_dependency="gpio_if.d_raw"  "C:/Users/thielith/ti/CC3200SDK_1.5.0/cc3200-sdk/example/common/gpio_if.c"
Finished building: "C:/Users/thielith/ti/CC3200SDK_1.5.0/cc3200-sdk/example/common/gpio_if.c"
 
Building file: "../main.c"
Invoking: Arm Compiler
"C:/Users/thielith/ti/ccs1250/ccs/tools/compiler/ti-cgt-arm_20.2.7.LTS/bin/armcl" -mv7M4 --code_state=16 --float_support=none -me -Ooff --include_path="C:/Users/thielith/Desktop/eec-172/lab/workspace/blinky" --include_path="C:/Users/thielith/ti/CC3200SDK_1.5.0/cc3200-sdk/" --include_path="C:/Users/thielith/ti/CC3200SDK_1.5.0/cc3200-sdk/driverlib/" --include_path="C:/Users/thielith/ti/CC3200SDK_1.5.0/cc3200-sdk/inc/" --include_path="C:/Users/thielith/ti/CC3200SDK_1.5.0/cc3200-sdk/example/common/" --include_path="C:/Users/thielith/ti/ccs1250/ccs/tools/compiler/ti-cgt-arm_20.2.7.LTS/include" --define=ccs --define=cc3200 --define=NON_NETWORK -g --diag_warning=225 --diag_wrap=off --display_error_number --abi=eabi --preproc_with_compile --preproc_dependency="main.d_raw"  "../main.c"
Finished building: "../main.c"
 
Building file: "C:/Users/thielith/ti/CC3200SDK_1.5.0/cc3200-sdk/example/common/startup_ccs.c"
Invoking: Arm Compiler
"C:/Users/thielith/ti/ccs1250/ccs/tools/compiler/ti-cgt-arm_20.2.7.LTS/bin/armcl" -mv7M4 --code_state=16 --float_support=none -me -Ooff --include_path="C:/Users/thielith/Desktop/eec-172/lab/workspace/blinky" --include_path="C:/Users/thielith/ti/CC3200SDK_1.5.0/cc3200-sdk/" --include_path="C:/Users/thielith/ti/CC3200SDK_1.5.0/cc3200-sdk/driverlib/" --include_path="C:/Users/thielith/ti/CC3200SDK_1.5.0/cc3200-sdk/inc/" --include_path="C:/Users/thielith/ti/CC3200SDK_1.5.0/cc3200-sdk/example/common/" --include_path="C:/Users/thielith/ti/ccs1250/ccs/tools/compiler/ti-cgt-arm_20.2.7.LTS/include" --define=ccs --define=cc3200 --define=NON_NETWORK -g --diag_warning=225 --diag_wrap=off --display_error_number --abi=eabi --preproc_with_compile --preproc_dependency="startup_ccs.d_raw"  "C:/Users/thielith/ti/CC3200SDK_1.5.0/cc3200-sdk/example/common/startup_ccs.c"
Finished building: "C:/Users/thielith/ti/CC3200SDK_1.5.0/cc3200-sdk/example/common/startup_ccs.c"
 
Building target: "blinky.out"
Invoking: Arm Linker
"C:/Users/thielith/ti/ccs1250/ccs/tools/compiler/ti-cgt-arm_20.2.7.LTS/bin/armcl" -mv7M4 --code_state=16 --float_support=none -me -Ooff --define=ccs --define=cc3200 --define=NON_NETWORK -g --diag_warning=225 --diag_wrap=off --display_error_number --abi=eabi -z -m"blinky.map" --heap_size=0x800 --stack_size=0x800 -i"C:/Users/thielith/ti/ccs1250/ccs/tools/compiler/ti-cgt-arm_20.2.7.LTS/lib" -i"C:/Users/thielith/ti/ccs1250/ccs/tools/compiler/ti-cgt-arm_20.2.7.LTS/include" --reread_libs --diag_wrap=off --display_error_number --warn_sections --xml_link_info="blinky_linkInfo.xml" --rom_model -o "blinky.out" "./gpio_if.obj" "./main.obj" "./pinmux.obj" "./startup_ccs.obj" "../cc3200v1p32.cmd"  -l"C:/Users/thielith/ti/CC3200SDK_1.5.0/cc3200-sdk/driverlib/ccs/Release/driverlib.a" -llibc.a 
<Linking>
Finished building target: "blinky.out"
 
C:/Users/thielith/ti/ccs1250/ccs/utils/tiobj2bin/tiobj2bin blinky.out blinky.bin C:/Users/thielith/ti/ccs1250/ccs/tools/compiler/ti-cgt-arm_20.2.7.LTS/bin/armofd C:/Users/thielith/ti/ccs1250/ccs/tools/compiler/ti-cgt-arm_20.2.7.LTS/bin/armhex C:/Users/thielith/ti/ccs1250/ccs/utils/tiobj2bin/mkhex4bin
 

**** Build Finished ****

**** Build of configuration Debug for project blinky ****

"C:\\Users\\thielith\\ti\\ccs1250\\ccs\\utils\\bin\\gmake" -k -j 4 all -O 
 
gmake[1]: 'blinky.out' is up to date.

**** Build Finished ****

**** Build of configuration Debug for project blinky ****

"C:\\Users\\thielith\\ti\\ccs1250\\ccs\\utils\\bin\\gmake" -k -j 4 all -O 
 
gmake[1]: 'blinky.out' is up to date.

**** Build Finished ****

**** Build of configuration Debug for project blinky ****

"C:\\Users\\thielith\\ti\\ccs1250\\ccs\\utils\\bin\\gmake" -k -j 4 all -O 
 
Building file: "../main.c"
Invoking: Arm Compiler
"C:/Users/thielith/ti/ccs1250/ccs/tools/compiler/ti-cgt-arm_20.2.7.LTS/bin/armcl" -mv7M4 --code_state=16 --float_support=none -me -Ooff --include_path="C:/Users/thielith/Desktop/eec-172/lab/workspace/blinky" --include_path="C:/Users/thielith/ti/CC3200SDK_1.5.0/cc3200-sdk/" --include_path="C:/Users/thielith/ti/CC3200SDK_1.5.0/cc3200-sdk/driverlib/" --include_path="C:/Users/thielith/ti/CC3200SDK_1.5.0/cc3200-sdk/inc/" --include_path="C:/Users/thielith/ti/CC3200SDK_1.5.0/cc3200-sdk/example/common/" --include_path="C:/Users/thielith/ti/ccs1250/ccs/tools/compiler/ti-cgt-arm_20.2.7.LTS/include" --define=ccs --define=cc3200 --define=NON_NETWORK -g --diag_warning=225 --diag_wrap=off --display_error_number --abi=eabi --preproc_with_compile --preproc_dependency="main.d_raw"  "../main.c"
Finished building: "../main.c"
 
Building target: "blinky.out"
Invoking: Arm Linker
"C:/Users/thielith/ti/ccs1250/ccs/tools/compiler/ti-cgt-arm_20.2.7.LTS/bin/armcl" -mv7M4 --code_state=16 --float_support=none -me -Ooff --define=ccs --define=cc3200 --define=NON_NETWORK -g --diag_warning=225 --diag_wrap=off --display_error_number --abi=eabi -z -m"blinky.map" --heap_size=0x800 --stack_size=0x800 -i"C:/Users/thielith/ti/ccs1250/ccs/tools/compiler/ti-cgt-arm_20.2.7.LTS/lib" -i"C:/Users/thielith/ti/ccs1250/ccs/tools/compiler/ti-cgt-arm_20.2.7.LTS/include" --reread_libs --diag_wrap=off --display_error_number --warn_sections --xml_link_info="blinky_linkInfo.xml" --rom_model -o "blinky.out" "./gpio_if.obj" "./main.obj" "./pinmux.obj" "./startup_ccs.obj" "../cc3200v1p32.cmd"  -l"C:/Users/thielith/ti/CC3200SDK_1.5.0/cc3200-sdk/driverlib/ccs/Release/driverlib.a" -llibc.a 
<Linking>
Finished building target: "blinky.out"
 
C:/Users/thielith/ti/ccs1250/ccs/utils/tiobj2bin/tiobj2bin blinky.out blinky.bin C:/Users/thielith/ti/ccs1250/ccs/tools/compiler/ti-cgt-arm_20.2.7.LTS/bin/armofd C:/Users/thielith/ti/ccs1250/ccs/tools/compiler/ti-cgt-arm_20.2.7.LTS/bin/armhex C:/Users/thielith/ti/ccs1250/ccs/utils/tiobj2bin/mkhex4bin
 

**** Build Finished ****

**** Build of configuration Debug for project blinky ****

"C:\\Users\\thielith\\ti\\ccs1250\\ccs\\utils\\bin\\gmake" -k -j 4 all -O 
 
Building file: "../main.c"
Invoking: Arm Compiler
"C:/Users/thielith/ti/ccs1250/ccs/tools/compiler/ti-cgt-arm_20.2.7.LTS/bin/armcl" -mv7M4 --code_state=16 --float_support=none -me -Ooff --include_path="C:/Users/thielith/Desktop/eec-172/lab/workspace/blinky" --include_path="C:/Users/thielith/ti/CC3200SDK_1.5.0/cc3200-sdk/" --include_path="C:/Users/thielith/ti/CC3200SDK_1.5.0/cc3200-sdk/driverlib/" --include_path="C:/Users/thielith/ti/CC3200SDK_1.5.0/cc3200-sdk/inc/" --include_path="C:/Users/thielith/ti/CC3200SDK_1.5.0/cc3200-sdk/example/common/" --include_path="C:/Users/thielith/ti/ccs1250/ccs/tools/compiler/ti-cgt-arm_20.2.7.LTS/include" --define=ccs --define=cc3200 --define=NON_NETWORK -g --diag_warning=225 --diag_wrap=off --display_error_number --abi=eabi --preproc_with_compile --preproc_dependency="main.d_raw"  "../main.c"
Finished building: "../main.c"
 
Building target: "blinky.out"
Invoking: Arm Linker
"C:/Users/thielith/ti/ccs1250/ccs/tools/compiler/ti-cgt-arm_20.2.7.LTS/bin/armcl" -mv7M4 --code_state=16 --float_support=none -me -Ooff --define=ccs --define=cc3200 --define=NON_NETWORK -g --diag_warning=225 --diag_wrap=off --display_error_number --abi=eabi -z -m"blinky.map" --heap_size=0x800 --stack_size=0x800 -i"C:/Users/thielith/ti/ccs1250/ccs/tools/compiler/ti-cgt-arm_20.2.7.LTS/lib" -i"C:/Users/thielith/ti/ccs1250/ccs/tools/compiler/ti-cgt-arm_20.2.7.LTS/include" --reread_libs --diag_wrap=off --display_error_number --warn_sections --xml_link_info="blinky_linkInfo.xml" --rom_model -o "blinky.out" "./gpio_if.obj" "./main.obj" "./pinmux.obj" "./startup_ccs.obj" "../cc3200v1p32.cmd"  -l"C:/Users/thielith/ti/CC3200SDK_1.5.0/cc3200-sdk/driverlib/ccs/Release/driverlib.a" -llibc.a 
<Linking>
Finished building target: "blinky.out"
 
C:/Users/thielith/ti/ccs1250/ccs/utils/tiobj2bin/tiobj2bin blinky.out blinky.bin C:/Users/thielith/ti/ccs1250/ccs/tools/compiler/ti-cgt-arm_20.2.7.LTS/bin/armofd C:/Users/thielith/ti/ccs1250/ccs/tools/compiler/ti-cgt-arm_20.2.7.LTS/bin/armhex C:/Users/thielith/ti/ccs1250/ccs/utils/tiobj2bin/mkhex4bin
 

**** Build Finished ****

**** Build of configuration Debug for project blinky ****

"C:\\Users\\thielith\\ti\\ccs1250\\ccs\\utils\\bin\\gmake" -k -j 4 all -O 
 
gmake[1]: 'blinky.out' is up to date.

**** Build Finished ****

**** Build of configuration Debug for project uart_demo ****

"C:\\Users\\thielith\\ti\\ccs1250\\ccs\\utils\\bin\\gmake" -k -j 4 all -O 
 
Building file: "../main.c"
Invoking: Arm Compiler
"C:/Users/thielith/ti/ccs1250/ccs/tools/compiler/ti-cgt-arm_20.2.7.LTS/bin/armcl" -mv7M4 --code_state=16 --float_support=none -me -Ooff --include_path="C:/Users/thielith/Desktop/eec-172/lab/workspace/uart_demo" --include_path="C:/Users/thielith/ti/CC3200SDK_1.5.0/cc3200-sdk/" --include_path="C:/Users/thielith/ti/CC3200SDK_1.5.0/cc3200-sdk/driverlib/" --include_path="C:/Users/thielith/ti/CC3200SDK_1.5.0/cc3200-sdk/inc/" --include_path="C:/Users/thielith/ti/CC3200SDK_1.5.0/cc3200-sdk/example/common/" --include_path="C:/Users/thielith/ti/ccs1250/ccs/tools/compiler/ti-cgt-arm_20.2.7.LTS/include" --define=ccs --define=cc3200 -g --diag_warning=225 --diag_wrap=off --display_error_number --abi=eabi --preproc_with_compile --preproc_dependency="main.d_raw"  "../main.c"
Finished building: "../main.c"
 
Building file: "../pinmux.c"
Invoking: Arm Compiler
"C:/Users/thielith/ti/ccs1250/ccs/tools/compiler/ti-cgt-arm_20.2.7.LTS/bin/armcl" -mv7M4 --code_state=16 --float_support=none -me -Ooff --include_path="C:/Users/thielith/Desktop/eec-172/lab/workspace/uart_demo" --include_path="C:/Users/thielith/ti/CC3200SDK_1.5.0/cc3200-sdk/" --include_path="C:/Users/thielith/ti/CC3200SDK_1.5.0/cc3200-sdk/driverlib/" --include_path="C:/Users/thielith/ti/CC3200SDK_1.5.0/cc3200-sdk/inc/" --include_path="C:/Users/thielith/ti/CC3200SDK_1.5.0/cc3200-sdk/example/common/" --include_path="C:/Users/thielith/ti/ccs1250/ccs/tools/compiler/ti-cgt-arm_20.2.7.LTS/include" --define=ccs --define=cc3200 -g --diag_warning=225 --diag_wrap=off --display_error_number --abi=eabi --preproc_with_compile --preproc_dependency="pinmux.d_raw"  "../pinmux.c"
Finished building: "../pinmux.c"
 
Building file: "C:/Users/thielith/ti/CC3200SDK_1.5.0/cc3200-sdk/example/common/startup_ccs.c"
Invoking: Arm Compiler
"C:/Users/thielith/ti/ccs1250/ccs/tools/compiler/ti-cgt-arm_20.2.7.LTS/bin/armcl" -mv7M4 --code_state=16 --float_support=none -me -Ooff --include_path="C:/Users/thielith/Desktop/eec-172/lab/workspace/uart_demo" --include_path="C:/Users/thielith/ti/CC3200SDK_1.5.0/cc3200-sdk/" --include_path="C:/Users/thielith/ti/CC3200SDK_1.5.0/cc3200-sdk/driverlib/" --include_path="C:/Users/thielith/ti/CC3200SDK_1.5.0/cc3200-sdk/inc/" --include_path="C:/Users/thielith/ti/CC3200SDK_1.5.0/cc3200-sdk/example/common/" --include_path="C:/Users/thielith/ti/ccs1250/ccs/tools/compiler/ti-cgt-arm_20.2.7.LTS/include" --define=ccs --define=cc3200 -g --diag_warning=225 --diag_wrap=off --display_error_number --abi=eabi --preproc_with_compile --preproc_dependency="startup_ccs.d_raw"  "C:/Users/thielith/ti/CC3200SDK_1.5.0/cc3200-sdk/example/common/startup_ccs.c"
Finished building: "C:/Users/thielith/ti/CC3200SDK_1.5.0/cc3200-sdk/example/common/startup_ccs.c"
 
Building file: "../uart_if.c"
Invoking: Arm Compiler
"C:/Users/thielith/ti/ccs1250/ccs/tools/compiler/ti-cgt-arm_20.2.7.LTS/bin/armcl" -mv7M4 --code_state=16 --float_support=none -me -Ooff --include_path="C:/Users/thielith/Desktop/eec-172/lab/workspace/uart_demo" --include_path="C:/Users/thielith/ti/CC3200SDK_1.5.0/cc3200-sdk/" --include_path="C:/Users/thielith/ti/CC3200SDK_1.5.0/cc3200-sdk/driverlib/" --include_path="C:/Users/thielith/ti/CC3200SDK_1.5.0/cc3200-sdk/inc/" --include_path="C:/Users/thielith/ti/CC3200SDK_1.5.0/cc3200-sdk/example/common/" --include_path="C:/Users/thielith/ti/ccs1250/ccs/tools/compiler/ti-cgt-arm_20.2.7.LTS/include" --define=ccs --define=cc3200 -g --diag_warning=225 --diag_wrap=off --display_error_number --abi=eabi --preproc_with_compile --preproc_dependency="uart_if.d_raw"  "../uart_if.c"
Finished building: "../uart_if.c"
 
Building target: "uart_demo.out"
Invoking: Arm Linker
"C:/Users/thielith/ti/ccs1250/ccs/tools/compiler/ti-cgt-arm_20.2.7.LTS/bin/armcl" -mv7M4 --code_state=16 --float_support=none -me -Ooff --define=ccs --define=cc3200 -g --diag_warning=225 --diag_wrap=off --display_error_number --abi=eabi -z -m"uart_demo.map" --heap_size=0x800 --stack_size=0x100 -i"C:/Users/thielith/ti/ccs1250/ccs/tools/compiler/ti-cgt-arm_20.2.7.LTS/lib" -i"C:/Users/thielith/ti/ccs1250/ccs/tools/compiler/ti-cgt-arm_20.2.7.LTS/include" --reread_libs --diag_wrap=off --display_error_number --warn_sections --xml_link_info="uart_demo_linkInfo.xml" --rom_model -o "uart_demo.out" "./main.obj" "./pinmux.obj" "./startup_ccs.obj" "./uart_if.obj" "../cc3200v1p32.cmd"  -l"C:/Users/thielith/ti/CC3200SDK_1.5.0/cc3200-sdk/driverlib/ccs/Release/driverlib.a" -llibc.a 
<Linking>
Finished building target: "uart_demo.out"
 
C:/Users/thielith/ti/ccs1250/ccs/utils/tiobj2bin/tiobj2bin uart_demo.out uart_demo.bin C:/Users/thielith/ti/ccs1250/ccs/tools/compiler/ti-cgt-arm_20.2.7.LTS/bin/armofd C:/Users/thielith/ti/ccs1250/ccs/tools/compiler/ti-cgt-arm_20.2.7.LTS/bin/armhex C:/Users/thielith/ti/ccs1250/ccs/utils/tiobj2bin/mkhex4bin
 

**** Build Finished ****

**** Build of configuration Debug for project uart_demo ****

"C:\\Users\\thielith\\ti\\ccs1250\\ccs\\utils\\bin\\gmake" -k -j 4 all -O 
 
gmake[1]: 'uart_demo.out' is up to date.

**** Build Finished ****

**** Clean-only build of configuration Debug for project lab1-part1b_uart_demo ****

"C:\\Users\\thielith\\ti\\ccs1250\\ccs\\utils\\bin\\gmake" -k -j 4 clean -O 
 
DEL /F  "uart_demo.out" 
DEL /F "main.obj" "pinmux.obj" "startup_ccs.obj" "uart_if.obj" 
DEL /F "main.d" "pinmux.d" "startup_ccs.d" "uart_if.d" 
Finished clean
 

**** Build Finished ****

**** Build of configuration Debug for project lab1-part1b_uart_demo ****

"C:\\Users\\thielith\\ti\\ccs1250\\ccs\\utils\\bin\\gmake" -k -j 4 all -O 
 
Building file: "../main.c"
Invoking: Arm Compiler
"C:/Users/thielith/ti/ccs1250/ccs/tools/compiler/ti-cgt-arm_20.2.7.LTS/bin/armcl" -mv7M4 --code_state=16 --float_support=none -me -Ooff --include_path="C:/Users/thielith/Desktop/eec-172/lab/workspace/lab1-part1b_uart_demo" --include_path="C:/Users/thielith/ti/CC3200SDK_1.5.0/cc3200-sdk/" --include_path="C:/Users/thielith/ti/CC3200SDK_1.5.0/cc3200-sdk/driverlib/" --include_path="C:/Users/thielith/ti/CC3200SDK_1.5.0/cc3200-sdk/inc/" --include_path="C:/Users/thielith/ti/CC3200SDK_1.5.0/cc3200-sdk/example/common/" --include_path="C:/Users/thielith/ti/ccs1250/ccs/tools/compiler/ti-cgt-arm_20.2.7.LTS/include" --define=ccs --define=cc3200 -g --diag_warning=225 --diag_wrap=off --display_error_number --abi=eabi --preproc_with_compile --preproc_dependency="main.d_raw"  "../main.c"
 
>> Compilation failure
subdir_rules.mk:9: recipe for target 'main.obj' failed
"../main.c", line 63: fatal error #1965: cannot open source file "pin_mux_config.h"
1 catastrophic error detected in the compilation of "../main.c".
Compilation terminated.
gmake: *** [main.obj] Error 1
Building file: "C:/Users/thielith/ti/CC3200SDK_1.5.0/cc3200-sdk/example/common/startup_ccs.c"
Invoking: Arm Compiler
"C:/Users/thielith/ti/ccs1250/ccs/tools/compiler/ti-cgt-arm_20.2.7.LTS/bin/armcl" -mv7M4 --code_state=16 --float_support=none -me -Ooff --include_path="C:/Users/thielith/Desktop/eec-172/lab/workspace/lab1-part1b_uart_demo" --include_path="C:/Users/thielith/ti/CC3200SDK_1.5.0/cc3200-sdk/" --include_path="C:/Users/thielith/ti/CC3200SDK_1.5.0/cc3200-sdk/driverlib/" --include_path="C:/Users/thielith/ti/CC3200SDK_1.5.0/cc3200-sdk/inc/" --include_path="C:/Users/thielith/ti/CC3200SDK_1.5.0/cc3200-sdk/example/common/" --include_path="C:/Users/thielith/ti/ccs1250/ccs/tools/compiler/ti-cgt-arm_20.2.7.LTS/include" --define=ccs --define=cc3200 -g --diag_warning=225 --diag_wrap=off --display_error_number --abi=eabi --preproc_with_compile --preproc_dependency="startup_ccs.d_raw"  "C:/Users/thielith/ti/CC3200SDK_1.5.0/cc3200-sdk/example/common/startup_ccs.c"
Finished building: "C:/Users/thielith/ti/CC3200SDK_1.5.0/cc3200-sdk/example/common/startup_ccs.c"
 
Building file: "../pinmux.c"
Invoking: Arm Compiler
"C:/Users/thielith/ti/ccs1250/ccs/tools/compiler/ti-cgt-arm_20.2.7.LTS/bin/armcl" -mv7M4 --code_state=16 --float_support=none -me -Ooff --include_path="C:/Users/thielith/Desktop/eec-172/lab/workspace/lab1-part1b_uart_demo" --include_path="C:/Users/thielith/ti/CC3200SDK_1.5.0/cc3200-sdk/" --include_path="C:/Users/thielith/ti/CC3200SDK_1.5.0/cc3200-sdk/driverlib/" --include_path="C:/Users/thielith/ti/CC3200SDK_1.5.0/cc3200-sdk/inc/" --include_path="C:/Users/thielith/ti/CC3200SDK_1.5.0/cc3200-sdk/example/common/" --include_path="C:/Users/thielith/ti/ccs1250/ccs/tools/compiler/ti-cgt-arm_20.2.7.LTS/include" --define=ccs --define=cc3200 -g --diag_warning=225 --diag_wrap=off --display_error_number --abi=eabi --preproc_with_compile --preproc_dependency="pinmux.d_raw"  "../pinmux.c"
Finished building: "../pinmux.c"
 
Building file: "../uart_if.c"
Invoking: Arm Compiler
"C:/Users/thielith/ti/ccs1250/ccs/tools/compiler/ti-cgt-arm_20.2.7.LTS/bin/armcl" -mv7M4 --code_state=16 --float_support=none -me -Ooff --include_path="C:/Users/thielith/Desktop/eec-172/lab/workspace/lab1-part1b_uart_demo" --include_path="C:/Users/thielith/ti/CC3200SDK_1.5.0/cc3200-sdk/" --include_path="C:/Users/thielith/ti/CC3200SDK_1.5.0/cc3200-sdk/driverlib/" --include_path="C:/Users/thielith/ti/CC3200SDK_1.5.0/cc3200-sdk/inc/" --include_path="C:/Users/thielith/ti/CC3200SDK_1.5.0/cc3200-sdk/example/common/" --include_path="C:/Users/thielith/ti/ccs1250/ccs/tools/compiler/ti-cgt-arm_20.2.7.LTS/include" --define=ccs --define=cc3200 -g --diag_warning=225 --diag_wrap=off --display_error_number --abi=eabi --preproc_with_compile --preproc_dependency="uart_if.d_raw"  "../uart_if.c"
Finished building: "../uart_if.c"
 
gmake: Target 'all' not remade because of errors.

**** Build Finished ****

**** Build of configuration Debug for project uart_demo ****

"C:\\Users\\thielith\\ti\\ccs1250\\ccs\\utils\\bin\\gmake" -k -j 4 all -O 
 
Building file: "../main.c"
Invoking: Arm Compiler
"C:/Users/thielith/ti/ccs1250/ccs/tools/compiler/ti-cgt-arm_20.2.7.LTS/bin/armcl" -mv7M4 --code_state=16 --float_support=none -me -Ooff --include_path="C:/Users/thielith/Desktop/eec-172/lab/workspace/uart_demo" --include_path="C:/Users/thielith/ti/CC3200SDK_1.5.0/cc3200-sdk/" --include_path="C:/Users/thielith/ti/CC3200SDK_1.5.0/cc3200-sdk/driverlib/" --include_path="C:/Users/thielith/ti/CC3200SDK_1.5.0/cc3200-sdk/inc/" --include_path="C:/Users/thielith/ti/CC3200SDK_1.5.0/cc3200-sdk/example/common/" --include_path="C:/Users/thielith/ti/ccs1250/ccs/tools/compiler/ti-cgt-arm_20.2.7.LTS/include" --define=ccs --define=cc3200 -g --diag_warning=225 --diag_wrap=off --display_error_number --abi=eabi --preproc_with_compile --preproc_dependency="main.d_raw"  "../main.c"
 
>> Compilation failure
subdir_rules.mk:9: recipe for target 'main.obj' failed
"../main.c", line 63: fatal error #1965: cannot open source file "pinmux.h"
1 catastrophic error detected in the compilation of "../main.c".
Compilation terminated.
gmake: *** [main.obj] Error 1
Building file: "C:/Users/thielith/ti/CC3200SDK_1.5.0/cc3200-sdk/example/common/startup_ccs.c"
Invoking: Arm Compiler
"C:/Users/thielith/ti/ccs1250/ccs/tools/compiler/ti-cgt-arm_20.2.7.LTS/bin/armcl" -mv7M4 --code_state=16 --float_support=none -me -Ooff --include_path="C:/Users/thielith/Desktop/eec-172/lab/workspace/uart_demo" --include_path="C:/Users/thielith/ti/CC3200SDK_1.5.0/cc3200-sdk/" --include_path="C:/Users/thielith/ti/CC3200SDK_1.5.0/cc3200-sdk/driverlib/" --include_path="C:/Users/thielith/ti/CC3200SDK_1.5.0/cc3200-sdk/inc/" --include_path="C:/Users/thielith/ti/CC3200SDK_1.5.0/cc3200-sdk/example/common/" --include_path="C:/Users/thielith/ti/ccs1250/ccs/tools/compiler/ti-cgt-arm_20.2.7.LTS/include" --define=ccs --define=cc3200 -g --diag_warning=225 --diag_wrap=off --display_error_number --abi=eabi --preproc_with_compile --preproc_dependency="startup_ccs.d_raw"  "C:/Users/thielith/ti/CC3200SDK_1.5.0/cc3200-sdk/example/common/startup_ccs.c"
Finished building: "C:/Users/thielith/ti/CC3200SDK_1.5.0/cc3200-sdk/example/common/startup_ccs.c"
 
Building file: "../pin_mux_config.c"
Invoking: Arm Compiler
"C:/Users/thielith/ti/ccs1250/ccs/tools/compiler/ti-cgt-arm_20.2.7.LTS/bin/armcl" -mv7M4 --code_state=16 --float_support=none -me -Ooff --include_path="C:/Users/thielith/Desktop/eec-172/lab/workspace/uart_demo" --include_path="C:/Users/thielith/ti/CC3200SDK_1.5.0/cc3200-sdk/" --include_path="C:/Users/thielith/ti/CC3200SDK_1.5.0/cc3200-sdk/driverlib/" --include_path="C:/Users/thielith/ti/CC3200SDK_1.5.0/cc3200-sdk/inc/" --include_path="C:/Users/thielith/ti/CC3200SDK_1.5.0/cc3200-sdk/example/common/" --include_path="C:/Users/thielith/ti/ccs1250/ccs/tools/compiler/ti-cgt-arm_20.2.7.LTS/include" --define=ccs --define=cc3200 -g --diag_warning=225 --diag_wrap=off --display_error_number --abi=eabi --preproc_with_compile --preproc_dependency="pin_mux_config.d_raw"  "../pin_mux_config.c"
Finished building: "../pin_mux_config.c"
 
Building file: "../uart_if.c"
Invoking: Arm Compiler
"C:/Users/thielith/ti/ccs1250/ccs/tools/compiler/ti-cgt-arm_20.2.7.LTS/bin/armcl" -mv7M4 --code_state=16 --float_support=none -me -Ooff --include_path="C:/Users/thielith/Desktop/eec-172/lab/workspace/uart_demo" --include_path="C:/Users/thielith/ti/CC3200SDK_1.5.0/cc3200-sdk/" --include_path="C:/Users/thielith/ti/CC3200SDK_1.5.0/cc3200-sdk/driverlib/" --include_path="C:/Users/thielith/ti/CC3200SDK_1.5.0/cc3200-sdk/inc/" --include_path="C:/Users/thielith/ti/CC3200SDK_1.5.0/cc3200-sdk/example/common/" --include_path="C:/Users/thielith/ti/ccs1250/ccs/tools/compiler/ti-cgt-arm_20.2.7.LTS/include" --define=ccs --define=cc3200 -g --diag_warning=225 --diag_wrap=off --display_error_number --abi=eabi --preproc_with_compile --preproc_dependency="uart_if.d_raw"  "../uart_if.c"
Finished building: "../uart_if.c"
 
gmake: Target 'all' not remade because of errors.

**** Build Finished ****

**** Build of configuration Debug for project uart_demo ****

"C:\\Users\\thielith\\ti\\ccs1250\\ccs\\utils\\bin\\gmake" -k -j 4 all -O 
 
Building file: "../main.c"
Invoking: Arm Compiler
"C:/Users/thielith/ti/ccs1250/ccs/tools/compiler/ti-cgt-arm_20.2.7.LTS/bin/armcl" -mv7M4 --code_state=16 --float_support=none -me -Ooff --include_path="C:/Users/thielith/Desktop/eec-172/lab/workspace/uart_demo" --include_path="C:/Users/thielith/ti/CC3200SDK_1.5.0/cc3200-sdk/" --include_path="C:/Users/thielith/ti/CC3200SDK_1.5.0/cc3200-sdk/driverlib/" --include_path="C:/Users/thielith/ti/CC3200SDK_1.5.0/cc3200-sdk/inc/" --include_path="C:/Users/thielith/ti/CC3200SDK_1.5.0/cc3200-sdk/example/common/" --include_path="C:/Users/thielith/ti/ccs1250/ccs/tools/compiler/ti-cgt-arm_20.2.7.LTS/include" --define=ccs --define=cc3200 -g --diag_warning=225 --diag_wrap=off --display_error_number --abi=eabi --preproc_with_compile --preproc_dependency="main.d_raw"  "../main.c"
 
>> Compilation failure
subdir_rules.mk:9: recipe for target 'main.obj' failed
"../main.c", line 63: fatal error #1965: cannot open source file "pinmux.h"
1 catastrophic error detected in the compilation of "../main.c".
Compilation terminated.
gmake: *** [main.obj] Error 1
gmake: Target 'all' not remade because of errors.

**** Build Finished ****

**** Build of configuration Debug for project uart_demo ****

"C:\\Users\\thielith\\ti\\ccs1250\\ccs\\utils\\bin\\gmake" -k -j 4 all -O 
 
Building file: "../main.c"
Invoking: Arm Compiler
"C:/Users/thielith/ti/ccs1250/ccs/tools/compiler/ti-cgt-arm_20.2.7.LTS/bin/armcl" -mv7M4 --code_state=16 --float_support=none -me -Ooff --include_path="C:/Users/thielith/Desktop/eec-172/lab/workspace/uart_demo" --include_path="C:/Users/thielith/ti/CC3200SDK_1.5.0/cc3200-sdk/" --include_path="C:/Users/thielith/ti/CC3200SDK_1.5.0/cc3200-sdk/driverlib/" --include_path="C:/Users/thielith/ti/CC3200SDK_1.5.0/cc3200-sdk/inc/" --include_path="C:/Users/thielith/ti/CC3200SDK_1.5.0/cc3200-sdk/example/common/" --include_path="C:/Users/thielith/ti/ccs1250/ccs/tools/compiler/ti-cgt-arm_20.2.7.LTS/include" --define=ccs --define=cc3200 -g --diag_warning=225 --diag_wrap=off --display_error_number --abi=eabi --preproc_with_compile --preproc_dependency="main.d_raw"  "../main.c"
Finished building: "../main.c"
 
Building target: "uart_demo.out"
Invoking: Arm Linker
"C:/Users/thielith/ti/ccs1250/ccs/tools/compiler/ti-cgt-arm_20.2.7.LTS/bin/armcl" -mv7M4 --code_state=16 --float_support=none -me -Ooff --define=ccs --define=cc3200 -g --diag_warning=225 --diag_wrap=off --display_error_number --abi=eabi -z -m"uart_demo.map" --heap_size=0x800 --stack_size=0x100 -i"C:/Users/thielith/ti/ccs1250/ccs/tools/compiler/ti-cgt-arm_20.2.7.LTS/lib" -i"C:/Users/thielith/ti/ccs1250/ccs/tools/compiler/ti-cgt-arm_20.2.7.LTS/include" --reread_libs --diag_wrap=off --display_error_number --warn_sections --xml_link_info="uart_demo_linkInfo.xml" --rom_model -o "uart_demo.out" "./main.obj" "./pin_mux_config.obj" "./startup_ccs.obj" "./uart_if.obj" "../cc3200v1p32.cmd"  -l"C:/Users/thielith/ti/CC3200SDK_1.5.0/cc3200-sdk/driverlib/ccs/Release/driverlib.a" -llibc.a 
<Linking>
Finished building target: "uart_demo.out"
 
C:/Users/thielith/ti/ccs1250/ccs/utils/tiobj2bin/tiobj2bin uart_demo.out uart_demo.bin C:/Users/thielith/ti/ccs1250/ccs/tools/compiler/ti-cgt-arm_20.2.7.LTS/bin/armofd C:/Users/thielith/ti/ccs1250/ccs/tools/compiler/ti-cgt-arm_20.2.7.LTS/bin/armhex C:/Users/thielith/ti/ccs1250/ccs/utils/tiobj2bin/mkhex4bin
 

**** Build Finished ****

**** Build of configuration Debug for project uart_demo ****

"C:\\Users\\thielith\\ti\\ccs1250\\ccs\\utils\\bin\\gmake" -k -j 4 all -O 
 
gmake[1]: 'uart_demo.out' is up to date.

**** Build Finished ****

**** Build of configuration Debug for project uart_demo ****

"C:\\Users\\thielith\\ti\\ccs1250\\ccs\\utils\\bin\\gmake" -k -j 4 all -O 
 
Building file: "../main.c"
Invoking: Arm Compiler
"C:/Users/thielith/ti/ccs1250/ccs/tools/compiler/ti-cgt-arm_20.2.7.LTS/bin/armcl" -mv7M4 --code_state=16 --float_support=none -me -Ooff --include_path="C:/Users/thielith/Desktop/eec-172/lab/workspace/uart_demo" --include_path="C:/Users/thielith/ti/CC3200SDK_1.5.0/cc3200-sdk/" --include_path="C:/Users/thielith/ti/CC3200SDK_1.5.0/cc3200-sdk/driverlib/" --include_path="C:/Users/thielith/ti/CC3200SDK_1.5.0/cc3200-sdk/inc/" --include_path="C:/Users/thielith/ti/CC3200SDK_1.5.0/cc3200-sdk/example/common/" --include_path="C:/Users/thielith/ti/ccs1250/ccs/tools/compiler/ti-cgt-arm_20.2.7.LTS/include" --define=ccs --define=cc3200 -g --diag_warning=225 --diag_wrap=off --display_error_number --abi=eabi --preproc_with_compile --preproc_dependency="main.d_raw"  "../main.c"
Finished building: "../main.c"
 
Building target: "uart_demo.out"
Invoking: Arm Linker
"C:/Users/thielith/ti/ccs1250/ccs/tools/compiler/ti-cgt-arm_20.2.7.LTS/bin/armcl" -mv7M4 --code_state=16 --float_support=none -me -Ooff --define=ccs --define=cc3200 -g --diag_warning=225 --diag_wrap=off --display_error_number --abi=eabi -z -m"uart_demo.map" --heap_size=0x800 --stack_size=0x100 -i"C:/Users/thielith/ti/ccs1250/ccs/tools/compiler/ti-cgt-arm_20.2.7.LTS/lib" -i"C:/Users/thielith/ti/ccs1250/ccs/tools/compiler/ti-cgt-arm_20.2.7.LTS/include" --reread_libs --diag_wrap=off --display_error_number --warn_sections --xml_link_info="uart_demo_linkInfo.xml" --rom_model -o "uart_demo.out" "./main.obj" "./pin_mux_config.obj" "./startup_ccs.obj" "./uart_if.obj" "../cc3200v1p32.cmd"  -l"C:/Users/thielith/ti/CC3200SDK_1.5.0/cc3200-sdk/driverlib/ccs/Release/driverlib.a" -llibc.a 
<Linking>
Finished building target: "uart_demo.out"
 
C:/Users/thielith/ti/ccs1250/ccs/utils/tiobj2bin/tiobj2bin uart_demo.out uart_demo.bin C:/Users/thielith/ti/ccs1250/ccs/tools/compiler/ti-cgt-arm_20.2.7.LTS/bin/armofd C:/Users/thielith/ti/ccs1250/ccs/tools/compiler/ti-cgt-arm_20.2.7.LTS/bin/armhex C:/Users/thielith/ti/ccs1250/ccs/utils/tiobj2bin/mkhex4bin
 

**** Build Finished ****

**** Build of configuration Debug for project uart_demo ****

"C:\\Users\\thielith\\ti\\ccs1250\\ccs\\utils\\bin\\gmake" -k -j 4 all -O 
 
Building file: "../main.c"
Invoking: Arm Compiler
"C:/Users/thielith/ti/ccs1250/ccs/tools/compiler/ti-cgt-arm_20.2.7.LTS/bin/armcl" -mv7M4 --code_state=16 --float_support=none -me -Ooff --include_path="C:/Users/thielith/Desktop/eec-172/lab/workspace/uart_demo" --include_path="C:/Users/thielith/ti/CC3200SDK_1.5.0/cc3200-sdk/" --include_path="C:/Users/thielith/ti/CC3200SDK_1.5.0/cc3200-sdk/driverlib/" --include_path="C:/Users/thielith/ti/CC3200SDK_1.5.0/cc3200-sdk/inc/" --include_path="C:/Users/thielith/ti/CC3200SDK_1.5.0/cc3200-sdk/example/common/" --include_path="C:/Users/thielith/ti/ccs1250/ccs/tools/compiler/ti-cgt-arm_20.2.7.LTS/include" --define=ccs --define=cc3200 -g --diag_warning=225 --diag_wrap=off --display_error_number --abi=eabi --preproc_with_compile --preproc_dependency="main.d_raw"  "../main.c"
Finished building: "../main.c"
 
Building target: "uart_demo.out"
Invoking: Arm Linker
"C:/Users/thielith/ti/ccs1250/ccs/tools/compiler/ti-cgt-arm_20.2.7.LTS/bin/armcl" -mv7M4 --code_state=16 --float_support=none -me -Ooff --define=ccs --define=cc3200 -g --diag_warning=225 --diag_wrap=off --display_error_number --abi=eabi -z -m"uart_demo.map" --heap_size=0x800 --stack_size=0x100 -i"C:/Users/thielith/ti/ccs1250/ccs/tools/compiler/ti-cgt-arm_20.2.7.LTS/lib" -i"C:/Users/thielith/ti/ccs1250/ccs/tools/compiler/ti-cgt-arm_20.2.7.LTS/include" --reread_libs --diag_wrap=off --display_error_number --warn_sections --xml_link_info="uart_demo_linkInfo.xml" --rom_model -o "uart_demo.out" "./main.obj" "./pin_mux_config.obj" "./startup_ccs.obj" "./uart_if.obj" "../cc3200v1p32.cmd"  -l"C:/Users/thielith/ti/CC3200SDK_1.5.0/cc3200-sdk/driverlib/ccs/Release/driverlib.a" -llibc.a 
<Linking>
Finished building target: "uart_demo.out"
 
C:/Users/thielith/ti/ccs1250/ccs/utils/tiobj2bin/tiobj2bin uart_demo.out uart_demo.bin C:/Users/thielith/ti/ccs1250/ccs/tools/compiler/ti-cgt-arm_20.2.7.LTS/bin/armofd C:/Users/thielith/ti/ccs1250/ccs/tools/compiler/ti-cgt-arm_20.2.7.LTS/bin/armhex C:/Users/thielith/ti/ccs1250/ccs/utils/tiobj2bin/mkhex4bin
 

**** Build Finished ****

**** Build of configuration Debug for project uart_demo ****

"C:\\Users\\thielith\\ti\\ccs1250\\ccs\\utils\\bin\\gmake" -k -j 4 all -O 
 
gmake[1]: 'uart_demo.out' is up to date.

**** Build Finished ****

**** Build of configuration Debug for project uart_demo ****

"C:\\Users\\thielith\\ti\\ccs1250\\ccs\\utils\\bin\\gmake" -k -j 4 all -O 
 
Building file: "../main.c"
Invoking: Arm Compiler
"C:/Users/thielith/ti/ccs1250/ccs/tools/compiler/ti-cgt-arm_20.2.7.LTS/bin/armcl" -mv7M4 --code_state=16 --float_support=none -me -Ooff --include_path="C:/Users/thielith/Desktop/eec-172/lab/workspace/uart_demo" --include_path="C:/Users/thielith/ti/CC3200SDK_1.5.0/cc3200-sdk/" --include_path="C:/Users/thielith/ti/CC3200SDK_1.5.0/cc3200-sdk/driverlib/" --include_path="C:/Users/thielith/ti/CC3200SDK_1.5.0/cc3200-sdk/inc/" --include_path="C:/Users/thielith/ti/CC3200SDK_1.5.0/cc3200-sdk/example/common/" --include_path="C:/Users/thielith/ti/ccs1250/ccs/tools/compiler/ti-cgt-arm_20.2.7.LTS/include" --define=ccs --define=cc3200 -g --diag_warning=225 --diag_wrap=off --display_error_number --abi=eabi --preproc_with_compile --preproc_dependency="main.d_raw"  "../main.c"
Finished building: "../main.c"
 
Building target: "uart_demo.out"
Invoking: Arm Linker
"C:/Users/thielith/ti/ccs1250/ccs/tools/compiler/ti-cgt-arm_20.2.7.LTS/bin/armcl" -mv7M4 --code_state=16 --float_support=none -me -Ooff --define=ccs --define=cc3200 -g --diag_warning=225 --diag_wrap=off --display_error_number --abi=eabi -z -m"uart_demo.map" --heap_size=0x800 --stack_size=0x100 -i"C:/Users/thielith/ti/ccs1250/ccs/tools/compiler/ti-cgt-arm_20.2.7.LTS/lib" -i"C:/Users/thielith/ti/ccs1250/ccs/tools/compiler/ti-cgt-arm_20.2.7.LTS/include" --reread_libs --diag_wrap=off --display_error_number --warn_sections --xml_link_info="uart_demo_linkInfo.xml" --rom_model -o "uart_demo.out" "./main.obj" "./pin_mux_config.obj" "./startup_ccs.obj" "./uart_if.obj" "../cc3200v1p32.cmd"  -l"C:/Users/thielith/ti/CC3200SDK_1.5.0/cc3200-sdk/driverlib/ccs/Release/driverlib.a" -llibc.a 
<Linking>
 
 undefined      first referenced
  symbol            in file     
 ---------      ----------------
 GPIO_IF_LedOff ./main.obj      
 GPIO_IF_LedOn  ./main.obj      
 
error #10234-D: unresolved symbols remain
error #10010: errors encountered during linking; "uart_demo.out" not built
 
>> Compilation failure
makefile:139: recipe for target 'uart_demo.out' failed
makefile:135: recipe for target 'all' failed
gmake[1]: *** [uart_demo.out] Error 1
gmake: *** [all] Error 2

**** Build Finished ****

**** Build of configuration Debug for project uart_demo ****

"C:\\Users\\thielith\\ti\\ccs1250\\ccs\\utils\\bin\\gmake" -k -j 4 all -O 
 
Building target: "uart_demo.out"
Invoking: Arm Linker
"C:/Users/thielith/ti/ccs1250/ccs/tools/compiler/ti-cgt-arm_20.2.7.LTS/bin/armcl" -mv7M4 --code_state=16 --float_support=none -me -Ooff --define=ccs --define=cc3200 -g --diag_warning=225 --diag_wrap=off --display_error_number --abi=eabi -z -m"uart_demo.map" --heap_size=0x800 --stack_size=0x100 -i"C:/Users/thielith/ti/ccs1250/ccs/tools/compiler/ti-cgt-arm_20.2.7.LTS/lib" -i"C:/Users/thielith/ti/ccs1250/ccs/tools/compiler/ti-cgt-arm_20.2.7.LTS/include" --reread_libs --diag_wrap=off --display_error_number --warn_sections --xml_link_info="uart_demo_linkInfo.xml" --rom_model -o "uart_demo.out" "./main.obj" "./pin_mux_config.obj" "./startup_ccs.obj" "./uart_if.obj" "../cc3200v1p32.cmd"  -l"C:/Users/thielith/ti/CC3200SDK_1.5.0/cc3200-sdk/driverlib/ccs/Release/driverlib.a" -llibc.a 
<Linking>
 
 undefined      first referenced
  symbol            in file     
 ---------      ----------------
 GPIO_IF_LedOff ./main.obj      
 GPIO_IF_LedOn  ./main.obj      
 
error #10234-D: unresolved symbols remain
error #10010: errors encountered during linking; "uart_demo.out" not built
 
>> Compilation failure
makefile:139: recipe for target 'uart_demo.out' failed
makefile:135: recipe for target 'all' failed
gmake[1]: *** [uart_demo.out] Error 1
gmake: *** [all] Error 2

**** Build Finished ****

**** Build of configuration Debug for project uart_demo ****

"C:\\Users\\thielith\\ti\\ccs1250\\ccs\\utils\\bin\\gmake" -k -j 4 all -O 
 
Building file: "../main.c"
Invoking: Arm Compiler
"C:/Users/thielith/ti/ccs1250/ccs/tools/compiler/ti-cgt-arm_20.2.7.LTS/bin/armcl" -mv7M4 --code_state=16 --float_support=none -me -Ooff --include_path="C:/Users/thielith/Desktop/eec-172/lab/workspace/uart_demo" --include_path="C:/Users/thielith/ti/CC3200SDK_1.5.0/cc3200-sdk/" --include_path="C:/Users/thielith/ti/CC3200SDK_1.5.0/cc3200-sdk/driverlib/" --include_path="C:/Users/thielith/ti/CC3200SDK_1.5.0/cc3200-sdk/inc/" --include_path="C:/Users/thielith/ti/CC3200SDK_1.5.0/cc3200-sdk/example/common/" --include_path="C:/Users/thielith/ti/ccs1250/ccs/tools/compiler/ti-cgt-arm_20.2.7.LTS/include" --define=ccs --define=cc3200 -g --diag_warning=225 --diag_wrap=off --display_error_number --abi=eabi --preproc_with_compile --preproc_dependency="main.d_raw"  "../main.c"
Finished building: "../main.c"
 
Building target: "uart_demo.out"
Invoking: Arm Linker
"C:/Users/thielith/ti/ccs1250/ccs/tools/compiler/ti-cgt-arm_20.2.7.LTS/bin/armcl" -mv7M4 --code_state=16 --float_support=none -me -Ooff --define=ccs --define=cc3200 -g --diag_warning=225 --diag_wrap=off --display_error_number --abi=eabi -z -m"uart_demo.map" --heap_size=0x800 --stack_size=0x100 -i"C:/Users/thielith/ti/ccs1250/ccs/tools/compiler/ti-cgt-arm_20.2.7.LTS/lib" -i"C:/Users/thielith/ti/ccs1250/ccs/tools/compiler/ti-cgt-arm_20.2.7.LTS/include" --reread_libs --diag_wrap=off --display_error_number --warn_sections --xml_link_info="uart_demo_linkInfo.xml" --rom_model -o "uart_demo.out" "./main.obj" "./pin_mux_config.obj" "./startup_ccs.obj" "./uart_if.obj" "../cc3200v1p32.cmd"  -l"C:/Users/thielith/ti/CC3200SDK_1.5.0/cc3200-sdk/driverlib/ccs/Release/driverlib.a" -llibc.a 
<Linking>
 
 undefined      first referenced
  symbol            in file     
 ---------      ----------------
 GPIO_IF_LedOff ./main.obj      
 GPIO_IF_LedOn  ./main.obj      
 
error #10234-D: unresolved symbols remain
error #10010: errors encountered during linking; "uart_demo.out" not built
 
>> Compilation failure
makefile:139: recipe for target 'uart_demo.out' failed
gmake[1]: *** [uart_demo.out] Error 1
makefile:135: recipe for target 'all' failed
gmake: *** [all] Error 2

**** Build Finished ****

**** Build of configuration Debug for project uart_demo ****

"C:\\Users\\thielith\\ti\\ccs1250\\ccs\\utils\\bin\\gmake" -k -j 4 all -O 
 
Building file: "../main.c"
Invoking: Arm Compiler
"C:/Users/thielith/ti/ccs1250/ccs/tools/compiler/ti-cgt-arm_20.2.7.LTS/bin/armcl" -mv7M4 --code_state=16 --float_support=none -me -Ooff --include_path="C:/Users/thielith/Desktop/eec-172/lab/workspace/uart_demo" --include_path="C:/Users/thielith/ti/CC3200SDK_1.5.0/cc3200-sdk/" --include_path="C:/Users/thielith/ti/CC3200SDK_1.5.0/cc3200-sdk/driverlib/" --include_path="C:/Users/thielith/ti/CC3200SDK_1.5.0/cc3200-sdk/inc/" --include_path="C:/Users/thielith/ti/CC3200SDK_1.5.0/cc3200-sdk/example/common/" --include_path="C:/Users/thielith/ti/ccs1250/ccs/tools/compiler/ti-cgt-arm_20.2.7.LTS/include" --define=ccs --define=cc3200 -g --diag_warning=225 --diag_wrap=off --display_error_number --abi=eabi --preproc_with_compile --preproc_dependency="main.d_raw"  "../main.c"
Finished building: "../main.c"
 
Building target: "uart_demo.out"
Invoking: Arm Linker
"C:/Users/thielith/ti/ccs1250/ccs/tools/compiler/ti-cgt-arm_20.2.7.LTS/bin/armcl" -mv7M4 --code_state=16 --float_support=none -me -Ooff --define=ccs --define=cc3200 -g --diag_warning=225 --diag_wrap=off --display_error_number --abi=eabi -z -m"uart_demo.map" --heap_size=0x800 --stack_size=0x100 -i"C:/Users/thielith/ti/ccs1250/ccs/tools/compiler/ti-cgt-arm_20.2.7.LTS/lib" -i"C:/Users/thielith/ti/ccs1250/ccs/tools/compiler/ti-cgt-arm_20.2.7.LTS/include" --reread_libs --diag_wrap=off --display_error_number --warn_sections --xml_link_info="uart_demo_linkInfo.xml" --rom_model -o "uart_demo.out" "./main.obj" "./pin_mux_config.obj" "./startup_ccs.obj" "./uart_if.obj" "../cc3200v1p32.cmd"  -l"C:/Users/thielith/ti/CC3200SDK_1.5.0/cc3200-sdk/driverlib/ccs/Release/driverlib.a" -llibc.a 
<Linking>
 
 undefined      first referenced
  symbol            in file     
 ---------      ----------------
 GPIO_IF_LedOff ./main.obj      
 GPIO_IF_LedOn  ./main.obj      
 
error #10234-D: unresolved symbols remain
error #10010: errors encountered during linking; "uart_demo.out" not built
 
>> Compilation failure
makefile:139: recipe for target 'uart_demo.out' failed
makefile:135: recipe for target 'all' failed
gmake[1]: *** [uart_demo.out] Error 1
gmake: *** [all] Error 2

**** Build Finished ****

**** Build of configuration Debug for project uart_demo ****

"C:\\Users\\thielith\\ti\\ccs1250\\ccs\\utils\\bin\\gmake" -k -j 4 all -O 
 
Building file: "../main.c"
Invoking: Arm Compiler
"C:/Users/thielith/ti/ccs1250/ccs/tools/compiler/ti-cgt-arm_20.2.7.LTS/bin/armcl" -mv7M4 --code_state=16 --float_support=none -me -Ooff --include_path="C:/Users/thielith/Desktop/eec-172/lab/workspace/uart_demo" --include_path="C:/Users/thielith/ti/CC3200SDK_1.5.0/cc3200-sdk/" --include_path="C:/Users/thielith/ti/CC3200SDK_1.5.0/cc3200-sdk/driverlib/" --include_path="C:/Users/thielith/ti/CC3200SDK_1.5.0/cc3200-sdk/inc/" --include_path="C:/Users/thielith/ti/CC3200SDK_1.5.0/cc3200-sdk/example/common/" --include_path="C:/Users/thielith/ti/ccs1250/ccs/tools/compiler/ti-cgt-arm_20.2.7.LTS/include" --define=ccs --define=cc3200 -g --diag_warning=225 --diag_wrap=off --display_error_number --abi=eabi --preproc_with_compile --preproc_dependency="main.d_raw"  "../main.c"
"../main.c", line 119: warning #225-D: function "Report" declared implicitly
"../main.c", line 225: warning #225-D: function "PinMuxConfig" declared implicitly
"../main.c", line 229: warning #225-D: function "InitTerm" declared implicitly
"../main.c", line 233: warning #225-D: function "ClearTerm" declared implicitly
"../main.c", line 236: warning #225-D: function "Message" declared implicitly
"../main.c", line 250: warning #225-D: function "UARTCharGet" declared implicitly
"../main.c", line 257: warning #225-D: function "UARTCharPut" declared implicitly
"../main.c", line 266: warning #225-D: function "Report" declared implicitly
"../main.c", line 270: warning #225-D: function "UARTCharPut" declared implicitly
Finished building: "../main.c"
 
Building target: "uart_demo.out"
Invoking: Arm Linker
"C:/Users/thielith/ti/ccs1250/ccs/tools/compiler/ti-cgt-arm_20.2.7.LTS/bin/armcl" -mv7M4 --code_state=16 --float_support=none -me -Ooff --define=ccs --define=cc3200 -g --diag_warning=225 --diag_wrap=off --display_error_number --abi=eabi -z -m"uart_demo.map" --heap_size=0x800 --stack_size=0x100 -i"C:/Users/thielith/ti/ccs1250/ccs/tools/compiler/ti-cgt-arm_20.2.7.LTS/lib" -i"C:/Users/thielith/ti/ccs1250/ccs/tools/compiler/ti-cgt-arm_20.2.7.LTS/include" --reread_libs --diag_wrap=off --display_error_number --warn_sections --xml_link_info="uart_demo_linkInfo.xml" --rom_model -o "uart_demo.out" "./main.obj" "./pin_mux_config.obj" "./startup_ccs.obj" "./uart_if.obj" "../cc3200v1p32.cmd"  -l"C:/Users/thielith/ti/CC3200SDK_1.5.0/cc3200-sdk/driverlib/ccs/Release/driverlib.a" -llibc.a 
<Linking>
 
 undefined      first referenced
  symbol            in file     
 ---------      ----------------
 GPIO_IF_LedOff ./main.obj      
 GPIO_IF_LedOn  ./main.obj      
 
error #10234-D: unresolved symbols remain
error #10010: errors encountered during linking; "uart_demo.out" not built
 
>> Compilation failure
makefile:139: recipe for target 'uart_demo.out' failed
makefile:135: recipe for target 'all' failed
gmake[1]: *** [uart_demo.out] Error 1
gmake: *** [all] Error 2

**** Build Finished ****

**** Build of configuration Debug for project uart_demo ****

"C:\\Users\\thielith\\ti\\ccs1250\\ccs\\utils\\bin\\gmake" -k -j 4 all -O 
 
Building file: "../main.c"
Invoking: Arm Compiler
"C:/Users/thielith/ti/ccs1250/ccs/tools/compiler/ti-cgt-arm_20.2.7.LTS/bin/armcl" -mv7M4 --code_state=16 --float_support=none -me -Ooff --include_path="C:/Users/thielith/Desktop/eec-172/lab/workspace/uart_demo" --include_path="C:/Users/thielith/ti/CC3200SDK_1.5.0/cc3200-sdk/" --include_path="C:/Users/thielith/ti/CC3200SDK_1.5.0/cc3200-sdk/driverlib/" --include_path="C:/Users/thielith/ti/CC3200SDK_1.5.0/cc3200-sdk/inc/" --include_path="C:/Users/thielith/ti/CC3200SDK_1.5.0/cc3200-sdk/example/common/" --include_path="C:/Users/thielith/ti/ccs1250/ccs/tools/compiler/ti-cgt-arm_20.2.7.LTS/include" --define=ccs --define=cc3200 -g --diag_warning=225 --diag_wrap=off --display_error_number --abi=eabi --preproc_with_compile --preproc_dependency="main.d_raw"  "../main.c"
Finished building: "../main.c"
 
Building target: "uart_demo.out"
Invoking: Arm Linker
"C:/Users/thielith/ti/ccs1250/ccs/tools/compiler/ti-cgt-arm_20.2.7.LTS/bin/armcl" -mv7M4 --code_state=16 --float_support=none -me -Ooff --define=ccs --define=cc3200 -g --diag_warning=225 --diag_wrap=off --display_error_number --abi=eabi -z -m"uart_demo.map" --heap_size=0x800 --stack_size=0x100 -i"C:/Users/thielith/ti/ccs1250/ccs/tools/compiler/ti-cgt-arm_20.2.7.LTS/lib" -i"C:/Users/thielith/ti/ccs1250/ccs/tools/compiler/ti-cgt-arm_20.2.7.LTS/include" --reread_libs --diag_wrap=off --display_error_number --warn_sections --xml_link_info="uart_demo_linkInfo.xml" --rom_model -o "uart_demo.out" "./main.obj" "./pin_mux_config.obj" "./startup_ccs.obj" "./uart_if.obj" "../cc3200v1p32.cmd"  -l"C:/Users/thielith/ti/CC3200SDK_1.5.0/cc3200-sdk/driverlib/ccs/Release/driverlib.a" -llibc.a 
<Linking>
 
 undefined      first referenced
  symbol            in file     
 ---------      ----------------
 GPIO_IF_LedOff ./main.obj      
 GPIO_IF_LedOn  ./main.obj      
 
error #10234-D: unresolved symbols remain
error #10010: errors encountered during linking; "uart_demo.out" not built
 
>> Compilation failure
makefile:139: recipe for target 'uart_demo.out' failed
gmake[1]: *** [uart_demo.out] Error 1
makefile:135: recipe for target 'all' failed
gmake: *** [all] Error 2

**** Build Finished ****

**** Build of configuration Debug for project uart_demo ****

"C:\\Users\\thielith\\ti\\ccs1250\\ccs\\utils\\bin\\gmake" -k -j 4 all -O 
 
Building target: "uart_demo.out"
Invoking: Arm Linker
"C:/Users/thielith/ti/ccs1250/ccs/tools/compiler/ti-cgt-arm_20.2.7.LTS/bin/armcl" -mv7M4 --code_state=16 --float_support=none -me -Ooff --define=ccs --define=cc3200 -g --diag_warning=225 --diag_wrap=off --display_error_number --abi=eabi -z -m"uart_demo.map" --heap_size=0x800 --stack_size=0x100 -i"C:/Users/thielith/ti/ccs1250/ccs/tools/compiler/ti-cgt-arm_20.2.7.LTS/lib" -i"C:/Users/thielith/ti/ccs1250/ccs/tools/compiler/ti-cgt-arm_20.2.7.LTS/include" --reread_libs --diag_wrap=off --display_error_number --warn_sections --xml_link_info="uart_demo_linkInfo.xml" --rom_model -o "uart_demo.out" "./main.obj" "./pin_mux_config.obj" "./startup_ccs.obj" "./uart_if.obj" "../cc3200v1p32.cmd"  -l"C:/Users/thielith/ti/CC3200SDK_1.5.0/cc3200-sdk/driverlib/ccs/Release/driverlib.a" -llibc.a 
<Linking>
 
 undefined      first referenced
  symbol            in file     
 ---------      ----------------
 GPIO_IF_LedOff ./main.obj      
 GPIO_IF_LedOn  ./main.obj      
 
error #10234-D: unresolved symbols remain
error #10010: errors encountered during linking; "uart_demo.out" not built
 
>> Compilation failure
makefile:139: recipe for target 'uart_demo.out' failed
gmake[1]: *** [uart_demo.out] Error 1
makefile:135: recipe for target 'all' failed
gmake: *** [all] Error 2

**** Build Finished ****

**** Build of configuration Debug for project uart_demo ****

"C:\\Users\\thielith\\ti\\ccs1250\\ccs\\utils\\bin\\gmake" -k -j 4 all -O 
 
Building file: "../main.c"
Invoking: Arm Compiler
"C:/Users/thielith/ti/ccs1250/ccs/tools/compiler/ti-cgt-arm_20.2.7.LTS/bin/armcl" -mv7M4 --code_state=16 --float_support=none -me -Ooff --include_path="C:/Users/thielith/Desktop/eec-172/lab/workspace/uart_demo" --include_path="C:/Users/thielith/ti/CC3200SDK_1.5.0/cc3200-sdk/" --include_path="C:/Users/thielith/ti/CC3200SDK_1.5.0/cc3200-sdk/driverlib/" --include_path="C:/Users/thielith/ti/CC3200SDK_1.5.0/cc3200-sdk/inc/" --include_path="C:/Users/thielith/ti/CC3200SDK_1.5.0/cc3200-sdk/example/common/" --include_path="C:/Users/thielith/ti/ccs1250/ccs/tools/compiler/ti-cgt-arm_20.2.7.LTS/include" --define=ccs --define=cc3200 -g --diag_warning=225 --diag_wrap=off --display_error_number --abi=eabi --preproc_with_compile --preproc_dependency="main.d_raw"  "../main.c"
Finished building: "../main.c"
 
Building target: "uart_demo.out"
Invoking: Arm Linker
"C:/Users/thielith/ti/ccs1250/ccs/tools/compiler/ti-cgt-arm_20.2.7.LTS/bin/armcl" -mv7M4 --code_state=16 --float_support=none -me -Ooff --define=ccs --define=cc3200 -g --diag_warning=225 --diag_wrap=off --display_error_number --abi=eabi -z -m"uart_demo.map" --heap_size=0x800 --stack_size=0x100 -i"C:/Users/thielith/ti/ccs1250/ccs/tools/compiler/ti-cgt-arm_20.2.7.LTS/lib" -i"C:/Users/thielith/ti/ccs1250/ccs/tools/compiler/ti-cgt-arm_20.2.7.LTS/include" --reread_libs --diag_wrap=off --display_error_number --warn_sections --xml_link_info="uart_demo_linkInfo.xml" --rom_model -o "uart_demo.out" "./main.obj" "./pin_mux_config.obj" "./startup_ccs.obj" "./uart_if.obj" "../cc3200v1p32.cmd"  -l"C:/Users/thielith/ti/CC3200SDK_1.5.0/cc3200-sdk/driverlib/ccs/Release/driverlib.a" -llibc.a 
<Linking>
 
 undefined            first referenced
  symbol                  in file     
 ---------            ----------------
 GPIO_IF_LedConfigure ./main.obj      
 GPIO_IF_LedOff       ./main.obj      
 GPIO_IF_LedOn        ./main.obj      
 
error #10234-D: unresolved symbols remain
error #10010: errors encountered during linking; "uart_demo.out" not built
 
>> Compilation failure
makefile:139: recipe for target 'uart_demo.out' failed
gmake[1]: *** [uart_demo.out] Error 1
makefile:135: recipe for target 'all' failed
gmake: *** [all] Error 2

**** Build Finished ****

**** Build of configuration Debug for project uart_demo ****

"C:\\Users\\thielith\\ti\\ccs1250\\ccs\\utils\\bin\\gmake" -k -j 4 all -O 
 
Building file: "../main.c"
Invoking: Arm Compiler
"C:/Users/thielith/ti/ccs1250/ccs/tools/compiler/ti-cgt-arm_20.2.7.LTS/bin/armcl" -mv7M4 --code_state=16 --float_support=none -me -Ooff --include_path="C:/Users/thielith/Desktop/eec-172/lab/workspace/uart_demo" --include_path="C:/Users/thielith/ti/CC3200SDK_1.5.0/cc3200-sdk/" --include_path="C:/Users/thielith/ti/CC3200SDK_1.5.0/cc3200-sdk/driverlib/" --include_path="C:/Users/thielith/ti/CC3200SDK_1.5.0/cc3200-sdk/inc/" --include_path="C:/Users/thielith/ti/CC3200SDK_1.5.0/cc3200-sdk/example/common/" --include_path="C:/Users/thielith/ti/ccs1250/ccs/tools/compiler/ti-cgt-arm_20.2.7.LTS/include" --define=ccs --define=cc3200 -g --diag_warning=225 --diag_wrap=off --display_error_number --abi=eabi --preproc_with_compile --preproc_dependency="main.d_raw"  "../main.c"
Finished building: "../main.c"
 
Building target: "uart_demo.out"
Invoking: Arm Linker
"C:/Users/thielith/ti/ccs1250/ccs/tools/compiler/ti-cgt-arm_20.2.7.LTS/bin/armcl" -mv7M4 --code_state=16 --float_support=none -me -Ooff --define=ccs --define=cc3200 -g --diag_warning=225 --diag_wrap=off --display_error_number --abi=eabi -z -m"uart_demo.map" --heap_size=0x800 --stack_size=0x100 -i"C:/Users/thielith/ti/ccs1250/ccs/tools/compiler/ti-cgt-arm_20.2.7.LTS/lib" -i"C:/Users/thielith/ti/ccs1250/ccs/tools/compiler/ti-cgt-arm_20.2.7.LTS/include" --reread_libs --diag_wrap=off --display_error_number --warn_sections --xml_link_info="uart_demo_linkInfo.xml" --rom_model -o "uart_demo.out" "./main.obj" "./pin_mux_config.obj" "./startup_ccs.obj" "./uart_if.obj" "../cc3200v1p32.cmd"  -l"C:/Users/thielith/ti/CC3200SDK_1.5.0/cc3200-sdk/driverlib/ccs/Release/driverlib.a" -llibc.a 
<Linking>
 
 undefined      first referenced
  symbol            in file     
 ---------      ----------------
 GPIO_IF_LedOff ./main.obj      
 GPIO_IF_LedOn  ./main.obj      
 
error #10234-D: unresolved symbols remain
error #10010: errors encountered during linking; "uart_demo.out" not built
 
>> Compilation failure
makefile:139: recipe for target 'uart_demo.out' failed
gmake[1]: *** [uart_demo.out] Error 1
makefile:135: recipe for target 'all' failed
gmake: *** [all] Error 2

**** Build Finished ****

**** Build of configuration Debug for project uart_demo ****

"C:\\Users\\thielith\\ti\\ccs1250\\ccs\\utils\\bin\\gmake" -k -j 4 all -O 
 
Building file: "C:/Users/thielith/ti/CC3200SDK_1.5.0/cc3200-sdk/example/common/gpio_if.c"
Invoking: Arm Compiler
"C:/Users/thielith/ti/ccs1250/ccs/tools/compiler/ti-cgt-arm_20.2.7.LTS/bin/armcl" -mv7M4 --code_state=16 --float_support=none -me -Ooff --include_path="C:/Users/thielith/Desktop/eec-172/lab/workspace/uart_demo" --include_path="C:/Users/thielith/ti/CC3200SDK_1.5.0/cc3200-sdk/" --include_path="C:/Users/thielith/ti/CC3200SDK_1.5.0/cc3200-sdk/driverlib/" --include_path="C:/Users/thielith/ti/CC3200SDK_1.5.0/cc3200-sdk/inc/" --include_path="C:/Users/thielith/ti/CC3200SDK_1.5.0/cc3200-sdk/example/common/" --include_path="C:/Users/thielith/ti/ccs1250/ccs/tools/compiler/ti-cgt-arm_20.2.7.LTS/include" --define=ccs --define=cc3200 -g --diag_warning=225 --diag_wrap=off --display_error_number --abi=eabi --preproc_with_compile --preproc_dependency="gpio_if.d_raw"  "C:/Users/thielith/ti/CC3200SDK_1.5.0/cc3200-sdk/example/common/gpio_if.c"
Finished building: "C:/Users/thielith/ti/CC3200SDK_1.5.0/cc3200-sdk/example/common/gpio_if.c"
 
Building target: "uart_demo.out"
Invoking: Arm Linker
"C:/Users/thielith/ti/ccs1250/ccs/tools/compiler/ti-cgt-arm_20.2.7.LTS/bin/armcl" -mv7M4 --code_state=16 --float_support=none -me -Ooff --define=ccs --define=cc3200 -g --diag_warning=225 --diag_wrap=off --display_error_number --abi=eabi -z -m"uart_demo.map" --heap_size=0x800 --stack_size=0x100 -i"C:/Users/thielith/ti/ccs1250/ccs/tools/compiler/ti-cgt-arm_20.2.7.LTS/lib" -i"C:/Users/thielith/ti/ccs1250/ccs/tools/compiler/ti-cgt-arm_20.2.7.LTS/include" --reread_libs --diag_wrap=off --display_error_number --warn_sections --xml_link_info="uart_demo_linkInfo.xml" --rom_model -o "uart_demo.out" "./gpio_if.obj" "./main.obj" "./pin_mux_config.obj" "./startup_ccs.obj" "./uart_if.obj" "../cc3200v1p32.cmd"  -l"C:/Users/thielith/ti/CC3200SDK_1.5.0/cc3200-sdk/driverlib/ccs/Release/driverlib.a" -llibc.a 
<Linking>
Finished building target: "uart_demo.out"
 
C:/Users/thielith/ti/ccs1250/ccs/utils/tiobj2bin/tiobj2bin uart_demo.out uart_demo.bin C:/Users/thielith/ti/ccs1250/ccs/tools/compiler/ti-cgt-arm_20.2.7.LTS/bin/armofd C:/Users/thielith/ti/ccs1250/ccs/tools/compiler/ti-cgt-arm_20.2.7.LTS/bin/armhex C:/Users/thielith/ti/ccs1250/ccs/utils/tiobj2bin/mkhex4bin
 

**** Build Finished ****

**** Build of configuration Debug for project uart_demo ****

"C:\\Users\\thielith\\ti\\ccs1250\\ccs\\utils\\bin\\gmake" -k -j 4 all -O 
 
Building file: "../main.c"
Invoking: Arm Compiler
"C:/Users/thielith/ti/ccs1250/ccs/tools/compiler/ti-cgt-arm_20.2.7.LTS/bin/armcl" -mv7M4 --code_state=16 --float_support=none -me -Ooff --include_path="C:/Users/thielith/Desktop/eec-172/lab/workspace/uart_demo" --include_path="C:/Users/thielith/ti/CC3200SDK_1.5.0/cc3200-sdk/" --include_path="C:/Users/thielith/ti/CC3200SDK_1.5.0/cc3200-sdk/driverlib/" --include_path="C:/Users/thielith/ti/CC3200SDK_1.5.0/cc3200-sdk/inc/" --include_path="C:/Users/thielith/ti/CC3200SDK_1.5.0/cc3200-sdk/example/common/" --include_path="C:/Users/thielith/ti/ccs1250/ccs/tools/compiler/ti-cgt-arm_20.2.7.LTS/include" --define=ccs --define=cc3200 -g --diag_warning=225 --diag_wrap=off --display_error_number --abi=eabi --preproc_with_compile --preproc_dependency="main.d_raw"  "../main.c"
"../main.c", line 218: warning #179-D: variable "cString" was declared but never referenced
"../main.c", line 219: warning #179-D: variable "cCharacter" was declared but never referenced
"../main.c", line 220: warning #179-D: variable "iStringLength" was declared but never referenced
Finished building: "../main.c"
 
Building target: "uart_demo.out"
Invoking: Arm Linker
"C:/Users/thielith/ti/ccs1250/ccs/tools/compiler/ti-cgt-arm_20.2.7.LTS/bin/armcl" -mv7M4 --code_state=16 --float_support=none -me -Ooff --define=ccs --define=cc3200 -g --diag_warning=225 --diag_wrap=off --display_error_number --abi=eabi -z -m"uart_demo.map" --heap_size=0x800 --stack_size=0x100 -i"C:/Users/thielith/ti/ccs1250/ccs/tools/compiler/ti-cgt-arm_20.2.7.LTS/lib" -i"C:/Users/thielith/ti/ccs1250/ccs/tools/compiler/ti-cgt-arm_20.2.7.LTS/include" --reread_libs --diag_wrap=off --display_error_number --warn_sections --xml_link_info="uart_demo_linkInfo.xml" --rom_model -o "uart_demo.out" "./gpio_if.obj" "./main.obj" "./pin_mux_config.obj" "./startup_ccs.obj" "./uart_if.obj" "../cc3200v1p32.cmd"  -l"C:/Users/thielith/ti/CC3200SDK_1.5.0/cc3200-sdk/driverlib/ccs/Release/driverlib.a" -llibc.a 
<Linking>
Finished building target: "uart_demo.out"
 
C:/Users/thielith/ti/ccs1250/ccs/utils/tiobj2bin/tiobj2bin uart_demo.out uart_demo.bin C:/Users/thielith/ti/ccs1250/ccs/tools/compiler/ti-cgt-arm_20.2.7.LTS/bin/armofd C:/Users/thielith/ti/ccs1250/ccs/tools/compiler/ti-cgt-arm_20.2.7.LTS/bin/armhex C:/Users/thielith/ti/ccs1250/ccs/utils/tiobj2bin/mkhex4bin
 

**** Build Finished ****

**** Build of configuration Debug for project uart_demo ****

"C:\\Users\\thielith\\ti\\ccs1250\\ccs\\utils\\bin\\gmake" -k -j 4 all -O 
 
gmake[1]: 'uart_demo.out' is up to date.

**** Build Finished ****

**** Build of configuration Debug for project uart_demo ****

"C:\\Users\\thielith\\ti\\ccs1250\\ccs\\utils\\bin\\gmake" -k -j 4 all -O 
 
Building file: "../main.c"
Invoking: Arm Compiler
"C:/Users/thielith/ti/ccs1250/ccs/tools/compiler/ti-cgt-arm_20.2.7.LTS/bin/armcl" -mv7M4 --code_state=16 --float_support=none -me -Ooff --include_path="C:/Users/thielith/Desktop/eec-172/lab/workspace/uart_demo" --include_path="C:/Users/thielith/ti/CC3200SDK_1.5.0/cc3200-sdk/" --include_path="C:/Users/thielith/ti/CC3200SDK_1.5.0/cc3200-sdk/driverlib/" --include_path="C:/Users/thielith/ti/CC3200SDK_1.5.0/cc3200-sdk/inc/" --include_path="C:/Users/thielith/ti/CC3200SDK_1.5.0/cc3200-sdk/example/common/" --include_path="C:/Users/thielith/ti/ccs1250/ccs/tools/compiler/ti-cgt-arm_20.2.7.LTS/include" --define=ccs --define=cc3200 -g --diag_warning=225 --diag_wrap=off --display_error_number --abi=eabi --preproc_with_compile --preproc_dependency="main.d_raw"  "../main.c"
"../main.c", line 190: warning #179-D: variable "cString" was declared but never referenced
"../main.c", line 191: warning #179-D: variable "cCharacter" was declared but never referenced
"../main.c", line 192: warning #179-D: variable "iStringLength" was declared but never referenced
Finished building: "../main.c"
 
Building target: "uart_demo.out"
Invoking: Arm Linker
"C:/Users/thielith/ti/ccs1250/ccs/tools/compiler/ti-cgt-arm_20.2.7.LTS/bin/armcl" -mv7M4 --code_state=16 --float_support=none -me -Ooff --define=ccs --define=cc3200 -g --diag_warning=225 --diag_wrap=off --display_error_number --abi=eabi -z -m"uart_demo.map" --heap_size=0x800 --stack_size=0x100 -i"C:/Users/thielith/ti/ccs1250/ccs/tools/compiler/ti-cgt-arm_20.2.7.LTS/lib" -i"C:/Users/thielith/ti/ccs1250/ccs/tools/compiler/ti-cgt-arm_20.2.7.LTS/include" --reread_libs --diag_wrap=off --display_error_number --warn_sections --xml_link_info="uart_demo_linkInfo.xml" --rom_model -o "uart_demo.out" "./gpio_if.obj" "./main.obj" "./pin_mux_config.obj" "./startup_ccs.obj" "./uart_if.obj" "../cc3200v1p32.cmd"  -l"C:/Users/thielith/ti/CC3200SDK_1.5.0/cc3200-sdk/driverlib/ccs/Release/driverlib.a" -llibc.a 
<Linking>
Finished building target: "uart_demo.out"
 
C:/Users/thielith/ti/ccs1250/ccs/utils/tiobj2bin/tiobj2bin uart_demo.out uart_demo.bin C:/Users/thielith/ti/ccs1250/ccs/tools/compiler/ti-cgt-arm_20.2.7.LTS/bin/armofd C:/Users/thielith/ti/ccs1250/ccs/tools/compiler/ti-cgt-arm_20.2.7.LTS/bin/armhex C:/Users/thielith/ti/ccs1250/ccs/utils/tiobj2bin/mkhex4bin
 

**** Build Finished ****

**** Build of configuration Debug for project uart_demo ****

"C:\\Users\\thielith\\ti\\ccs1250\\ccs\\utils\\bin\\gmake" -k -j 4 all -O 
 
gmake[1]: 'uart_demo.out' is up to date.

**** Build Finished ****

**** Build of configuration Debug for project uart_demo ****

"C:\\Users\\thielith\\ti\\ccs1250\\ccs\\utils\\bin\\gmake" -k -j 4 all -O 
 
Building file: "../main.c"
Invoking: Arm Compiler
"C:/Users/thielith/ti/ccs1250/ccs/tools/compiler/ti-cgt-arm_20.2.7.LTS/bin/armcl" -mv7M4 --code_state=16 --float_support=none -me -Ooff --include_path="C:/Users/thielith/Desktop/eec-172/lab/workspace/uart_demo" --include_path="C:/Users/thielith/ti/CC3200SDK_1.5.0/cc3200-sdk/" --include_path="C:/Users/thielith/ti/CC3200SDK_1.5.0/cc3200-sdk/driverlib/" --include_path="C:/Users/thielith/ti/CC3200SDK_1.5.0/cc3200-sdk/inc/" --include_path="C:/Users/thielith/ti/CC3200SDK_1.5.0/cc3200-sdk/example/common/" --include_path="C:/Users/thielith/ti/ccs1250/ccs/tools/compiler/ti-cgt-arm_20.2.7.LTS/include" --define=ccs --define=cc3200 -g --diag_warning=225 --diag_wrap=off --display_error_number --abi=eabi --preproc_with_compile --preproc_dependency="main.d_raw"  "../main.c"
"../main.c", line 193: warning #179-D: variable "cString" was declared but never referenced
"../main.c", line 194: warning #179-D: variable "cCharacter" was declared but never referenced
"../main.c", line 195: warning #179-D: variable "iStringLength" was declared but never referenced
Finished building: "../main.c"
 
Building target: "uart_demo.out"
Invoking: Arm Linker
"C:/Users/thielith/ti/ccs1250/ccs/tools/compiler/ti-cgt-arm_20.2.7.LTS/bin/armcl" -mv7M4 --code_state=16 --float_support=none -me -Ooff --define=ccs --define=cc3200 -g --diag_warning=225 --diag_wrap=off --display_error_number --abi=eabi -z -m"uart_demo.map" --heap_size=0x800 --stack_size=0x100 -i"C:/Users/thielith/ti/ccs1250/ccs/tools/compiler/ti-cgt-arm_20.2.7.LTS/lib" -i"C:/Users/thielith/ti/ccs1250/ccs/tools/compiler/ti-cgt-arm_20.2.7.LTS/include" --reread_libs --diag_wrap=off --display_error_number --warn_sections --xml_link_info="uart_demo_linkInfo.xml" --rom_model -o "uart_demo.out" "./gpio_if.obj" "./main.obj" "./pin_mux_config.obj" "./startup_ccs.obj" "./uart_if.obj" "../cc3200v1p32.cmd"  -l"C:/Users/thielith/ti/CC3200SDK_1.5.0/cc3200-sdk/driverlib/ccs/Release/driverlib.a" -llibc.a 
<Linking>
Finished building target: "uart_demo.out"
 
C:/Users/thielith/ti/ccs1250/ccs/utils/tiobj2bin/tiobj2bin uart_demo.out uart_demo.bin C:/Users/thielith/ti/ccs1250/ccs/tools/compiler/ti-cgt-arm_20.2.7.LTS/bin/armofd C:/Users/thielith/ti/ccs1250/ccs/tools/compiler/ti-cgt-arm_20.2.7.LTS/bin/armhex C:/Users/thielith/ti/ccs1250/ccs/utils/tiobj2bin/mkhex4bin
 

**** Build Finished ****

**** Build of configuration Debug for project uart_demo ****

"C:\\Users\\thielith\\ti\\ccs1250\\ccs\\utils\\bin\\gmake" -k -j 4 all -O 
 
gmake[1]: 'uart_demo.out' is up to date.

**** Build Finished ****

**** Build of configuration Debug for project uart_demo ****

"C:\\Users\\thielith\\ti\\ccs1250\\ccs\\utils\\bin\\gmake" -k -j 4 all -O 
 
Building file: "../main.c"
Invoking: Arm Compiler
"C:/Users/thielith/ti/ccs1250/ccs/tools/compiler/ti-cgt-arm_20.2.7.LTS/bin/armcl" -mv7M4 --code_state=16 --float_support=none -me -Ooff --include_path="C:/Users/thielith/Desktop/eec-172/lab/workspace/uart_demo" --include_path="C:/Users/thielith/ti/CC3200SDK_1.5.0/cc3200-sdk/" --include_path="C:/Users/thielith/ti/CC3200SDK_1.5.0/cc3200-sdk/driverlib/" --include_path="C:/Users/thielith/ti/CC3200SDK_1.5.0/cc3200-sdk/inc/" --include_path="C:/Users/thielith/ti/CC3200SDK_1.5.0/cc3200-sdk/example/common/" --include_path="C:/Users/thielith/ti/ccs1250/ccs/tools/compiler/ti-cgt-arm_20.2.7.LTS/include" --define=ccs --define=cc3200 -g --diag_warning=225 --diag_wrap=off --display_error_number --abi=eabi --preproc_with_compile --preproc_dependency="main.d_raw"  "../main.c"
"../main.c", line 212: warning #179-D: variable "cString" was declared but never referenced
"../main.c", line 213: warning #179-D: variable "cCharacter" was declared but never referenced
"../main.c", line 214: warning #179-D: variable "iStringLength" was declared but never referenced
Finished building: "../main.c"
 
Building target: "uart_demo.out"
Invoking: Arm Linker
"C:/Users/thielith/ti/ccs1250/ccs/tools/compiler/ti-cgt-arm_20.2.7.LTS/bin/armcl" -mv7M4 --code_state=16 --float_support=none -me -Ooff --define=ccs --define=cc3200 -g --diag_warning=225 --diag_wrap=off --display_error_number --abi=eabi -z -m"uart_demo.map" --heap_size=0x800 --stack_size=0x100 -i"C:/Users/thielith/ti/ccs1250/ccs/tools/compiler/ti-cgt-arm_20.2.7.LTS/lib" -i"C:/Users/thielith/ti/ccs1250/ccs/tools/compiler/ti-cgt-arm_20.2.7.LTS/include" --reread_libs --diag_wrap=off --display_error_number --warn_sections --xml_link_info="uart_demo_linkInfo.xml" --rom_model -o "uart_demo.out" "./gpio_if.obj" "./main.obj" "./pin_mux_config.obj" "./startup_ccs.obj" "./uart_if.obj" "../cc3200v1p32.cmd"  -l"C:/Users/thielith/ti/CC3200SDK_1.5.0/cc3200-sdk/driverlib/ccs/Release/driverlib.a" -llibc.a 
<Linking>
Finished building target: "uart_demo.out"
 
C:/Users/thielith/ti/ccs1250/ccs/utils/tiobj2bin/tiobj2bin uart_demo.out uart_demo.bin C:/Users/thielith/ti/ccs1250/ccs/tools/compiler/ti-cgt-arm_20.2.7.LTS/bin/armofd C:/Users/thielith/ti/ccs1250/ccs/tools/compiler/ti-cgt-arm_20.2.7.LTS/bin/armhex C:/Users/thielith/ti/ccs1250/ccs/utils/tiobj2bin/mkhex4bin
 

**** Build Finished ****

**** Build of configuration Debug for project uart_demo ****

"C:\\Users\\thielith\\ti\\ccs1250\\ccs\\utils\\bin\\gmake" -k -j 4 all -O 
 
gmake[1]: 'uart_demo.out' is up to date.

**** Build Finished ****

**** Clean-only build of configuration Debug for project lab1-part1a_blinky ****

"C:\\Users\\thielith\\ti\\ccs1250\\ccs\\utils\\bin\\gmake" -k -j 4 clean -O 
 
DEL /F  "blinky.out" 
DEL /F "gpio_if.obj" "main.obj" "pinmux.obj" "startup_ccs.obj" 
DEL /F "gpio_if.d" "main.d" "pinmux.d" "startup_ccs.d" 
Finished clean
 

**** Build Finished ****

**** Build of configuration Debug for project lab1-part1a_blinky ****

"C:\\Users\\thielith\\ti\\ccs1250\\ccs\\utils\\bin\\gmake" -k -j 4 all -O 
 
Building file: "C:/Users/thielith/ti/CC3200SDK_1.5.0/cc3200-sdk/example/common/startup_ccs.c"
Invoking: Arm Compiler
"C:/Users/thielith/ti/ccs1250/ccs/tools/compiler/ti-cgt-arm_20.2.7.LTS/bin/armcl" -mv7M4 --code_state=16 --float_support=none -me -Ooff --include_path="C:/Users/thielith/Desktop/eec-172/lab/workspace/lab1-part1a_blinky" --include_path="C:/Users/thielith/ti/CC3200SDK_1.5.0/cc3200-sdk/" --include_path="C:/Users/thielith/ti/CC3200SDK_1.5.0/cc3200-sdk/driverlib/" --include_path="C:/Users/thielith/ti/CC3200SDK_1.5.0/cc3200-sdk/inc/" --include_path="C:/Users/thielith/ti/CC3200SDK_1.5.0/cc3200-sdk/example/common/" --include_path="C:/Users/thielith/ti/ccs1250/ccs/tools/compiler/ti-cgt-arm_20.2.7.LTS/include" --define=ccs --define=cc3200 --define=NON_NETWORK -g --diag_warning=225 --diag_wrap=off --display_error_number --abi=eabi --preproc_with_compile --preproc_dependency="startup_ccs.d_raw"  "C:/Users/thielith/ti/CC3200SDK_1.5.0/cc3200-sdk/example/common/startup_ccs.c"
Finished building: "C:/Users/thielith/ti/CC3200SDK_1.5.0/cc3200-sdk/example/common/startup_ccs.c"
 
Building file: "../main.c"
Invoking: Arm Compiler
"C:/Users/thielith/ti/ccs1250/ccs/tools/compiler/ti-cgt-arm_20.2.7.LTS/bin/armcl" -mv7M4 --code_state=16 --float_support=none -me -Ooff --include_path="C:/Users/thielith/Desktop/eec-172/lab/workspace/lab1-part1a_blinky" --include_path="C:/Users/thielith/ti/CC3200SDK_1.5.0/cc3200-sdk/" --include_path="C:/Users/thielith/ti/CC3200SDK_1.5.0/cc3200-sdk/driverlib/" --include_path="C:/Users/thielith/ti/CC3200SDK_1.5.0/cc3200-sdk/inc/" --include_path="C:/Users/thielith/ti/CC3200SDK_1.5.0/cc3200-sdk/example/common/" --include_path="C:/Users/thielith/ti/ccs1250/ccs/tools/compiler/ti-cgt-arm_20.2.7.LTS/include" --define=ccs --define=cc3200 --define=NON_NETWORK -g --diag_warning=225 --diag_wrap=off --display_error_number --abi=eabi --preproc_with_compile --preproc_dependency="main.d_raw"  "../main.c"
Finished building: "../main.c"
 
Building file: "C:/Users/thielith/ti/CC3200SDK_1.5.0/cc3200-sdk/example/common/gpio_if.c"
Invoking: Arm Compiler
"C:/Users/thielith/ti/ccs1250/ccs/tools/compiler/ti-cgt-arm_20.2.7.LTS/bin/armcl" -mv7M4 --code_state=16 --float_support=none -me -Ooff --include_path="C:/Users/thielith/Desktop/eec-172/lab/workspace/lab1-part1a_blinky" --include_path="C:/Users/thielith/ti/CC3200SDK_1.5.0/cc3200-sdk/" --include_path="C:/Users/thielith/ti/CC3200SDK_1.5.0/cc3200-sdk/driverlib/" --include_path="C:/Users/thielith/ti/CC3200SDK_1.5.0/cc3200-sdk/inc/" --include_path="C:/Users/thielith/ti/CC3200SDK_1.5.0/cc3200-sdk/example/common/" --include_path="C:/Users/thielith/ti/ccs1250/ccs/tools/compiler/ti-cgt-arm_20.2.7.LTS/include" --define=ccs --define=cc3200 --define=NON_NETWORK -g --diag_warning=225 --diag_wrap=off --display_error_number --abi=eabi --preproc_with_compile --preproc_dependency="gpio_if.d_raw"  "C:/Users/thielith/ti/CC3200SDK_1.5.0/cc3200-sdk/example/common/gpio_if.c"
Finished building: "C:/Users/thielith/ti/CC3200SDK_1.5.0/cc3200-sdk/example/common/gpio_if.c"
 
Building file: "../pinmux.c"
Invoking: Arm Compiler
"C:/Users/thielith/ti/ccs1250/ccs/tools/compiler/ti-cgt-arm_20.2.7.LTS/bin/armcl" -mv7M4 --code_state=16 --float_support=none -me -Ooff --include_path="C:/Users/thielith/Desktop/eec-172/lab/workspace/lab1-part1a_blinky" --include_path="C:/Users/thielith/ti/CC3200SDK_1.5.0/cc3200-sdk/" --include_path="C:/Users/thielith/ti/CC3200SDK_1.5.0/cc3200-sdk/driverlib/" --include_path="C:/Users/thielith/ti/CC3200SDK_1.5.0/cc3200-sdk/inc/" --include_path="C:/Users/thielith/ti/CC3200SDK_1.5.0/cc3200-sdk/example/common/" --include_path="C:/Users/thielith/ti/ccs1250/ccs/tools/compiler/ti-cgt-arm_20.2.7.LTS/include" --define=ccs --define=cc3200 --define=NON_NETWORK -g --diag_warning=225 --diag_wrap=off --display_error_number --abi=eabi --preproc_with_compile --preproc_dependency="pinmux.d_raw"  "../pinmux.c"
Finished building: "../pinmux.c"
 
Building target: "lab1-part1a_blinky.out"
Invoking: Arm Linker
"C:/Users/thielith/ti/ccs1250/ccs/tools/compiler/ti-cgt-arm_20.2.7.LTS/bin/armcl" -mv7M4 --code_state=16 --float_support=none -me -Ooff --define=ccs --define=cc3200 --define=NON_NETWORK -g --diag_warning=225 --diag_wrap=off --display_error_number --abi=eabi -z -m"lab1-part1a_blinky.map" --heap_size=0x800 --stack_size=0x800 -i"C:/Users/thielith/ti/ccs1250/ccs/tools/compiler/ti-cgt-arm_20.2.7.LTS/lib" -i"C:/Users/thielith/ti/ccs1250/ccs/tools/compiler/ti-cgt-arm_20.2.7.LTS/include" --reread_libs --diag_wrap=off --display_error_number --warn_sections --xml_link_info="lab1-part1a_blinky_linkInfo.xml" --rom_model -o "lab1-part1a_blinky.out" "./gpio_if.obj" "./main.obj" "./pinmux.obj" "./startup_ccs.obj" "../cc3200v1p32.cmd"  -l"C:/Users/thielith/ti/CC3200SDK_1.5.0/cc3200-sdk/driverlib/ccs/Release/driverlib.a" -llibc.a 
<Linking>
Finished building target: "lab1-part1a_blinky.out"
 
C:/Users/thielith/ti/ccs1250/ccs/utils/tiobj2bin/tiobj2bin lab1-part1a_blinky.out lab1-part1a_blinky.bin C:/Users/thielith/ti/ccs1250/ccs/tools/compiler/ti-cgt-arm_20.2.7.LTS/bin/armofd C:/Users/thielith/ti/ccs1250/ccs/tools/compiler/ti-cgt-arm_20.2.7.LTS/bin/armhex C:/Users/thielith/ti/ccs1250/ccs/utils/tiobj2bin/mkhex4bin
 

**** Build Finished ****

**** Build of configuration Debug for project lab1-part1a_blinky ****

"C:\\Users\\thielith\\ti\\ccs1250\\ccs\\utils\\bin\\gmake" -k -j 4 all -O 
 
gmake[1]: 'lab1-part1a_blinky.out' is up to date.

**** Build Finished ****

**** Build of configuration Debug for project lab1-part1b_uart_demo ****

"C:\\Users\\thielith\\ti\\ccs1250\\ccs\\utils\\bin\\gmake" -k -j 4 all -O 
 
Building file: "../main.c"
Invoking: Arm Compiler
"C:/Users/thielith/ti/ccs1250/ccs/tools/compiler/ti-cgt-arm_20.2.7.LTS/bin/armcl" -mv7M4 --code_state=16 --float_support=none -me -Ooff --include_path="C:/Users/thielith/Desktop/eec-172/lab/workspace/lab1-part1b_uart_demo" --include_path="C:/Users/thielith/ti/CC3200SDK_1.5.0/cc3200-sdk/" --include_path="C:/Users/thielith/ti/CC3200SDK_1.5.0/cc3200-sdk/driverlib/" --include_path="C:/Users/thielith/ti/CC3200SDK_1.5.0/cc3200-sdk/inc/" --include_path="C:/Users/thielith/ti/CC3200SDK_1.5.0/cc3200-sdk/example/common/" --include_path="C:/Users/thielith/ti/ccs1250/ccs/tools/compiler/ti-cgt-arm_20.2.7.LTS/include" --define=ccs --define=cc3200 -g --diag_warning=225 --diag_wrap=off --display_error_number --abi=eabi --preproc_with_compile --preproc_dependency="main.d_raw"  "../main.c"
Finished building: "../main.c"
 
Building target: "lab1-part1b_uart_demo.out"
Invoking: Arm Linker
"C:/Users/thielith/ti/ccs1250/ccs/tools/compiler/ti-cgt-arm_20.2.7.LTS/bin/armcl" -mv7M4 --code_state=16 --float_support=none -me -Ooff --define=ccs --define=cc3200 -g --diag_warning=225 --diag_wrap=off --display_error_number --abi=eabi -z -m"lab1-part1b_uart_demo.map" --heap_size=0x800 --stack_size=0x100 -i"C:/Users/thielith/ti/ccs1250/ccs/tools/compiler/ti-cgt-arm_20.2.7.LTS/lib" -i"C:/Users/thielith/ti/ccs1250/ccs/tools/compiler/ti-cgt-arm_20.2.7.LTS/include" --reread_libs --diag_wrap=off --display_error_number --warn_sections --xml_link_info="lab1-part1b_uart_demo_linkInfo.xml" --rom_model -o "lab1-part1b_uart_demo.out" "./main.obj" "./pinmux.obj" "./startup_ccs.obj" "./uart_if.obj" "../cc3200v1p32.cmd"  -l"C:/Users/thielith/ti/CC3200SDK_1.5.0/cc3200-sdk/driverlib/ccs/Release/driverlib.a" -llibc.a 
<Linking>
Finished building target: "lab1-part1b_uart_demo.out"
 
C:/Users/thielith/ti/ccs1250/ccs/utils/tiobj2bin/tiobj2bin lab1-part1b_uart_demo.out lab1-part1b_uart_demo.bin C:/Users/thielith/ti/ccs1250/ccs/tools/compiler/ti-cgt-arm_20.2.7.LTS/bin/armofd C:/Users/thielith/ti/ccs1250/ccs/tools/compiler/ti-cgt-arm_20.2.7.LTS/bin/armhex C:/Users/thielith/ti/ccs1250/ccs/utils/tiobj2bin/mkhex4bin
 

**** Build Finished ****

**** Build of configuration Debug for project lab1-part1a_blinky ****

"C:\\Users\\thielith\\ti\\ccs1250\\ccs\\utils\\bin\\gmake" -k -j 4 all -O 
 
gmake[1]: 'lab1-part1a_blinky.out' is up to date.

**** Build Finished ****

**** Build of configuration Debug for project lab1-part1b_uart_demo ****

"C:\\Users\\thielith\\ti\\ccs1250\\ccs\\utils\\bin\\gmake" -k -j 4 all -O 
 
gmake[1]: 'lab1-part1b_uart_demo.out' is up to date.

**** Build Finished ****

**** Build of configuration Debug for project lab1-part1b_uart_demo ****

"C:\\Users\\thielith\\ti\\ccs1250\\ccs\\utils\\bin\\gmake" -k -j 4 all -O 
 
gmake[1]: 'lab1-part1b_uart_demo.out' is up to date.

**** Build Finished ****

**** Build of configuration Debug for project uart_demo ****

"C:\\Users\\thielith\\ti\\ccs1250\\ccs\\utils\\bin\\gmake" -k -j 4 all -O 
 
Building file: "../main.c"
Invoking: Arm Compiler
"C:/Users/thielith/ti/ccs1250/ccs/tools/compiler/ti-cgt-arm_20.2.7.LTS/bin/armcl" -mv7M4 --code_state=16 --float_support=none -me -Ooff --include_path="C:/Users/thielith/Desktop/eec-172/lab/workspace/uart_demo" --include_path="C:/Users/thielith/ti/CC3200SDK_1.5.0/cc3200-sdk/" --include_path="C:/Users/thielith/ti/CC3200SDK_1.5.0/cc3200-sdk/driverlib/" --include_path="C:/Users/thielith/ti/CC3200SDK_1.5.0/cc3200-sdk/inc/" --include_path="C:/Users/thielith/ti/CC3200SDK_1.5.0/cc3200-sdk/example/common/" --include_path="C:/Users/thielith/ti/ccs1250/ccs/tools/compiler/ti-cgt-arm_20.2.7.LTS/include" --define=ccs --define=cc3200 -g --diag_warning=225 --diag_wrap=off --display_error_number --abi=eabi --preproc_with_compile --preproc_dependency="main.d_raw"  "../main.c"
 
>> Compilation failure
subdir_rules.mk:16: recipe for target 'main.obj' failed
"../main.c", line 170: error #167: too few arguments in function call
"../main.c", line 195: warning #179-D: variable "cString" was declared but never referenced
"../main.c", line 196: warning #179-D: variable "cCharacter" was declared but never referenced
"../main.c", line 197: warning #179-D: variable "iStringLength" was declared but never referenced
1 error detected in the compilation of "../main.c".
gmake: *** [main.obj] Error 1
gmake: Target 'all' not remade because of errors.

**** Build Finished ****

**** Build of configuration Debug for project uart_demo ****

"C:\\Users\\thielith\\ti\\ccs1250\\ccs\\utils\\bin\\gmake" -k -j 4 all -O 
 
Building file: "../main.c"
Invoking: Arm Compiler
"C:/Users/thielith/ti/ccs1250/ccs/tools/compiler/ti-cgt-arm_20.2.7.LTS/bin/armcl" -mv7M4 --code_state=16 --float_support=none -me -Ooff --include_path="C:/Users/thielith/Desktop/eec-172/lab/workspace/uart_demo" --include_path="C:/Users/thielith/ti/CC3200SDK_1.5.0/cc3200-sdk/" --include_path="C:/Users/thielith/ti/CC3200SDK_1.5.0/cc3200-sdk/driverlib/" --include_path="C:/Users/thielith/ti/CC3200SDK_1.5.0/cc3200-sdk/inc/" --include_path="C:/Users/thielith/ti/CC3200SDK_1.5.0/cc3200-sdk/example/common/" --include_path="C:/Users/thielith/ti/ccs1250/ccs/tools/compiler/ti-cgt-arm_20.2.7.LTS/include" --define=ccs --define=cc3200 -g --diag_warning=225 --diag_wrap=off --display_error_number --abi=eabi --preproc_with_compile --preproc_dependency="main.d_raw"  "../main.c"
 
>> Compilation failure
subdir_rules.mk:16: recipe for target 'main.obj' failed
"../main.c", line 170: error #167: too few arguments in function call
"../main.c", line 195: warning #179-D: variable "cString" was declared but never referenced
"../main.c", line 196: warning #179-D: variable "cCharacter" was declared but never referenced
"../main.c", line 197: warning #179-D: variable "iStringLength" was declared but never referenced
1 error detected in the compilation of "../main.c".
gmake: *** [main.obj] Error 1
gmake: Target 'all' not remade because of errors.

**** Build Finished ****

**** Build of configuration Debug for project uart_demo ****

"C:\\Users\\thielith\\ti\\ccs1250\\ccs\\utils\\bin\\gmake" -k -j 4 all -O 
 
Building file: "../main.c"
Invoking: Arm Compiler
"C:/Users/thielith/ti/ccs1250/ccs/tools/compiler/ti-cgt-arm_20.2.7.LTS/bin/armcl" -mv7M4 --code_state=16 --float_support=none -me -Ooff --include_path="C:/Users/thielith/Desktop/eec-172/lab/workspace/uart_demo" --include_path="C:/Users/thielith/ti/CC3200SDK_1.5.0/cc3200-sdk/" --include_path="C:/Users/thielith/ti/CC3200SDK_1.5.0/cc3200-sdk/driverlib/" --include_path="C:/Users/thielith/ti/CC3200SDK_1.5.0/cc3200-sdk/inc/" --include_path="C:/Users/thielith/ti/CC3200SDK_1.5.0/cc3200-sdk/example/common/" --include_path="C:/Users/thielith/ti/ccs1250/ccs/tools/compiler/ti-cgt-arm_20.2.7.LTS/include" --define=ccs --define=cc3200 -g --diag_warning=225 --diag_wrap=off --display_error_number --abi=eabi --preproc_with_compile --preproc_dependency="main.d_raw"  "../main.c"
"../main.c", line 216: warning #179-D: variable "cString" was declared but never referenced
"../main.c", line 217: warning #179-D: variable "cCharacter" was declared but never referenced
"../main.c", line 218: warning #179-D: variable "iStringLength" was declared but never referenced
Finished building: "../main.c"
 
Building target: "uart_demo.out"
Invoking: Arm Linker
"C:/Users/thielith/ti/ccs1250/ccs/tools/compiler/ti-cgt-arm_20.2.7.LTS/bin/armcl" -mv7M4 --code_state=16 --float_support=none -me -Ooff --define=ccs --define=cc3200 -g --diag_warning=225 --diag_wrap=off --display_error_number --abi=eabi -z -m"uart_demo.map" --heap_size=0x800 --stack_size=0x100 -i"C:/Users/thielith/ti/ccs1250/ccs/tools/compiler/ti-cgt-arm_20.2.7.LTS/lib" -i"C:/Users/thielith/ti/ccs1250/ccs/tools/compiler/ti-cgt-arm_20.2.7.LTS/include" --reread_libs --diag_wrap=off --display_error_number --warn_sections --xml_link_info="uart_demo_linkInfo.xml" --rom_model -o "uart_demo.out" "./gpio_if.obj" "./main.obj" "./pin_mux_config.obj" "./startup_ccs.obj" "./uart_if.obj" "../cc3200v1p32.cmd"  -l"C:/Users/thielith/ti/CC3200SDK_1.5.0/cc3200-sdk/driverlib/ccs/Release/driverlib.a" -llibc.a 
<Linking>
Finished building target: "uart_demo.out"
 
C:/Users/thielith/ti/ccs1250/ccs/utils/tiobj2bin/tiobj2bin uart_demo.out uart_demo.bin C:/Users/thielith/ti/ccs1250/ccs/tools/compiler/ti-cgt-arm_20.2.7.LTS/bin/armofd C:/Users/thielith/ti/ccs1250/ccs/tools/compiler/ti-cgt-arm_20.2.7.LTS/bin/armhex C:/Users/thielith/ti/ccs1250/ccs/utils/tiobj2bin/mkhex4bin
 

**** Build Finished ****

**** Build of configuration Debug for project uart_demo ****

"C:\\Users\\thielith\\ti\\ccs1250\\ccs\\utils\\bin\\gmake" -k -j 4 all -O 
 
Building file: "../main.c"
Invoking: Arm Compiler
"C:/Users/thielith/ti/ccs1250/ccs/tools/compiler/ti-cgt-arm_20.2.7.LTS/bin/armcl" -mv7M4 --code_state=16 --float_support=none -me -Ooff --include_path="C:/Users/thielith/Desktop/eec-172/lab/workspace/uart_demo" --include_path="C:/Users/thielith/ti/CC3200SDK_1.5.0/cc3200-sdk/" --include_path="C:/Users/thielith/ti/CC3200SDK_1.5.0/cc3200-sdk/driverlib/" --include_path="C:/Users/thielith/ti/CC3200SDK_1.5.0/cc3200-sdk/inc/" --include_path="C:/Users/thielith/ti/CC3200SDK_1.5.0/cc3200-sdk/example/common/" --include_path="C:/Users/thielith/ti/ccs1250/ccs/tools/compiler/ti-cgt-arm_20.2.7.LTS/include" --define=ccs --define=cc3200 -g --diag_warning=225 --diag_wrap=off --display_error_number --abi=eabi --preproc_with_compile --preproc_dependency="main.d_raw"  "../main.c"
Finished building: "../main.c"
 
Building target: "uart_demo.out"
Invoking: Arm Linker
"C:/Users/thielith/ti/ccs1250/ccs/tools/compiler/ti-cgt-arm_20.2.7.LTS/bin/armcl" -mv7M4 --code_state=16 --float_support=none -me -Ooff --define=ccs --define=cc3200 -g --diag_warning=225 --diag_wrap=off --display_error_number --abi=eabi -z -m"uart_demo.map" --heap_size=0x800 --stack_size=0x100 -i"C:/Users/thielith/ti/ccs1250/ccs/tools/compiler/ti-cgt-arm_20.2.7.LTS/lib" -i"C:/Users/thielith/ti/ccs1250/ccs/tools/compiler/ti-cgt-arm_20.2.7.LTS/include" --reread_libs --diag_wrap=off --display_error_number --warn_sections --xml_link_info="uart_demo_linkInfo.xml" --rom_model -o "uart_demo.out" "./gpio_if.obj" "./main.obj" "./pin_mux_config.obj" "./startup_ccs.obj" "./uart_if.obj" "../cc3200v1p32.cmd"  -l"C:/Users/thielith/ti/CC3200SDK_1.5.0/cc3200-sdk/driverlib/ccs/Release/driverlib.a" -llibc.a 
<Linking>
Finished building target: "uart_demo.out"
 
C:/Users/thielith/ti/ccs1250/ccs/utils/tiobj2bin/tiobj2bin uart_demo.out uart_demo.bin C:/Users/thielith/ti/ccs1250/ccs/tools/compiler/ti-cgt-arm_20.2.7.LTS/bin/armofd C:/Users/thielith/ti/ccs1250/ccs/tools/compiler/ti-cgt-arm_20.2.7.LTS/bin/armhex C:/Users/thielith/ti/ccs1250/ccs/utils/tiobj2bin/mkhex4bin
 

**** Build Finished ****

**** Build of configuration Debug for project uart_demo ****

"C:\\Users\\thielith\\ti\\ccs1250\\ccs\\utils\\bin\\gmake" -k -j 4 all -O 
 
gmake[1]: 'uart_demo.out' is up to date.

**** Build Finished ****

**** Build of configuration Debug for project uart_demo ****

"C:\\Users\\thielith\\ti\\ccs1250\\ccs\\utils\\bin\\gmake" -k -j 4 all -O 
 
Building file: "../main.c"
Invoking: Arm Compiler
"C:/Users/thielith/ti/ccs1250/ccs/tools/compiler/ti-cgt-arm_20.2.7.LTS/bin/armcl" -mv7M4 --code_state=16 --float_support=none -me -Ooff --include_path="C:/Users/thielith/Desktop/eec-172/lab/workspace/uart_demo" --include_path="C:/Users/thielith/ti/CC3200SDK_1.5.0/cc3200-sdk/" --include_path="C:/Users/thielith/ti/CC3200SDK_1.5.0/cc3200-sdk/driverlib/" --include_path="C:/Users/thielith/ti/CC3200SDK_1.5.0/cc3200-sdk/inc/" --include_path="C:/Users/thielith/ti/CC3200SDK_1.5.0/cc3200-sdk/example/common/" --include_path="C:/Users/thielith/ti/ccs1250/ccs/tools/compiler/ti-cgt-arm_20.2.7.LTS/include" --define=ccs --define=cc3200 -g --diag_warning=225 --diag_wrap=off --display_error_number --abi=eabi --preproc_with_compile --preproc_dependency="main.d_raw"  "../main.c"
 
>> Compilation failure
subdir_rules.mk:16: recipe for target 'main.obj' failed
"../main.c", line 179: warning #225-D: function "GPIOPinRead" declared implicitly
"../main.c", line 179: error #20: identifier "base" is undefined
"../main.c", line 179: error #20: identifier "PIN_4" is undefined
2 errors detected in the compilation of "../main.c".
gmake: *** [main.obj] Error 1
gmake: Target 'all' not remade because of errors.

**** Build Finished ****

**** Build of configuration Debug for project uart_demo ****

"C:\\Users\\thielith\\ti\\ccs1250\\ccs\\utils\\bin\\gmake" -k -j 4 all -O 
 
Building file: "../main.c"
Invoking: Arm Compiler
"C:/Users/thielith/ti/ccs1250/ccs/tools/compiler/ti-cgt-arm_20.2.7.LTS/bin/armcl" -mv7M4 --code_state=16 --float_support=none -me -Ooff --include_path="C:/Users/thielith/Desktop/eec-172/lab/workspace/uart_demo" --include_path="C:/Users/thielith/ti/CC3200SDK_1.5.0/cc3200-sdk/" --include_path="C:/Users/thielith/ti/CC3200SDK_1.5.0/cc3200-sdk/driverlib/" --include_path="C:/Users/thielith/ti/CC3200SDK_1.5.0/cc3200-sdk/inc/" --include_path="C:/Users/thielith/ti/CC3200SDK_1.5.0/cc3200-sdk/example/common/" --include_path="C:/Users/thielith/ti/ccs1250/ccs/tools/compiler/ti-cgt-arm_20.2.7.LTS/include" --define=ccs --define=cc3200 -g --diag_warning=225 --diag_wrap=off --display_error_number --abi=eabi --preproc_with_compile --preproc_dependency="main.d_raw"  "../main.c"
 
>> Compilation failure
subdir_rules.mk:16: recipe for target 'main.obj' failed
"../main.c", line 179: warning #225-D: function "GPIOPinRead" declared implicitly
"../main.c", line 179: error #20: identifier "SW3_GPIO_BASE" is undefined
"../main.c", line 179: error #20: identifier "SW3_GPIO_PIN" is undefined
2 errors detected in the compilation of "../main.c".
gmake: *** [main.obj] Error 1
gmake: Target 'all' not remade because of errors.

**** Build Finished ****

**** Build of configuration Debug for project uart_demo ****

"C:\\Users\\thielith\\ti\\ccs1250\\ccs\\utils\\bin\\gmake" -k -j 4 all -O 
 
Building file: "../main.c"
Invoking: Arm Compiler
"C:/Users/thielith/ti/ccs1250/ccs/tools/compiler/ti-cgt-arm_20.2.7.LTS/bin/armcl" -mv7M4 --code_state=16 --float_support=none -me -Ooff --include_path="C:/Users/thielith/Desktop/eec-172/lab/workspace/uart_demo" --include_path="C:/Users/thielith/ti/CC3200SDK_1.5.0/cc3200-sdk/" --include_path="C:/Users/thielith/ti/CC3200SDK_1.5.0/cc3200-sdk/driverlib/" --include_path="C:/Users/thielith/ti/CC3200SDK_1.5.0/cc3200-sdk/inc/" --include_path="C:/Users/thielith/ti/CC3200SDK_1.5.0/cc3200-sdk/example/common/" --include_path="C:/Users/thielith/ti/ccs1250/ccs/tools/compiler/ti-cgt-arm_20.2.7.LTS/include" --define=ccs --define=cc3200 -g --diag_warning=225 --diag_wrap=off --display_error_number --abi=eabi --preproc_with_compile --preproc_dependency="main.d_raw"  "../main.c"
 
>> Compilation failure
subdir_rules.mk:16: recipe for target 'main.obj' failed
"../main.c", line 179: warning #225-D: function "GPIOPinRead" declared implicitly
"../main.c", line 179: error #20: identifier "base" is undefined
"../main.c", line 179: error #20: identifier "PIN_4" is undefined
2 errors detected in the compilation of "../main.c".
gmake: *** [main.obj] Error 1
gmake: Target 'all' not remade because of errors.

**** Build Finished ****

**** Build of configuration Debug for project uart_demo ****

"C:\\Users\\thielith\\ti\\ccs1250\\ccs\\utils\\bin\\gmake" -k -j 4 all -O 
 
Building file: "../main.c"
Invoking: Arm Compiler
"C:/Users/thielith/ti/ccs1250/ccs/tools/compiler/ti-cgt-arm_20.2.7.LTS/bin/armcl" -mv7M4 --code_state=16 --float_support=none -me -Ooff --include_path="C:/Users/thielith/Desktop/eec-172/lab/workspace/uart_demo" --include_path="C:/Users/thielith/ti/CC3200SDK_1.5.0/cc3200-sdk/" --include_path="C:/Users/thielith/ti/CC3200SDK_1.5.0/cc3200-sdk/driverlib/" --include_path="C:/Users/thielith/ti/CC3200SDK_1.5.0/cc3200-sdk/inc/" --include_path="C:/Users/thielith/ti/CC3200SDK_1.5.0/cc3200-sdk/example/common/" --include_path="C:/Users/thielith/ti/ccs1250/ccs/tools/compiler/ti-cgt-arm_20.2.7.LTS/include" --define=ccs --define=cc3200 -g --diag_warning=225 --diag_wrap=off --display_error_number --abi=eabi --preproc_with_compile --preproc_dependency="main.d_raw"  "../main.c"
 
>> Compilation failure
subdir_rules.mk:16: recipe for target 'main.obj' failed
"../main.c", line 179: error #20: identifier "base" is undefined
"../main.c", line 179: error #20: identifier "PIN_4" is undefined
2 errors detected in the compilation of "../main.c".
gmake: *** [main.obj] Error 1
gmake: Target 'all' not remade because of errors.

**** Build Finished ****

**** Build of configuration Debug for project uart_demo ****

"C:\\Users\\thielith\\ti\\ccs1250\\ccs\\utils\\bin\\gmake" -k -j 4 all -O 
 
Building file: "../main.c"
Invoking: Arm Compiler
"C:/Users/thielith/ti/ccs1250/ccs/tools/compiler/ti-cgt-arm_20.2.7.LTS/bin/armcl" -mv7M4 --code_state=16 --float_support=none -me -Ooff --include_path="C:/Users/thielith/Desktop/eec-172/lab/workspace/uart_demo" --include_path="C:/Users/thielith/ti/CC3200SDK_1.5.0/cc3200-sdk/" --include_path="C:/Users/thielith/ti/CC3200SDK_1.5.0/cc3200-sdk/driverlib/" --include_path="C:/Users/thielith/ti/CC3200SDK_1.5.0/cc3200-sdk/inc/" --include_path="C:/Users/thielith/ti/CC3200SDK_1.5.0/cc3200-sdk/example/common/" --include_path="C:/Users/thielith/ti/ccs1250/ccs/tools/compiler/ti-cgt-arm_20.2.7.LTS/include" --define=ccs --define=cc3200 -g --diag_warning=225 --diag_wrap=off --display_error_number --abi=eabi --preproc_with_compile --preproc_dependency="main.d_raw"  "../main.c"
Finished building: "../main.c"
 
Building target: "uart_demo.out"
Invoking: Arm Linker
"C:/Users/thielith/ti/ccs1250/ccs/tools/compiler/ti-cgt-arm_20.2.7.LTS/bin/armcl" -mv7M4 --code_state=16 --float_support=none -me -Ooff --define=ccs --define=cc3200 -g --diag_warning=225 --diag_wrap=off --display_error_number --abi=eabi -z -m"uart_demo.map" --heap_size=0x800 --stack_size=0x100 -i"C:/Users/thielith/ti/ccs1250/ccs/tools/compiler/ti-cgt-arm_20.2.7.LTS/lib" -i"C:/Users/thielith/ti/ccs1250/ccs/tools/compiler/ti-cgt-arm_20.2.7.LTS/include" --reread_libs --diag_wrap=off --display_error_number --warn_sections --xml_link_info="uart_demo_linkInfo.xml" --rom_model -o "uart_demo.out" "./gpio_if.obj" "./main.obj" "./pin_mux_config.obj" "./startup_ccs.obj" "./uart_if.obj" "../cc3200v1p32.cmd"  -l"C:/Users/thielith/ti/CC3200SDK_1.5.0/cc3200-sdk/driverlib/ccs/Release/driverlib.a" -llibc.a 
<Linking>
Finished building target: "uart_demo.out"
 
C:/Users/thielith/ti/ccs1250/ccs/utils/tiobj2bin/tiobj2bin uart_demo.out uart_demo.bin C:/Users/thielith/ti/ccs1250/ccs/tools/compiler/ti-cgt-arm_20.2.7.LTS/bin/armofd C:/Users/thielith/ti/ccs1250/ccs/tools/compiler/ti-cgt-arm_20.2.7.LTS/bin/armhex C:/Users/thielith/ti/ccs1250/ccs/utils/tiobj2bin/mkhex4bin
 

**** Build Finished ****

**** Build of configuration Debug for project uart_demo ****

"C:\\Users\\thielith\\ti\\ccs1250\\ccs\\utils\\bin\\gmake" -k -j 4 all -O 
 
Building file: "../main.c"
Invoking: Arm Compiler
"C:/Users/thielith/ti/ccs1250/ccs/tools/compiler/ti-cgt-arm_20.2.7.LTS/bin/armcl" -mv7M4 --code_state=16 --float_support=none -me -Ooff --include_path="C:/Users/thielith/Desktop/eec-172/lab/workspace/uart_demo" --include_path="C:/Users/thielith/ti/CC3200SDK_1.5.0/cc3200-sdk/" --include_path="C:/Users/thielith/ti/CC3200SDK_1.5.0/cc3200-sdk/driverlib/" --include_path="C:/Users/thielith/ti/CC3200SDK_1.5.0/cc3200-sdk/inc/" --include_path="C:/Users/thielith/ti/CC3200SDK_1.5.0/cc3200-sdk/example/common/" --include_path="C:/Users/thielith/ti/ccs1250/ccs/tools/compiler/ti-cgt-arm_20.2.7.LTS/include" --define=ccs --define=cc3200 -g --diag_warning=225 --diag_wrap=off --display_error_number --abi=eabi --preproc_with_compile --preproc_dependency="main.d_raw"  "../main.c"
"../main.c", line 183: warning #225-D: function "itoa" declared implicitly
Finished building: "../main.c"
 
Building target: "uart_demo.out"
Invoking: Arm Linker
"C:/Users/thielith/ti/ccs1250/ccs/tools/compiler/ti-cgt-arm_20.2.7.LTS/bin/armcl" -mv7M4 --code_state=16 --float_support=none -me -Ooff --define=ccs --define=cc3200 -g --diag_warning=225 --diag_wrap=off --display_error_number --abi=eabi -z -m"uart_demo.map" --heap_size=0x800 --stack_size=0x100 -i"C:/Users/thielith/ti/ccs1250/ccs/tools/compiler/ti-cgt-arm_20.2.7.LTS/lib" -i"C:/Users/thielith/ti/ccs1250/ccs/tools/compiler/ti-cgt-arm_20.2.7.LTS/include" --reread_libs --diag_wrap=off --display_error_number --warn_sections --xml_link_info="uart_demo_linkInfo.xml" --rom_model -o "uart_demo.out" "./gpio_if.obj" "./main.obj" "./pin_mux_config.obj" "./startup_ccs.obj" "./uart_if.obj" "../cc3200v1p32.cmd"  -l"C:/Users/thielith/ti/CC3200SDK_1.5.0/cc3200-sdk/driverlib/ccs/Release/driverlib.a" -llibc.a 
<Linking>
 
 undefined first referenced
  symbol       in file     
 --------- ----------------
 itoa      ./main.obj      
 
error #10234-D: unresolved symbols remain
error #10010: errors encountered during linking; "uart_demo.out" not built
 
>> Compilation failure
makefile:140: recipe for target 'uart_demo.out' failed
gmake[1]: *** [uart_demo.out] Error 1
makefile:136: recipe for target 'all' failed
gmake: *** [all] Error 2

**** Build Finished ****

**** Build of configuration Debug for project uart_demo ****

"C:\\Users\\thielith\\ti\\ccs1250\\ccs\\utils\\bin\\gmake" -k -j 4 all -O 
 
Building file: "../main.c"
Invoking: Arm Compiler
"C:/Users/thielith/ti/ccs1250/ccs/tools/compiler/ti-cgt-arm_20.2.7.LTS/bin/armcl" -mv7M4 --code_state=16 --float_support=none -me -Ooff --include_path="C:/Users/thielith/Desktop/eec-172/lab/workspace/uart_demo" --include_path="C:/Users/thielith/ti/CC3200SDK_1.5.0/cc3200-sdk/" --include_path="C:/Users/thielith/ti/CC3200SDK_1.5.0/cc3200-sdk/driverlib/" --include_path="C:/Users/thielith/ti/CC3200SDK_1.5.0/cc3200-sdk/inc/" --include_path="C:/Users/thielith/ti/CC3200SDK_1.5.0/cc3200-sdk/example/common/" --include_path="C:/Users/thielith/ti/ccs1250/ccs/tools/compiler/ti-cgt-arm_20.2.7.LTS/include" --define=ccs --define=cc3200 -g --diag_warning=225 --diag_wrap=off --display_error_number --abi=eabi --preproc_with_compile --preproc_dependency="main.d_raw"  "../main.c"
"../main.c", line 184: warning #225-D: function "itoa" declared implicitly
Finished building: "../main.c"
 
Building target: "uart_demo.out"
Invoking: Arm Linker
"C:/Users/thielith/ti/ccs1250/ccs/tools/compiler/ti-cgt-arm_20.2.7.LTS/bin/armcl" -mv7M4 --code_state=16 --float_support=none -me -Ooff --define=ccs --define=cc3200 -g --diag_warning=225 --diag_wrap=off --display_error_number --abi=eabi -z -m"uart_demo.map" --heap_size=0x800 --stack_size=0x100 -i"C:/Users/thielith/ti/ccs1250/ccs/tools/compiler/ti-cgt-arm_20.2.7.LTS/lib" -i"C:/Users/thielith/ti/ccs1250/ccs/tools/compiler/ti-cgt-arm_20.2.7.LTS/include" --reread_libs --diag_wrap=off --display_error_number --warn_sections --xml_link_info="uart_demo_linkInfo.xml" --rom_model -o "uart_demo.out" "./gpio_if.obj" "./main.obj" "./pin_mux_config.obj" "./startup_ccs.obj" "./uart_if.obj" "../cc3200v1p32.cmd"  -l"C:/Users/thielith/ti/CC3200SDK_1.5.0/cc3200-sdk/driverlib/ccs/Release/driverlib.a" -llibc.a 
<Linking>
 
 undefined first referenced
  symbol       in file     
 --------- ----------------
 itoa      ./main.obj      
 
error #10234-D: unresolved symbols remain
error #10010: errors encountered during linking; "uart_demo.out" not built
 
>> Compilation failure
makefile:140: recipe for target 'uart_demo.out' failed
gmake[1]: *** [uart_demo.out] Error 1
makefile:136: recipe for target 'all' failed
gmake: *** [all] Error 2

**** Build Finished ****

**** Build of configuration Debug for project uart_demo ****

"C:\\Users\\thielith\\ti\\ccs1250\\ccs\\utils\\bin\\gmake" -k -j 4 all -O 
 
Building file: "../main.c"
Invoking: Arm Compiler
"C:/Users/thielith/ti/ccs1250/ccs/tools/compiler/ti-cgt-arm_20.2.7.LTS/bin/armcl" -mv7M4 --code_state=16 --float_support=none -me -Ooff --include_path="C:/Users/thielith/Desktop/eec-172/lab/workspace/uart_demo" --include_path="C:/Users/thielith/ti/CC3200SDK_1.5.0/cc3200-sdk/" --include_path="C:/Users/thielith/ti/CC3200SDK_1.5.0/cc3200-sdk/driverlib/" --include_path="C:/Users/thielith/ti/CC3200SDK_1.5.0/cc3200-sdk/inc/" --include_path="C:/Users/thielith/ti/CC3200SDK_1.5.0/cc3200-sdk/example/common/" --include_path="C:/Users/thielith/ti/ccs1250/ccs/tools/compiler/ti-cgt-arm_20.2.7.LTS/include" --define=ccs --define=cc3200 -g --diag_warning=225 --diag_wrap=off --display_error_number --abi=eabi --preproc_with_compile --preproc_dependency="main.d_raw"  "../main.c"
"../main.c", line 185: warning #169-D: argument of type "unsigned long" is incompatible with parameter of type "const char *"
Finished building: "../main.c"
 
Building target: "uart_demo.out"
Invoking: Arm Linker
"C:/Users/thielith/ti/ccs1250/ccs/tools/compiler/ti-cgt-arm_20.2.7.LTS/bin/armcl" -mv7M4 --code_state=16 --float_support=none -me -Ooff --define=ccs --define=cc3200 -g --diag_warning=225 --diag_wrap=off --display_error_number --abi=eabi -z -m"uart_demo.map" --heap_size=0x800 --stack_size=0x100 -i"C:/Users/thielith/ti/ccs1250/ccs/tools/compiler/ti-cgt-arm_20.2.7.LTS/lib" -i"C:/Users/thielith/ti/ccs1250/ccs/tools/compiler/ti-cgt-arm_20.2.7.LTS/include" --reread_libs --diag_wrap=off --display_error_number --warn_sections --xml_link_info="uart_demo_linkInfo.xml" --rom_model -o "uart_demo.out" "./gpio_if.obj" "./main.obj" "./pin_mux_config.obj" "./startup_ccs.obj" "./uart_if.obj" "../cc3200v1p32.cmd"  -l"C:/Users/thielith/ti/CC3200SDK_1.5.0/cc3200-sdk/driverlib/ccs/Release/driverlib.a" -llibc.a 
<Linking>
Finished building target: "uart_demo.out"
 
C:/Users/thielith/ti/ccs1250/ccs/utils/tiobj2bin/tiobj2bin uart_demo.out uart_demo.bin C:/Users/thielith/ti/ccs1250/ccs/tools/compiler/ti-cgt-arm_20.2.7.LTS/bin/armofd C:/Users/thielith/ti/ccs1250/ccs/tools/compiler/ti-cgt-arm_20.2.7.LTS/bin/armhex C:/Users/thielith/ti/ccs1250/ccs/utils/tiobj2bin/mkhex4bin
 

**** Build Finished ****

**** Build of configuration Debug for project uart_demo ****

"C:\\Users\\thielith\\ti\\ccs1250\\ccs\\utils\\bin\\gmake" -k -j 4 all -O 
 
Building file: "../main.c"
Invoking: Arm Compiler
"C:/Users/thielith/ti/ccs1250/ccs/tools/compiler/ti-cgt-arm_20.2.7.LTS/bin/armcl" -mv7M4 --code_state=16 --float_support=none -me -Ooff --include_path="C:/Users/thielith/Desktop/eec-172/lab/workspace/uart_demo" --include_path="C:/Users/thielith/ti/CC3200SDK_1.5.0/cc3200-sdk/" --include_path="C:/Users/thielith/ti/CC3200SDK_1.5.0/cc3200-sdk/driverlib/" --include_path="C:/Users/thielith/ti/CC3200SDK_1.5.0/cc3200-sdk/inc/" --include_path="C:/Users/thielith/ti/CC3200SDK_1.5.0/cc3200-sdk/example/common/" --include_path="C:/Users/thielith/ti/ccs1250/ccs/tools/compiler/ti-cgt-arm_20.2.7.LTS/include" --define=ccs --define=cc3200 -g --diag_warning=225 --diag_wrap=off --display_error_number --abi=eabi --preproc_with_compile --preproc_dependency="main.d_raw"  "../main.c"
 
>> Compilation failure
subdir_rules.mk:16: recipe for target 'main.obj' failed
"../main.c", line 183: warning #225-D: function "sprintf" declared implicitly
"../main.c", line 183: error #20: identifier "str" is undefined
1 error detected in the compilation of "../main.c".
gmake: *** [main.obj] Error 1
gmake: Target 'all' not remade because of errors.

**** Build Finished ****

**** Build of configuration Debug for project uart_demo ****

"C:\\Users\\thielith\\ti\\ccs1250\\ccs\\utils\\bin\\gmake" -k -j 4 all -O 
 
Building file: "../main.c"
Invoking: Arm Compiler
"C:/Users/thielith/ti/ccs1250/ccs/tools/compiler/ti-cgt-arm_20.2.7.LTS/bin/armcl" -mv7M4 --code_state=16 --float_support=none -me -Ooff --include_path="C:/Users/thielith/Desktop/eec-172/lab/workspace/uart_demo" --include_path="C:/Users/thielith/ti/CC3200SDK_1.5.0/cc3200-sdk/" --include_path="C:/Users/thielith/ti/CC3200SDK_1.5.0/cc3200-sdk/driverlib/" --include_path="C:/Users/thielith/ti/CC3200SDK_1.5.0/cc3200-sdk/inc/" --include_path="C:/Users/thielith/ti/CC3200SDK_1.5.0/cc3200-sdk/example/common/" --include_path="C:/Users/thielith/ti/ccs1250/ccs/tools/compiler/ti-cgt-arm_20.2.7.LTS/include" --define=ccs --define=cc3200 -g --diag_warning=225 --diag_wrap=off --display_error_number --abi=eabi --preproc_with_compile --preproc_dependency="main.d_raw"  "../main.c"
 
>> Compilation failure
subdir_rules.mk:16: recipe for target 'main.obj' failed
"../main.c", line 198: error #29: expected an expression
"../main.c", line 198: error #20: identifier "j" is undefined
"../main.c", line 198: error #20: identifier "k" is undefined
3 errors detected in the compilation of "../main.c".
gmake: *** [main.obj] Error 1
gmake: Target 'all' not remade because of errors.

**** Build Finished ****

**** Build of configuration Debug for project uart_demo ****

"C:\\Users\\thielith\\ti\\ccs1250\\ccs\\utils\\bin\\gmake" -k -j 4 all -O 
 
Building file: "../main.c"
Invoking: Arm Compiler
"C:/Users/thielith/ti/ccs1250/ccs/tools/compiler/ti-cgt-arm_20.2.7.LTS/bin/armcl" -mv7M4 --code_state=16 --float_support=none -me -Ooff --include_path="C:/Users/thielith/Desktop/eec-172/lab/workspace/uart_demo" --include_path="C:/Users/thielith/ti/CC3200SDK_1.5.0/cc3200-sdk/" --include_path="C:/Users/thielith/ti/CC3200SDK_1.5.0/cc3200-sdk/driverlib/" --include_path="C:/Users/thielith/ti/CC3200SDK_1.5.0/cc3200-sdk/inc/" --include_path="C:/Users/thielith/ti/CC3200SDK_1.5.0/cc3200-sdk/example/common/" --include_path="C:/Users/thielith/ti/ccs1250/ccs/tools/compiler/ti-cgt-arm_20.2.7.LTS/include" --define=ccs --define=cc3200 -g --diag_warning=225 --diag_wrap=off --display_error_number --abi=eabi --preproc_with_compile --preproc_dependency="main.d_raw"  "../main.c"
 
>> Compilation failure
subdir_rules.mk:16: recipe for target 'main.obj' failed
"../main.c", line 198: error #29: expected an expression
"../main.c", line 198: error #20: identifier "j" is undefined
"../main.c", line 198: error #20: identifier "k" is undefined
3 errors detected in the compilation of "../main.c".
gmake: *** [main.obj] Error 1
gmake: Target 'all' not remade because of errors.

**** Build Finished ****

**** Build of configuration Debug for project uart_demo ****

"C:\\Users\\thielith\\ti\\ccs1250\\ccs\\utils\\bin\\gmake" -k -j 4 all -O 
 
Building file: "../main.c"
Invoking: Arm Compiler
"C:/Users/thielith/ti/ccs1250/ccs/tools/compiler/ti-cgt-arm_20.2.7.LTS/bin/armcl" -mv7M4 --code_state=16 --float_support=none -me -Ooff --include_path="C:/Users/thielith/Desktop/eec-172/lab/workspace/uart_demo" --include_path="C:/Users/thielith/ti/CC3200SDK_1.5.0/cc3200-sdk/" --include_path="C:/Users/thielith/ti/CC3200SDK_1.5.0/cc3200-sdk/driverlib/" --include_path="C:/Users/thielith/ti/CC3200SDK_1.5.0/cc3200-sdk/inc/" --include_path="C:/Users/thielith/ti/CC3200SDK_1.5.0/cc3200-sdk/example/common/" --include_path="C:/Users/thielith/ti/ccs1250/ccs/tools/compiler/ti-cgt-arm_20.2.7.LTS/include" --define=ccs --define=cc3200 -g --diag_warning=225 --diag_wrap=off --display_error_number --abi=eabi --preproc_with_compile --preproc_dependency="main.d_raw"  "../main.c"
 
>> Compilation failure
subdir_rules.mk:16: recipe for target 'main.obj' failed
"../main.c", line 201: error #29: expected an expression
1 error detected in the compilation of "../main.c".
gmake: *** [main.obj] Error 1
gmake: Target 'all' not remade because of errors.

**** Build Finished ****

**** Build of configuration Debug for project uart_demo ****

"C:\\Users\\thielith\\ti\\ccs1250\\ccs\\utils\\bin\\gmake" -k -j 4 all -O 
 
Building file: "../main.c"
Invoking: Arm Compiler
"C:/Users/thielith/ti/ccs1250/ccs/tools/compiler/ti-cgt-arm_20.2.7.LTS/bin/armcl" -mv7M4 --code_state=16 --float_support=none -me -Ooff --include_path="C:/Users/thielith/Desktop/eec-172/lab/workspace/uart_demo" --include_path="C:/Users/thielith/ti/CC3200SDK_1.5.0/cc3200-sdk/" --include_path="C:/Users/thielith/ti/CC3200SDK_1.5.0/cc3200-sdk/driverlib/" --include_path="C:/Users/thielith/ti/CC3200SDK_1.5.0/cc3200-sdk/inc/" --include_path="C:/Users/thielith/ti/CC3200SDK_1.5.0/cc3200-sdk/example/common/" --include_path="C:/Users/thielith/ti/ccs1250/ccs/tools/compiler/ti-cgt-arm_20.2.7.LTS/include" --define=ccs --define=cc3200 -g --diag_warning=225 --diag_wrap=off --display_error_number --abi=eabi --preproc_with_compile --preproc_dependency="main.d_raw"  "../main.c"
Finished building: "../main.c"
 
Building target: "uart_demo.out"
Invoking: Arm Linker
"C:/Users/thielith/ti/ccs1250/ccs/tools/compiler/ti-cgt-arm_20.2.7.LTS/bin/armcl" -mv7M4 --code_state=16 --float_support=none -me -Ooff --define=ccs --define=cc3200 -g --diag_warning=225 --diag_wrap=off --display_error_number --abi=eabi -z -m"uart_demo.map" --heap_size=0x800 --stack_size=0x100 -i"C:/Users/thielith/ti/ccs1250/ccs/tools/compiler/ti-cgt-arm_20.2.7.LTS/lib" -i"C:/Users/thielith/ti/ccs1250/ccs/tools/compiler/ti-cgt-arm_20.2.7.LTS/include" --reread_libs --diag_wrap=off --display_error_number --warn_sections --xml_link_info="uart_demo_linkInfo.xml" --rom_model -o "uart_demo.out" "./gpio_if.obj" "./main.obj" "./pin_mux_config.obj" "./startup_ccs.obj" "./uart_if.obj" "../cc3200v1p32.cmd"  -l"C:/Users/thielith/ti/CC3200SDK_1.5.0/cc3200-sdk/driverlib/ccs/Release/driverlib.a" -llibc.a 
<Linking>
Finished building target: "uart_demo.out"
 
C:/Users/thielith/ti/ccs1250/ccs/utils/tiobj2bin/tiobj2bin uart_demo.out uart_demo.bin C:/Users/thielith/ti/ccs1250/ccs/tools/compiler/ti-cgt-arm_20.2.7.LTS/bin/armofd C:/Users/thielith/ti/ccs1250/ccs/tools/compiler/ti-cgt-arm_20.2.7.LTS/bin/armhex C:/Users/thielith/ti/ccs1250/ccs/utils/tiobj2bin/mkhex4bin
 

**** Build Finished ****

**** Build of configuration Debug for project uart_demo ****

"C:\\Users\\thielith\\ti\\ccs1250\\ccs\\utils\\bin\\gmake" -k -j 4 all -O 
 
Building file: "../main.c"
Invoking: Arm Compiler
"C:/Users/thielith/ti/ccs1250/ccs/tools/compiler/ti-cgt-arm_20.2.7.LTS/bin/armcl" -mv7M4 --code_state=16 --float_support=none -me -Ooff --include_path="C:/Users/thielith/Desktop/eec-172/lab/workspace/uart_demo" --include_path="C:/Users/thielith/ti/CC3200SDK_1.5.0/cc3200-sdk/" --include_path="C:/Users/thielith/ti/CC3200SDK_1.5.0/cc3200-sdk/driverlib/" --include_path="C:/Users/thielith/ti/CC3200SDK_1.5.0/cc3200-sdk/inc/" --include_path="C:/Users/thielith/ti/CC3200SDK_1.5.0/cc3200-sdk/example/common/" --include_path="C:/Users/thielith/ti/ccs1250/ccs/tools/compiler/ti-cgt-arm_20.2.7.LTS/include" --define=ccs --define=cc3200 -g --diag_warning=225 --diag_wrap=off --display_error_number --abi=eabi --preproc_with_compile --preproc_dependency="main.d_raw"  "../main.c"
 
>> Compilation failure
subdir_rules.mk:16: recipe for target 'main.obj' failed
"../main.c", line 198: error #20: identifier "j" is undefined
"../main.c", line 198: error #20: identifier "k" is undefined
2 errors detected in the compilation of "../main.c".
gmake: *** [main.obj] Error 1
gmake: Target 'all' not remade because of errors.

**** Build Finished ****

**** Build of configuration Debug for project uart_demo ****

"C:\\Users\\thielith\\ti\\ccs1250\\ccs\\utils\\bin\\gmake" -k -j 4 all -O 
 
Building file: "../main.c"
Invoking: Arm Compiler
"C:/Users/thielith/ti/ccs1250/ccs/tools/compiler/ti-cgt-arm_20.2.7.LTS/bin/armcl" -mv7M4 --code_state=16 --float_support=none -me -Ooff --include_path="C:/Users/thielith/Desktop/eec-172/lab/workspace/uart_demo" --include_path="C:/Users/thielith/ti/CC3200SDK_1.5.0/cc3200-sdk/" --include_path="C:/Users/thielith/ti/CC3200SDK_1.5.0/cc3200-sdk/driverlib/" --include_path="C:/Users/thielith/ti/CC3200SDK_1.5.0/cc3200-sdk/inc/" --include_path="C:/Users/thielith/ti/CC3200SDK_1.5.0/cc3200-sdk/example/common/" --include_path="C:/Users/thielith/ti/ccs1250/ccs/tools/compiler/ti-cgt-arm_20.2.7.LTS/include" --define=ccs --define=cc3200 -g --diag_warning=225 --diag_wrap=off --display_error_number --abi=eabi --preproc_with_compile --preproc_dependency="main.d_raw"  "../main.c"
 
>> Compilation failure
subdir_rules.mk:16: recipe for target 'main.obj' failed
"../main.c", line 198: error #29: expected an expression
"../main.c", line 198: error #20: identifier "j" is undefined
"../main.c", line 198: error #20: identifier "k" is undefined
3 errors detected in the compilation of "../main.c".
gmake: *** [main.obj] Error 1
gmake: Target 'all' not remade because of errors.

**** Build Finished ****

**** Build of configuration Debug for project uart_demo ****

"C:\\Users\\thielith\\ti\\ccs1250\\ccs\\utils\\bin\\gmake" -k -j 4 all -O 
 
Building file: "../main.c"
Invoking: Arm Compiler
"C:/Users/thielith/ti/ccs1250/ccs/tools/compiler/ti-cgt-arm_20.2.7.LTS/bin/armcl" -mv7M4 --code_state=16 --float_support=none -me -Ooff --include_path="C:/Users/thielith/Desktop/eec-172/lab/workspace/uart_demo" --include_path="C:/Users/thielith/ti/CC3200SDK_1.5.0/cc3200-sdk/" --include_path="C:/Users/thielith/ti/CC3200SDK_1.5.0/cc3200-sdk/driverlib/" --include_path="C:/Users/thielith/ti/CC3200SDK_1.5.0/cc3200-sdk/inc/" --include_path="C:/Users/thielith/ti/CC3200SDK_1.5.0/cc3200-sdk/example/common/" --include_path="C:/Users/thielith/ti/ccs1250/ccs/tools/compiler/ti-cgt-arm_20.2.7.LTS/include" --define=ccs --define=cc3200 -g --diag_warning=225 --diag_wrap=off --display_error_number --abi=eabi --preproc_with_compile --preproc_dependency="main.d_raw"  "../main.c"
Finished building: "../main.c"
 
Building target: "uart_demo.out"
Invoking: Arm Linker
"C:/Users/thielith/ti/ccs1250/ccs/tools/compiler/ti-cgt-arm_20.2.7.LTS/bin/armcl" -mv7M4 --code_state=16 --float_support=none -me -Ooff --define=ccs --define=cc3200 -g --diag_warning=225 --diag_wrap=off --display_error_number --abi=eabi -z -m"uart_demo.map" --heap_size=0x800 --stack_size=0x100 -i"C:/Users/thielith/ti/ccs1250/ccs/tools/compiler/ti-cgt-arm_20.2.7.LTS/lib" -i"C:/Users/thielith/ti/ccs1250/ccs/tools/compiler/ti-cgt-arm_20.2.7.LTS/include" --reread_libs --diag_wrap=off --display_error_number --warn_sections --xml_link_info="uart_demo_linkInfo.xml" --rom_model -o "uart_demo.out" "./gpio_if.obj" "./main.obj" "./pin_mux_config.obj" "./startup_ccs.obj" "./uart_if.obj" "../cc3200v1p32.cmd"  -l"C:/Users/thielith/ti/CC3200SDK_1.5.0/cc3200-sdk/driverlib/ccs/Release/driverlib.a" -llibc.a 
<Linking>
Finished building target: "uart_demo.out"
 
C:/Users/thielith/ti/ccs1250/ccs/utils/tiobj2bin/tiobj2bin uart_demo.out uart_demo.bin C:/Users/thielith/ti/ccs1250/ccs/tools/compiler/ti-cgt-arm_20.2.7.LTS/bin/armofd C:/Users/thielith/ti/ccs1250/ccs/tools/compiler/ti-cgt-arm_20.2.7.LTS/bin/armhex C:/Users/thielith/ti/ccs1250/ccs/utils/tiobj2bin/mkhex4bin
 

**** Build Finished ****

**** Build of configuration Debug for project uart_demo ****

"C:\\Users\\thielith\\ti\\ccs1250\\ccs\\utils\\bin\\gmake" -k -j 4 all -O 
 
gmake[1]: 'uart_demo.out' is up to date.

**** Build Finished ****

**** Build of configuration Debug for project uart_demo ****

"C:\\Users\\thielith\\ti\\ccs1250\\ccs\\utils\\bin\\gmake" -k -j 4 all -O 
 
gmake[1]: 'uart_demo.out' is up to date.

**** Build Finished ****

**** Build of configuration Debug for project uart_demo ****

"C:\\Users\\thielith\\ti\\ccs1250\\ccs\\utils\\bin\\gmake" -k -j 4 all -O 
 
gmake[1]: 'uart_demo.out' is up to date.

**** Build Finished ****

**** Build of configuration Debug for project uart_demo ****

"C:\\Users\\thielith\\ti\\ccs1250\\ccs\\utils\\bin\\gmake" -k -j 4 all -O 
 
Building file: "../main.c"
Invoking: Arm Compiler
"C:/Users/thielith/ti/ccs1250/ccs/tools/compiler/ti-cgt-arm_20.2.7.LTS/bin/armcl" -mv7M4 --code_state=16 --float_support=none -me -Ooff --include_path="C:/Users/thielith/Desktop/eec-172/lab/workspace/uart_demo" --include_path="C:/Users/thielith/ti/CC3200SDK_1.5.0/cc3200-sdk/" --include_path="C:/Users/thielith/ti/CC3200SDK_1.5.0/cc3200-sdk/driverlib/" --include_path="C:/Users/thielith/ti/CC3200SDK_1.5.0/cc3200-sdk/inc/" --include_path="C:/Users/thielith/ti/CC3200SDK_1.5.0/cc3200-sdk/example/common/" --include_path="C:/Users/thielith/ti/ccs1250/ccs/tools/compiler/ti-cgt-arm_20.2.7.LTS/include" --define=ccs --define=cc3200 -g --diag_warning=225 --diag_wrap=off --display_error_number --abi=eabi --preproc_with_compile --preproc_dependency="main.d_raw"  "../main.c"
 
>> Compilation failure
subdir_rules.mk:16: recipe for target 'main.obj' failed
"../main.c", line 187: error #20: identifier "s" is undefined
"../main.c", line 188: error #66: expected a ";"
2 errors detected in the compilation of "../main.c".
gmake: *** [main.obj] Error 1
gmake: Target 'all' not remade because of errors.

**** Build Finished ****

**** Build of configuration Debug for project uart_demo ****

"C:\\Users\\thielith\\ti\\ccs1250\\ccs\\utils\\bin\\gmake" -k -j 4 all -O 
 
Building file: "../main.c"
Invoking: Arm Compiler
"C:/Users/thielith/ti/ccs1250/ccs/tools/compiler/ti-cgt-arm_20.2.7.LTS/bin/armcl" -mv7M4 --code_state=16 --float_support=none -me -Ooff --include_path="C:/Users/thielith/Desktop/eec-172/lab/workspace/uart_demo" --include_path="C:/Users/thielith/ti/CC3200SDK_1.5.0/cc3200-sdk/" --include_path="C:/Users/thielith/ti/CC3200SDK_1.5.0/cc3200-sdk/driverlib/" --include_path="C:/Users/thielith/ti/CC3200SDK_1.5.0/cc3200-sdk/inc/" --include_path="C:/Users/thielith/ti/CC3200SDK_1.5.0/cc3200-sdk/example/common/" --include_path="C:/Users/thielith/ti/ccs1250/ccs/tools/compiler/ti-cgt-arm_20.2.7.LTS/include" --define=ccs --define=cc3200 -g --diag_warning=225 --diag_wrap=off --display_error_number --abi=eabi --preproc_with_compile --preproc_dependency="main.d_raw"  "../main.c"
Finished building: "../main.c"
 
Building target: "uart_demo.out"
Invoking: Arm Linker
"C:/Users/thielith/ti/ccs1250/ccs/tools/compiler/ti-cgt-arm_20.2.7.LTS/bin/armcl" -mv7M4 --code_state=16 --float_support=none -me -Ooff --define=ccs --define=cc3200 -g --diag_warning=225 --diag_wrap=off --display_error_number --abi=eabi -z -m"uart_demo.map" --heap_size=0x800 --stack_size=0x100 -i"C:/Users/thielith/ti/ccs1250/ccs/tools/compiler/ti-cgt-arm_20.2.7.LTS/lib" -i"C:/Users/thielith/ti/ccs1250/ccs/tools/compiler/ti-cgt-arm_20.2.7.LTS/include" --reread_libs --diag_wrap=off --display_error_number --warn_sections --xml_link_info="uart_demo_linkInfo.xml" --rom_model -o "uart_demo.out" "./gpio_if.obj" "./main.obj" "./pin_mux_config.obj" "./startup_ccs.obj" "./uart_if.obj" "../cc3200v1p32.cmd"  -l"C:/Users/thielith/ti/CC3200SDK_1.5.0/cc3200-sdk/driverlib/ccs/Release/driverlib.a" -llibc.a 
<Linking>
Finished building target: "uart_demo.out"
 
C:/Users/thielith/ti/ccs1250/ccs/utils/tiobj2bin/tiobj2bin uart_demo.out uart_demo.bin C:/Users/thielith/ti/ccs1250/ccs/tools/compiler/ti-cgt-arm_20.2.7.LTS/bin/armofd C:/Users/thielith/ti/ccs1250/ccs/tools/compiler/ti-cgt-arm_20.2.7.LTS/bin/armhex C:/Users/thielith/ti/ccs1250/ccs/utils/tiobj2bin/mkhex4bin
 

**** Build Finished ****

**** Build of configuration Debug for project uart_demo ****

"C:\\Users\\thielith\\ti\\ccs1250\\ccs\\utils\\bin\\gmake" -k -j 4 all -O 
 
gmake[1]: 'uart_demo.out' is up to date.

**** Build Finished ****

**** Build of configuration Debug for project uart_demo ****

"C:\\Users\\thielith\\ti\\ccs1250\\ccs\\utils\\bin\\gmake" -k -j 4 all -O 
 
Building file: "../main.c"
Invoking: Arm Compiler
"C:/Users/thielith/ti/ccs1250/ccs/tools/compiler/ti-cgt-arm_20.2.7.LTS/bin/armcl" -mv7M4 --code_state=16 --float_support=none -me -Ooff --include_path="C:/Users/thielith/Desktop/eec-172/lab/workspace/uart_demo" --include_path="C:/Users/thielith/ti/CC3200SDK_1.5.0/cc3200-sdk/" --include_path="C:/Users/thielith/ti/CC3200SDK_1.5.0/cc3200-sdk/driverlib/" --include_path="C:/Users/thielith/ti/CC3200SDK_1.5.0/cc3200-sdk/inc/" --include_path="C:/Users/thielith/ti/CC3200SDK_1.5.0/cc3200-sdk/example/common/" --include_path="C:/Users/thielith/ti/ccs1250/ccs/tools/compiler/ti-cgt-arm_20.2.7.LTS/include" --define=ccs --define=cc3200 -g --diag_warning=225 --diag_wrap=off --display_error_number --abi=eabi --preproc_with_compile --preproc_dependency="main.d_raw"  "../main.c"
Finished building: "../main.c"
 
Building target: "uart_demo.out"
Invoking: Arm Linker
"C:/Users/thielith/ti/ccs1250/ccs/tools/compiler/ti-cgt-arm_20.2.7.LTS/bin/armcl" -mv7M4 --code_state=16 --float_support=none -me -Ooff --define=ccs --define=cc3200 -g --diag_warning=225 --diag_wrap=off --display_error_number --abi=eabi -z -m"uart_demo.map" --heap_size=0x800 --stack_size=0x100 -i"C:/Users/thielith/ti/ccs1250/ccs/tools/compiler/ti-cgt-arm_20.2.7.LTS/lib" -i"C:/Users/thielith/ti/ccs1250/ccs/tools/compiler/ti-cgt-arm_20.2.7.LTS/include" --reread_libs --diag_wrap=off --display_error_number --warn_sections --xml_link_info="uart_demo_linkInfo.xml" --rom_model -o "uart_demo.out" "./gpio_if.obj" "./main.obj" "./pin_mux_config.obj" "./startup_ccs.obj" "./uart_if.obj" "../cc3200v1p32.cmd"  -l"C:/Users/thielith/ti/CC3200SDK_1.5.0/cc3200-sdk/driverlib/ccs/Release/driverlib.a" -llibc.a 
<Linking>
Finished building target: "uart_demo.out"
 
C:/Users/thielith/ti/ccs1250/ccs/utils/tiobj2bin/tiobj2bin uart_demo.out uart_demo.bin C:/Users/thielith/ti/ccs1250/ccs/tools/compiler/ti-cgt-arm_20.2.7.LTS/bin/armofd C:/Users/thielith/ti/ccs1250/ccs/tools/compiler/ti-cgt-arm_20.2.7.LTS/bin/armhex C:/Users/thielith/ti/ccs1250/ccs/utils/tiobj2bin/mkhex4bin
 

**** Build Finished ****

**** Build of configuration Debug for project uart_demo ****

"C:\\Users\\thielith\\ti\\ccs1250\\ccs\\utils\\bin\\gmake" -k -j 4 all -O 
 
gmake[1]: 'uart_demo.out' is up to date.

**** Build Finished ****

**** Build of configuration Debug for project uart_demo ****

"C:\\Users\\thielith\\ti\\ccs1250\\ccs\\utils\\bin\\gmake" -k -j 4 all -O 
 
gmake[1]: 'uart_demo.out' is up to date.

**** Build Finished ****

**** Build of configuration Debug for project uart_demo ****

"C:\\Users\\thielith\\ti\\ccs1250\\ccs\\utils\\bin\\gmake" -k -j 4 all -O 
 
Building file: "../main.c"
Invoking: Arm Compiler
"C:/Users/thielith/ti/ccs1250/ccs/tools/compiler/ti-cgt-arm_20.2.7.LTS/bin/armcl" -mv7M4 --code_state=16 --float_support=none -me -Ooff --include_path="C:/Users/thielith/Desktop/eec-172/lab/workspace/uart_demo" --include_path="C:/Users/thielith/ti/CC3200SDK_1.5.0/cc3200-sdk/" --include_path="C:/Users/thielith/ti/CC3200SDK_1.5.0/cc3200-sdk/driverlib/" --include_path="C:/Users/thielith/ti/CC3200SDK_1.5.0/cc3200-sdk/inc/" --include_path="C:/Users/thielith/ti/CC3200SDK_1.5.0/cc3200-sdk/example/common/" --include_path="C:/Users/thielith/ti/ccs1250/ccs/tools/compiler/ti-cgt-arm_20.2.7.LTS/include" --define=ccs --define=cc3200 -g --diag_warning=225 --diag_wrap=off --display_error_number --abi=eabi --preproc_with_compile --preproc_dependency="main.d_raw"  "../main.c"
Finished building: "../main.c"
 
Building target: "uart_demo.out"
Invoking: Arm Linker
"C:/Users/thielith/ti/ccs1250/ccs/tools/compiler/ti-cgt-arm_20.2.7.LTS/bin/armcl" -mv7M4 --code_state=16 --float_support=none -me -Ooff --define=ccs --define=cc3200 -g --diag_warning=225 --diag_wrap=off --display_error_number --abi=eabi -z -m"uart_demo.map" --heap_size=0x800 --stack_size=0x100 -i"C:/Users/thielith/ti/ccs1250/ccs/tools/compiler/ti-cgt-arm_20.2.7.LTS/lib" -i"C:/Users/thielith/ti/ccs1250/ccs/tools/compiler/ti-cgt-arm_20.2.7.LTS/include" --reread_libs --diag_wrap=off --display_error_number --warn_sections --xml_link_info="uart_demo_linkInfo.xml" --rom_model -o "uart_demo.out" "./gpio_if.obj" "./main.obj" "./pin_mux_config.obj" "./startup_ccs.obj" "./uart_if.obj" "../cc3200v1p32.cmd"  -l"C:/Users/thielith/ti/CC3200SDK_1.5.0/cc3200-sdk/driverlib/ccs/Release/driverlib.a" -llibc.a 
<Linking>
Finished building target: "uart_demo.out"
 
C:/Users/thielith/ti/ccs1250/ccs/utils/tiobj2bin/tiobj2bin uart_demo.out uart_demo.bin C:/Users/thielith/ti/ccs1250/ccs/tools/compiler/ti-cgt-arm_20.2.7.LTS/bin/armofd C:/Users/thielith/ti/ccs1250/ccs/tools/compiler/ti-cgt-arm_20.2.7.LTS/bin/armhex C:/Users/thielith/ti/ccs1250/ccs/utils/tiobj2bin/mkhex4bin
 

**** Build Finished ****

**** Build of configuration Debug for project uart_demo ****

"C:\\Users\\thielith\\ti\\ccs1250\\ccs\\utils\\bin\\gmake" -k -j 4 all -O 
 
gmake[1]: 'uart_demo.out' is up to date.

**** Build Finished ****

**** Build of configuration Debug for project uart_demo ****

"C:\\Users\\thielith\\ti\\ccs1250\\ccs\\utils\\bin\\gmake" -k -j 4 all -O 
 
Building file: "../main.c"
Invoking: Arm Compiler
"C:/Users/thielith/ti/ccs1250/ccs/tools/compiler/ti-cgt-arm_20.2.7.LTS/bin/armcl" -mv7M4 --code_state=16 --float_support=none -me -Ooff --include_path="C:/Users/thielith/Desktop/eec-172/lab/workspace/uart_demo" --include_path="C:/Users/thielith/ti/CC3200SDK_1.5.0/cc3200-sdk/" --include_path="C:/Users/thielith/ti/CC3200SDK_1.5.0/cc3200-sdk/driverlib/" --include_path="C:/Users/thielith/ti/CC3200SDK_1.5.0/cc3200-sdk/inc/" --include_path="C:/Users/thielith/ti/CC3200SDK_1.5.0/cc3200-sdk/example/common/" --include_path="C:/Users/thielith/ti/ccs1250/ccs/tools/compiler/ti-cgt-arm_20.2.7.LTS/include" --define=ccs --define=cc3200 -g --diag_warning=225 --diag_wrap=off --display_error_number --abi=eabi --preproc_with_compile --preproc_dependency="main.d_raw"  "../main.c"
Finished building: "../main.c"
 
Building target: "uart_demo.out"
Invoking: Arm Linker
"C:/Users/thielith/ti/ccs1250/ccs/tools/compiler/ti-cgt-arm_20.2.7.LTS/bin/armcl" -mv7M4 --code_state=16 --float_support=none -me -Ooff --define=ccs --define=cc3200 -g --diag_warning=225 --diag_wrap=off --display_error_number --abi=eabi -z -m"uart_demo.map" --heap_size=0x800 --stack_size=0x100 -i"C:/Users/thielith/ti/ccs1250/ccs/tools/compiler/ti-cgt-arm_20.2.7.LTS/lib" -i"C:/Users/thielith/ti/ccs1250/ccs/tools/compiler/ti-cgt-arm_20.2.7.LTS/include" --reread_libs --diag_wrap=off --display_error_number --warn_sections --xml_link_info="uart_demo_linkInfo.xml" --rom_model -o "uart_demo.out" "./gpio_if.obj" "./main.obj" "./pin_mux_config.obj" "./startup_ccs.obj" "./uart_if.obj" "../cc3200v1p32.cmd"  -l"C:/Users/thielith/ti/CC3200SDK_1.5.0/cc3200-sdk/driverlib/ccs/Release/driverlib.a" -llibc.a 
<Linking>
Finished building target: "uart_demo.out"
 
C:/Users/thielith/ti/ccs1250/ccs/utils/tiobj2bin/tiobj2bin uart_demo.out uart_demo.bin C:/Users/thielith/ti/ccs1250/ccs/tools/compiler/ti-cgt-arm_20.2.7.LTS/bin/armofd C:/Users/thielith/ti/ccs1250/ccs/tools/compiler/ti-cgt-arm_20.2.7.LTS/bin/armhex C:/Users/thielith/ti/ccs1250/ccs/utils/tiobj2bin/mkhex4bin
 

**** Build Finished ****

**** Build of configuration Debug for project uart_demo ****

"C:\\Users\\thielith\\ti\\ccs1250\\ccs\\utils\\bin\\gmake" -k -j 4 all -O 
 
gmake[1]: 'uart_demo.out' is up to date.

**** Build Finished ****

**** Build of configuration Debug for project uart_demo ****

"C:\\Users\\thielith\\ti\\ccs1250\\ccs\\utils\\bin\\gmake" -k -j 4 all -O 
 
Building file: "../main.c"
Invoking: Arm Compiler
"C:/Users/thielith/ti/ccs1250/ccs/tools/compiler/ti-cgt-arm_20.2.7.LTS/bin/armcl" -mv7M4 --code_state=16 --float_support=none -me -Ooff --include_path="C:/Users/thielith/Desktop/eec-172/lab/workspace/uart_demo" --include_path="C:/Users/thielith/ti/CC3200SDK_1.5.0/cc3200-sdk/" --include_path="C:/Users/thielith/ti/CC3200SDK_1.5.0/cc3200-sdk/driverlib/" --include_path="C:/Users/thielith/ti/CC3200SDK_1.5.0/cc3200-sdk/inc/" --include_path="C:/Users/thielith/ti/CC3200SDK_1.5.0/cc3200-sdk/example/common/" --include_path="C:/Users/thielith/ti/ccs1250/ccs/tools/compiler/ti-cgt-arm_20.2.7.LTS/include" --define=ccs --define=cc3200 -g --diag_warning=225 --diag_wrap=off --display_error_number --abi=eabi --preproc_with_compile --preproc_dependency="main.d_raw"  "../main.c"
Finished building: "../main.c"
 
Building target: "uart_demo.out"
Invoking: Arm Linker
"C:/Users/thielith/ti/ccs1250/ccs/tools/compiler/ti-cgt-arm_20.2.7.LTS/bin/armcl" -mv7M4 --code_state=16 --float_support=none -me -Ooff --define=ccs --define=cc3200 -g --diag_warning=225 --diag_wrap=off --display_error_number --abi=eabi -z -m"uart_demo.map" --heap_size=0x800 --stack_size=0x100 -i"C:/Users/thielith/ti/ccs1250/ccs/tools/compiler/ti-cgt-arm_20.2.7.LTS/lib" -i"C:/Users/thielith/ti/ccs1250/ccs/tools/compiler/ti-cgt-arm_20.2.7.LTS/include" --reread_libs --diag_wrap=off --display_error_number --warn_sections --xml_link_info="uart_demo_linkInfo.xml" --rom_model -o "uart_demo.out" "./gpio_if.obj" "./main.obj" "./pin_mux_config.obj" "./startup_ccs.obj" "./uart_if.obj" "../cc3200v1p32.cmd"  -l"C:/Users/thielith/ti/CC3200SDK_1.5.0/cc3200-sdk/driverlib/ccs/Release/driverlib.a" -llibc.a 
<Linking>
Finished building target: "uart_demo.out"
 
C:/Users/thielith/ti/ccs1250/ccs/utils/tiobj2bin/tiobj2bin uart_demo.out uart_demo.bin C:/Users/thielith/ti/ccs1250/ccs/tools/compiler/ti-cgt-arm_20.2.7.LTS/bin/armofd C:/Users/thielith/ti/ccs1250/ccs/tools/compiler/ti-cgt-arm_20.2.7.LTS/bin/armhex C:/Users/thielith/ti/ccs1250/ccs/utils/tiobj2bin/mkhex4bin
 

**** Build Finished ****

**** Build of configuration Debug for project uart_demo ****

"C:\\Users\\thielith\\ti\\ccs1250\\ccs\\utils\\bin\\gmake" -k -j 4 all -O 
 
gmake[1]: 'uart_demo.out' is up to date.

**** Build Finished ****

**** Build of configuration Debug for project uart_demo ****

"C:\\Users\\thielith\\ti\\ccs1250\\ccs\\utils\\bin\\gmake" -k -j 4 all -O 
 
Building file: "../main.c"
Invoking: Arm Compiler
"C:/Users/thielith/ti/ccs1250/ccs/tools/compiler/ti-cgt-arm_20.2.7.LTS/bin/armcl" -mv7M4 --code_state=16 --float_support=none -me -Ooff --include_path="C:/Users/thielith/Desktop/eec-172/lab/workspace/uart_demo" --include_path="C:/Users/thielith/ti/CC3200SDK_1.5.0/cc3200-sdk/" --include_path="C:/Users/thielith/ti/CC3200SDK_1.5.0/cc3200-sdk/driverlib/" --include_path="C:/Users/thielith/ti/CC3200SDK_1.5.0/cc3200-sdk/inc/" --include_path="C:/Users/thielith/ti/CC3200SDK_1.5.0/cc3200-sdk/example/common/" --include_path="C:/Users/thielith/ti/ccs1250/ccs/tools/compiler/ti-cgt-arm_20.2.7.LTS/include" --define=ccs --define=cc3200 -g --diag_warning=225 --diag_wrap=off --display_error_number --abi=eabi --preproc_with_compile --preproc_dependency="main.d_raw"  "../main.c"
 
>> Compilation failure
subdir_rules.mk:16: recipe for target 'main.obj' failed
"../main.c", line 187: error #20: identifier "GPIO_PIN_16" is undefined
1 error detected in the compilation of "../main.c".
gmake: *** [main.obj] Error 1
gmake: Target 'all' not remade because of errors.

**** Build Finished ****

**** Build of configuration Debug for project uart_demo ****

"C:\\Users\\thielith\\ti\\ccs1250\\ccs\\utils\\bin\\gmake" -k -j 4 all -O 
 
Building file: "../main.c"
Invoking: Arm Compiler
"C:/Users/thielith/ti/ccs1250/ccs/tools/compiler/ti-cgt-arm_20.2.7.LTS/bin/armcl" -mv7M4 --code_state=16 --float_support=none -me -Ooff --include_path="C:/Users/thielith/Desktop/eec-172/lab/workspace/uart_demo" --include_path="C:/Users/thielith/ti/CC3200SDK_1.5.0/cc3200-sdk/" --include_path="C:/Users/thielith/ti/CC3200SDK_1.5.0/cc3200-sdk/driverlib/" --include_path="C:/Users/thielith/ti/CC3200SDK_1.5.0/cc3200-sdk/inc/" --include_path="C:/Users/thielith/ti/CC3200SDK_1.5.0/cc3200-sdk/example/common/" --include_path="C:/Users/thielith/ti/ccs1250/ccs/tools/compiler/ti-cgt-arm_20.2.7.LTS/include" --define=ccs --define=cc3200 -g --diag_warning=225 --diag_wrap=off --display_error_number --abi=eabi --preproc_with_compile --preproc_dependency="main.d_raw"  "../main.c"
Finished building: "../main.c"
 
Building target: "uart_demo.out"
Invoking: Arm Linker
"C:/Users/thielith/ti/ccs1250/ccs/tools/compiler/ti-cgt-arm_20.2.7.LTS/bin/armcl" -mv7M4 --code_state=16 --float_support=none -me -Ooff --define=ccs --define=cc3200 -g --diag_warning=225 --diag_wrap=off --display_error_number --abi=eabi -z -m"uart_demo.map" --heap_size=0x800 --stack_size=0x100 -i"C:/Users/thielith/ti/ccs1250/ccs/tools/compiler/ti-cgt-arm_20.2.7.LTS/lib" -i"C:/Users/thielith/ti/ccs1250/ccs/tools/compiler/ti-cgt-arm_20.2.7.LTS/include" --reread_libs --diag_wrap=off --display_error_number --warn_sections --xml_link_info="uart_demo_linkInfo.xml" --rom_model -o "uart_demo.out" "./gpio_if.obj" "./main.obj" "./pin_mux_config.obj" "./startup_ccs.obj" "./uart_if.obj" "../cc3200v1p32.cmd"  -l"C:/Users/thielith/ti/CC3200SDK_1.5.0/cc3200-sdk/driverlib/ccs/Release/driverlib.a" -llibc.a 
<Linking>
Finished building target: "uart_demo.out"
 
C:/Users/thielith/ti/ccs1250/ccs/utils/tiobj2bin/tiobj2bin uart_demo.out uart_demo.bin C:/Users/thielith/ti/ccs1250/ccs/tools/compiler/ti-cgt-arm_20.2.7.LTS/bin/armofd C:/Users/thielith/ti/ccs1250/ccs/tools/compiler/ti-cgt-arm_20.2.7.LTS/bin/armhex C:/Users/thielith/ti/ccs1250/ccs/utils/tiobj2bin/mkhex4bin
 

**** Build Finished ****

**** Build of configuration Debug for project uart_demo ****

"C:\\Users\\thielith\\ti\\ccs1250\\ccs\\utils\\bin\\gmake" -k -j 4 all -O 
 
gmake[1]: 'uart_demo.out' is up to date.

**** Build Finished ****

**** Build of configuration Debug for project uart_demo ****

"C:\\Users\\thielith\\ti\\ccs1250\\ccs\\utils\\bin\\gmake" -k -j 4 all -O 
 
Building file: "../main.c"
Invoking: Arm Compiler
"C:/Users/thielith/ti/ccs1250/ccs/tools/compiler/ti-cgt-arm_20.2.7.LTS/bin/armcl" -mv7M4 --code_state=16 --float_support=none -me -Ooff --include_path="C:/Users/thielith/Desktop/eec-172/lab/workspace/uart_demo" --include_path="C:/Users/thielith/ti/CC3200SDK_1.5.0/cc3200-sdk/" --include_path="C:/Users/thielith/ti/CC3200SDK_1.5.0/cc3200-sdk/driverlib/" --include_path="C:/Users/thielith/ti/CC3200SDK_1.5.0/cc3200-sdk/inc/" --include_path="C:/Users/thielith/ti/CC3200SDK_1.5.0/cc3200-sdk/example/common/" --include_path="C:/Users/thielith/ti/ccs1250/ccs/tools/compiler/ti-cgt-arm_20.2.7.LTS/include" --define=ccs --define=cc3200 -g --diag_warning=225 --diag_wrap=off --display_error_number --abi=eabi --preproc_with_compile --preproc_dependency="main.d_raw"  "../main.c"
"../main.c", line 264: warning #552-D: variable "switch3WasPressed" was set but never used
"../main.c", line 265: warning #552-D: variable "switch2WasPressed" was set but never used
Finished building: "../main.c"
 
Building target: "uart_demo.out"
Invoking: Arm Linker
"C:/Users/thielith/ti/ccs1250/ccs/tools/compiler/ti-cgt-arm_20.2.7.LTS/bin/armcl" -mv7M4 --code_state=16 --float_support=none -me -Ooff --define=ccs --define=cc3200 -g --diag_warning=225 --diag_wrap=off --display_error_number --abi=eabi -z -m"uart_demo.map" --heap_size=0x800 --stack_size=0x100 -i"C:/Users/thielith/ti/ccs1250/ccs/tools/compiler/ti-cgt-arm_20.2.7.LTS/lib" -i"C:/Users/thielith/ti/ccs1250/ccs/tools/compiler/ti-cgt-arm_20.2.7.LTS/include" --reread_libs --diag_wrap=off --display_error_number --warn_sections --xml_link_info="uart_demo_linkInfo.xml" --rom_model -o "uart_demo.out" "./gpio_if.obj" "./main.obj" "./pin_mux_config.obj" "./startup_ccs.obj" "./uart_if.obj" "../cc3200v1p32.cmd"  -l"C:/Users/thielith/ti/CC3200SDK_1.5.0/cc3200-sdk/driverlib/ccs/Release/driverlib.a" -llibc.a 
<Linking>
Finished building target: "uart_demo.out"
 
C:/Users/thielith/ti/ccs1250/ccs/utils/tiobj2bin/tiobj2bin uart_demo.out uart_demo.bin C:/Users/thielith/ti/ccs1250/ccs/tools/compiler/ti-cgt-arm_20.2.7.LTS/bin/armofd C:/Users/thielith/ti/ccs1250/ccs/tools/compiler/ti-cgt-arm_20.2.7.LTS/bin/armhex C:/Users/thielith/ti/ccs1250/ccs/utils/tiobj2bin/mkhex4bin
 

**** Build Finished ****

**** Build of configuration Debug for project uart_demo ****

"C:\\Users\\thielith\\ti\\ccs1250\\ccs\\utils\\bin\\gmake" -k -j 4 all -O 
 
Building file: "../main.c"
Invoking: Arm Compiler
"C:/Users/thielith/ti/ccs1250/ccs/tools/compiler/ti-cgt-arm_20.2.7.LTS/bin/armcl" -mv7M4 --code_state=16 --float_support=none -me -Ooff --include_path="C:/Users/thielith/Desktop/eec-172/lab/workspace/uart_demo" --include_path="C:/Users/thielith/ti/CC3200SDK_1.5.0/cc3200-sdk/" --include_path="C:/Users/thielith/ti/CC3200SDK_1.5.0/cc3200-sdk/driverlib/" --include_path="C:/Users/thielith/ti/CC3200SDK_1.5.0/cc3200-sdk/inc/" --include_path="C:/Users/thielith/ti/CC3200SDK_1.5.0/cc3200-sdk/example/common/" --include_path="C:/Users/thielith/ti/ccs1250/ccs/tools/compiler/ti-cgt-arm_20.2.7.LTS/include" --define=ccs --define=cc3200 -g --diag_warning=225 --diag_wrap=off --display_error_number --abi=eabi --preproc_with_compile --preproc_dependency="main.d_raw"  "../main.c"
Finished building: "../main.c"
 
Building target: "uart_demo.out"
Invoking: Arm Linker
"C:/Users/thielith/ti/ccs1250/ccs/tools/compiler/ti-cgt-arm_20.2.7.LTS/bin/armcl" -mv7M4 --code_state=16 --float_support=none -me -Ooff --define=ccs --define=cc3200 -g --diag_warning=225 --diag_wrap=off --display_error_number --abi=eabi -z -m"uart_demo.map" --heap_size=0x800 --stack_size=0x100 -i"C:/Users/thielith/ti/ccs1250/ccs/tools/compiler/ti-cgt-arm_20.2.7.LTS/lib" -i"C:/Users/thielith/ti/ccs1250/ccs/tools/compiler/ti-cgt-arm_20.2.7.LTS/include" --reread_libs --diag_wrap=off --display_error_number --warn_sections --xml_link_info="uart_demo_linkInfo.xml" --rom_model -o "uart_demo.out" "./gpio_if.obj" "./main.obj" "./pin_mux_config.obj" "./startup_ccs.obj" "./uart_if.obj" "../cc3200v1p32.cmd"  -l"C:/Users/thielith/ti/CC3200SDK_1.5.0/cc3200-sdk/driverlib/ccs/Release/driverlib.a" -llibc.a 
<Linking>
Finished building target: "uart_demo.out"
 
C:/Users/thielith/ti/ccs1250/ccs/utils/tiobj2bin/tiobj2bin uart_demo.out uart_demo.bin C:/Users/thielith/ti/ccs1250/ccs/tools/compiler/ti-cgt-arm_20.2.7.LTS/bin/armofd C:/Users/thielith/ti/ccs1250/ccs/tools/compiler/ti-cgt-arm_20.2.7.LTS/bin/armhex C:/Users/thielith/ti/ccs1250/ccs/utils/tiobj2bin/mkhex4bin
 

**** Build Finished ****

**** Build of configuration Debug for project uart_demo ****

"C:\\Users\\thielith\\ti\\ccs1250\\ccs\\utils\\bin\\gmake" -k -j 4 all -O 
 
gmake[1]: 'uart_demo.out' is up to date.

**** Build Finished ****

**** Build of configuration Debug for project uart_demo ****

"C:\\Users\\thielith\\ti\\ccs1250\\ccs\\utils\\bin\\gmake" -k -j 4 all -O 
 
Building file: "../main.c"
Invoking: Arm Compiler
"C:/Users/thielith/ti/ccs1250/ccs/tools/compiler/ti-cgt-arm_20.2.7.LTS/bin/armcl" -mv7M4 --code_state=16 --float_support=none -me -Ooff --include_path="C:/Users/thielith/Desktop/eec-172/lab/workspace/uart_demo" --include_path="C:/Users/thielith/ti/CC3200SDK_1.5.0/cc3200-sdk/" --include_path="C:/Users/thielith/ti/CC3200SDK_1.5.0/cc3200-sdk/driverlib/" --include_path="C:/Users/thielith/ti/CC3200SDK_1.5.0/cc3200-sdk/inc/" --include_path="C:/Users/thielith/ti/CC3200SDK_1.5.0/cc3200-sdk/example/common/" --include_path="C:/Users/thielith/ti/ccs1250/ccs/tools/compiler/ti-cgt-arm_20.2.7.LTS/include" --define=ccs --define=cc3200 -g --diag_warning=225 --diag_wrap=off --display_error_number --abi=eabi --preproc_with_compile --preproc_dependency="main.d_raw"  "../main.c"
Finished building: "../main.c"
 
Building target: "uart_demo.out"
Invoking: Arm Linker
"C:/Users/thielith/ti/ccs1250/ccs/tools/compiler/ti-cgt-arm_20.2.7.LTS/bin/armcl" -mv7M4 --code_state=16 --float_support=none -me -Ooff --define=ccs --define=cc3200 -g --diag_warning=225 --diag_wrap=off --display_error_number --abi=eabi -z -m"uart_demo.map" --heap_size=0x800 --stack_size=0x100 -i"C:/Users/thielith/ti/ccs1250/ccs/tools/compiler/ti-cgt-arm_20.2.7.LTS/lib" -i"C:/Users/thielith/ti/ccs1250/ccs/tools/compiler/ti-cgt-arm_20.2.7.LTS/include" --reread_libs --diag_wrap=off --display_error_number --warn_sections --xml_link_info="uart_demo_linkInfo.xml" --rom_model -o "uart_demo.out" "./gpio_if.obj" "./main.obj" "./pin_mux_config.obj" "./startup_ccs.obj" "./uart_if.obj" "../cc3200v1p32.cmd"  -l"C:/Users/thielith/ti/CC3200SDK_1.5.0/cc3200-sdk/driverlib/ccs/Release/driverlib.a" -llibc.a 
<Linking>
Finished building target: "uart_demo.out"
 
C:/Users/thielith/ti/ccs1250/ccs/utils/tiobj2bin/tiobj2bin uart_demo.out uart_demo.bin C:/Users/thielith/ti/ccs1250/ccs/tools/compiler/ti-cgt-arm_20.2.7.LTS/bin/armofd C:/Users/thielith/ti/ccs1250/ccs/tools/compiler/ti-cgt-arm_20.2.7.LTS/bin/armhex C:/Users/thielith/ti/ccs1250/ccs/utils/tiobj2bin/mkhex4bin
 

**** Build Finished ****

**** Build of configuration Debug for project uart_demo ****

"C:\\Users\\thielith\\ti\\ccs1250\\ccs\\utils\\bin\\gmake" -k -j 4 all -O 
 
gmake[1]: 'uart_demo.out' is up to date.

**** Build Finished ****

**** Build of configuration Debug for project uart_demo ****

"C:\\Users\\thielith\\ti\\ccs1250\\ccs\\utils\\bin\\gmake" -k -j 4 all -O 
 
Building file: "../main.c"
Invoking: Arm Compiler
"C:/Users/thielith/ti/ccs1250/ccs/tools/compiler/ti-cgt-arm_20.2.7.LTS/bin/armcl" -mv7M4 --code_state=16 --float_support=none -me -Ooff --include_path="C:/Users/thielith/Desktop/eec-172/lab/workspace/uart_demo" --include_path="C:/Users/thielith/ti/CC3200SDK_1.5.0/cc3200-sdk/" --include_path="C:/Users/thielith/ti/CC3200SDK_1.5.0/cc3200-sdk/driverlib/" --include_path="C:/Users/thielith/ti/CC3200SDK_1.5.0/cc3200-sdk/inc/" --include_path="C:/Users/thielith/ti/CC3200SDK_1.5.0/cc3200-sdk/example/common/" --include_path="C:/Users/thielith/ti/ccs1250/ccs/tools/compiler/ti-cgt-arm_20.2.7.LTS/include" --define=ccs --define=cc3200 -g --diag_warning=225 --diag_wrap=off --display_error_number --abi=eabi --preproc_with_compile --preproc_dependency="main.d_raw"  "../main.c"
Finished building: "../main.c"
 
Building target: "uart_demo.out"
Invoking: Arm Linker
"C:/Users/thielith/ti/ccs1250/ccs/tools/compiler/ti-cgt-arm_20.2.7.LTS/bin/armcl" -mv7M4 --code_state=16 --float_support=none -me -Ooff --define=ccs --define=cc3200 -g --diag_warning=225 --diag_wrap=off --display_error_number --abi=eabi -z -m"uart_demo.map" --heap_size=0x800 --stack_size=0x100 -i"C:/Users/thielith/ti/ccs1250/ccs/tools/compiler/ti-cgt-arm_20.2.7.LTS/lib" -i"C:/Users/thielith/ti/ccs1250/ccs/tools/compiler/ti-cgt-arm_20.2.7.LTS/include" --reread_libs --diag_wrap=off --display_error_number --warn_sections --xml_link_info="uart_demo_linkInfo.xml" --rom_model -o "uart_demo.out" "./gpio_if.obj" "./main.obj" "./pin_mux_config.obj" "./startup_ccs.obj" "./uart_if.obj" "../cc3200v1p32.cmd"  -l"C:/Users/thielith/ti/CC3200SDK_1.5.0/cc3200-sdk/driverlib/ccs/Release/driverlib.a" -llibc.a 
<Linking>
Finished building target: "uart_demo.out"
 
C:/Users/thielith/ti/ccs1250/ccs/utils/tiobj2bin/tiobj2bin uart_demo.out uart_demo.bin C:/Users/thielith/ti/ccs1250/ccs/tools/compiler/ti-cgt-arm_20.2.7.LTS/bin/armofd C:/Users/thielith/ti/ccs1250/ccs/tools/compiler/ti-cgt-arm_20.2.7.LTS/bin/armhex C:/Users/thielith/ti/ccs1250/ccs/utils/tiobj2bin/mkhex4bin
 

**** Build Finished ****

**** Build of configuration Debug for project uart_demo ****

"C:\\Users\\thielith\\ti\\ccs1250\\ccs\\utils\\bin\\gmake" -k -j 4 all -O 
 
gmake[1]: 'uart_demo.out' is up to date.

**** Build Finished ****

**** Build of configuration Debug for project uart_demo ****

"C:\\Users\\thielith\\ti\\ccs1250\\ccs\\utils\\bin\\gmake" -k -j 4 all -O 
 
Building file: "../main.c"
Invoking: Arm Compiler
"C:/Users/thielith/ti/ccs1250/ccs/tools/compiler/ti-cgt-arm_20.2.7.LTS/bin/armcl" -mv7M4 --code_state=16 --float_support=none -me -Ooff --include_path="C:/Users/thielith/Desktop/eec-172/lab/workspace/uart_demo" --include_path="C:/Users/thielith/ti/CC3200SDK_1.5.0/cc3200-sdk/" --include_path="C:/Users/thielith/ti/CC3200SDK_1.5.0/cc3200-sdk/driverlib/" --include_path="C:/Users/thielith/ti/CC3200SDK_1.5.0/cc3200-sdk/inc/" --include_path="C:/Users/thielith/ti/CC3200SDK_1.5.0/cc3200-sdk/example/common/" --include_path="C:/Users/thielith/ti/ccs1250/ccs/tools/compiler/ti-cgt-arm_20.2.7.LTS/include" --define=ccs --define=cc3200 -g --diag_warning=225 --diag_wrap=off --display_error_number --abi=eabi --preproc_with_compile --preproc_dependency="main.d_raw"  "../main.c"
Finished building: "../main.c"
 
Building target: "uart_demo.out"
Invoking: Arm Linker
"C:/Users/thielith/ti/ccs1250/ccs/tools/compiler/ti-cgt-arm_20.2.7.LTS/bin/armcl" -mv7M4 --code_state=16 --float_support=none -me -Ooff --define=ccs --define=cc3200 -g --diag_warning=225 --diag_wrap=off --display_error_number --abi=eabi -z -m"uart_demo.map" --heap_size=0x800 --stack_size=0x100 -i"C:/Users/thielith/ti/ccs1250/ccs/tools/compiler/ti-cgt-arm_20.2.7.LTS/lib" -i"C:/Users/thielith/ti/ccs1250/ccs/tools/compiler/ti-cgt-arm_20.2.7.LTS/include" --reread_libs --diag_wrap=off --display_error_number --warn_sections --xml_link_info="uart_demo_linkInfo.xml" --rom_model -o "uart_demo.out" "./gpio_if.obj" "./main.obj" "./pin_mux_config.obj" "./startup_ccs.obj" "./uart_if.obj" "../cc3200v1p32.cmd"  -l"C:/Users/thielith/ti/CC3200SDK_1.5.0/cc3200-sdk/driverlib/ccs/Release/driverlib.a" -llibc.a 
<Linking>
Finished building target: "uart_demo.out"
 
C:/Users/thielith/ti/ccs1250/ccs/utils/tiobj2bin/tiobj2bin uart_demo.out uart_demo.bin C:/Users/thielith/ti/ccs1250/ccs/tools/compiler/ti-cgt-arm_20.2.7.LTS/bin/armofd C:/Users/thielith/ti/ccs1250/ccs/tools/compiler/ti-cgt-arm_20.2.7.LTS/bin/armhex C:/Users/thielith/ti/ccs1250/ccs/utils/tiobj2bin/mkhex4bin
 

**** Build Finished ****

**** Build of configuration Debug for project uart_demo ****

"C:\\Users\\thielith\\ti\\ccs1250\\ccs\\utils\\bin\\gmake" -k -j 4 all -O 
 
gmake[1]: 'uart_demo.out' is up to date.

**** Build Finished ****

**** Build of configuration Debug for project uart_demo ****

"C:\\Users\\thielith\\ti\\ccs1250\\ccs\\utils\\bin\\gmake" -k -j 4 all -O 
 
Building file: "../main.c"
Invoking: Arm Compiler
"C:/Users/thielith/ti/ccs1250/ccs/tools/compiler/ti-cgt-arm_20.2.7.LTS/bin/armcl" -mv7M4 --code_state=16 --float_support=none -me -Ooff --include_path="C:/Users/thielith/Desktop/eec-172/lab/workspace/uart_demo" --include_path="C:/Users/thielith/ti/CC3200SDK_1.5.0/cc3200-sdk/" --include_path="C:/Users/thielith/ti/CC3200SDK_1.5.0/cc3200-sdk/driverlib/" --include_path="C:/Users/thielith/ti/CC3200SDK_1.5.0/cc3200-sdk/inc/" --include_path="C:/Users/thielith/ti/CC3200SDK_1.5.0/cc3200-sdk/example/common/" --include_path="C:/Users/thielith/ti/ccs1250/ccs/tools/compiler/ti-cgt-arm_20.2.7.LTS/include" --define=ccs --define=cc3200 -g --diag_warning=225 --diag_wrap=off --display_error_number --abi=eabi --preproc_with_compile --preproc_dependency="main.d_raw"  "../main.c"
Finished building: "../main.c"
 
Building target: "uart_demo.out"
Invoking: Arm Linker
"C:/Users/thielith/ti/ccs1250/ccs/tools/compiler/ti-cgt-arm_20.2.7.LTS/bin/armcl" -mv7M4 --code_state=16 --float_support=none -me -Ooff --define=ccs --define=cc3200 -g --diag_warning=225 --diag_wrap=off --display_error_number --abi=eabi -z -m"uart_demo.map" --heap_size=0x800 --stack_size=0x100 -i"C:/Users/thielith/ti/ccs1250/ccs/tools/compiler/ti-cgt-arm_20.2.7.LTS/lib" -i"C:/Users/thielith/ti/ccs1250/ccs/tools/compiler/ti-cgt-arm_20.2.7.LTS/include" --reread_libs --diag_wrap=off --display_error_number --warn_sections --xml_link_info="uart_demo_linkInfo.xml" --rom_model -o "uart_demo.out" "./gpio_if.obj" "./main.obj" "./pin_mux_config.obj" "./startup_ccs.obj" "./uart_if.obj" "../cc3200v1p32.cmd"  -l"C:/Users/thielith/ti/CC3200SDK_1.5.0/cc3200-sdk/driverlib/ccs/Release/driverlib.a" -llibc.a 
<Linking>
Finished building target: "uart_demo.out"
 
C:/Users/thielith/ti/ccs1250/ccs/utils/tiobj2bin/tiobj2bin uart_demo.out uart_demo.bin C:/Users/thielith/ti/ccs1250/ccs/tools/compiler/ti-cgt-arm_20.2.7.LTS/bin/armofd C:/Users/thielith/ti/ccs1250/ccs/tools/compiler/ti-cgt-arm_20.2.7.LTS/bin/armhex C:/Users/thielith/ti/ccs1250/ccs/utils/tiobj2bin/mkhex4bin
 

**** Build Finished ****

**** Build of configuration Debug for project uart_demo ****

"C:\\Users\\thielith\\ti\\ccs1250\\ccs\\utils\\bin\\gmake" -k -j 4 all -O 
 
gmake[1]: 'uart_demo.out' is up to date.

**** Build Finished ****

**** Build of configuration Debug for project uart_demo ****

"C:\\Users\\thielith\\ti\\ccs1250\\ccs\\utils\\bin\\gmake" -k -j 4 all -O 
 
Building file: "../main.c"
Invoking: Arm Compiler
"C:/Users/thielith/ti/ccs1250/ccs/tools/compiler/ti-cgt-arm_20.2.7.LTS/bin/armcl" -mv7M4 --code_state=16 --float_support=none -me -Ooff --include_path="C:/Users/thielith/Desktop/eec-172/lab/workspace/uart_demo" --include_path="C:/Users/thielith/ti/CC3200SDK_1.5.0/cc3200-sdk/" --include_path="C:/Users/thielith/ti/CC3200SDK_1.5.0/cc3200-sdk/driverlib/" --include_path="C:/Users/thielith/ti/CC3200SDK_1.5.0/cc3200-sdk/inc/" --include_path="C:/Users/thielith/ti/CC3200SDK_1.5.0/cc3200-sdk/example/common/" --include_path="C:/Users/thielith/ti/ccs1250/ccs/tools/compiler/ti-cgt-arm_20.2.7.LTS/include" --define=ccs --define=cc3200 -g --diag_warning=225 --diag_wrap=off --display_error_number --abi=eabi --preproc_with_compile --preproc_dependency="main.d_raw"  "../main.c"
 
>> Compilation failure
subdir_rules.mk:16: recipe for target 'main.obj' failed
"../main.c", line 243: error #167: too few arguments in function call
"../main.c", line 297: error #41: expected an identifier
"../main.c", line 297: error #66: expected a ";"
3 errors detected in the compilation of "../main.c".
gmake: *** [main.obj] Error 1
gmake: Target 'all' not remade because of errors.

**** Build Finished ****

**** Build of configuration Debug for project uart_demo ****

"C:\\Users\\thielith\\ti\\ccs1250\\ccs\\utils\\bin\\gmake" -k -j 4 all -O 
 
Building file: "../main.c"
Invoking: Arm Compiler
"C:/Users/thielith/ti/ccs1250/ccs/tools/compiler/ti-cgt-arm_20.2.7.LTS/bin/armcl" -mv7M4 --code_state=16 --float_support=none -me -Ooff --include_path="C:/Users/thielith/Desktop/eec-172/lab/workspace/uart_demo" --include_path="C:/Users/thielith/ti/CC3200SDK_1.5.0/cc3200-sdk/" --include_path="C:/Users/thielith/ti/CC3200SDK_1.5.0/cc3200-sdk/driverlib/" --include_path="C:/Users/thielith/ti/CC3200SDK_1.5.0/cc3200-sdk/inc/" --include_path="C:/Users/thielith/ti/CC3200SDK_1.5.0/cc3200-sdk/example/common/" --include_path="C:/Users/thielith/ti/ccs1250/ccs/tools/compiler/ti-cgt-arm_20.2.7.LTS/include" --define=ccs --define=cc3200 -g --diag_warning=225 --diag_wrap=off --display_error_number --abi=eabi --preproc_with_compile --preproc_dependency="main.d_raw"  "../main.c"
 
>> Compilation failure
subdir_rules.mk:16: recipe for target 'main.obj' failed
"../main.c", line 297: error #41: expected an identifier
"../main.c", line 297: error #66: expected a ";"
2 errors detected in the compilation of "../main.c".
gmake: *** [main.obj] Error 1
gmake: Target 'all' not remade because of errors.

**** Build Finished ****

**** Build of configuration Debug for project uart_demo ****

"C:\\Users\\thielith\\ti\\ccs1250\\ccs\\utils\\bin\\gmake" -k -j 4 all -O 
 
Building file: "../main.c"
Invoking: Arm Compiler
"C:/Users/thielith/ti/ccs1250/ccs/tools/compiler/ti-cgt-arm_20.2.7.LTS/bin/armcl" -mv7M4 --code_state=16 --float_support=none -me -Ooff --include_path="C:/Users/thielith/Desktop/eec-172/lab/workspace/uart_demo" --include_path="C:/Users/thielith/ti/CC3200SDK_1.5.0/cc3200-sdk/" --include_path="C:/Users/thielith/ti/CC3200SDK_1.5.0/cc3200-sdk/driverlib/" --include_path="C:/Users/thielith/ti/CC3200SDK_1.5.0/cc3200-sdk/inc/" --include_path="C:/Users/thielith/ti/CC3200SDK_1.5.0/cc3200-sdk/example/common/" --include_path="C:/Users/thielith/ti/ccs1250/ccs/tools/compiler/ti-cgt-arm_20.2.7.LTS/include" --define=ccs --define=cc3200 -g --diag_warning=225 --diag_wrap=off --display_error_number --abi=eabi --preproc_with_compile --preproc_dependency="main.d_raw"  "../main.c"
 
>> Compilation failure
subdir_rules.mk:16: recipe for target 'main.obj' failed
"../main.c", line 297: error #29: expected an expression
1 error detected in the compilation of "../main.c".
gmake: *** [main.obj] Error 1
gmake: Target 'all' not remade because of errors.

**** Build Finished ****

**** Build of configuration Debug for project uart_demo ****

"C:\\Users\\thielith\\ti\\ccs1250\\ccs\\utils\\bin\\gmake" -k -j 4 all -O 
 
Building file: "../main.c"
Invoking: Arm Compiler
"C:/Users/thielith/ti/ccs1250/ccs/tools/compiler/ti-cgt-arm_20.2.7.LTS/bin/armcl" -mv7M4 --code_state=16 --float_support=none -me -Ooff --include_path="C:/Users/thielith/Desktop/eec-172/lab/workspace/uart_demo" --include_path="C:/Users/thielith/ti/CC3200SDK_1.5.0/cc3200-sdk/" --include_path="C:/Users/thielith/ti/CC3200SDK_1.5.0/cc3200-sdk/driverlib/" --include_path="C:/Users/thielith/ti/CC3200SDK_1.5.0/cc3200-sdk/inc/" --include_path="C:/Users/thielith/ti/CC3200SDK_1.5.0/cc3200-sdk/example/common/" --include_path="C:/Users/thielith/ti/ccs1250/ccs/tools/compiler/ti-cgt-arm_20.2.7.LTS/include" --define=ccs --define=cc3200 -g --diag_warning=225 --diag_wrap=off --display_error_number --abi=eabi --preproc_with_compile --preproc_dependency="main.d_raw"  "../main.c"
"../main.c", line 297: warning #179-D: variable "LEDstate" was declared but never referenced
Finished building: "../main.c"
 
Building target: "uart_demo.out"
Invoking: Arm Linker
"C:/Users/thielith/ti/ccs1250/ccs/tools/compiler/ti-cgt-arm_20.2.7.LTS/bin/armcl" -mv7M4 --code_state=16 --float_support=none -me -Ooff --define=ccs --define=cc3200 -g --diag_warning=225 --diag_wrap=off --display_error_number --abi=eabi -z -m"uart_demo.map" --heap_size=0x800 --stack_size=0x100 -i"C:/Users/thielith/ti/ccs1250/ccs/tools/compiler/ti-cgt-arm_20.2.7.LTS/lib" -i"C:/Users/thielith/ti/ccs1250/ccs/tools/compiler/ti-cgt-arm_20.2.7.LTS/include" --reread_libs --diag_wrap=off --display_error_number --warn_sections --xml_link_info="uart_demo_linkInfo.xml" --rom_model -o "uart_demo.out" "./gpio_if.obj" "./main.obj" "./pin_mux_config.obj" "./startup_ccs.obj" "./uart_if.obj" "../cc3200v1p32.cmd"  -l"C:/Users/thielith/ti/CC3200SDK_1.5.0/cc3200-sdk/driverlib/ccs/Release/driverlib.a" -llibc.a 
<Linking>
Finished building target: "uart_demo.out"
 
C:/Users/thielith/ti/ccs1250/ccs/utils/tiobj2bin/tiobj2bin uart_demo.out uart_demo.bin C:/Users/thielith/ti/ccs1250/ccs/tools/compiler/ti-cgt-arm_20.2.7.LTS/bin/armofd C:/Users/thielith/ti/ccs1250/ccs/tools/compiler/ti-cgt-arm_20.2.7.LTS/bin/armhex C:/Users/thielith/ti/ccs1250/ccs/utils/tiobj2bin/mkhex4bin
 

**** Build Finished ****

**** Build of configuration Debug for project uart_demo ****

"C:\\Users\\thielith\\ti\\ccs1250\\ccs\\utils\\bin\\gmake" -k -j 4 all -O 
 
gmake[1]: 'uart_demo.out' is up to date.

**** Build Finished ****

**** Build of configuration Debug for project uart_demo ****

"C:\\Users\\thielith\\ti\\ccs1250\\ccs\\utils\\bin\\gmake" -k -j 4 all -O 
 
Building file: "../main.c"
Invoking: Arm Compiler
"C:/Users/thielith/ti/ccs1250/ccs/tools/compiler/ti-cgt-arm_20.2.7.LTS/bin/armcl" -mv7M4 --code_state=16 --float_support=none -me -Ooff --include_path="C:/Users/thielith/Desktop/eec-172/lab/workspace/uart_demo" --include_path="C:/Users/thielith/ti/CC3200SDK_1.5.0/cc3200-sdk/" --include_path="C:/Users/thielith/ti/CC3200SDK_1.5.0/cc3200-sdk/driverlib/" --include_path="C:/Users/thielith/ti/CC3200SDK_1.5.0/cc3200-sdk/inc/" --include_path="C:/Users/thielith/ti/CC3200SDK_1.5.0/cc3200-sdk/example/common/" --include_path="C:/Users/thielith/ti/ccs1250/ccs/tools/compiler/ti-cgt-arm_20.2.7.LTS/include" --define=ccs --define=cc3200 -g --diag_warning=225 --diag_wrap=off --display_error_number --abi=eabi --preproc_with_compile --preproc_dependency="main.d_raw"  "../main.c"
"../main.c", line 302: warning #179-D: variable "LEDstate" was declared but never referenced
Finished building: "../main.c"
 
Building target: "uart_demo.out"
Invoking: Arm Linker
"C:/Users/thielith/ti/ccs1250/ccs/tools/compiler/ti-cgt-arm_20.2.7.LTS/bin/armcl" -mv7M4 --code_state=16 --float_support=none -me -Ooff --define=ccs --define=cc3200 -g --diag_warning=225 --diag_wrap=off --display_error_number --abi=eabi -z -m"uart_demo.map" --heap_size=0x800 --stack_size=0x100 -i"C:/Users/thielith/ti/ccs1250/ccs/tools/compiler/ti-cgt-arm_20.2.7.LTS/lib" -i"C:/Users/thielith/ti/ccs1250/ccs/tools/compiler/ti-cgt-arm_20.2.7.LTS/include" --reread_libs --diag_wrap=off --display_error_number --warn_sections --xml_link_info="uart_demo_linkInfo.xml" --rom_model -o "uart_demo.out" "./gpio_if.obj" "./main.obj" "./pin_mux_config.obj" "./startup_ccs.obj" "./uart_if.obj" "../cc3200v1p32.cmd"  -l"C:/Users/thielith/ti/CC3200SDK_1.5.0/cc3200-sdk/driverlib/ccs/Release/driverlib.a" -llibc.a 
<Linking>
Finished building target: "uart_demo.out"
 
C:/Users/thielith/ti/ccs1250/ccs/utils/tiobj2bin/tiobj2bin uart_demo.out uart_demo.bin C:/Users/thielith/ti/ccs1250/ccs/tools/compiler/ti-cgt-arm_20.2.7.LTS/bin/armofd C:/Users/thielith/ti/ccs1250/ccs/tools/compiler/ti-cgt-arm_20.2.7.LTS/bin/armhex C:/Users/thielith/ti/ccs1250/ccs/utils/tiobj2bin/mkhex4bin
 

**** Build Finished ****

**** Build of configuration Debug for project uart_demo ****

"C:\\Users\\thielith\\ti\\ccs1250\\ccs\\utils\\bin\\gmake" -k -j 4 all -O 
 
gmake[1]: 'uart_demo.out' is up to date.

**** Build Finished ****

**** Build of configuration Debug for project uart_demo ****

"C:\\Users\\thielith\\ti\\ccs1250\\ccs\\utils\\bin\\gmake" -k -j 4 all -O 
 
Building file: "../main.c"
Invoking: Arm Compiler
"C:/Users/thielith/ti/ccs1250/ccs/tools/compiler/ti-cgt-arm_20.2.7.LTS/bin/armcl" -mv7M4 --code_state=16 --float_support=none -me -Ooff --include_path="C:/Users/thielith/Desktop/eec-172/lab/workspace/uart_demo" --include_path="C:/Users/thielith/ti/CC3200SDK_1.5.0/cc3200-sdk/" --include_path="C:/Users/thielith/ti/CC3200SDK_1.5.0/cc3200-sdk/driverlib/" --include_path="C:/Users/thielith/ti/CC3200SDK_1.5.0/cc3200-sdk/inc/" --include_path="C:/Users/thielith/ti/CC3200SDK_1.5.0/cc3200-sdk/example/common/" --include_path="C:/Users/thielith/ti/ccs1250/ccs/tools/compiler/ti-cgt-arm_20.2.7.LTS/include" --define=ccs --define=cc3200 -g --diag_warning=225 --diag_wrap=off --display_error_number --abi=eabi --preproc_with_compile --preproc_dependency="main.d_raw"  "../main.c"
 
>> Compilation failure
subdir_rules.mk:16: recipe for target 'main.obj' failed
"../main.c", line 214: warning #225-D: function "blinkAllLEDs" declared implicitly
"../main.c", line 229: warning #161-D: declaration is incompatible with previous "blinkAllLEDs" (declared at line 214)
"../main.c", line 251: error #66: expected a ";"
"../main.c", line 253: error #66: expected a ";"
"../main.c", line 247: warning #179-D: variable "durationOn" was declared but never referenced
"../main.c", line 306: warning #179-D: variable "LEDstate" was declared but never referenced
2 errors detected in the compilation of "../main.c".
gmake: *** [main.obj] Error 1
gmake: Target 'all' not remade because of errors.

**** Build Finished ****

**** Build of configuration Debug for project uart_demo ****

"C:\\Users\\thielith\\ti\\ccs1250\\ccs\\utils\\bin\\gmake" -k -j 4 all -O 
 
Building file: "../main.c"
Invoking: Arm Compiler
"C:/Users/thielith/ti/ccs1250/ccs/tools/compiler/ti-cgt-arm_20.2.7.LTS/bin/armcl" -mv7M4 --code_state=16 --float_support=none -me -Ooff --include_path="C:/Users/thielith/Desktop/eec-172/lab/workspace/uart_demo" --include_path="C:/Users/thielith/ti/CC3200SDK_1.5.0/cc3200-sdk/" --include_path="C:/Users/thielith/ti/CC3200SDK_1.5.0/cc3200-sdk/driverlib/" --include_path="C:/Users/thielith/ti/CC3200SDK_1.5.0/cc3200-sdk/inc/" --include_path="C:/Users/thielith/ti/CC3200SDK_1.5.0/cc3200-sdk/example/common/" --include_path="C:/Users/thielith/ti/ccs1250/ccs/tools/compiler/ti-cgt-arm_20.2.7.LTS/include" --define=ccs --define=cc3200 -g --diag_warning=225 --diag_wrap=off --display_error_number --abi=eabi --preproc_with_compile --preproc_dependency="main.d_raw"  "../main.c"
"../main.c", line 214: warning #225-D: function "blinkAllLEDs" declared implicitly
"../main.c", line 229: warning #161-D: declaration is incompatible with previous "blinkAllLEDs" (declared at line 214)
"../main.c", line 306: warning #179-D: variable "LEDstate" was declared but never referenced
Finished building: "../main.c"
 
Building target: "uart_demo.out"
Invoking: Arm Linker
"C:/Users/thielith/ti/ccs1250/ccs/tools/compiler/ti-cgt-arm_20.2.7.LTS/bin/armcl" -mv7M4 --code_state=16 --float_support=none -me -Ooff --define=ccs --define=cc3200 -g --diag_warning=225 --diag_wrap=off --display_error_number --abi=eabi -z -m"uart_demo.map" --heap_size=0x800 --stack_size=0x100 -i"C:/Users/thielith/ti/ccs1250/ccs/tools/compiler/ti-cgt-arm_20.2.7.LTS/lib" -i"C:/Users/thielith/ti/ccs1250/ccs/tools/compiler/ti-cgt-arm_20.2.7.LTS/include" --reread_libs --diag_wrap=off --display_error_number --warn_sections --xml_link_info="uart_demo_linkInfo.xml" --rom_model -o "uart_demo.out" "./gpio_if.obj" "./main.obj" "./pin_mux_config.obj" "./startup_ccs.obj" "./uart_if.obj" "../cc3200v1p32.cmd"  -l"C:/Users/thielith/ti/CC3200SDK_1.5.0/cc3200-sdk/driverlib/ccs/Release/driverlib.a" -llibc.a 
<Linking>
Finished building target: "uart_demo.out"
 
C:/Users/thielith/ti/ccs1250/ccs/utils/tiobj2bin/tiobj2bin uart_demo.out uart_demo.bin C:/Users/thielith/ti/ccs1250/ccs/tools/compiler/ti-cgt-arm_20.2.7.LTS/bin/armofd C:/Users/thielith/ti/ccs1250/ccs/tools/compiler/ti-cgt-arm_20.2.7.LTS/bin/armhex C:/Users/thielith/ti/ccs1250/ccs/utils/tiobj2bin/mkhex4bin
 

**** Build Finished ****

**** Build of configuration Debug for project uart_demo ****

"C:\\Users\\thielith\\ti\\ccs1250\\ccs\\utils\\bin\\gmake" -k -j 4 all -O 
 
Building file: "../main.c"
Invoking: Arm Compiler
"C:/Users/thielith/ti/ccs1250/ccs/tools/compiler/ti-cgt-arm_20.2.7.LTS/bin/armcl" -mv7M4 --code_state=16 --float_support=none -me -Ooff --include_path="C:/Users/thielith/Desktop/eec-172/lab/workspace/uart_demo" --include_path="C:/Users/thielith/ti/CC3200SDK_1.5.0/cc3200-sdk/" --include_path="C:/Users/thielith/ti/CC3200SDK_1.5.0/cc3200-sdk/driverlib/" --include_path="C:/Users/thielith/ti/CC3200SDK_1.5.0/cc3200-sdk/inc/" --include_path="C:/Users/thielith/ti/CC3200SDK_1.5.0/cc3200-sdk/example/common/" --include_path="C:/Users/thielith/ti/ccs1250/ccs/tools/compiler/ti-cgt-arm_20.2.7.LTS/include" --define=ccs --define=cc3200 -g --diag_warning=225 --diag_wrap=off --display_error_number --abi=eabi --preproc_with_compile --preproc_dependency="main.d_raw"  "../main.c"
"../main.c", line 306: warning #179-D: variable "LEDstate" was declared but never referenced
Finished building: "../main.c"
 
Building target: "uart_demo.out"
Invoking: Arm Linker
"C:/Users/thielith/ti/ccs1250/ccs/tools/compiler/ti-cgt-arm_20.2.7.LTS/bin/armcl" -mv7M4 --code_state=16 --float_support=none -me -Ooff --define=ccs --define=cc3200 -g --diag_warning=225 --diag_wrap=off --display_error_number --abi=eabi -z -m"uart_demo.map" --heap_size=0x800 --stack_size=0x100 -i"C:/Users/thielith/ti/ccs1250/ccs/tools/compiler/ti-cgt-arm_20.2.7.LTS/lib" -i"C:/Users/thielith/ti/ccs1250/ccs/tools/compiler/ti-cgt-arm_20.2.7.LTS/include" --reread_libs --diag_wrap=off --display_error_number --warn_sections --xml_link_info="uart_demo_linkInfo.xml" --rom_model -o "uart_demo.out" "./gpio_if.obj" "./main.obj" "./pin_mux_config.obj" "./startup_ccs.obj" "./uart_if.obj" "../cc3200v1p32.cmd"  -l"C:/Users/thielith/ti/CC3200SDK_1.5.0/cc3200-sdk/driverlib/ccs/Release/driverlib.a" -llibc.a 
<Linking>
Finished building target: "uart_demo.out"
 
C:/Users/thielith/ti/ccs1250/ccs/utils/tiobj2bin/tiobj2bin uart_demo.out uart_demo.bin C:/Users/thielith/ti/ccs1250/ccs/tools/compiler/ti-cgt-arm_20.2.7.LTS/bin/armofd C:/Users/thielith/ti/ccs1250/ccs/tools/compiler/ti-cgt-arm_20.2.7.LTS/bin/armhex C:/Users/thielith/ti/ccs1250/ccs/utils/tiobj2bin/mkhex4bin
 

**** Build Finished ****

**** Build of configuration Debug for project uart_demo ****

"C:\\Users\\thielith\\ti\\ccs1250\\ccs\\utils\\bin\\gmake" -k -j 4 all -O 
 
gmake[1]: 'uart_demo.out' is up to date.

**** Build Finished ****

**** Build of configuration Debug for project uart_demo ****

"C:\\Users\\thielith\\ti\\ccs1250\\ccs\\utils\\bin\\gmake" -k -j 4 all -O 
 
Building file: "../main.c"
Invoking: Arm Compiler
"C:/Users/thielith/ti/ccs1250/ccs/tools/compiler/ti-cgt-arm_20.2.7.LTS/bin/armcl" -mv7M4 --code_state=16 --float_support=none -me -Ooff --include_path="C:/Users/thielith/Desktop/eec-172/lab/workspace/uart_demo" --include_path="C:/Users/thielith/ti/CC3200SDK_1.5.0/cc3200-sdk/" --include_path="C:/Users/thielith/ti/CC3200SDK_1.5.0/cc3200-sdk/driverlib/" --include_path="C:/Users/thielith/ti/CC3200SDK_1.5.0/cc3200-sdk/inc/" --include_path="C:/Users/thielith/ti/CC3200SDK_1.5.0/cc3200-sdk/example/common/" --include_path="C:/Users/thielith/ti/ccs1250/ccs/tools/compiler/ti-cgt-arm_20.2.7.LTS/include" --define=ccs --define=cc3200 -g --diag_warning=225 --diag_wrap=off --display_error_number --abi=eabi --preproc_with_compile --preproc_dependency="main.d_raw"  "../main.c"
"../main.c", line 306: warning #179-D: variable "LEDstate" was declared but never referenced
Finished building: "../main.c"
 
Building target: "uart_demo.out"
Invoking: Arm Linker
"C:/Users/thielith/ti/ccs1250/ccs/tools/compiler/ti-cgt-arm_20.2.7.LTS/bin/armcl" -mv7M4 --code_state=16 --float_support=none -me -Ooff --define=ccs --define=cc3200 -g --diag_warning=225 --diag_wrap=off --display_error_number --abi=eabi -z -m"uart_demo.map" --heap_size=0x800 --stack_size=0x100 -i"C:/Users/thielith/ti/ccs1250/ccs/tools/compiler/ti-cgt-arm_20.2.7.LTS/lib" -i"C:/Users/thielith/ti/ccs1250/ccs/tools/compiler/ti-cgt-arm_20.2.7.LTS/include" --reread_libs --diag_wrap=off --display_error_number --warn_sections --xml_link_info="uart_demo_linkInfo.xml" --rom_model -o "uart_demo.out" "./gpio_if.obj" "./main.obj" "./pin_mux_config.obj" "./startup_ccs.obj" "./uart_if.obj" "../cc3200v1p32.cmd"  -l"C:/Users/thielith/ti/CC3200SDK_1.5.0/cc3200-sdk/driverlib/ccs/Release/driverlib.a" -llibc.a 
<Linking>
Finished building target: "uart_demo.out"
 
C:/Users/thielith/ti/ccs1250/ccs/utils/tiobj2bin/tiobj2bin uart_demo.out uart_demo.bin C:/Users/thielith/ti/ccs1250/ccs/tools/compiler/ti-cgt-arm_20.2.7.LTS/bin/armofd C:/Users/thielith/ti/ccs1250/ccs/tools/compiler/ti-cgt-arm_20.2.7.LTS/bin/armhex C:/Users/thielith/ti/ccs1250/ccs/utils/tiobj2bin/mkhex4bin
 

**** Build Finished ****

**** Build of configuration Debug for project uart_demo ****

"C:\\Users\\thielith\\ti\\ccs1250\\ccs\\utils\\bin\\gmake" -k -j 4 all -O 
 
gmake[1]: 'uart_demo.out' is up to date.

**** Build Finished ****

**** Build of configuration Debug for project uart_demo ****

"C:\\Users\\thielith\\ti\\ccs1250\\ccs\\utils\\bin\\gmake" -k -j 4 all -O 
 
Building file: "../main.c"
Invoking: Arm Compiler
"C:/Users/thielith/ti/ccs1250/ccs/tools/compiler/ti-cgt-arm_20.2.7.LTS/bin/armcl" -mv7M4 --code_state=16 --float_support=none -me -Ooff --include_path="C:/Users/thielith/Desktop/eec-172/lab/workspace/uart_demo" --include_path="C:/Users/thielith/ti/CC3200SDK_1.5.0/cc3200-sdk/" --include_path="C:/Users/thielith/ti/CC3200SDK_1.5.0/cc3200-sdk/driverlib/" --include_path="C:/Users/thielith/ti/CC3200SDK_1.5.0/cc3200-sdk/inc/" --include_path="C:/Users/thielith/ti/CC3200SDK_1.5.0/cc3200-sdk/example/common/" --include_path="C:/Users/thielith/ti/ccs1250/ccs/tools/compiler/ti-cgt-arm_20.2.7.LTS/include" --define=ccs --define=cc3200 -g --diag_warning=225 --diag_wrap=off --display_error_number --abi=eabi --preproc_with_compile --preproc_dependency="main.d_raw"  "../main.c"
 
>> Compilation failure
subdir_rules.mk:16: recipe for target 'main.obj' failed
"../main.c", line 306: error #29: expected an expression
"../main.c", line 306: error #20: identifier "j" is undefined
"../main.c", line 306: error #20: identifier "k" is undefined
"../main.c", line 349: warning #179-D: variable "LEDstate" was declared but never referenced
3 errors detected in the compilation of "../main.c".
gmake: *** [main.obj] Error 1
gmake: Target 'all' not remade because of errors.

**** Build Finished ****

**** Build of configuration Debug for project uart_demo ****

"C:\\Users\\thielith\\ti\\ccs1250\\ccs\\utils\\bin\\gmake" -k -j 4 all -O 
 
Building file: "../main.c"
Invoking: Arm Compiler
"C:/Users/thielith/ti/ccs1250/ccs/tools/compiler/ti-cgt-arm_20.2.7.LTS/bin/armcl" -mv7M4 --code_state=16 --float_support=none -me -Ooff --include_path="C:/Users/thielith/Desktop/eec-172/lab/workspace/uart_demo" --include_path="C:/Users/thielith/ti/CC3200SDK_1.5.0/cc3200-sdk/" --include_path="C:/Users/thielith/ti/CC3200SDK_1.5.0/cc3200-sdk/driverlib/" --include_path="C:/Users/thielith/ti/CC3200SDK_1.5.0/cc3200-sdk/inc/" --include_path="C:/Users/thielith/ti/CC3200SDK_1.5.0/cc3200-sdk/example/common/" --include_path="C:/Users/thielith/ti/ccs1250/ccs/tools/compiler/ti-cgt-arm_20.2.7.LTS/include" --define=ccs --define=cc3200 -g --diag_warning=225 --diag_wrap=off --display_error_number --abi=eabi --preproc_with_compile --preproc_dependency="main.d_raw"  "../main.c"
 
>> Compilation failure
subdir_rules.mk:16: recipe for target 'main.obj' failed
"../main.c", line 307: error #29: expected an expression
"../main.c", line 307: error #20: identifier "k" is undefined
"../main.c", line 352: warning #179-D: variable "LEDstate" was declared but never referenced
2 errors detected in the compilation of "../main.c".
gmake: *** [main.obj] Error 1
gmake: Target 'all' not remade because of errors.

**** Build Finished ****

**** Build of configuration Debug for project uart_demo ****

"C:\\Users\\thielith\\ti\\ccs1250\\ccs\\utils\\bin\\gmake" -k -j 4 all -O 
 
Building file: "../main.c"
Invoking: Arm Compiler
"C:/Users/thielith/ti/ccs1250/ccs/tools/compiler/ti-cgt-arm_20.2.7.LTS/bin/armcl" -mv7M4 --code_state=16 --float_support=none -me -Ooff --include_path="C:/Users/thielith/Desktop/eec-172/lab/workspace/uart_demo" --include_path="C:/Users/thielith/ti/CC3200SDK_1.5.0/cc3200-sdk/" --include_path="C:/Users/thielith/ti/CC3200SDK_1.5.0/cc3200-sdk/driverlib/" --include_path="C:/Users/thielith/ti/CC3200SDK_1.5.0/cc3200-sdk/inc/" --include_path="C:/Users/thielith/ti/CC3200SDK_1.5.0/cc3200-sdk/example/common/" --include_path="C:/Users/thielith/ti/ccs1250/ccs/tools/compiler/ti-cgt-arm_20.2.7.LTS/include" --define=ccs --define=cc3200 -g --diag_warning=225 --diag_wrap=off --display_error_number --abi=eabi --preproc_with_compile --preproc_dependency="main.d_raw"  "../main.c"
"../main.c", line 353: warning #179-D: variable "LEDstate" was declared but never referenced
Finished building: "../main.c"
 
Building target: "uart_demo.out"
Invoking: Arm Linker
"C:/Users/thielith/ti/ccs1250/ccs/tools/compiler/ti-cgt-arm_20.2.7.LTS/bin/armcl" -mv7M4 --code_state=16 --float_support=none -me -Ooff --define=ccs --define=cc3200 -g --diag_warning=225 --diag_wrap=off --display_error_number --abi=eabi -z -m"uart_demo.map" --heap_size=0x800 --stack_size=0x100 -i"C:/Users/thielith/ti/ccs1250/ccs/tools/compiler/ti-cgt-arm_20.2.7.LTS/lib" -i"C:/Users/thielith/ti/ccs1250/ccs/tools/compiler/ti-cgt-arm_20.2.7.LTS/include" --reread_libs --diag_wrap=off --display_error_number --warn_sections --xml_link_info="uart_demo_linkInfo.xml" --rom_model -o "uart_demo.out" "./gpio_if.obj" "./main.obj" "./pin_mux_config.obj" "./startup_ccs.obj" "./uart_if.obj" "../cc3200v1p32.cmd"  -l"C:/Users/thielith/ti/CC3200SDK_1.5.0/cc3200-sdk/driverlib/ccs/Release/driverlib.a" -llibc.a 
<Linking>
Finished building target: "uart_demo.out"
 
C:/Users/thielith/ti/ccs1250/ccs/utils/tiobj2bin/tiobj2bin uart_demo.out uart_demo.bin C:/Users/thielith/ti/ccs1250/ccs/tools/compiler/ti-cgt-arm_20.2.7.LTS/bin/armofd C:/Users/thielith/ti/ccs1250/ccs/tools/compiler/ti-cgt-arm_20.2.7.LTS/bin/armhex C:/Users/thielith/ti/ccs1250/ccs/utils/tiobj2bin/mkhex4bin
 

**** Build Finished ****

**** Build of configuration Debug for project uart_demo ****

"C:\\Users\\thielith\\ti\\ccs1250\\ccs\\utils\\bin\\gmake" -k -j 4 all -O 
 
gmake[1]: 'uart_demo.out' is up to date.

**** Build Finished ****

**** Build of configuration Debug for project uart_demo ****

"C:\\Users\\thielith\\ti\\ccs1250\\ccs\\utils\\bin\\gmake" -k -j 4 all -O 
 
Building file: "../main.c"
Invoking: Arm Compiler
"C:/Users/thielith/ti/ccs1250/ccs/tools/compiler/ti-cgt-arm_20.2.7.LTS/bin/armcl" -mv7M4 --code_state=16 --float_support=none -me -Ooff --include_path="C:/Users/thielith/Desktop/eec-172/lab/workspace/uart_demo" --include_path="C:/Users/thielith/ti/CC3200SDK_1.5.0/cc3200-sdk/" --include_path="C:/Users/thielith/ti/CC3200SDK_1.5.0/cc3200-sdk/driverlib/" --include_path="C:/Users/thielith/ti/CC3200SDK_1.5.0/cc3200-sdk/inc/" --include_path="C:/Users/thielith/ti/CC3200SDK_1.5.0/cc3200-sdk/example/common/" --include_path="C:/Users/thielith/ti/ccs1250/ccs/tools/compiler/ti-cgt-arm_20.2.7.LTS/include" --define=ccs --define=cc3200 -g --diag_warning=225 --diag_wrap=off --display_error_number --abi=eabi --preproc_with_compile --preproc_dependency="main.d_raw"  "../main.c"
"../main.c", line 356: warning #179-D: variable "LEDstate" was declared but never referenced
Finished building: "../main.c"
 
Building target: "uart_demo.out"
Invoking: Arm Linker
"C:/Users/thielith/ti/ccs1250/ccs/tools/compiler/ti-cgt-arm_20.2.7.LTS/bin/armcl" -mv7M4 --code_state=16 --float_support=none -me -Ooff --define=ccs --define=cc3200 -g --diag_warning=225 --diag_wrap=off --display_error_number --abi=eabi -z -m"uart_demo.map" --heap_size=0x800 --stack_size=0x100 -i"C:/Users/thielith/ti/ccs1250/ccs/tools/compiler/ti-cgt-arm_20.2.7.LTS/lib" -i"C:/Users/thielith/ti/ccs1250/ccs/tools/compiler/ti-cgt-arm_20.2.7.LTS/include" --reread_libs --diag_wrap=off --display_error_number --warn_sections --xml_link_info="uart_demo_linkInfo.xml" --rom_model -o "uart_demo.out" "./gpio_if.obj" "./main.obj" "./pin_mux_config.obj" "./startup_ccs.obj" "./uart_if.obj" "../cc3200v1p32.cmd"  -l"C:/Users/thielith/ti/CC3200SDK_1.5.0/cc3200-sdk/driverlib/ccs/Release/driverlib.a" -llibc.a 
<Linking>
Finished building target: "uart_demo.out"
 
C:/Users/thielith/ti/ccs1250/ccs/utils/tiobj2bin/tiobj2bin uart_demo.out uart_demo.bin C:/Users/thielith/ti/ccs1250/ccs/tools/compiler/ti-cgt-arm_20.2.7.LTS/bin/armofd C:/Users/thielith/ti/ccs1250/ccs/tools/compiler/ti-cgt-arm_20.2.7.LTS/bin/armhex C:/Users/thielith/ti/ccs1250/ccs/utils/tiobj2bin/mkhex4bin
 

**** Build Finished ****

**** Build of configuration Debug for project uart_demo ****

"C:\\Users\\thielith\\ti\\ccs1250\\ccs\\utils\\bin\\gmake" -k -j 4 all -O 
 
gmake[1]: 'uart_demo.out' is up to date.

**** Build Finished ****

**** Build of configuration Debug for project uart_demo ****

"C:\\Users\\thielith\\ti\\ccs1250\\ccs\\utils\\bin\\gmake" -k -j 4 all -O 
 
Building file: "../main.c"
Invoking: Arm Compiler
"C:/Users/thielith/ti/ccs1250/ccs/tools/compiler/ti-cgt-arm_20.2.7.LTS/bin/armcl" -mv7M4 --code_state=16 --float_support=none -me -Ooff --include_path="C:/Users/thielith/Desktop/eec-172/lab/workspace/uart_demo" --include_path="C:/Users/thielith/ti/CC3200SDK_1.5.0/cc3200-sdk/" --include_path="C:/Users/thielith/ti/CC3200SDK_1.5.0/cc3200-sdk/driverlib/" --include_path="C:/Users/thielith/ti/CC3200SDK_1.5.0/cc3200-sdk/inc/" --include_path="C:/Users/thielith/ti/CC3200SDK_1.5.0/cc3200-sdk/example/common/" --include_path="C:/Users/thielith/ti/ccs1250/ccs/tools/compiler/ti-cgt-arm_20.2.7.LTS/include" --define=ccs --define=cc3200 -g --diag_warning=225 --diag_wrap=off --display_error_number --abi=eabi --preproc_with_compile --preproc_dependency="main.d_raw"  "../main.c"
"../main.c", line 358: warning #179-D: variable "LEDstate" was declared but never referenced
Finished building: "../main.c"
 
Building target: "uart_demo.out"
Invoking: Arm Linker
"C:/Users/thielith/ti/ccs1250/ccs/tools/compiler/ti-cgt-arm_20.2.7.LTS/bin/armcl" -mv7M4 --code_state=16 --float_support=none -me -Ooff --define=ccs --define=cc3200 -g --diag_warning=225 --diag_wrap=off --display_error_number --abi=eabi -z -m"uart_demo.map" --heap_size=0x800 --stack_size=0x100 -i"C:/Users/thielith/ti/ccs1250/ccs/tools/compiler/ti-cgt-arm_20.2.7.LTS/lib" -i"C:/Users/thielith/ti/ccs1250/ccs/tools/compiler/ti-cgt-arm_20.2.7.LTS/include" --reread_libs --diag_wrap=off --display_error_number --warn_sections --xml_link_info="uart_demo_linkInfo.xml" --rom_model -o "uart_demo.out" "./gpio_if.obj" "./main.obj" "./pin_mux_config.obj" "./startup_ccs.obj" "./uart_if.obj" "../cc3200v1p32.cmd"  -l"C:/Users/thielith/ti/CC3200SDK_1.5.0/cc3200-sdk/driverlib/ccs/Release/driverlib.a" -llibc.a 
<Linking>
Finished building target: "uart_demo.out"
 
C:/Users/thielith/ti/ccs1250/ccs/utils/tiobj2bin/tiobj2bin uart_demo.out uart_demo.bin C:/Users/thielith/ti/ccs1250/ccs/tools/compiler/ti-cgt-arm_20.2.7.LTS/bin/armofd C:/Users/thielith/ti/ccs1250/ccs/tools/compiler/ti-cgt-arm_20.2.7.LTS/bin/armhex C:/Users/thielith/ti/ccs1250/ccs/utils/tiobj2bin/mkhex4bin
 

**** Build Finished ****

**** Build of configuration Debug for project uart_demo ****

"C:\\Users\\thielith\\ti\\ccs1250\\ccs\\utils\\bin\\gmake" -k -j 4 all -O 
 
gmake[1]: 'uart_demo.out' is up to date.

**** Build Finished ****

**** Build of configuration Debug for project uart_demo ****

"C:\\Users\\thielith\\ti\\ccs1250\\ccs\\utils\\bin\\gmake" -k -j 4 all -O 
 
Building file: "../main.c"
Invoking: Arm Compiler
"C:/Users/thielith/ti/ccs1250/ccs/tools/compiler/ti-cgt-arm_20.2.7.LTS/bin/armcl" -mv7M4 --code_state=16 --float_support=none -me -Ooff --include_path="C:/Users/thielith/Desktop/eec-172/lab/workspace/uart_demo" --include_path="C:/Users/thielith/ti/CC3200SDK_1.5.0/cc3200-sdk/" --include_path="C:/Users/thielith/ti/CC3200SDK_1.5.0/cc3200-sdk/driverlib/" --include_path="C:/Users/thielith/ti/CC3200SDK_1.5.0/cc3200-sdk/inc/" --include_path="C:/Users/thielith/ti/CC3200SDK_1.5.0/cc3200-sdk/example/common/" --include_path="C:/Users/thielith/ti/ccs1250/ccs/tools/compiler/ti-cgt-arm_20.2.7.LTS/include" --define=ccs --define=cc3200 -g --diag_warning=225 --diag_wrap=off --display_error_number --abi=eabi --preproc_with_compile --preproc_dependency="main.d_raw"  "../main.c"
"../main.c", line 230: warning #70-D: integer conversion resulted in truncation
"../main.c", line 231: warning #70-D: integer conversion resulted in truncation
"../main.c", line 365: warning #179-D: variable "LEDstate" was declared but never referenced
Finished building: "../main.c"
 
Building target: "uart_demo.out"
Invoking: Arm Linker
"C:/Users/thielith/ti/ccs1250/ccs/tools/compiler/ti-cgt-arm_20.2.7.LTS/bin/armcl" -mv7M4 --code_state=16 --float_support=none -me -Ooff --define=ccs --define=cc3200 -g --diag_warning=225 --diag_wrap=off --display_error_number --abi=eabi -z -m"uart_demo.map" --heap_size=0x800 --stack_size=0x100 -i"C:/Users/thielith/ti/ccs1250/ccs/tools/compiler/ti-cgt-arm_20.2.7.LTS/lib" -i"C:/Users/thielith/ti/ccs1250/ccs/tools/compiler/ti-cgt-arm_20.2.7.LTS/include" --reread_libs --diag_wrap=off --display_error_number --warn_sections --xml_link_info="uart_demo_linkInfo.xml" --rom_model -o "uart_demo.out" "./gpio_if.obj" "./main.obj" "./pin_mux_config.obj" "./startup_ccs.obj" "./uart_if.obj" "../cc3200v1p32.cmd"  -l"C:/Users/thielith/ti/CC3200SDK_1.5.0/cc3200-sdk/driverlib/ccs/Release/driverlib.a" -llibc.a 
<Linking>
Finished building target: "uart_demo.out"
 
C:/Users/thielith/ti/ccs1250/ccs/utils/tiobj2bin/tiobj2bin uart_demo.out uart_demo.bin C:/Users/thielith/ti/ccs1250/ccs/tools/compiler/ti-cgt-arm_20.2.7.LTS/bin/armofd C:/Users/thielith/ti/ccs1250/ccs/tools/compiler/ti-cgt-arm_20.2.7.LTS/bin/armhex C:/Users/thielith/ti/ccs1250/ccs/utils/tiobj2bin/mkhex4bin
 

**** Build Finished ****

**** Build of configuration Debug for project uart_demo ****

"C:\\Users\\thielith\\ti\\ccs1250\\ccs\\utils\\bin\\gmake" -k -j 4 all -O 
 
Building file: "../main.c"
Invoking: Arm Compiler
"C:/Users/thielith/ti/ccs1250/ccs/tools/compiler/ti-cgt-arm_20.2.7.LTS/bin/armcl" -mv7M4 --code_state=16 --float_support=none -me -Ooff --include_path="C:/Users/thielith/Desktop/eec-172/lab/workspace/uart_demo" --include_path="C:/Users/thielith/ti/CC3200SDK_1.5.0/cc3200-sdk/" --include_path="C:/Users/thielith/ti/CC3200SDK_1.5.0/cc3200-sdk/driverlib/" --include_path="C:/Users/thielith/ti/CC3200SDK_1.5.0/cc3200-sdk/inc/" --include_path="C:/Users/thielith/ti/CC3200SDK_1.5.0/cc3200-sdk/example/common/" --include_path="C:/Users/thielith/ti/ccs1250/ccs/tools/compiler/ti-cgt-arm_20.2.7.LTS/include" --define=ccs --define=cc3200 -g --diag_warning=225 --diag_wrap=off --display_error_number --abi=eabi --preproc_with_compile --preproc_dependency="main.d_raw"  "../main.c"
"../main.c", line 365: warning #179-D: variable "LEDstate" was declared but never referenced
Finished building: "../main.c"
 
Building target: "uart_demo.out"
Invoking: Arm Linker
"C:/Users/thielith/ti/ccs1250/ccs/tools/compiler/ti-cgt-arm_20.2.7.LTS/bin/armcl" -mv7M4 --code_state=16 --float_support=none -me -Ooff --define=ccs --define=cc3200 -g --diag_warning=225 --diag_wrap=off --display_error_number --abi=eabi -z -m"uart_demo.map" --heap_size=0x800 --stack_size=0x100 -i"C:/Users/thielith/ti/ccs1250/ccs/tools/compiler/ti-cgt-arm_20.2.7.LTS/lib" -i"C:/Users/thielith/ti/ccs1250/ccs/tools/compiler/ti-cgt-arm_20.2.7.LTS/include" --reread_libs --diag_wrap=off --display_error_number --warn_sections --xml_link_info="uart_demo_linkInfo.xml" --rom_model -o "uart_demo.out" "./gpio_if.obj" "./main.obj" "./pin_mux_config.obj" "./startup_ccs.obj" "./uart_if.obj" "../cc3200v1p32.cmd"  -l"C:/Users/thielith/ti/CC3200SDK_1.5.0/cc3200-sdk/driverlib/ccs/Release/driverlib.a" -llibc.a 
<Linking>
Finished building target: "uart_demo.out"
 
C:/Users/thielith/ti/ccs1250/ccs/utils/tiobj2bin/tiobj2bin uart_demo.out uart_demo.bin C:/Users/thielith/ti/ccs1250/ccs/tools/compiler/ti-cgt-arm_20.2.7.LTS/bin/armofd C:/Users/thielith/ti/ccs1250/ccs/tools/compiler/ti-cgt-arm_20.2.7.LTS/bin/armhex C:/Users/thielith/ti/ccs1250/ccs/utils/tiobj2bin/mkhex4bin
 

**** Build Finished ****

**** Build of configuration Debug for project uart_demo ****

"C:\\Users\\thielith\\ti\\ccs1250\\ccs\\utils\\bin\\gmake" -k -j 4 all -O 
 
gmake[1]: 'uart_demo.out' is up to date.

**** Build Finished ****

**** Build of configuration Debug for project uart_demo ****

"C:\\Users\\thielith\\ti\\ccs1250\\ccs\\utils\\bin\\gmake" -k -j 4 all -O 
 
Building file: "../main.c"
Invoking: Arm Compiler
"C:/Users/thielith/ti/ccs1250/ccs/tools/compiler/ti-cgt-arm_20.2.7.LTS/bin/armcl" -mv7M4 --code_state=16 --float_support=none -me -Ooff --include_path="C:/Users/thielith/Desktop/eec-172/lab/workspace/uart_demo" --include_path="C:/Users/thielith/ti/CC3200SDK_1.5.0/cc3200-sdk/" --include_path="C:/Users/thielith/ti/CC3200SDK_1.5.0/cc3200-sdk/driverlib/" --include_path="C:/Users/thielith/ti/CC3200SDK_1.5.0/cc3200-sdk/inc/" --include_path="C:/Users/thielith/ti/CC3200SDK_1.5.0/cc3200-sdk/example/common/" --include_path="C:/Users/thielith/ti/ccs1250/ccs/tools/compiler/ti-cgt-arm_20.2.7.LTS/include" --define=ccs --define=cc3200 -g --diag_warning=225 --diag_wrap=off --display_error_number --abi=eabi --preproc_with_compile --preproc_dependency="main.d_raw"  "../main.c"
"../main.c", line 365: warning #179-D: variable "LEDstate" was declared but never referenced
Finished building: "../main.c"
 
Building target: "uart_demo.out"
Invoking: Arm Linker
"C:/Users/thielith/ti/ccs1250/ccs/tools/compiler/ti-cgt-arm_20.2.7.LTS/bin/armcl" -mv7M4 --code_state=16 --float_support=none -me -Ooff --define=ccs --define=cc3200 -g --diag_warning=225 --diag_wrap=off --display_error_number --abi=eabi -z -m"uart_demo.map" --heap_size=0x800 --stack_size=0x100 -i"C:/Users/thielith/ti/ccs1250/ccs/tools/compiler/ti-cgt-arm_20.2.7.LTS/lib" -i"C:/Users/thielith/ti/ccs1250/ccs/tools/compiler/ti-cgt-arm_20.2.7.LTS/include" --reread_libs --diag_wrap=off --display_error_number --warn_sections --xml_link_info="uart_demo_linkInfo.xml" --rom_model -o "uart_demo.out" "./gpio_if.obj" "./main.obj" "./pin_mux_config.obj" "./startup_ccs.obj" "./uart_if.obj" "../cc3200v1p32.cmd"  -l"C:/Users/thielith/ti/CC3200SDK_1.5.0/cc3200-sdk/driverlib/ccs/Release/driverlib.a" -llibc.a 
<Linking>
Finished building target: "uart_demo.out"
 
C:/Users/thielith/ti/ccs1250/ccs/utils/tiobj2bin/tiobj2bin uart_demo.out uart_demo.bin C:/Users/thielith/ti/ccs1250/ccs/tools/compiler/ti-cgt-arm_20.2.7.LTS/bin/armofd C:/Users/thielith/ti/ccs1250/ccs/tools/compiler/ti-cgt-arm_20.2.7.LTS/bin/armhex C:/Users/thielith/ti/ccs1250/ccs/utils/tiobj2bin/mkhex4bin
 

**** Build Finished ****

**** Build of configuration Debug for project uart_demo ****

"C:\\Users\\thielith\\ti\\ccs1250\\ccs\\utils\\bin\\gmake" -k -j 4 all -O 
 
gmake[1]: 'uart_demo.out' is up to date.

**** Build Finished ****

**** Build of configuration Debug for project uart_demo ****

"C:\\Users\\thielith\\ti\\ccs1250\\ccs\\utils\\bin\\gmake" -k -j 4 all -O 
 
Building file: "../main.c"
Invoking: Arm Compiler
"C:/Users/thielith/ti/ccs1250/ccs/tools/compiler/ti-cgt-arm_20.2.7.LTS/bin/armcl" -mv7M4 --code_state=16 --float_support=none -me -Ooff --include_path="C:/Users/thielith/Desktop/eec-172/lab/workspace/uart_demo" --include_path="C:/Users/thielith/ti/CC3200SDK_1.5.0/cc3200-sdk/" --include_path="C:/Users/thielith/ti/CC3200SDK_1.5.0/cc3200-sdk/driverlib/" --include_path="C:/Users/thielith/ti/CC3200SDK_1.5.0/cc3200-sdk/inc/" --include_path="C:/Users/thielith/ti/CC3200SDK_1.5.0/cc3200-sdk/example/common/" --include_path="C:/Users/thielith/ti/ccs1250/ccs/tools/compiler/ti-cgt-arm_20.2.7.LTS/include" --define=ccs --define=cc3200 -g --diag_warning=225 --diag_wrap=off --display_error_number --abi=eabi --preproc_with_compile --preproc_dependency="main.d_raw"  "../main.c"
"../main.c", line 376: warning #179-D: variable "hardwareState" was declared but never referenced
Finished building: "../main.c"
 
Building target: "uart_demo.out"
Invoking: Arm Linker
"C:/Users/thielith/ti/ccs1250/ccs/tools/compiler/ti-cgt-arm_20.2.7.LTS/bin/armcl" -mv7M4 --code_state=16 --float_support=none -me -Ooff --define=ccs --define=cc3200 -g --diag_warning=225 --diag_wrap=off --display_error_number --abi=eabi -z -m"uart_demo.map" --heap_size=0x800 --stack_size=0x100 -i"C:/Users/thielith/ti/ccs1250/ccs/tools/compiler/ti-cgt-arm_20.2.7.LTS/lib" -i"C:/Users/thielith/ti/ccs1250/ccs/tools/compiler/ti-cgt-arm_20.2.7.LTS/include" --reread_libs --diag_wrap=off --display_error_number --warn_sections --xml_link_info="uart_demo_linkInfo.xml" --rom_model -o "uart_demo.out" "./gpio_if.obj" "./main.obj" "./pin_mux_config.obj" "./startup_ccs.obj" "./uart_if.obj" "../cc3200v1p32.cmd"  -l"C:/Users/thielith/ti/CC3200SDK_1.5.0/cc3200-sdk/driverlib/ccs/Release/driverlib.a" -llibc.a 
<Linking>
Finished building target: "uart_demo.out"
 
C:/Users/thielith/ti/ccs1250/ccs/utils/tiobj2bin/tiobj2bin uart_demo.out uart_demo.bin C:/Users/thielith/ti/ccs1250/ccs/tools/compiler/ti-cgt-arm_20.2.7.LTS/bin/armofd C:/Users/thielith/ti/ccs1250/ccs/tools/compiler/ti-cgt-arm_20.2.7.LTS/bin/armhex C:/Users/thielith/ti/ccs1250/ccs/utils/tiobj2bin/mkhex4bin
 

**** Build Finished ****

**** Build of configuration Debug for project uart_demo ****

"C:\\Users\\thielith\\ti\\ccs1250\\ccs\\utils\\bin\\gmake" -k -j 4 all -O 
 
Building file: "../main.c"
Invoking: Arm Compiler
"C:/Users/thielith/ti/ccs1250/ccs/tools/compiler/ti-cgt-arm_20.2.7.LTS/bin/armcl" -mv7M4 --code_state=16 --float_support=none -me -Ooff --include_path="C:/Users/thielith/Desktop/eec-172/lab/workspace/uart_demo" --include_path="C:/Users/thielith/ti/CC3200SDK_1.5.0/cc3200-sdk/" --include_path="C:/Users/thielith/ti/CC3200SDK_1.5.0/cc3200-sdk/driverlib/" --include_path="C:/Users/thielith/ti/CC3200SDK_1.5.0/cc3200-sdk/inc/" --include_path="C:/Users/thielith/ti/CC3200SDK_1.5.0/cc3200-sdk/example/common/" --include_path="C:/Users/thielith/ti/ccs1250/ccs/tools/compiler/ti-cgt-arm_20.2.7.LTS/include" --define=ccs --define=cc3200 -g --diag_warning=225 --diag_wrap=off --display_error_number --abi=eabi --preproc_with_compile --preproc_dependency="main.d_raw"  "../main.c"
Finished building: "../main.c"
 
Building target: "uart_demo.out"
Invoking: Arm Linker
"C:/Users/thielith/ti/ccs1250/ccs/tools/compiler/ti-cgt-arm_20.2.7.LTS/bin/armcl" -mv7M4 --code_state=16 --float_support=none -me -Ooff --define=ccs --define=cc3200 -g --diag_warning=225 --diag_wrap=off --display_error_number --abi=eabi -z -m"uart_demo.map" --heap_size=0x800 --stack_size=0x100 -i"C:/Users/thielith/ti/ccs1250/ccs/tools/compiler/ti-cgt-arm_20.2.7.LTS/lib" -i"C:/Users/thielith/ti/ccs1250/ccs/tools/compiler/ti-cgt-arm_20.2.7.LTS/include" --reread_libs --diag_wrap=off --display_error_number --warn_sections --xml_link_info="uart_demo_linkInfo.xml" --rom_model -o "uart_demo.out" "./gpio_if.obj" "./main.obj" "./pin_mux_config.obj" "./startup_ccs.obj" "./uart_if.obj" "../cc3200v1p32.cmd"  -l"C:/Users/thielith/ti/CC3200SDK_1.5.0/cc3200-sdk/driverlib/ccs/Release/driverlib.a" -llibc.a 
<Linking>
Finished building target: "uart_demo.out"
 
C:/Users/thielith/ti/ccs1250/ccs/utils/tiobj2bin/tiobj2bin uart_demo.out uart_demo.bin C:/Users/thielith/ti/ccs1250/ccs/tools/compiler/ti-cgt-arm_20.2.7.LTS/bin/armofd C:/Users/thielith/ti/ccs1250/ccs/tools/compiler/ti-cgt-arm_20.2.7.LTS/bin/armhex C:/Users/thielith/ti/ccs1250/ccs/utils/tiobj2bin/mkhex4bin
 

**** Build Finished ****

**** Build of configuration Debug for project uart_demo ****

"C:\\Users\\thielith\\ti\\ccs1250\\ccs\\utils\\bin\\gmake" -k -j 4 all -O 
 
Building file: "../main.c"
Invoking: Arm Compiler
"C:/Users/thielith/ti/ccs1250/ccs/tools/compiler/ti-cgt-arm_20.2.7.LTS/bin/armcl" -mv7M4 --code_state=16 --float_support=none -me -Ooff --include_path="C:/Users/thielith/Desktop/eec-172/lab/workspace/uart_demo" --include_path="C:/Users/thielith/ti/CC3200SDK_1.5.0/cc3200-sdk/" --include_path="C:/Users/thielith/ti/CC3200SDK_1.5.0/cc3200-sdk/driverlib/" --include_path="C:/Users/thielith/ti/CC3200SDK_1.5.0/cc3200-sdk/inc/" --include_path="C:/Users/thielith/ti/CC3200SDK_1.5.0/cc3200-sdk/example/common/" --include_path="C:/Users/thielith/ti/ccs1250/ccs/tools/compiler/ti-cgt-arm_20.2.7.LTS/include" --define=ccs --define=cc3200 -g --diag_warning=225 --diag_wrap=off --display_error_number --abi=eabi --preproc_with_compile --preproc_dependency="main.d_raw"  "../main.c"
Finished building: "../main.c"
 
Building target: "uart_demo.out"
Invoking: Arm Linker
"C:/Users/thielith/ti/ccs1250/ccs/tools/compiler/ti-cgt-arm_20.2.7.LTS/bin/armcl" -mv7M4 --code_state=16 --float_support=none -me -Ooff --define=ccs --define=cc3200 -g --diag_warning=225 --diag_wrap=off --display_error_number --abi=eabi -z -m"uart_demo.map" --heap_size=0x800 --stack_size=0x100 -i"C:/Users/thielith/ti/ccs1250/ccs/tools/compiler/ti-cgt-arm_20.2.7.LTS/lib" -i"C:/Users/thielith/ti/ccs1250/ccs/tools/compiler/ti-cgt-arm_20.2.7.LTS/include" --reread_libs --diag_wrap=off --display_error_number --warn_sections --xml_link_info="uart_demo_linkInfo.xml" --rom_model -o "uart_demo.out" "./gpio_if.obj" "./main.obj" "./pin_mux_config.obj" "./startup_ccs.obj" "./uart_if.obj" "../cc3200v1p32.cmd"  -l"C:/Users/thielith/ti/CC3200SDK_1.5.0/cc3200-sdk/driverlib/ccs/Release/driverlib.a" -llibc.a 
<Linking>
Finished building target: "uart_demo.out"
 
C:/Users/thielith/ti/ccs1250/ccs/utils/tiobj2bin/tiobj2bin uart_demo.out uart_demo.bin C:/Users/thielith/ti/ccs1250/ccs/tools/compiler/ti-cgt-arm_20.2.7.LTS/bin/armofd C:/Users/thielith/ti/ccs1250/ccs/tools/compiler/ti-cgt-arm_20.2.7.LTS/bin/armhex C:/Users/thielith/ti/ccs1250/ccs/utils/tiobj2bin/mkhex4bin
 

**** Build Finished ****

**** Build of configuration Debug for project uart_demo ****

"C:\\Users\\thielith\\ti\\ccs1250\\ccs\\utils\\bin\\gmake" -k -j 4 all -O 
 
gmake[1]: 'uart_demo.out' is up to date.

**** Build Finished ****

**** Build of configuration Debug for project uart_demo ****

"C:\\Users\\thielith\\ti\\ccs1250\\ccs\\utils\\bin\\gmake" -k -j 4 all -O 
 
Building file: "../main.c"
Invoking: Arm Compiler
"C:/Users/thielith/ti/ccs1250/ccs/tools/compiler/ti-cgt-arm_20.2.7.LTS/bin/armcl" -mv7M4 --code_state=16 --float_support=none -me -Ooff --include_path="C:/Users/thielith/Desktop/eec-172/lab/workspace/uart_demo" --include_path="C:/Users/thielith/ti/CC3200SDK_1.5.0/cc3200-sdk/" --include_path="C:/Users/thielith/ti/CC3200SDK_1.5.0/cc3200-sdk/driverlib/" --include_path="C:/Users/thielith/ti/CC3200SDK_1.5.0/cc3200-sdk/inc/" --include_path="C:/Users/thielith/ti/CC3200SDK_1.5.0/cc3200-sdk/example/common/" --include_path="C:/Users/thielith/ti/ccs1250/ccs/tools/compiler/ti-cgt-arm_20.2.7.LTS/include" --define=ccs --define=cc3200 -g --diag_warning=225 --diag_wrap=off --display_error_number --abi=eabi --preproc_with_compile --preproc_dependency="main.d_raw"  "../main.c"
Finished building: "../main.c"
 
Building target: "uart_demo.out"
Invoking: Arm Linker
"C:/Users/thielith/ti/ccs1250/ccs/tools/compiler/ti-cgt-arm_20.2.7.LTS/bin/armcl" -mv7M4 --code_state=16 --float_support=none -me -Ooff --define=ccs --define=cc3200 -g --diag_warning=225 --diag_wrap=off --display_error_number --abi=eabi -z -m"uart_demo.map" --heap_size=0x800 --stack_size=0x100 -i"C:/Users/thielith/ti/ccs1250/ccs/tools/compiler/ti-cgt-arm_20.2.7.LTS/lib" -i"C:/Users/thielith/ti/ccs1250/ccs/tools/compiler/ti-cgt-arm_20.2.7.LTS/include" --reread_libs --diag_wrap=off --display_error_number --warn_sections --xml_link_info="uart_demo_linkInfo.xml" --rom_model -o "uart_demo.out" "./gpio_if.obj" "./main.obj" "./pin_mux_config.obj" "./startup_ccs.obj" "./uart_if.obj" "../cc3200v1p32.cmd"  -l"C:/Users/thielith/ti/CC3200SDK_1.5.0/cc3200-sdk/driverlib/ccs/Release/driverlib.a" -llibc.a 
<Linking>
Finished building target: "uart_demo.out"
 
C:/Users/thielith/ti/ccs1250/ccs/utils/tiobj2bin/tiobj2bin uart_demo.out uart_demo.bin C:/Users/thielith/ti/ccs1250/ccs/tools/compiler/ti-cgt-arm_20.2.7.LTS/bin/armofd C:/Users/thielith/ti/ccs1250/ccs/tools/compiler/ti-cgt-arm_20.2.7.LTS/bin/armhex C:/Users/thielith/ti/ccs1250/ccs/utils/tiobj2bin/mkhex4bin
 

**** Build Finished ****

**** Build of configuration Debug for project uart_demo ****

"C:\\Users\\thielith\\ti\\ccs1250\\ccs\\utils\\bin\\gmake" -k -j 4 all -O 
 
gmake[1]: 'uart_demo.out' is up to date.

**** Build Finished ****

**** Build of configuration Debug for project uart_demo ****

"C:\\Users\\thielith\\ti\\ccs1250\\ccs\\utils\\bin\\gmake" -k -j 4 all -O 
 
Building file: "../main.c"
Invoking: Arm Compiler
"C:/Users/thielith/ti/ccs1250/ccs/tools/compiler/ti-cgt-arm_20.2.7.LTS/bin/armcl" -mv7M4 --code_state=16 --float_support=none -me -Ooff --include_path="C:/Users/thielith/Desktop/eec-172/lab/workspace/uart_demo" --include_path="C:/Users/thielith/ti/CC3200SDK_1.5.0/cc3200-sdk/" --include_path="C:/Users/thielith/ti/CC3200SDK_1.5.0/cc3200-sdk/driverlib/" --include_path="C:/Users/thielith/ti/CC3200SDK_1.5.0/cc3200-sdk/inc/" --include_path="C:/Users/thielith/ti/CC3200SDK_1.5.0/cc3200-sdk/example/common/" --include_path="C:/Users/thielith/ti/ccs1250/ccs/tools/compiler/ti-cgt-arm_20.2.7.LTS/include" --define=ccs --define=cc3200 -g --diag_warning=225 --diag_wrap=off --display_error_number --abi=eabi --preproc_with_compile --preproc_dependency="main.d_raw"  "../main.c"
"../main.c", line 215: warning #225-D: function "intToStr" declared implicitly
"../main.c", line 248: warning #225-D: function "intToStr" declared implicitly
"../main.c", line 305: warning #161-D: declaration is incompatible with previous "intToStr" (declared at line 215)
Finished building: "../main.c"
 
Building target: "uart_demo.out"
Invoking: Arm Linker
"C:/Users/thielith/ti/ccs1250/ccs/tools/compiler/ti-cgt-arm_20.2.7.LTS/bin/armcl" -mv7M4 --code_state=16 --float_support=none -me -Ooff --define=ccs --define=cc3200 -g --diag_warning=225 --diag_wrap=off --display_error_number --abi=eabi -z -m"uart_demo.map" --heap_size=0x800 --stack_size=0x100 -i"C:/Users/thielith/ti/ccs1250/ccs/tools/compiler/ti-cgt-arm_20.2.7.LTS/lib" -i"C:/Users/thielith/ti/ccs1250/ccs/tools/compiler/ti-cgt-arm_20.2.7.LTS/include" --reread_libs --diag_wrap=off --display_error_number --warn_sections --xml_link_info="uart_demo_linkInfo.xml" --rom_model -o "uart_demo.out" "./gpio_if.obj" "./main.obj" "./pin_mux_config.obj" "./startup_ccs.obj" "./uart_if.obj" "../cc3200v1p32.cmd"  -l"C:/Users/thielith/ti/CC3200SDK_1.5.0/cc3200-sdk/driverlib/ccs/Release/driverlib.a" -llibc.a 
<Linking>
Finished building target: "uart_demo.out"
 
C:/Users/thielith/ti/ccs1250/ccs/utils/tiobj2bin/tiobj2bin uart_demo.out uart_demo.bin C:/Users/thielith/ti/ccs1250/ccs/tools/compiler/ti-cgt-arm_20.2.7.LTS/bin/armofd C:/Users/thielith/ti/ccs1250/ccs/tools/compiler/ti-cgt-arm_20.2.7.LTS/bin/armhex C:/Users/thielith/ti/ccs1250/ccs/utils/tiobj2bin/mkhex4bin
 

**** Build Finished ****

**** Build of configuration Debug for project uart_demo ****

"C:\\Users\\thielith\\ti\\ccs1250\\ccs\\utils\\bin\\gmake" -k -j 4 all -O 
 
Building file: "../main.c"
Invoking: Arm Compiler
"C:/Users/thielith/ti/ccs1250/ccs/tools/compiler/ti-cgt-arm_20.2.7.LTS/bin/armcl" -mv7M4 --code_state=16 --float_support=none -me -Ooff --include_path="C:/Users/thielith/Desktop/eec-172/lab/workspace/uart_demo" --include_path="C:/Users/thielith/ti/CC3200SDK_1.5.0/cc3200-sdk/" --include_path="C:/Users/thielith/ti/CC3200SDK_1.5.0/cc3200-sdk/driverlib/" --include_path="C:/Users/thielith/ti/CC3200SDK_1.5.0/cc3200-sdk/inc/" --include_path="C:/Users/thielith/ti/CC3200SDK_1.5.0/cc3200-sdk/example/common/" --include_path="C:/Users/thielith/ti/ccs1250/ccs/tools/compiler/ti-cgt-arm_20.2.7.LTS/include" --define=ccs --define=cc3200 -g --diag_warning=225 --diag_wrap=off --display_error_number --abi=eabi --preproc_with_compile --preproc_dependency="main.d_raw"  "../main.c"
Finished building: "../main.c"
 
Building target: "uart_demo.out"
Invoking: Arm Linker
"C:/Users/thielith/ti/ccs1250/ccs/tools/compiler/ti-cgt-arm_20.2.7.LTS/bin/armcl" -mv7M4 --code_state=16 --float_support=none -me -Ooff --define=ccs --define=cc3200 -g --diag_warning=225 --diag_wrap=off --display_error_number --abi=eabi -z -m"uart_demo.map" --heap_size=0x800 --stack_size=0x100 -i"C:/Users/thielith/ti/ccs1250/ccs/tools/compiler/ti-cgt-arm_20.2.7.LTS/lib" -i"C:/Users/thielith/ti/ccs1250/ccs/tools/compiler/ti-cgt-arm_20.2.7.LTS/include" --reread_libs --diag_wrap=off --display_error_number --warn_sections --xml_link_info="uart_demo_linkInfo.xml" --rom_model -o "uart_demo.out" "./gpio_if.obj" "./main.obj" "./pin_mux_config.obj" "./startup_ccs.obj" "./uart_if.obj" "../cc3200v1p32.cmd"  -l"C:/Users/thielith/ti/CC3200SDK_1.5.0/cc3200-sdk/driverlib/ccs/Release/driverlib.a" -llibc.a 
<Linking>
Finished building target: "uart_demo.out"
 
C:/Users/thielith/ti/ccs1250/ccs/utils/tiobj2bin/tiobj2bin uart_demo.out uart_demo.bin C:/Users/thielith/ti/ccs1250/ccs/tools/compiler/ti-cgt-arm_20.2.7.LTS/bin/armofd C:/Users/thielith/ti/ccs1250/ccs/tools/compiler/ti-cgt-arm_20.2.7.LTS/bin/armhex C:/Users/thielith/ti/ccs1250/ccs/utils/tiobj2bin/mkhex4bin
 

**** Build Finished ****

**** Build of configuration Debug for project uart_demo ****

"C:\\Users\\thielith\\ti\\ccs1250\\ccs\\utils\\bin\\gmake" -k -j 4 all -O 
 
gmake[1]: 'uart_demo.out' is up to date.

**** Build Finished ****

**** Build of configuration Debug for project uart_demo ****

"C:\\Users\\thielith\\ti\\ccs1250\\ccs\\utils\\bin\\gmake" -k -j 4 all -O 
 
Building file: "../main.c"
Invoking: Arm Compiler
"C:/Users/thielith/ti/ccs1250/ccs/tools/compiler/ti-cgt-arm_20.2.7.LTS/bin/armcl" -mv7M4 --code_state=16 --float_support=none -me -Ooff --include_path="C:/Users/thielith/Desktop/eec-172/lab/workspace/uart_demo" --include_path="C:/Users/thielith/ti/CC3200SDK_1.5.0/cc3200-sdk/" --include_path="C:/Users/thielith/ti/CC3200SDK_1.5.0/cc3200-sdk/driverlib/" --include_path="C:/Users/thielith/ti/CC3200SDK_1.5.0/cc3200-sdk/inc/" --include_path="C:/Users/thielith/ti/CC3200SDK_1.5.0/cc3200-sdk/example/common/" --include_path="C:/Users/thielith/ti/ccs1250/ccs/tools/compiler/ti-cgt-arm_20.2.7.LTS/include" --define=ccs --define=cc3200 -g --diag_warning=225 --diag_wrap=off --display_error_number --abi=eabi --preproc_with_compile --preproc_dependency="main.d_raw"  "../main.c"
Finished building: "../main.c"
 
Building target: "uart_demo.out"
Invoking: Arm Linker
"C:/Users/thielith/ti/ccs1250/ccs/tools/compiler/ti-cgt-arm_20.2.7.LTS/bin/armcl" -mv7M4 --code_state=16 --float_support=none -me -Ooff --define=ccs --define=cc3200 -g --diag_warning=225 --diag_wrap=off --display_error_number --abi=eabi -z -m"uart_demo.map" --heap_size=0x800 --stack_size=0x100 -i"C:/Users/thielith/ti/ccs1250/ccs/tools/compiler/ti-cgt-arm_20.2.7.LTS/lib" -i"C:/Users/thielith/ti/ccs1250/ccs/tools/compiler/ti-cgt-arm_20.2.7.LTS/include" --reread_libs --diag_wrap=off --display_error_number --warn_sections --xml_link_info="uart_demo_linkInfo.xml" --rom_model -o "uart_demo.out" "./gpio_if.obj" "./main.obj" "./pin_mux_config.obj" "./startup_ccs.obj" "./uart_if.obj" "../cc3200v1p32.cmd"  -l"C:/Users/thielith/ti/CC3200SDK_1.5.0/cc3200-sdk/driverlib/ccs/Release/driverlib.a" -llibc.a 
<Linking>
Finished building target: "uart_demo.out"
 
C:/Users/thielith/ti/ccs1250/ccs/utils/tiobj2bin/tiobj2bin uart_demo.out uart_demo.bin C:/Users/thielith/ti/ccs1250/ccs/tools/compiler/ti-cgt-arm_20.2.7.LTS/bin/armofd C:/Users/thielith/ti/ccs1250/ccs/tools/compiler/ti-cgt-arm_20.2.7.LTS/bin/armhex C:/Users/thielith/ti/ccs1250/ccs/utils/tiobj2bin/mkhex4bin
 

**** Build Finished ****

**** Build of configuration Debug for project uart_demo ****

"C:\\Users\\thielith\\ti\\ccs1250\\ccs\\utils\\bin\\gmake" -k -j 4 all -O 
 
gmake[1]: 'uart_demo.out' is up to date.

**** Build Finished ****

**** Build of configuration Debug for project uart_demo ****

"C:\\Users\\thielith\\ti\\ccs1250\\ccs\\utils\\bin\\gmake" -k -j 4 all -O 
 
Building file: "../main.c"
Invoking: Arm Compiler
"C:/Users/thielith/ti/ccs1250/ccs/tools/compiler/ti-cgt-arm_20.2.7.LTS/bin/armcl" -mv7M4 --code_state=16 --float_support=none -me -Ooff --include_path="C:/Users/thielith/Desktop/eec-172/lab/workspace/uart_demo" --include_path="C:/Users/thielith/ti/CC3200SDK_1.5.0/cc3200-sdk/" --include_path="C:/Users/thielith/ti/CC3200SDK_1.5.0/cc3200-sdk/driverlib/" --include_path="C:/Users/thielith/ti/CC3200SDK_1.5.0/cc3200-sdk/inc/" --include_path="C:/Users/thielith/ti/CC3200SDK_1.5.0/cc3200-sdk/example/common/" --include_path="C:/Users/thielith/ti/ccs1250/ccs/tools/compiler/ti-cgt-arm_20.2.7.LTS/include" --define=ccs --define=cc3200 -g --diag_warning=225 --diag_wrap=off --display_error_number --abi=eabi --preproc_with_compile --preproc_dependency="main.d_raw"  "../main.c"
Finished building: "../main.c"
 
Building target: "uart_demo.out"
Invoking: Arm Linker
"C:/Users/thielith/ti/ccs1250/ccs/tools/compiler/ti-cgt-arm_20.2.7.LTS/bin/armcl" -mv7M4 --code_state=16 --float_support=none -me -Ooff --define=ccs --define=cc3200 -g --diag_warning=225 --diag_wrap=off --display_error_number --abi=eabi -z -m"uart_demo.map" --heap_size=0x800 --stack_size=0x100 -i"C:/Users/thielith/ti/ccs1250/ccs/tools/compiler/ti-cgt-arm_20.2.7.LTS/lib" -i"C:/Users/thielith/ti/ccs1250/ccs/tools/compiler/ti-cgt-arm_20.2.7.LTS/include" --reread_libs --diag_wrap=off --display_error_number --warn_sections --xml_link_info="uart_demo_linkInfo.xml" --rom_model -o "uart_demo.out" "./gpio_if.obj" "./main.obj" "./pin_mux_config.obj" "./startup_ccs.obj" "./uart_if.obj" "../cc3200v1p32.cmd"  -l"C:/Users/thielith/ti/CC3200SDK_1.5.0/cc3200-sdk/driverlib/ccs/Release/driverlib.a" -llibc.a 
<Linking>
Finished building target: "uart_demo.out"
 
C:/Users/thielith/ti/ccs1250/ccs/utils/tiobj2bin/tiobj2bin uart_demo.out uart_demo.bin C:/Users/thielith/ti/ccs1250/ccs/tools/compiler/ti-cgt-arm_20.2.7.LTS/bin/armofd C:/Users/thielith/ti/ccs1250/ccs/tools/compiler/ti-cgt-arm_20.2.7.LTS/bin/armhex C:/Users/thielith/ti/ccs1250/ccs/utils/tiobj2bin/mkhex4bin
 

**** Build Finished ****

**** Build of configuration Debug for project uart_demo ****

"C:\\Users\\thielith\\ti\\ccs1250\\ccs\\utils\\bin\\gmake" -k -j 4 all -O 
 
gmake[1]: 'uart_demo.out' is up to date.

**** Build Finished ****

**** Build of configuration Debug for project uart_demo ****

"C:\\Users\\thielith\\ti\\ccs1250\\ccs\\utils\\bin\\gmake" -k -j 4 all -O 
 
Building file: "../main.c"
Invoking: Arm Compiler
"C:/Users/thielith/ti/ccs1250/ccs/tools/compiler/ti-cgt-arm_20.2.7.LTS/bin/armcl" -mv7M4 --code_state=16 --float_support=none -me -Ooff --include_path="C:/Users/thielith/Desktop/eec-172/lab/workspace/uart_demo" --include_path="C:/Users/thielith/ti/CC3200SDK_1.5.0/cc3200-sdk/" --include_path="C:/Users/thielith/ti/CC3200SDK_1.5.0/cc3200-sdk/driverlib/" --include_path="C:/Users/thielith/ti/CC3200SDK_1.5.0/cc3200-sdk/inc/" --include_path="C:/Users/thielith/ti/CC3200SDK_1.5.0/cc3200-sdk/example/common/" --include_path="C:/Users/thielith/ti/ccs1250/ccs/tools/compiler/ti-cgt-arm_20.2.7.LTS/include" --define=ccs --define=cc3200 -g --diag_warning=225 --diag_wrap=off --display_error_number --abi=eabi --preproc_with_compile --preproc_dependency="main.d_raw"  "../main.c"
Finished building: "../main.c"
 
Building target: "uart_demo.out"
Invoking: Arm Linker
"C:/Users/thielith/ti/ccs1250/ccs/tools/compiler/ti-cgt-arm_20.2.7.LTS/bin/armcl" -mv7M4 --code_state=16 --float_support=none -me -Ooff --define=ccs --define=cc3200 -g --diag_warning=225 --diag_wrap=off --display_error_number --abi=eabi -z -m"uart_demo.map" --heap_size=0x800 --stack_size=0x100 -i"C:/Users/thielith/ti/ccs1250/ccs/tools/compiler/ti-cgt-arm_20.2.7.LTS/lib" -i"C:/Users/thielith/ti/ccs1250/ccs/tools/compiler/ti-cgt-arm_20.2.7.LTS/include" --reread_libs --diag_wrap=off --display_error_number --warn_sections --xml_link_info="uart_demo_linkInfo.xml" --rom_model -o "uart_demo.out" "./gpio_if.obj" "./main.obj" "./pin_mux_config.obj" "./startup_ccs.obj" "./uart_if.obj" "../cc3200v1p32.cmd"  -l"C:/Users/thielith/ti/CC3200SDK_1.5.0/cc3200-sdk/driverlib/ccs/Release/driverlib.a" -llibc.a 
<Linking>
Finished building target: "uart_demo.out"
 
C:/Users/thielith/ti/ccs1250/ccs/utils/tiobj2bin/tiobj2bin uart_demo.out uart_demo.bin C:/Users/thielith/ti/ccs1250/ccs/tools/compiler/ti-cgt-arm_20.2.7.LTS/bin/armofd C:/Users/thielith/ti/ccs1250/ccs/tools/compiler/ti-cgt-arm_20.2.7.LTS/bin/armhex C:/Users/thielith/ti/ccs1250/ccs/utils/tiobj2bin/mkhex4bin
 

**** Build Finished ****

**** Build of configuration Debug for project uart_demo ****

"C:\\Users\\thielith\\ti\\ccs1250\\ccs\\utils\\bin\\gmake" -k -j 4 all -O 
 
gmake[1]: 'uart_demo.out' is up to date.

**** Build Finished ****

**** Build of configuration Debug for project uart_demo ****

"C:\\Users\\thielith\\ti\\ccs1250\\ccs\\utils\\bin\\gmake" -k -j 4 all -O 
 
Building file: "../main.c"
Invoking: Arm Compiler
"C:/Users/thielith/ti/ccs1250/ccs/tools/compiler/ti-cgt-arm_20.2.7.LTS/bin/armcl" -mv7M4 --code_state=16 --float_support=none -me -Ooff --include_path="C:/Users/thielith/Desktop/eec-172/lab/workspace/uart_demo" --include_path="C:/Users/thielith/ti/CC3200SDK_1.5.0/cc3200-sdk/" --include_path="C:/Users/thielith/ti/CC3200SDK_1.5.0/cc3200-sdk/driverlib/" --include_path="C:/Users/thielith/ti/CC3200SDK_1.5.0/cc3200-sdk/inc/" --include_path="C:/Users/thielith/ti/CC3200SDK_1.5.0/cc3200-sdk/example/common/" --include_path="C:/Users/thielith/ti/ccs1250/ccs/tools/compiler/ti-cgt-arm_20.2.7.LTS/include" --define=ccs --define=cc3200 -g --diag_warning=225 --diag_wrap=off --display_error_number --abi=eabi --preproc_with_compile --preproc_dependency="main.d_raw"  "../main.c"
Finished building: "../main.c"
 
Building target: "uart_demo.out"
Invoking: Arm Linker
"C:/Users/thielith/ti/ccs1250/ccs/tools/compiler/ti-cgt-arm_20.2.7.LTS/bin/armcl" -mv7M4 --code_state=16 --float_support=none -me -Ooff --define=ccs --define=cc3200 -g --diag_warning=225 --diag_wrap=off --display_error_number --abi=eabi -z -m"uart_demo.map" --heap_size=0x800 --stack_size=0x100 -i"C:/Users/thielith/ti/ccs1250/ccs/tools/compiler/ti-cgt-arm_20.2.7.LTS/lib" -i"C:/Users/thielith/ti/ccs1250/ccs/tools/compiler/ti-cgt-arm_20.2.7.LTS/include" --reread_libs --diag_wrap=off --display_error_number --warn_sections --xml_link_info="uart_demo_linkInfo.xml" --rom_model -o "uart_demo.out" "./gpio_if.obj" "./main.obj" "./pin_mux_config.obj" "./startup_ccs.obj" "./uart_if.obj" "../cc3200v1p32.cmd"  -l"C:/Users/thielith/ti/CC3200SDK_1.5.0/cc3200-sdk/driverlib/ccs/Release/driverlib.a" -llibc.a 
<Linking>
Finished building target: "uart_demo.out"
 
C:/Users/thielith/ti/ccs1250/ccs/utils/tiobj2bin/tiobj2bin uart_demo.out uart_demo.bin C:/Users/thielith/ti/ccs1250/ccs/tools/compiler/ti-cgt-arm_20.2.7.LTS/bin/armofd C:/Users/thielith/ti/ccs1250/ccs/tools/compiler/ti-cgt-arm_20.2.7.LTS/bin/armhex C:/Users/thielith/ti/ccs1250/ccs/utils/tiobj2bin/mkhex4bin
 

**** Build Finished ****

**** Build of configuration Debug for project uart_demo ****

"C:\\Users\\thielith\\ti\\ccs1250\\ccs\\utils\\bin\\gmake" -k -j 4 all -O 
 
gmake[1]: 'uart_demo.out' is up to date.

**** Build Finished ****

**** Build of configuration Debug for project uart_demo ****

"C:\\Users\\thielith\\ti\\ccs1250\\ccs\\utils\\bin\\gmake" -k -j 4 all -O 
 
Building file: "../main.c"
Invoking: Arm Compiler
"C:/Users/thielith/ti/ccs1250/ccs/tools/compiler/ti-cgt-arm_20.2.7.LTS/bin/armcl" -mv7M4 --code_state=16 --float_support=none -me -Ooff --include_path="C:/Users/thielith/Desktop/eec-172/lab/workspace/uart_demo" --include_path="C:/Users/thielith/ti/CC3200SDK_1.5.0/cc3200-sdk/" --include_path="C:/Users/thielith/ti/CC3200SDK_1.5.0/cc3200-sdk/driverlib/" --include_path="C:/Users/thielith/ti/CC3200SDK_1.5.0/cc3200-sdk/inc/" --include_path="C:/Users/thielith/ti/CC3200SDK_1.5.0/cc3200-sdk/example/common/" --include_path="C:/Users/thielith/ti/ccs1250/ccs/tools/compiler/ti-cgt-arm_20.2.7.LTS/include" --define=ccs --define=cc3200 -g --diag_warning=225 --diag_wrap=off --display_error_number --abi=eabi --preproc_with_compile --preproc_dependency="main.d_raw"  "../main.c"
Finished building: "../main.c"
 
Building target: "uart_demo.out"
Invoking: Arm Linker
"C:/Users/thielith/ti/ccs1250/ccs/tools/compiler/ti-cgt-arm_20.2.7.LTS/bin/armcl" -mv7M4 --code_state=16 --float_support=none -me -Ooff --define=ccs --define=cc3200 -g --diag_warning=225 --diag_wrap=off --display_error_number --abi=eabi -z -m"uart_demo.map" --heap_size=0x800 --stack_size=0x100 -i"C:/Users/thielith/ti/ccs1250/ccs/tools/compiler/ti-cgt-arm_20.2.7.LTS/lib" -i"C:/Users/thielith/ti/ccs1250/ccs/tools/compiler/ti-cgt-arm_20.2.7.LTS/include" --reread_libs --diag_wrap=off --display_error_number --warn_sections --xml_link_info="uart_demo_linkInfo.xml" --rom_model -o "uart_demo.out" "./gpio_if.obj" "./main.obj" "./pin_mux_config.obj" "./startup_ccs.obj" "./uart_if.obj" "../cc3200v1p32.cmd"  -l"C:/Users/thielith/ti/CC3200SDK_1.5.0/cc3200-sdk/driverlib/ccs/Release/driverlib.a" -llibc.a 
<Linking>
Finished building target: "uart_demo.out"
 
C:/Users/thielith/ti/ccs1250/ccs/utils/tiobj2bin/tiobj2bin uart_demo.out uart_demo.bin C:/Users/thielith/ti/ccs1250/ccs/tools/compiler/ti-cgt-arm_20.2.7.LTS/bin/armofd C:/Users/thielith/ti/ccs1250/ccs/tools/compiler/ti-cgt-arm_20.2.7.LTS/bin/armhex C:/Users/thielith/ti/ccs1250/ccs/utils/tiobj2bin/mkhex4bin
 

**** Build Finished ****

**** Build of configuration Debug for project uart_demo ****

"C:\\Users\\thielith\\ti\\ccs1250\\ccs\\utils\\bin\\gmake" -k -j 4 all -O 
 
gmake[1]: 'uart_demo.out' is up to date.

**** Build Finished ****

**** Build of configuration Debug for project uart_demo ****

"C:\\Users\\thielith\\ti\\ccs1250\\ccs\\utils\\bin\\gmake" -k -j 4 all -O 
 
Building file: "../main.c"
Invoking: Arm Compiler
"C:/Users/thielith/ti/ccs1250/ccs/tools/compiler/ti-cgt-arm_20.2.7.LTS/bin/armcl" -mv7M4 --code_state=16 --float_support=none -me -Ooff --include_path="C:/Users/thielith/Desktop/eec-172/lab/workspace/uart_demo" --include_path="C:/Users/thielith/ti/CC3200SDK_1.5.0/cc3200-sdk/" --include_path="C:/Users/thielith/ti/CC3200SDK_1.5.0/cc3200-sdk/driverlib/" --include_path="C:/Users/thielith/ti/CC3200SDK_1.5.0/cc3200-sdk/inc/" --include_path="C:/Users/thielith/ti/CC3200SDK_1.5.0/cc3200-sdk/example/common/" --include_path="C:/Users/thielith/ti/ccs1250/ccs/tools/compiler/ti-cgt-arm_20.2.7.LTS/include" --define=ccs --define=cc3200 -g --diag_warning=225 --diag_wrap=off --display_error_number --abi=eabi --preproc_with_compile --preproc_dependency="main.d_raw"  "../main.c"
Finished building: "../main.c"
 
Building target: "uart_demo.out"
Invoking: Arm Linker
"C:/Users/thielith/ti/ccs1250/ccs/tools/compiler/ti-cgt-arm_20.2.7.LTS/bin/armcl" -mv7M4 --code_state=16 --float_support=none -me -Ooff --define=ccs --define=cc3200 -g --diag_warning=225 --diag_wrap=off --display_error_number --abi=eabi -z -m"uart_demo.map" --heap_size=0x800 --stack_size=0x100 -i"C:/Users/thielith/ti/ccs1250/ccs/tools/compiler/ti-cgt-arm_20.2.7.LTS/lib" -i"C:/Users/thielith/ti/ccs1250/ccs/tools/compiler/ti-cgt-arm_20.2.7.LTS/include" --reread_libs --diag_wrap=off --display_error_number --warn_sections --xml_link_info="uart_demo_linkInfo.xml" --rom_model -o "uart_demo.out" "./gpio_if.obj" "./main.obj" "./pin_mux_config.obj" "./startup_ccs.obj" "./uart_if.obj" "../cc3200v1p32.cmd"  -l"C:/Users/thielith/ti/CC3200SDK_1.5.0/cc3200-sdk/driverlib/ccs/Release/driverlib.a" -llibc.a 
<Linking>
Finished building target: "uart_demo.out"
 
C:/Users/thielith/ti/ccs1250/ccs/utils/tiobj2bin/tiobj2bin uart_demo.out uart_demo.bin C:/Users/thielith/ti/ccs1250/ccs/tools/compiler/ti-cgt-arm_20.2.7.LTS/bin/armofd C:/Users/thielith/ti/ccs1250/ccs/tools/compiler/ti-cgt-arm_20.2.7.LTS/bin/armhex C:/Users/thielith/ti/ccs1250/ccs/utils/tiobj2bin/mkhex4bin
 

**** Build Finished ****

**** Build of configuration Debug for project uart_demo ****

"C:\\Users\\thielith\\ti\\ccs1250\\ccs\\utils\\bin\\gmake" -k -j 4 all -O 
 
gmake[1]: 'uart_demo.out' is up to date.

**** Build Finished ****

**** Build of configuration Debug for project uart_demo ****

"C:\\Users\\thielith\\ti\\ccs1250\\ccs\\utils\\bin\\gmake" -k -j 4 all -O 
 
Building file: "../main.c"
Invoking: Arm Compiler
"C:/Users/thielith/ti/ccs1250/ccs/tools/compiler/ti-cgt-arm_20.2.7.LTS/bin/armcl" -mv7M4 --code_state=16 --float_support=none -me -Ooff --include_path="C:/Users/thielith/Desktop/eec-172/lab/workspace/uart_demo" --include_path="C:/Users/thielith/ti/CC3200SDK_1.5.0/cc3200-sdk/" --include_path="C:/Users/thielith/ti/CC3200SDK_1.5.0/cc3200-sdk/driverlib/" --include_path="C:/Users/thielith/ti/CC3200SDK_1.5.0/cc3200-sdk/inc/" --include_path="C:/Users/thielith/ti/CC3200SDK_1.5.0/cc3200-sdk/example/common/" --include_path="C:/Users/thielith/ti/ccs1250/ccs/tools/compiler/ti-cgt-arm_20.2.7.LTS/include" --define=ccs --define=cc3200 -g --diag_warning=225 --diag_wrap=off --display_error_number --abi=eabi --preproc_with_compile --preproc_dependency="main.d_raw"  "../main.c"
Finished building: "../main.c"
 
Building target: "uart_demo.out"
Invoking: Arm Linker
"C:/Users/thielith/ti/ccs1250/ccs/tools/compiler/ti-cgt-arm_20.2.7.LTS/bin/armcl" -mv7M4 --code_state=16 --float_support=none -me -Ooff --define=ccs --define=cc3200 -g --diag_warning=225 --diag_wrap=off --display_error_number --abi=eabi -z -m"uart_demo.map" --heap_size=0x800 --stack_size=0x100 -i"C:/Users/thielith/ti/ccs1250/ccs/tools/compiler/ti-cgt-arm_20.2.7.LTS/lib" -i"C:/Users/thielith/ti/ccs1250/ccs/tools/compiler/ti-cgt-arm_20.2.7.LTS/include" --reread_libs --diag_wrap=off --display_error_number --warn_sections --xml_link_info="uart_demo_linkInfo.xml" --rom_model -o "uart_demo.out" "./gpio_if.obj" "./main.obj" "./pin_mux_config.obj" "./startup_ccs.obj" "./uart_if.obj" "../cc3200v1p32.cmd"  -l"C:/Users/thielith/ti/CC3200SDK_1.5.0/cc3200-sdk/driverlib/ccs/Release/driverlib.a" -llibc.a 
<Linking>
Finished building target: "uart_demo.out"
 
C:/Users/thielith/ti/ccs1250/ccs/utils/tiobj2bin/tiobj2bin uart_demo.out uart_demo.bin C:/Users/thielith/ti/ccs1250/ccs/tools/compiler/ti-cgt-arm_20.2.7.LTS/bin/armofd C:/Users/thielith/ti/ccs1250/ccs/tools/compiler/ti-cgt-arm_20.2.7.LTS/bin/armhex C:/Users/thielith/ti/ccs1250/ccs/utils/tiobj2bin/mkhex4bin
 

**** Build Finished ****

**** Build of configuration Debug for project uart_demo ****

"C:\\Users\\thielith\\ti\\ccs1250\\ccs\\utils\\bin\\gmake" -k -j 4 all -O 
 
gmake[1]: 'uart_demo.out' is up to date.

**** Build Finished ****

**** Build of configuration Debug for project uart_demo ****

"C:\\Users\\thielith\\ti\\ccs1250\\ccs\\utils\\bin\\gmake" -k -j 4 all -O 
 
Building file: "../main.c"
Invoking: Arm Compiler
"C:/Users/thielith/ti/ccs1250/ccs/tools/compiler/ti-cgt-arm_20.2.7.LTS/bin/armcl" -mv7M4 --code_state=16 --float_support=none -me -Ooff --include_path="C:/Users/thielith/Desktop/eec-172/lab/workspace/uart_demo" --include_path="C:/Users/thielith/ti/CC3200SDK_1.5.0/cc3200-sdk/" --include_path="C:/Users/thielith/ti/CC3200SDK_1.5.0/cc3200-sdk/driverlib/" --include_path="C:/Users/thielith/ti/CC3200SDK_1.5.0/cc3200-sdk/inc/" --include_path="C:/Users/thielith/ti/CC3200SDK_1.5.0/cc3200-sdk/example/common/" --include_path="C:/Users/thielith/ti/ccs1250/ccs/tools/compiler/ti-cgt-arm_20.2.7.LTS/include" --define=ccs --define=cc3200 -g --diag_warning=225 --diag_wrap=off --display_error_number --abi=eabi --preproc_with_compile --preproc_dependency="main.d_raw"  "../main.c"
Finished building: "../main.c"
 
Building target: "uart_demo.out"
Invoking: Arm Linker
"C:/Users/thielith/ti/ccs1250/ccs/tools/compiler/ti-cgt-arm_20.2.7.LTS/bin/armcl" -mv7M4 --code_state=16 --float_support=none -me -Ooff --define=ccs --define=cc3200 -g --diag_warning=225 --diag_wrap=off --display_error_number --abi=eabi -z -m"uart_demo.map" --heap_size=0x800 --stack_size=0x100 -i"C:/Users/thielith/ti/ccs1250/ccs/tools/compiler/ti-cgt-arm_20.2.7.LTS/lib" -i"C:/Users/thielith/ti/ccs1250/ccs/tools/compiler/ti-cgt-arm_20.2.7.LTS/include" --reread_libs --diag_wrap=off --display_error_number --warn_sections --xml_link_info="uart_demo_linkInfo.xml" --rom_model -o "uart_demo.out" "./gpio_if.obj" "./main.obj" "./pin_mux_config.obj" "./startup_ccs.obj" "./uart_if.obj" "../cc3200v1p32.cmd"  -l"C:/Users/thielith/ti/CC3200SDK_1.5.0/cc3200-sdk/driverlib/ccs/Release/driverlib.a" -llibc.a 
<Linking>
Finished building target: "uart_demo.out"
 
C:/Users/thielith/ti/ccs1250/ccs/utils/tiobj2bin/tiobj2bin uart_demo.out uart_demo.bin C:/Users/thielith/ti/ccs1250/ccs/tools/compiler/ti-cgt-arm_20.2.7.LTS/bin/armofd C:/Users/thielith/ti/ccs1250/ccs/tools/compiler/ti-cgt-arm_20.2.7.LTS/bin/armhex C:/Users/thielith/ti/ccs1250/ccs/utils/tiobj2bin/mkhex4bin
 

**** Build Finished ****

**** Build of configuration Debug for project uart_demo ****

"C:\\Users\\thielith\\ti\\ccs1250\\ccs\\utils\\bin\\gmake" -k -j 4 all -O 
 
gmake[1]: 'uart_demo.out' is up to date.

**** Build Finished ****

**** Build of configuration Debug for project uart_demo ****

"C:\\Users\\thielith\\ti\\ccs1250\\ccs\\utils\\bin\\gmake" -k -j 4 all -O 
 
Building file: "../main.c"
Invoking: Arm Compiler
"C:/Users/thielith/ti/ccs1250/ccs/tools/compiler/ti-cgt-arm_20.2.7.LTS/bin/armcl" -mv7M4 --code_state=16 --float_support=none -me -Ooff --include_path="C:/Users/thielith/Desktop/eec-172/lab/workspace/uart_demo" --include_path="C:/Users/thielith/ti/CC3200SDK_1.5.0/cc3200-sdk/" --include_path="C:/Users/thielith/ti/CC3200SDK_1.5.0/cc3200-sdk/driverlib/" --include_path="C:/Users/thielith/ti/CC3200SDK_1.5.0/cc3200-sdk/inc/" --include_path="C:/Users/thielith/ti/CC3200SDK_1.5.0/cc3200-sdk/example/common/" --include_path="C:/Users/thielith/ti/ccs1250/ccs/tools/compiler/ti-cgt-arm_20.2.7.LTS/include" --define=ccs --define=cc3200 -g --diag_warning=225 --diag_wrap=off --display_error_number --abi=eabi --preproc_with_compile --preproc_dependency="main.d_raw"  "../main.c"
Finished building: "../main.c"
 
Building target: "uart_demo.out"
Invoking: Arm Linker
"C:/Users/thielith/ti/ccs1250/ccs/tools/compiler/ti-cgt-arm_20.2.7.LTS/bin/armcl" -mv7M4 --code_state=16 --float_support=none -me -Ooff --define=ccs --define=cc3200 -g --diag_warning=225 --diag_wrap=off --display_error_number --abi=eabi -z -m"uart_demo.map" --heap_size=0x800 --stack_size=0x100 -i"C:/Users/thielith/ti/ccs1250/ccs/tools/compiler/ti-cgt-arm_20.2.7.LTS/lib" -i"C:/Users/thielith/ti/ccs1250/ccs/tools/compiler/ti-cgt-arm_20.2.7.LTS/include" --reread_libs --diag_wrap=off --display_error_number --warn_sections --xml_link_info="uart_demo_linkInfo.xml" --rom_model -o "uart_demo.out" "./gpio_if.obj" "./main.obj" "./pin_mux_config.obj" "./startup_ccs.obj" "./uart_if.obj" "../cc3200v1p32.cmd"  -l"C:/Users/thielith/ti/CC3200SDK_1.5.0/cc3200-sdk/driverlib/ccs/Release/driverlib.a" -llibc.a 
<Linking>
Finished building target: "uart_demo.out"
 
C:/Users/thielith/ti/ccs1250/ccs/utils/tiobj2bin/tiobj2bin uart_demo.out uart_demo.bin C:/Users/thielith/ti/ccs1250/ccs/tools/compiler/ti-cgt-arm_20.2.7.LTS/bin/armofd C:/Users/thielith/ti/ccs1250/ccs/tools/compiler/ti-cgt-arm_20.2.7.LTS/bin/armhex C:/Users/thielith/ti/ccs1250/ccs/utils/tiobj2bin/mkhex4bin
 

**** Build Finished ****

**** Build of configuration Debug for project uart_demo ****

"C:\\Users\\thielith\\ti\\ccs1250\\ccs\\utils\\bin\\gmake" -k -j 4 all -O 
 
gmake[1]: 'uart_demo.out' is up to date.

**** Build Finished ****

**** Build of configuration Debug for project uart_demo ****

"C:\\Users\\thielith\\ti\\ccs1250\\ccs\\utils\\bin\\gmake" -k -j 4 all -O 
 
Building file: "../main.c"
Invoking: Arm Compiler
"C:/Users/thielith/ti/ccs1250/ccs/tools/compiler/ti-cgt-arm_20.2.7.LTS/bin/armcl" -mv7M4 --code_state=16 --float_support=none -me -Ooff --include_path="C:/Users/thielith/Desktop/eec-172/lab/workspace/uart_demo" --include_path="C:/Users/thielith/ti/CC3200SDK_1.5.0/cc3200-sdk/" --include_path="C:/Users/thielith/ti/CC3200SDK_1.5.0/cc3200-sdk/driverlib/" --include_path="C:/Users/thielith/ti/CC3200SDK_1.5.0/cc3200-sdk/inc/" --include_path="C:/Users/thielith/ti/CC3200SDK_1.5.0/cc3200-sdk/example/common/" --include_path="C:/Users/thielith/ti/ccs1250/ccs/tools/compiler/ti-cgt-arm_20.2.7.LTS/include" --define=ccs --define=cc3200 -g --diag_warning=225 --diag_wrap=off --display_error_number --abi=eabi --preproc_with_compile --preproc_dependency="main.d_raw"  "../main.c"
"../main.c", line 388: warning #169-D: argument of type "unsigned short" is incompatible with parameter of type "unsigned short *"
"../main.c", line 399: warning #169-D: argument of type "unsigned short" is incompatible with parameter of type "unsigned short *"
Finished building: "../main.c"
 
Building target: "uart_demo.out"
Invoking: Arm Linker
"C:/Users/thielith/ti/ccs1250/ccs/tools/compiler/ti-cgt-arm_20.2.7.LTS/bin/armcl" -mv7M4 --code_state=16 --float_support=none -me -Ooff --define=ccs --define=cc3200 -g --diag_warning=225 --diag_wrap=off --display_error_number --abi=eabi -z -m"uart_demo.map" --heap_size=0x800 --stack_size=0x100 -i"C:/Users/thielith/ti/ccs1250/ccs/tools/compiler/ti-cgt-arm_20.2.7.LTS/lib" -i"C:/Users/thielith/ti/ccs1250/ccs/tools/compiler/ti-cgt-arm_20.2.7.LTS/include" --reread_libs --diag_wrap=off --display_error_number --warn_sections --xml_link_info="uart_demo_linkInfo.xml" --rom_model -o "uart_demo.out" "./gpio_if.obj" "./main.obj" "./pin_mux_config.obj" "./startup_ccs.obj" "./uart_if.obj" "../cc3200v1p32.cmd"  -l"C:/Users/thielith/ti/CC3200SDK_1.5.0/cc3200-sdk/driverlib/ccs/Release/driverlib.a" -llibc.a 
<Linking>
Finished building target: "uart_demo.out"
 
C:/Users/thielith/ti/ccs1250/ccs/utils/tiobj2bin/tiobj2bin uart_demo.out uart_demo.bin C:/Users/thielith/ti/ccs1250/ccs/tools/compiler/ti-cgt-arm_20.2.7.LTS/bin/armofd C:/Users/thielith/ti/ccs1250/ccs/tools/compiler/ti-cgt-arm_20.2.7.LTS/bin/armhex C:/Users/thielith/ti/ccs1250/ccs/utils/tiobj2bin/mkhex4bin
 

**** Build Finished ****

**** Build of configuration Debug for project uart_demo ****

"C:\\Users\\thielith\\ti\\ccs1250\\ccs\\utils\\bin\\gmake" -k -j 4 all -O 
 
Building file: "../main.c"
Invoking: Arm Compiler
"C:/Users/thielith/ti/ccs1250/ccs/tools/compiler/ti-cgt-arm_20.2.7.LTS/bin/armcl" -mv7M4 --code_state=16 --float_support=none -me -Ooff --include_path="C:/Users/thielith/Desktop/eec-172/lab/workspace/uart_demo" --include_path="C:/Users/thielith/ti/CC3200SDK_1.5.0/cc3200-sdk/" --include_path="C:/Users/thielith/ti/CC3200SDK_1.5.0/cc3200-sdk/driverlib/" --include_path="C:/Users/thielith/ti/CC3200SDK_1.5.0/cc3200-sdk/inc/" --include_path="C:/Users/thielith/ti/CC3200SDK_1.5.0/cc3200-sdk/example/common/" --include_path="C:/Users/thielith/ti/ccs1250/ccs/tools/compiler/ti-cgt-arm_20.2.7.LTS/include" --define=ccs --define=cc3200 -g --diag_warning=225 --diag_wrap=off --display_error_number --abi=eabi --preproc_with_compile --preproc_dependency="main.d_raw"  "../main.c"
Finished building: "../main.c"
 
Building target: "uart_demo.out"
Invoking: Arm Linker
"C:/Users/thielith/ti/ccs1250/ccs/tools/compiler/ti-cgt-arm_20.2.7.LTS/bin/armcl" -mv7M4 --code_state=16 --float_support=none -me -Ooff --define=ccs --define=cc3200 -g --diag_warning=225 --diag_wrap=off --display_error_number --abi=eabi -z -m"uart_demo.map" --heap_size=0x800 --stack_size=0x100 -i"C:/Users/thielith/ti/ccs1250/ccs/tools/compiler/ti-cgt-arm_20.2.7.LTS/lib" -i"C:/Users/thielith/ti/ccs1250/ccs/tools/compiler/ti-cgt-arm_20.2.7.LTS/include" --reread_libs --diag_wrap=off --display_error_number --warn_sections --xml_link_info="uart_demo_linkInfo.xml" --rom_model -o "uart_demo.out" "./gpio_if.obj" "./main.obj" "./pin_mux_config.obj" "./startup_ccs.obj" "./uart_if.obj" "../cc3200v1p32.cmd"  -l"C:/Users/thielith/ti/CC3200SDK_1.5.0/cc3200-sdk/driverlib/ccs/Release/driverlib.a" -llibc.a 
<Linking>
Finished building target: "uart_demo.out"
 
C:/Users/thielith/ti/ccs1250/ccs/utils/tiobj2bin/tiobj2bin uart_demo.out uart_demo.bin C:/Users/thielith/ti/ccs1250/ccs/tools/compiler/ti-cgt-arm_20.2.7.LTS/bin/armofd C:/Users/thielith/ti/ccs1250/ccs/tools/compiler/ti-cgt-arm_20.2.7.LTS/bin/armhex C:/Users/thielith/ti/ccs1250/ccs/utils/tiobj2bin/mkhex4bin
 

**** Build Finished ****

**** Build of configuration Debug for project uart_demo ****

"C:\\Users\\thielith\\ti\\ccs1250\\ccs\\utils\\bin\\gmake" -k -j 4 all -O 
 
gmake[1]: 'uart_demo.out' is up to date.

**** Build Finished ****

**** Clean-only build of configuration Debug for project lab1-part2_uart_demo ****

"C:\\Users\\thielith\\ti\\ccs1250\\ccs\\utils\\bin\\gmake" -k -j 4 clean -O 
 
DEL /F  "uart_demo.out" 
DEL /F "gpio_if.obj" "main.obj" "pin_mux_config.obj" "startup_ccs.obj" "uart_if.obj" 
DEL /F "gpio_if.d" "main.d" "pin_mux_config.d" "startup_ccs.d" "uart_if.d" 
Finished clean
 

**** Build Finished ****

**** Build of configuration Debug for project lab1-part2_uart_demo ****

"C:\\Users\\thielith\\ti\\ccs1250\\ccs\\utils\\bin\\gmake" -k -j 4 all -O 
 
Building file: "../pin_mux_config.c"
Invoking: Arm Compiler
"C:/Users/thielith/ti/ccs1250/ccs/tools/compiler/ti-cgt-arm_20.2.7.LTS/bin/armcl" -mv7M4 --code_state=16 --float_support=none -me -Ooff --include_path="C:/Users/thielith/Desktop/eec-172/lab/workspace/lab1-part2_uart_demo" --include_path="C:/Users/thielith/ti/CC3200SDK_1.5.0/cc3200-sdk/" --include_path="C:/Users/thielith/ti/CC3200SDK_1.5.0/cc3200-sdk/driverlib/" --include_path="C:/Users/thielith/ti/CC3200SDK_1.5.0/cc3200-sdk/inc/" --include_path="C:/Users/thielith/ti/CC3200SDK_1.5.0/cc3200-sdk/example/common/" --include_path="C:/Users/thielith/ti/ccs1250/ccs/tools/compiler/ti-cgt-arm_20.2.7.LTS/include" --define=ccs --define=cc3200 -g --diag_warning=225 --diag_wrap=off --display_error_number --abi=eabi --preproc_with_compile --preproc_dependency="pin_mux_config.d_raw"  "../pin_mux_config.c"
Finished building: "../pin_mux_config.c"
 
Building file: "C:/Users/thielith/ti/CC3200SDK_1.5.0/cc3200-sdk/example/common/gpio_if.c"
Invoking: Arm Compiler
"C:/Users/thielith/ti/ccs1250/ccs/tools/compiler/ti-cgt-arm_20.2.7.LTS/bin/armcl" -mv7M4 --code_state=16 --float_support=none -me -Ooff --include_path="C:/Users/thielith/Desktop/eec-172/lab/workspace/lab1-part2_uart_demo" --include_path="C:/Users/thielith/ti/CC3200SDK_1.5.0/cc3200-sdk/" --include_path="C:/Users/thielith/ti/CC3200SDK_1.5.0/cc3200-sdk/driverlib/" --include_path="C:/Users/thielith/ti/CC3200SDK_1.5.0/cc3200-sdk/inc/" --include_path="C:/Users/thielith/ti/CC3200SDK_1.5.0/cc3200-sdk/example/common/" --include_path="C:/Users/thielith/ti/ccs1250/ccs/tools/compiler/ti-cgt-arm_20.2.7.LTS/include" --define=ccs --define=cc3200 -g --diag_warning=225 --diag_wrap=off --display_error_number --abi=eabi --preproc_with_compile --preproc_dependency="gpio_if.d_raw"  "C:/Users/thielith/ti/CC3200SDK_1.5.0/cc3200-sdk/example/common/gpio_if.c"
Finished building: "C:/Users/thielith/ti/CC3200SDK_1.5.0/cc3200-sdk/example/common/gpio_if.c"
 
Building file: "../main.c"
Invoking: Arm Compiler
"C:/Users/thielith/ti/ccs1250/ccs/tools/compiler/ti-cgt-arm_20.2.7.LTS/bin/armcl" -mv7M4 --code_state=16 --float_support=none -me -Ooff --include_path="C:/Users/thielith/Desktop/eec-172/lab/workspace/lab1-part2_uart_demo" --include_path="C:/Users/thielith/ti/CC3200SDK_1.5.0/cc3200-sdk/" --include_path="C:/Users/thielith/ti/CC3200SDK_1.5.0/cc3200-sdk/driverlib/" --include_path="C:/Users/thielith/ti/CC3200SDK_1.5.0/cc3200-sdk/inc/" --include_path="C:/Users/thielith/ti/CC3200SDK_1.5.0/cc3200-sdk/example/common/" --include_path="C:/Users/thielith/ti/ccs1250/ccs/tools/compiler/ti-cgt-arm_20.2.7.LTS/include" --define=ccs --define=cc3200 -g --diag_warning=225 --diag_wrap=off --display_error_number --abi=eabi --preproc_with_compile --preproc_dependency="main.d_raw"  "../main.c"
Finished building: "../main.c"
 
Building file: "C:/Users/thielith/ti/CC3200SDK_1.5.0/cc3200-sdk/example/common/startup_ccs.c"
Invoking: Arm Compiler
"C:/Users/thielith/ti/ccs1250/ccs/tools/compiler/ti-cgt-arm_20.2.7.LTS/bin/armcl" -mv7M4 --code_state=16 --float_support=none -me -Ooff --include_path="C:/Users/thielith/Desktop/eec-172/lab/workspace/lab1-part2_uart_demo" --include_path="C:/Users/thielith/ti/CC3200SDK_1.5.0/cc3200-sdk/" --include_path="C:/Users/thielith/ti/CC3200SDK_1.5.0/cc3200-sdk/driverlib/" --include_path="C:/Users/thielith/ti/CC3200SDK_1.5.0/cc3200-sdk/inc/" --include_path="C:/Users/thielith/ti/CC3200SDK_1.5.0/cc3200-sdk/example/common/" --include_path="C:/Users/thielith/ti/ccs1250/ccs/tools/compiler/ti-cgt-arm_20.2.7.LTS/include" --define=ccs --define=cc3200 -g --diag_warning=225 --diag_wrap=off --display_error_number --abi=eabi --preproc_with_compile --preproc_dependency="startup_ccs.d_raw"  "C:/Users/thielith/ti/CC3200SDK_1.5.0/cc3200-sdk/example/common/startup_ccs.c"
Finished building: "C:/Users/thielith/ti/CC3200SDK_1.5.0/cc3200-sdk/example/common/startup_ccs.c"
 
Building file: "../uart_if.c"
Invoking: Arm Compiler
"C:/Users/thielith/ti/ccs1250/ccs/tools/compiler/ti-cgt-arm_20.2.7.LTS/bin/armcl" -mv7M4 --code_state=16 --float_support=none -me -Ooff --include_path="C:/Users/thielith/Desktop/eec-172/lab/workspace/lab1-part2_uart_demo" --include_path="C:/Users/thielith/ti/CC3200SDK_1.5.0/cc3200-sdk/" --include_path="C:/Users/thielith/ti/CC3200SDK_1.5.0/cc3200-sdk/driverlib/" --include_path="C:/Users/thielith/ti/CC3200SDK_1.5.0/cc3200-sdk/inc/" --include_path="C:/Users/thielith/ti/CC3200SDK_1.5.0/cc3200-sdk/example/common/" --include_path="C:/Users/thielith/ti/ccs1250/ccs/tools/compiler/ti-cgt-arm_20.2.7.LTS/include" --define=ccs --define=cc3200 -g --diag_warning=225 --diag_wrap=off --display_error_number --abi=eabi --preproc_with_compile --preproc_dependency="uart_if.d_raw"  "../uart_if.c"
Finished building: "../uart_if.c"
 
Building target: "lab1-part2_uart_demo.out"
Invoking: Arm Linker
"C:/Users/thielith/ti/ccs1250/ccs/tools/compiler/ti-cgt-arm_20.2.7.LTS/bin/armcl" -mv7M4 --code_state=16 --float_support=none -me -Ooff --define=ccs --define=cc3200 -g --diag_warning=225 --diag_wrap=off --display_error_number --abi=eabi -z -m"lab1-part2_uart_demo.map" --heap_size=0x800 --stack_size=0x100 -i"C:/Users/thielith/ti/ccs1250/ccs/tools/compiler/ti-cgt-arm_20.2.7.LTS/lib" -i"C:/Users/thielith/ti/ccs1250/ccs/tools/compiler/ti-cgt-arm_20.2.7.LTS/include" --reread_libs --diag_wrap=off --display_error_number --warn_sections --xml_link_info="lab1-part2_uart_demo_linkInfo.xml" --rom_model -o "lab1-part2_uart_demo.out" "./gpio_if.obj" "./main.obj" "./pin_mux_config.obj" "./startup_ccs.obj" "./uart_if.obj" "../cc3200v1p32.cmd"  -l"C:/Users/thielith/ti/CC3200SDK_1.5.0/cc3200-sdk/driverlib/ccs/Release/driverlib.a" -llibc.a 
<Linking>
Finished building target: "lab1-part2_uart_demo.out"
 
C:/Users/thielith/ti/ccs1250/ccs/utils/tiobj2bin/tiobj2bin lab1-part2_uart_demo.out lab1-part2_uart_demo.bin C:/Users/thielith/ti/ccs1250/ccs/tools/compiler/ti-cgt-arm_20.2.7.LTS/bin/armofd C:/Users/thielith/ti/ccs1250/ccs/tools/compiler/ti-cgt-arm_20.2.7.LTS/bin/armhex C:/Users/thielith/ti/ccs1250/ccs/utils/tiobj2bin/mkhex4bin
 

**** Build Finished ****

**** Build of configuration Debug for project lab1-part2_uart_demo ****

"C:\\Users\\thielith\\ti\\ccs1250\\ccs\\utils\\bin\\gmake" -k -j 4 all -O 
 
gmake[1]: 'lab1-part2_uart_demo.out' is up to date.

**** Build Finished ****
