
**** Build of configuration Debug for project sliding_ball ****

"C:\\Users\\thielith\\ti\\ccs1250\\ccs\\utils\\bin\\gmake" -k -j 4 all -O 
 
gmake[1]: 'sliding_ball.out' is up to date.

**** Build Finished ****

**** Build of configuration Debug for project sliding_ball ****

"C:\\Users\\thielith\\ti\\ccs1250\\ccs\\utils\\bin\\gmake" -k -j 4 all -O 
 
gmake[1]: 'sliding_ball.out' is up to date.

**** Build Finished ****

**** Build of configuration Debug for project sliding_ball ****

"C:\\Users\\thielith\\ti\\ccs1250\\ccs\\utils\\bin\\gmake" -k -j 4 all -O 
 
Building file: "../main.c"
Invoking: Arm Compiler
"C:/Users/thielith/ti/ccs1250/ccs/tools/compiler/ti-cgt-arm_20.2.7.LTS/bin/armcl" -mv7M4 --code_state=16 --float_support=none -me -Ooff --include_path="C:/Users/thielith/Desktop/Shared/class/EEC_172/lab-files/2/files/workspace/sliding_ball" --include_path="C:/Users/thielith/ti/CC3200SDK_1.5.0/cc3200-sdk/" --include_path="C:/Users/thielith/ti/CC3200SDK_1.5.0/cc3200-sdk/driverlib/" --include_path="C:/Users/thielith/ti/CC3200SDK_1.5.0/cc3200-sdk/inc/" --include_path="C:/Users/thielith/ti/CC3200SDK_1.5.0/cc3200-sdk/example/common/" --include_path="C:/Users/thielith/ti/ccs1250/ccs/tools/compiler/ti-cgt-arm_20.2.7.LTS/include" --define=ccs --define=cc3200 -g --diag_warning=225 --diag_wrap=off --display_error_number --abi=eabi --preproc_with_compile --preproc_dependency="main.d_raw"  "../main.c"
"../main.c", line 150: warning #179-D: function "delay" was declared but never referenced
Finished building: "../main.c"
 
Building target: "sliding_ball.out"
Invoking: Arm Linker
"C:/Users/thielith/ti/ccs1250/ccs/tools/compiler/ti-cgt-arm_20.2.7.LTS/bin/armcl" -mv7M4 --code_state=16 --float_support=none -me -Ooff --define=ccs --define=cc3200 -g --diag_warning=225 --diag_wrap=off --display_error_number --abi=eabi -z -m"sliding_ball.map" --heap_size=0x800 --stack_size=0x800 -i"C:/Users/thielith/ti/ccs1250/ccs/tools/compiler/ti-cgt-arm_20.2.7.LTS/lib" -i"C:/Users/thielith/ti/ccs1250/ccs/tools/compiler/ti-cgt-arm_20.2.7.LTS/include" --reread_libs --diag_wrap=off --display_error_number --warn_sections --xml_link_info="sliding_ball_linkInfo.xml" --rom_model -o "sliding_ball.out" "./Adafruit_GFX.obj" "./Adafruit_OLED.obj" "./i2c_if.obj" "./main.obj" "./oled_test.obj" "./pin_mux_config.obj" "./startup_ccs.obj" "./uart_if.obj" "../cc3200v1p32.cmd"  -l"C:/Users/thielith/ti/CC3200SDK_1.5.0/cc3200-sdk/driverlib/ccs/Release/driverlib.a" -llibc.a 
<Linking>
Finished building target: "sliding_ball.out"
 
C:/Users/thielith/ti/ccs1250/ccs/utils/tiobj2bin/tiobj2bin sliding_ball.out sliding_ball.bin C:/Users/thielith/ti/ccs1250/ccs/tools/compiler/ti-cgt-arm_20.2.7.LTS/bin/armofd C:/Users/thielith/ti/ccs1250/ccs/tools/compiler/ti-cgt-arm_20.2.7.LTS/bin/armhex C:/Users/thielith/ti/ccs1250/ccs/utils/tiobj2bin/mkhex4bin
 

**** Build Finished ****

**** Build of configuration Debug for project sliding_ball ****

"C:\\Users\\thielith\\ti\\ccs1250\\ccs\\utils\\bin\\gmake" -k -j 4 all -O 
 
gmake[1]: 'sliding_ball.out' is up to date.

**** Build Finished ****

**** Build of configuration Debug for project sliding_ball ****

"C:\\Users\\thielith\\ti\\ccs1250\\ccs\\utils\\bin\\gmake" -k -j 4 all -O 
 
Building file: "../main.c"
Invoking: Arm Compiler
"C:/Users/thielith/ti/ccs1250/ccs/tools/compiler/ti-cgt-arm_20.2.7.LTS/bin/armcl" -mv7M4 --code_state=16 --float_support=none -me -Ooff --include_path="C:/Users/thielith/Desktop/Shared/class/EEC_172/lab-files/2/files/workspace/sliding_ball" --include_path="C:/Users/thielith/ti/CC3200SDK_1.5.0/cc3200-sdk/" --include_path="C:/Users/thielith/ti/CC3200SDK_1.5.0/cc3200-sdk/driverlib/" --include_path="C:/Users/thielith/ti/CC3200SDK_1.5.0/cc3200-sdk/inc/" --include_path="C:/Users/thielith/ti/CC3200SDK_1.5.0/cc3200-sdk/example/common/" --include_path="C:/Users/thielith/ti/ccs1250/ccs/tools/compiler/ti-cgt-arm_20.2.7.LTS/include" --define=ccs --define=cc3200 -g --diag_warning=225 --diag_wrap=off --display_error_number --abi=eabi --preproc_with_compile --preproc_dependency="main.d_raw"  "../main.c"
"../main.c", line 150: warning #179-D: function "delay" was declared but never referenced
Finished building: "../main.c"
 
Building target: "sliding_ball.out"
Invoking: Arm Linker
"C:/Users/thielith/ti/ccs1250/ccs/tools/compiler/ti-cgt-arm_20.2.7.LTS/bin/armcl" -mv7M4 --code_state=16 --float_support=none -me -Ooff --define=ccs --define=cc3200 -g --diag_warning=225 --diag_wrap=off --display_error_number --abi=eabi -z -m"sliding_ball.map" --heap_size=0x800 --stack_size=0x800 -i"C:/Users/thielith/ti/ccs1250/ccs/tools/compiler/ti-cgt-arm_20.2.7.LTS/lib" -i"C:/Users/thielith/ti/ccs1250/ccs/tools/compiler/ti-cgt-arm_20.2.7.LTS/include" --reread_libs --diag_wrap=off --display_error_number --warn_sections --xml_link_info="sliding_ball_linkInfo.xml" --rom_model -o "sliding_ball.out" "./Adafruit_GFX.obj" "./Adafruit_OLED.obj" "./i2c_if.obj" "./main.obj" "./oled_test.obj" "./pin_mux_config.obj" "./startup_ccs.obj" "./uart_if.obj" "../cc3200v1p32.cmd"  -l"C:/Users/thielith/ti/CC3200SDK_1.5.0/cc3200-sdk/driverlib/ccs/Release/driverlib.a" -llibc.a 
<Linking>
Finished building target: "sliding_ball.out"
 
C:/Users/thielith/ti/ccs1250/ccs/utils/tiobj2bin/tiobj2bin sliding_ball.out sliding_ball.bin C:/Users/thielith/ti/ccs1250/ccs/tools/compiler/ti-cgt-arm_20.2.7.LTS/bin/armofd C:/Users/thielith/ti/ccs1250/ccs/tools/compiler/ti-cgt-arm_20.2.7.LTS/bin/armhex C:/Users/thielith/ti/ccs1250/ccs/utils/tiobj2bin/mkhex4bin
 

**** Build Finished ****

**** Build of configuration Debug for project sliding_ball ****

"C:\\Users\\thielith\\ti\\ccs1250\\ccs\\utils\\bin\\gmake" -k -j 4 all -O 
 
gmake[1]: 'sliding_ball.out' is up to date.

**** Build Finished ****

**** Build of configuration Debug for project sliding_ball ****

"C:\\Users\\thielith\\ti\\ccs1250\\ccs\\utils\\bin\\gmake" -k -j 4 all -O 
 
Building file: "../main.c"
Invoking: Arm Compiler
"C:/Users/thielith/ti/ccs1250/ccs/tools/compiler/ti-cgt-arm_20.2.7.LTS/bin/armcl" -mv7M4 --code_state=16 --float_support=none -me -Ooff --include_path="C:/Users/thielith/Desktop/Shared/class/EEC_172/lab-files/2/files/workspace/sliding_ball" --include_path="C:/Users/thielith/ti/CC3200SDK_1.5.0/cc3200-sdk/" --include_path="C:/Users/thielith/ti/CC3200SDK_1.5.0/cc3200-sdk/driverlib/" --include_path="C:/Users/thielith/ti/CC3200SDK_1.5.0/cc3200-sdk/inc/" --include_path="C:/Users/thielith/ti/CC3200SDK_1.5.0/cc3200-sdk/example/common/" --include_path="C:/Users/thielith/ti/ccs1250/ccs/tools/compiler/ti-cgt-arm_20.2.7.LTS/include" --define=ccs --define=cc3200 -g --diag_warning=225 --diag_wrap=off --display_error_number --abi=eabi --preproc_with_compile --preproc_dependency="main.d_raw"  "../main.c"
"../main.c", line 150: warning #179-D: function "delay" was declared but never referenced
Finished building: "../main.c"
 
Building target: "sliding_ball.out"
Invoking: Arm Linker
"C:/Users/thielith/ti/ccs1250/ccs/tools/compiler/ti-cgt-arm_20.2.7.LTS/bin/armcl" -mv7M4 --code_state=16 --float_support=none -me -Ooff --define=ccs --define=cc3200 -g --diag_warning=225 --diag_wrap=off --display_error_number --abi=eabi -z -m"sliding_ball.map" --heap_size=0x800 --stack_size=0x800 -i"C:/Users/thielith/ti/ccs1250/ccs/tools/compiler/ti-cgt-arm_20.2.7.LTS/lib" -i"C:/Users/thielith/ti/ccs1250/ccs/tools/compiler/ti-cgt-arm_20.2.7.LTS/include" --reread_libs --diag_wrap=off --display_error_number --warn_sections --xml_link_info="sliding_ball_linkInfo.xml" --rom_model -o "sliding_ball.out" "./Adafruit_GFX.obj" "./Adafruit_OLED.obj" "./i2c_if.obj" "./main.obj" "./oled_test.obj" "./pin_mux_config.obj" "./startup_ccs.obj" "./uart_if.obj" "../cc3200v1p32.cmd"  -l"C:/Users/thielith/ti/CC3200SDK_1.5.0/cc3200-sdk/driverlib/ccs/Release/driverlib.a" -llibc.a 
<Linking>
Finished building target: "sliding_ball.out"
 
C:/Users/thielith/ti/ccs1250/ccs/utils/tiobj2bin/tiobj2bin sliding_ball.out sliding_ball.bin C:/Users/thielith/ti/ccs1250/ccs/tools/compiler/ti-cgt-arm_20.2.7.LTS/bin/armofd C:/Users/thielith/ti/ccs1250/ccs/tools/compiler/ti-cgt-arm_20.2.7.LTS/bin/armhex C:/Users/thielith/ti/ccs1250/ccs/utils/tiobj2bin/mkhex4bin
 

**** Build Finished ****

**** Build of configuration Debug for project sliding_ball ****

"C:\\Users\\thielith\\ti\\ccs1250\\ccs\\utils\\bin\\gmake" -k -j 4 all -O 
 
Building file: "../main.c"
Invoking: Arm Compiler
"C:/Users/thielith/ti/ccs1250/ccs/tools/compiler/ti-cgt-arm_20.2.7.LTS/bin/armcl" -mv7M4 --code_state=16 --float_support=none -me -Ooff --include_path="C:/Users/thielith/Desktop/Shared/class/EEC_172/lab-files/2/files/workspace/sliding_ball" --include_path="C:/Users/thielith/ti/CC3200SDK_1.5.0/cc3200-sdk/" --include_path="C:/Users/thielith/ti/CC3200SDK_1.5.0/cc3200-sdk/driverlib/" --include_path="C:/Users/thielith/ti/CC3200SDK_1.5.0/cc3200-sdk/inc/" --include_path="C:/Users/thielith/ti/CC3200SDK_1.5.0/cc3200-sdk/example/common/" --include_path="C:/Users/thielith/ti/ccs1250/ccs/tools/compiler/ti-cgt-arm_20.2.7.LTS/include" --define=ccs --define=cc3200 -g --diag_warning=225 --diag_wrap=off --display_error_number --abi=eabi --preproc_with_compile --preproc_dependency="main.d_raw"  "../main.c"
"../main.c", line 150: warning #179-D: function "delay" was declared but never referenced
"../main.c", line 175: warning #179-D: variable "ball_radius" was declared but never referenced
"../main.c", line 176: warning #179-D: variable "old_radius" was declared but never referenced
Finished building: "../main.c"
 
Building target: "sliding_ball.out"
Invoking: Arm Linker
"C:/Users/thielith/ti/ccs1250/ccs/tools/compiler/ti-cgt-arm_20.2.7.LTS/bin/armcl" -mv7M4 --code_state=16 --float_support=none -me -Ooff --define=ccs --define=cc3200 -g --diag_warning=225 --diag_wrap=off --display_error_number --abi=eabi -z -m"sliding_ball.map" --heap_size=0x800 --stack_size=0x800 -i"C:/Users/thielith/ti/ccs1250/ccs/tools/compiler/ti-cgt-arm_20.2.7.LTS/lib" -i"C:/Users/thielith/ti/ccs1250/ccs/tools/compiler/ti-cgt-arm_20.2.7.LTS/include" --reread_libs --diag_wrap=off --display_error_number --warn_sections --xml_link_info="sliding_ball_linkInfo.xml" --rom_model -o "sliding_ball.out" "./Adafruit_GFX.obj" "./Adafruit_OLED.obj" "./i2c_if.obj" "./main.obj" "./oled_test.obj" "./pin_mux_config.obj" "./startup_ccs.obj" "./uart_if.obj" "../cc3200v1p32.cmd"  -l"C:/Users/thielith/ti/CC3200SDK_1.5.0/cc3200-sdk/driverlib/ccs/Release/driverlib.a" -llibc.a 
<Linking>
Finished building target: "sliding_ball.out"
 
C:/Users/thielith/ti/ccs1250/ccs/utils/tiobj2bin/tiobj2bin sliding_ball.out sliding_ball.bin C:/Users/thielith/ti/ccs1250/ccs/tools/compiler/ti-cgt-arm_20.2.7.LTS/bin/armofd C:/Users/thielith/ti/ccs1250/ccs/tools/compiler/ti-cgt-arm_20.2.7.LTS/bin/armhex C:/Users/thielith/ti/ccs1250/ccs/utils/tiobj2bin/mkhex4bin
 

**** Build Finished ****

**** Build of configuration Debug for project sliding_ball ****

"C:\\Users\\thielith\\ti\\ccs1250\\ccs\\utils\\bin\\gmake" -k -j 4 all -O 
 
Building file: "../main.c"
Invoking: Arm Compiler
"C:/Users/thielith/ti/ccs1250/ccs/tools/compiler/ti-cgt-arm_20.2.7.LTS/bin/armcl" -mv7M4 --code_state=16 --float_support=none -me -Ooff --include_path="C:/Users/thielith/Desktop/Shared/class/EEC_172/lab-files/2/files/workspace/sliding_ball" --include_path="C:/Users/thielith/ti/CC3200SDK_1.5.0/cc3200-sdk/" --include_path="C:/Users/thielith/ti/CC3200SDK_1.5.0/cc3200-sdk/driverlib/" --include_path="C:/Users/thielith/ti/CC3200SDK_1.5.0/cc3200-sdk/inc/" --include_path="C:/Users/thielith/ti/CC3200SDK_1.5.0/cc3200-sdk/example/common/" --include_path="C:/Users/thielith/ti/ccs1250/ccs/tools/compiler/ti-cgt-arm_20.2.7.LTS/include" --define=ccs --define=cc3200 -g --diag_warning=225 --diag_wrap=off --display_error_number --abi=eabi --preproc_with_compile --preproc_dependency="main.d_raw"  "../main.c"
 
>> Compilation failure
subdir_rules.mk:9: recipe for target 'main.obj' failed
"../main.c", line 183: error #29: expected an expression
"../main.c", line 241: error #141: too many arguments in function call
"../main.c", line 252: error #29: expected an expression
"../main.c", line 255: error #29: expected an expression
"../main.c", line 257: error #29: expected an expression
"../main.c", line 150: warning #179-D: function "delay" was declared but never referenced
"../main.c", line 179: warning #179-D: variable "ball_radius" was declared but never referenced
"../main.c", line 180: warning #179-D: variable "old_radius" was declared but never referenced
5 errors detected in the compilation of "../main.c".
gmake: *** [main.obj] Error 1
gmake: Target 'all' not remade because of errors.

**** Build Finished ****

**** Build of configuration Debug for project sliding_ball ****

"C:\\Users\\thielith\\ti\\ccs1250\\ccs\\utils\\bin\\gmake" -k -j 4 all -O 
 
Building file: "../main.c"
Invoking: Arm Compiler
"C:/Users/thielith/ti/ccs1250/ccs/tools/compiler/ti-cgt-arm_20.2.7.LTS/bin/armcl" -mv7M4 --code_state=16 --float_support=none -me -Ooff --include_path="C:/Users/thielith/Desktop/Shared/class/EEC_172/lab-files/2/files/workspace/sliding_ball" --include_path="C:/Users/thielith/ti/CC3200SDK_1.5.0/cc3200-sdk/" --include_path="C:/Users/thielith/ti/CC3200SDK_1.5.0/cc3200-sdk/driverlib/" --include_path="C:/Users/thielith/ti/CC3200SDK_1.5.0/cc3200-sdk/inc/" --include_path="C:/Users/thielith/ti/CC3200SDK_1.5.0/cc3200-sdk/example/common/" --include_path="C:/Users/thielith/ti/ccs1250/ccs/tools/compiler/ti-cgt-arm_20.2.7.LTS/include" --define=ccs --define=cc3200 -g --diag_warning=225 --diag_wrap=off --display_error_number --abi=eabi --preproc_with_compile --preproc_dependency="main.d_raw"  "../main.c"
 
>> Compilation failure
subdir_rules.mk:9: recipe for target 'main.obj' failed
"../main.c", line 183: error #29: expected an expression
"../main.c", line 241: error #20: identifier "chara" is undefined
"../main.c", line 254: error #29: expected an expression
"../main.c", line 257: error #29: expected an expression
"../main.c", line 259: error #29: expected an expression
"../main.c", line 150: warning #179-D: function "delay" was declared but never referenced
"../main.c", line 179: warning #179-D: variable "ball_radius" was declared but never referenced
"../main.c", line 180: warning #179-D: variable "old_radius" was declared but never referenced
5 errors detected in the compilation of "../main.c".
gmake: *** [main.obj] Error 1
gmake: Target 'all' not remade because of errors.

**** Build Finished ****

**** Build of configuration Debug for project sliding_ball ****

"C:\\Users\\thielith\\ti\\ccs1250\\ccs\\utils\\bin\\gmake" -k -j 4 all -O 
 
Building file: "../main.c"
Invoking: Arm Compiler
"C:/Users/thielith/ti/ccs1250/ccs/tools/compiler/ti-cgt-arm_20.2.7.LTS/bin/armcl" -mv7M4 --code_state=16 --float_support=none -me -Ooff --include_path="C:/Users/thielith/Desktop/Shared/class/EEC_172/lab-files/2/files/workspace/sliding_ball" --include_path="C:/Users/thielith/ti/CC3200SDK_1.5.0/cc3200-sdk/" --include_path="C:/Users/thielith/ti/CC3200SDK_1.5.0/cc3200-sdk/driverlib/" --include_path="C:/Users/thielith/ti/CC3200SDK_1.5.0/cc3200-sdk/inc/" --include_path="C:/Users/thielith/ti/CC3200SDK_1.5.0/cc3200-sdk/example/common/" --include_path="C:/Users/thielith/ti/ccs1250/ccs/tools/compiler/ti-cgt-arm_20.2.7.LTS/include" --define=ccs --define=cc3200 -g --diag_warning=225 --diag_wrap=off --display_error_number --abi=eabi --preproc_with_compile --preproc_dependency="main.d_raw"  "../main.c"
 
>> Compilation failure
subdir_rules.mk:9: recipe for target 'main.obj' failed
"../main.c", line 183: error #29: expected an expression
"../main.c", line 254: error #29: expected an expression
"../main.c", line 257: error #29: expected an expression
"../main.c", line 259: error #29: expected an expression
"../main.c", line 150: warning #179-D: function "delay" was declared but never referenced
"../main.c", line 179: warning #179-D: variable "ball_radius" was declared but never referenced
"../main.c", line 180: warning #179-D: variable "old_radius" was declared but never referenced
4 errors detected in the compilation of "../main.c".
gmake: *** [main.obj] Error 1
gmake: Target 'all' not remade because of errors.

**** Build Finished ****

**** Build of configuration Debug for project sliding_ball ****

"C:\\Users\\thielith\\ti\\ccs1250\\ccs\\utils\\bin\\gmake" -k -j 4 all -O 
 
Building file: "../main.c"
Invoking: Arm Compiler
"C:/Users/thielith/ti/ccs1250/ccs/tools/compiler/ti-cgt-arm_20.2.7.LTS/bin/armcl" -mv7M4 --code_state=16 --float_support=none -me -Ooff --include_path="C:/Users/thielith/Desktop/Shared/class/EEC_172/lab-files/2/files/workspace/sliding_ball" --include_path="C:/Users/thielith/ti/CC3200SDK_1.5.0/cc3200-sdk/" --include_path="C:/Users/thielith/ti/CC3200SDK_1.5.0/cc3200-sdk/driverlib/" --include_path="C:/Users/thielith/ti/CC3200SDK_1.5.0/cc3200-sdk/inc/" --include_path="C:/Users/thielith/ti/CC3200SDK_1.5.0/cc3200-sdk/example/common/" --include_path="C:/Users/thielith/ti/ccs1250/ccs/tools/compiler/ti-cgt-arm_20.2.7.LTS/include" --define=ccs --define=cc3200 -g --diag_warning=225 --diag_wrap=off --display_error_number --abi=eabi --preproc_with_compile --preproc_dependency="main.d_raw"  "../main.c"
 
>> Compilation failure
subdir_rules.mk:9: recipe for target 'main.obj' failed
"../main.c", line 254: error #54: expected a ":"
"../main.c", line 257: error #54: expected a ":"
"../main.c", line 259: error #54: expected a ":"
"../main.c", line 150: warning #179-D: function "delay" was declared but never referenced
"../main.c", line 179: warning #179-D: variable "ball_radius" was declared but never referenced
"../main.c", line 180: warning #179-D: variable "old_radius" was declared but never referenced
3 errors detected in the compilation of "../main.c".
gmake: *** [main.obj] Error 1
gmake: Target 'all' not remade because of errors.

**** Build Finished ****

**** Build of configuration Debug for project sliding_ball ****

"C:\\Users\\thielith\\ti\\ccs1250\\ccs\\utils\\bin\\gmake" -k -j 4 all -O 
 
Building file: "../main.c"
Invoking: Arm Compiler
"C:/Users/thielith/ti/ccs1250/ccs/tools/compiler/ti-cgt-arm_20.2.7.LTS/bin/armcl" -mv7M4 --code_state=16 --float_support=none -me -Ooff --include_path="C:/Users/thielith/Desktop/Shared/class/EEC_172/lab-files/2/files/workspace/sliding_ball" --include_path="C:/Users/thielith/ti/CC3200SDK_1.5.0/cc3200-sdk/" --include_path="C:/Users/thielith/ti/CC3200SDK_1.5.0/cc3200-sdk/driverlib/" --include_path="C:/Users/thielith/ti/CC3200SDK_1.5.0/cc3200-sdk/inc/" --include_path="C:/Users/thielith/ti/CC3200SDK_1.5.0/cc3200-sdk/example/common/" --include_path="C:/Users/thielith/ti/ccs1250/ccs/tools/compiler/ti-cgt-arm_20.2.7.LTS/include" --define=ccs --define=cc3200 -g --diag_warning=225 --diag_wrap=off --display_error_number --abi=eabi --preproc_with_compile --preproc_dependency="main.d_raw"  "../main.c"
 
>> Compilation failure
subdir_rules.mk:9: recipe for target 'main.obj' failed
"../main.c", line 254: error #54: expected a ":"
"../main.c", line 256: error #54: expected a ":"
"../main.c", line 258: error #54: expected a ":"
"../main.c", line 150: warning #179-D: function "delay" was declared but never referenced
"../main.c", line 179: warning #179-D: variable "ball_radius" was declared but never referenced
"../main.c", line 180: warning #179-D: variable "old_radius" was declared but never referenced
3 errors detected in the compilation of "../main.c".
gmake: *** [main.obj] Error 1
gmake: Target 'all' not remade because of errors.

**** Build Finished ****

**** Build of configuration Debug for project sliding_ball ****

"C:\\Users\\thielith\\ti\\ccs1250\\ccs\\utils\\bin\\gmake" -k -j 4 all -O 
 
Building file: "../main.c"
Invoking: Arm Compiler
"C:/Users/thielith/ti/ccs1250/ccs/tools/compiler/ti-cgt-arm_20.2.7.LTS/bin/armcl" -mv7M4 --code_state=16 --float_support=none -me -Ooff --include_path="C:/Users/thielith/Desktop/Shared/class/EEC_172/lab-files/2/files/workspace/sliding_ball" --include_path="C:/Users/thielith/ti/CC3200SDK_1.5.0/cc3200-sdk/" --include_path="C:/Users/thielith/ti/CC3200SDK_1.5.0/cc3200-sdk/driverlib/" --include_path="C:/Users/thielith/ti/CC3200SDK_1.5.0/cc3200-sdk/inc/" --include_path="C:/Users/thielith/ti/CC3200SDK_1.5.0/cc3200-sdk/example/common/" --include_path="C:/Users/thielith/ti/ccs1250/ccs/tools/compiler/ti-cgt-arm_20.2.7.LTS/include" --define=ccs --define=cc3200 -g --diag_warning=225 --diag_wrap=off --display_error_number --abi=eabi --preproc_with_compile --preproc_dependency="main.d_raw"  "../main.c"
"../main.c", line 150: warning #179-D: function "delay" was declared but never referenced
"../main.c", line 179: warning #179-D: variable "ball_radius" was declared but never referenced
"../main.c", line 180: warning #179-D: variable "old_radius" was declared but never referenced
Finished building: "../main.c"
 
Building target: "sliding_ball.out"
Invoking: Arm Linker
"C:/Users/thielith/ti/ccs1250/ccs/tools/compiler/ti-cgt-arm_20.2.7.LTS/bin/armcl" -mv7M4 --code_state=16 --float_support=none -me -Ooff --define=ccs --define=cc3200 -g --diag_warning=225 --diag_wrap=off --display_error_number --abi=eabi -z -m"sliding_ball.map" --heap_size=0x800 --stack_size=0x800 -i"C:/Users/thielith/ti/ccs1250/ccs/tools/compiler/ti-cgt-arm_20.2.7.LTS/lib" -i"C:/Users/thielith/ti/ccs1250/ccs/tools/compiler/ti-cgt-arm_20.2.7.LTS/include" --reread_libs --diag_wrap=off --display_error_number --warn_sections --xml_link_info="sliding_ball_linkInfo.xml" --rom_model -o "sliding_ball.out" "./Adafruit_GFX.obj" "./Adafruit_OLED.obj" "./i2c_if.obj" "./main.obj" "./oled_test.obj" "./pin_mux_config.obj" "./startup_ccs.obj" "./uart_if.obj" "../cc3200v1p32.cmd"  -l"C:/Users/thielith/ti/CC3200SDK_1.5.0/cc3200-sdk/driverlib/ccs/Release/driverlib.a" -llibc.a 
<Linking>
Finished building target: "sliding_ball.out"
 
C:/Users/thielith/ti/ccs1250/ccs/utils/tiobj2bin/tiobj2bin sliding_ball.out sliding_ball.bin C:/Users/thielith/ti/ccs1250/ccs/tools/compiler/ti-cgt-arm_20.2.7.LTS/bin/armofd C:/Users/thielith/ti/ccs1250/ccs/tools/compiler/ti-cgt-arm_20.2.7.LTS/bin/armhex C:/Users/thielith/ti/ccs1250/ccs/utils/tiobj2bin/mkhex4bin
 

**** Build Finished ****

**** Build of configuration Debug for project sliding_ball ****

"C:\\Users\\thielith\\ti\\ccs1250\\ccs\\utils\\bin\\gmake" -k -j 4 all -O 
 
gmake[1]: 'sliding_ball.out' is up to date.

**** Build Finished ****

**** Build of configuration Debug for project sliding_ball ****

"C:\\Users\\thielith\\ti\\ccs1250\\ccs\\utils\\bin\\gmake" -k -j 4 all -O 
 
Building file: "../main.c"
Invoking: Arm Compiler
"C:/Users/thielith/ti/ccs1250/ccs/tools/compiler/ti-cgt-arm_20.2.7.LTS/bin/armcl" -mv7M4 --code_state=16 --float_support=none -me -Ooff --include_path="C:/Users/thielith/Desktop/Shared/class/EEC_172/lab-files/2/files/workspace/sliding_ball" --include_path="C:/Users/thielith/ti/CC3200SDK_1.5.0/cc3200-sdk/" --include_path="C:/Users/thielith/ti/CC3200SDK_1.5.0/cc3200-sdk/driverlib/" --include_path="C:/Users/thielith/ti/CC3200SDK_1.5.0/cc3200-sdk/inc/" --include_path="C:/Users/thielith/ti/CC3200SDK_1.5.0/cc3200-sdk/example/common/" --include_path="C:/Users/thielith/ti/ccs1250/ccs/tools/compiler/ti-cgt-arm_20.2.7.LTS/include" --define=ccs --define=cc3200 -g --diag_warning=225 --diag_wrap=off --display_error_number --abi=eabi --preproc_with_compile --preproc_dependency="main.d_raw"  "../main.c"
 
>> Compilation failure
subdir_rules.mk:9: recipe for target 'main.obj' failed
"../main.c", line 243: error #18: expected a ")"
"../main.c", line 150: warning #179-D: function "delay" was declared but never referenced
"../main.c", line 180: warning #179-D: variable "ball_radius" was declared but never referenced
"../main.c", line 181: warning #179-D: variable "old_radius" was declared but never referenced
1 error detected in the compilation of "../main.c".
gmake: *** [main.obj] Error 1
gmake: Target 'all' not remade because of errors.

**** Build Finished ****

**** Build of configuration Debug for project sliding_ball ****

"C:\\Users\\thielith\\ti\\ccs1250\\ccs\\utils\\bin\\gmake" -k -j 4 all -O 
 
Building file: "../main.c"
Invoking: Arm Compiler
"C:/Users/thielith/ti/ccs1250/ccs/tools/compiler/ti-cgt-arm_20.2.7.LTS/bin/armcl" -mv7M4 --code_state=16 --float_support=none -me -Ooff --include_path="C:/Users/thielith/Desktop/Shared/class/EEC_172/lab-files/2/files/workspace/sliding_ball" --include_path="C:/Users/thielith/ti/CC3200SDK_1.5.0/cc3200-sdk/" --include_path="C:/Users/thielith/ti/CC3200SDK_1.5.0/cc3200-sdk/driverlib/" --include_path="C:/Users/thielith/ti/CC3200SDK_1.5.0/cc3200-sdk/inc/" --include_path="C:/Users/thielith/ti/CC3200SDK_1.5.0/cc3200-sdk/example/common/" --include_path="C:/Users/thielith/ti/ccs1250/ccs/tools/compiler/ti-cgt-arm_20.2.7.LTS/include" --define=ccs --define=cc3200 -g --diag_warning=225 --diag_wrap=off --display_error_number --abi=eabi --preproc_with_compile --preproc_dependency="main.d_raw"  "../main.c"
"../main.c", line 150: warning #179-D: function "delay" was declared but never referenced
"../main.c", line 180: warning #179-D: variable "ball_radius" was declared but never referenced
"../main.c", line 181: warning #179-D: variable "old_radius" was declared but never referenced
Finished building: "../main.c"
 
Building target: "sliding_ball.out"
Invoking: Arm Linker
"C:/Users/thielith/ti/ccs1250/ccs/tools/compiler/ti-cgt-arm_20.2.7.LTS/bin/armcl" -mv7M4 --code_state=16 --float_support=none -me -Ooff --define=ccs --define=cc3200 -g --diag_warning=225 --diag_wrap=off --display_error_number --abi=eabi -z -m"sliding_ball.map" --heap_size=0x800 --stack_size=0x800 -i"C:/Users/thielith/ti/ccs1250/ccs/tools/compiler/ti-cgt-arm_20.2.7.LTS/lib" -i"C:/Users/thielith/ti/ccs1250/ccs/tools/compiler/ti-cgt-arm_20.2.7.LTS/include" --reread_libs --diag_wrap=off --display_error_number --warn_sections --xml_link_info="sliding_ball_linkInfo.xml" --rom_model -o "sliding_ball.out" "./Adafruit_GFX.obj" "./Adafruit_OLED.obj" "./i2c_if.obj" "./main.obj" "./oled_test.obj" "./pin_mux_config.obj" "./startup_ccs.obj" "./uart_if.obj" "../cc3200v1p32.cmd"  -l"C:/Users/thielith/ti/CC3200SDK_1.5.0/cc3200-sdk/driverlib/ccs/Release/driverlib.a" -llibc.a 
<Linking>
Finished building target: "sliding_ball.out"
 
C:/Users/thielith/ti/ccs1250/ccs/utils/tiobj2bin/tiobj2bin sliding_ball.out sliding_ball.bin C:/Users/thielith/ti/ccs1250/ccs/tools/compiler/ti-cgt-arm_20.2.7.LTS/bin/armofd C:/Users/thielith/ti/ccs1250/ccs/tools/compiler/ti-cgt-arm_20.2.7.LTS/bin/armhex C:/Users/thielith/ti/ccs1250/ccs/utils/tiobj2bin/mkhex4bin
 

**** Build Finished ****

**** Build of configuration Debug for project sliding_ball ****

"C:\\Users\\thielith\\ti\\ccs1250\\ccs\\utils\\bin\\gmake" -k -j 4 all -O 
 
Building file: "../main.c"
Invoking: Arm Compiler
"C:/Users/thielith/ti/ccs1250/ccs/tools/compiler/ti-cgt-arm_20.2.7.LTS/bin/armcl" -mv7M4 --code_state=16 --float_support=none -me -Ooff --include_path="C:/Users/thielith/Desktop/Shared/class/EEC_172/lab-files/2/files/workspace/sliding_ball" --include_path="C:/Users/thielith/ti/CC3200SDK_1.5.0/cc3200-sdk/" --include_path="C:/Users/thielith/ti/CC3200SDK_1.5.0/cc3200-sdk/driverlib/" --include_path="C:/Users/thielith/ti/CC3200SDK_1.5.0/cc3200-sdk/inc/" --include_path="C:/Users/thielith/ti/CC3200SDK_1.5.0/cc3200-sdk/example/common/" --include_path="C:/Users/thielith/ti/ccs1250/ccs/tools/compiler/ti-cgt-arm_20.2.7.LTS/include" --define=ccs --define=cc3200 -g --diag_warning=225 --diag_wrap=off --display_error_number --abi=eabi --preproc_with_compile --preproc_dependency="main.d_raw"  "../main.c"
"../main.c", line 150: warning #179-D: function "delay" was declared but never referenced
"../main.c", line 180: warning #179-D: variable "ball_radius" was declared but never referenced
"../main.c", line 181: warning #179-D: variable "old_radius" was declared but never referenced
Finished building: "../main.c"
 
Building target: "sliding_ball.out"
Invoking: Arm Linker
"C:/Users/thielith/ti/ccs1250/ccs/tools/compiler/ti-cgt-arm_20.2.7.LTS/bin/armcl" -mv7M4 --code_state=16 --float_support=none -me -Ooff --define=ccs --define=cc3200 -g --diag_warning=225 --diag_wrap=off --display_error_number --abi=eabi -z -m"sliding_ball.map" --heap_size=0x800 --stack_size=0x800 -i"C:/Users/thielith/ti/ccs1250/ccs/tools/compiler/ti-cgt-arm_20.2.7.LTS/lib" -i"C:/Users/thielith/ti/ccs1250/ccs/tools/compiler/ti-cgt-arm_20.2.7.LTS/include" --reread_libs --diag_wrap=off --display_error_number --warn_sections --xml_link_info="sliding_ball_linkInfo.xml" --rom_model -o "sliding_ball.out" "./Adafruit_GFX.obj" "./Adafruit_OLED.obj" "./i2c_if.obj" "./main.obj" "./oled_test.obj" "./pin_mux_config.obj" "./startup_ccs.obj" "./uart_if.obj" "../cc3200v1p32.cmd"  -l"C:/Users/thielith/ti/CC3200SDK_1.5.0/cc3200-sdk/driverlib/ccs/Release/driverlib.a" -llibc.a 
<Linking>
Finished building target: "sliding_ball.out"
 
C:/Users/thielith/ti/ccs1250/ccs/utils/tiobj2bin/tiobj2bin sliding_ball.out sliding_ball.bin C:/Users/thielith/ti/ccs1250/ccs/tools/compiler/ti-cgt-arm_20.2.7.LTS/bin/armofd C:/Users/thielith/ti/ccs1250/ccs/tools/compiler/ti-cgt-arm_20.2.7.LTS/bin/armhex C:/Users/thielith/ti/ccs1250/ccs/utils/tiobj2bin/mkhex4bin
 

**** Build Finished ****

**** Build of configuration Debug for project sliding_ball ****

"C:\\Users\\thielith\\ti\\ccs1250\\ccs\\utils\\bin\\gmake" -k -j 4 all -O 
 
gmake[1]: 'sliding_ball.out' is up to date.

**** Build Finished ****

**** Build of configuration Debug for project sliding_ball ****

"C:\\Users\\thielith\\ti\\ccs1250\\ccs\\utils\\bin\\gmake" -k -j 4 all -O 
 
Building file: "../main.c"
Invoking: Arm Compiler
"C:/Users/thielith/ti/ccs1250/ccs/tools/compiler/ti-cgt-arm_20.2.7.LTS/bin/armcl" -mv7M4 --code_state=16 --float_support=none -me -Ooff --include_path="C:/Users/thielith/Desktop/Shared/class/EEC_172/lab-files/2/files/workspace/sliding_ball" --include_path="C:/Users/thielith/ti/CC3200SDK_1.5.0/cc3200-sdk/" --include_path="C:/Users/thielith/ti/CC3200SDK_1.5.0/cc3200-sdk/driverlib/" --include_path="C:/Users/thielith/ti/CC3200SDK_1.5.0/cc3200-sdk/inc/" --include_path="C:/Users/thielith/ti/CC3200SDK_1.5.0/cc3200-sdk/example/common/" --include_path="C:/Users/thielith/ti/ccs1250/ccs/tools/compiler/ti-cgt-arm_20.2.7.LTS/include" --define=ccs --define=cc3200 -g --diag_warning=225 --diag_wrap=off --display_error_number --abi=eabi --preproc_with_compile --preproc_dependency="main.d_raw"  "../main.c"
"../main.c", line 150: warning #179-D: function "delay" was declared but never referenced
"../main.c", line 180: warning #179-D: variable "ball_radius" was declared but never referenced
"../main.c", line 181: warning #179-D: variable "old_radius" was declared but never referenced
Finished building: "../main.c"
 
Building target: "sliding_ball.out"
Invoking: Arm Linker
"C:/Users/thielith/ti/ccs1250/ccs/tools/compiler/ti-cgt-arm_20.2.7.LTS/bin/armcl" -mv7M4 --code_state=16 --float_support=none -me -Ooff --define=ccs --define=cc3200 -g --diag_warning=225 --diag_wrap=off --display_error_number --abi=eabi -z -m"sliding_ball.map" --heap_size=0x800 --stack_size=0x800 -i"C:/Users/thielith/ti/ccs1250/ccs/tools/compiler/ti-cgt-arm_20.2.7.LTS/lib" -i"C:/Users/thielith/ti/ccs1250/ccs/tools/compiler/ti-cgt-arm_20.2.7.LTS/include" --reread_libs --diag_wrap=off --display_error_number --warn_sections --xml_link_info="sliding_ball_linkInfo.xml" --rom_model -o "sliding_ball.out" "./Adafruit_GFX.obj" "./Adafruit_OLED.obj" "./i2c_if.obj" "./main.obj" "./oled_test.obj" "./pin_mux_config.obj" "./startup_ccs.obj" "./uart_if.obj" "../cc3200v1p32.cmd"  -l"C:/Users/thielith/ti/CC3200SDK_1.5.0/cc3200-sdk/driverlib/ccs/Release/driverlib.a" -llibc.a 
<Linking>
Finished building target: "sliding_ball.out"
 
C:/Users/thielith/ti/ccs1250/ccs/utils/tiobj2bin/tiobj2bin sliding_ball.out sliding_ball.bin C:/Users/thielith/ti/ccs1250/ccs/tools/compiler/ti-cgt-arm_20.2.7.LTS/bin/armofd C:/Users/thielith/ti/ccs1250/ccs/tools/compiler/ti-cgt-arm_20.2.7.LTS/bin/armhex C:/Users/thielith/ti/ccs1250/ccs/utils/tiobj2bin/mkhex4bin
 

**** Build Finished ****

**** Build of configuration Debug for project sliding_ball ****

"C:\\Users\\thielith\\ti\\ccs1250\\ccs\\utils\\bin\\gmake" -k -j 4 all -O 
 
Building file: "../main.c"
Invoking: Arm Compiler
"C:/Users/thielith/ti/ccs1250/ccs/tools/compiler/ti-cgt-arm_20.2.7.LTS/bin/armcl" -mv7M4 --code_state=16 --float_support=none -me -Ooff --include_path="C:/Users/thielith/Desktop/Shared/class/EEC_172/lab-files/2/files/workspace/sliding_ball" --include_path="C:/Users/thielith/ti/CC3200SDK_1.5.0/cc3200-sdk/" --include_path="C:/Users/thielith/ti/CC3200SDK_1.5.0/cc3200-sdk/driverlib/" --include_path="C:/Users/thielith/ti/CC3200SDK_1.5.0/cc3200-sdk/inc/" --include_path="C:/Users/thielith/ti/CC3200SDK_1.5.0/cc3200-sdk/example/common/" --include_path="C:/Users/thielith/ti/ccs1250/ccs/tools/compiler/ti-cgt-arm_20.2.7.LTS/include" --define=ccs --define=cc3200 -g --diag_warning=225 --diag_wrap=off --display_error_number --abi=eabi --preproc_with_compile --preproc_dependency="main.d_raw"  "../main.c"
"../main.c", line 150: warning #179-D: function "delay" was declared but never referenced
"../main.c", line 180: warning #179-D: variable "ball_radius" was declared but never referenced
"../main.c", line 181: warning #179-D: variable "old_radius" was declared but never referenced
Finished building: "../main.c"
 
Building target: "sliding_ball.out"
Invoking: Arm Linker
"C:/Users/thielith/ti/ccs1250/ccs/tools/compiler/ti-cgt-arm_20.2.7.LTS/bin/armcl" -mv7M4 --code_state=16 --float_support=none -me -Ooff --define=ccs --define=cc3200 -g --diag_warning=225 --diag_wrap=off --display_error_number --abi=eabi -z -m"sliding_ball.map" --heap_size=0x800 --stack_size=0x800 -i"C:/Users/thielith/ti/ccs1250/ccs/tools/compiler/ti-cgt-arm_20.2.7.LTS/lib" -i"C:/Users/thielith/ti/ccs1250/ccs/tools/compiler/ti-cgt-arm_20.2.7.LTS/include" --reread_libs --diag_wrap=off --display_error_number --warn_sections --xml_link_info="sliding_ball_linkInfo.xml" --rom_model -o "sliding_ball.out" "./Adafruit_GFX.obj" "./Adafruit_OLED.obj" "./i2c_if.obj" "./main.obj" "./oled_test.obj" "./pin_mux_config.obj" "./startup_ccs.obj" "./uart_if.obj" "../cc3200v1p32.cmd"  -l"C:/Users/thielith/ti/CC3200SDK_1.5.0/cc3200-sdk/driverlib/ccs/Release/driverlib.a" -llibc.a 
<Linking>
Finished building target: "sliding_ball.out"
 
C:/Users/thielith/ti/ccs1250/ccs/utils/tiobj2bin/tiobj2bin sliding_ball.out sliding_ball.bin C:/Users/thielith/ti/ccs1250/ccs/tools/compiler/ti-cgt-arm_20.2.7.LTS/bin/armofd C:/Users/thielith/ti/ccs1250/ccs/tools/compiler/ti-cgt-arm_20.2.7.LTS/bin/armhex C:/Users/thielith/ti/ccs1250/ccs/utils/tiobj2bin/mkhex4bin
 

**** Build Finished ****

**** Build of configuration Debug for project sliding_ball ****

"C:\\Users\\thielith\\ti\\ccs1250\\ccs\\utils\\bin\\gmake" -k -j 4 all -O 
 
gmake[1]: 'sliding_ball.out' is up to date.

**** Build Finished ****

**** Build of configuration Debug for project sliding_ball ****

"C:\\Users\\thielith\\ti\\ccs1250\\ccs\\utils\\bin\\gmake" -k -j 4 all -O 
 
Building file: "../main.c"
Invoking: Arm Compiler
"C:/Users/thielith/ti/ccs1250/ccs/tools/compiler/ti-cgt-arm_20.2.7.LTS/bin/armcl" -mv7M4 --code_state=16 --float_support=none -me -Ooff --include_path="C:/Users/thielith/Desktop/Shared/class/EEC_172/lab-files/2/files/workspace/sliding_ball" --include_path="C:/Users/thielith/ti/CC3200SDK_1.5.0/cc3200-sdk/" --include_path="C:/Users/thielith/ti/CC3200SDK_1.5.0/cc3200-sdk/driverlib/" --include_path="C:/Users/thielith/ti/CC3200SDK_1.5.0/cc3200-sdk/inc/" --include_path="C:/Users/thielith/ti/CC3200SDK_1.5.0/cc3200-sdk/example/common/" --include_path="C:/Users/thielith/ti/ccs1250/ccs/tools/compiler/ti-cgt-arm_20.2.7.LTS/include" --define=ccs --define=cc3200 -g --diag_warning=225 --diag_wrap=off --display_error_number --abi=eabi --preproc_with_compile --preproc_dependency="main.d_raw"  "../main.c"
"../main.c", line 109: warning #179-D: function "delay" was declared but never referenced
"../main.c", line 139: warning #179-D: variable "ball_radius" was declared but never referenced
"../main.c", line 140: warning #179-D: variable "old_radius" was declared but never referenced
Finished building: "../main.c"
 
Building target: "sliding_ball.out"
Invoking: Arm Linker
"C:/Users/thielith/ti/ccs1250/ccs/tools/compiler/ti-cgt-arm_20.2.7.LTS/bin/armcl" -mv7M4 --code_state=16 --float_support=none -me -Ooff --define=ccs --define=cc3200 -g --diag_warning=225 --diag_wrap=off --display_error_number --abi=eabi -z -m"sliding_ball.map" --heap_size=0x800 --stack_size=0x800 -i"C:/Users/thielith/ti/ccs1250/ccs/tools/compiler/ti-cgt-arm_20.2.7.LTS/lib" -i"C:/Users/thielith/ti/ccs1250/ccs/tools/compiler/ti-cgt-arm_20.2.7.LTS/include" --reread_libs --diag_wrap=off --display_error_number --warn_sections --xml_link_info="sliding_ball_linkInfo.xml" --rom_model -o "sliding_ball.out" "./Adafruit_GFX.obj" "./Adafruit_OLED.obj" "./i2c_if.obj" "./main.obj" "./oled_test.obj" "./pin_mux_config.obj" "./startup_ccs.obj" "./uart_if.obj" "../cc3200v1p32.cmd"  -l"C:/Users/thielith/ti/CC3200SDK_1.5.0/cc3200-sdk/driverlib/ccs/Release/driverlib.a" -llibc.a 
<Linking>
Finished building target: "sliding_ball.out"
 
C:/Users/thielith/ti/ccs1250/ccs/utils/tiobj2bin/tiobj2bin sliding_ball.out sliding_ball.bin C:/Users/thielith/ti/ccs1250/ccs/tools/compiler/ti-cgt-arm_20.2.7.LTS/bin/armofd C:/Users/thielith/ti/ccs1250/ccs/tools/compiler/ti-cgt-arm_20.2.7.LTS/bin/armhex C:/Users/thielith/ti/ccs1250/ccs/utils/tiobj2bin/mkhex4bin
 

**** Build Finished ****

**** Build of configuration Debug for project sliding_ball ****

"C:\\Users\\thielith\\ti\\ccs1250\\ccs\\utils\\bin\\gmake" -k -j 4 all -O 
 
Building file: "../main.c"
Invoking: Arm Compiler
"C:/Users/thielith/ti/ccs1250/ccs/tools/compiler/ti-cgt-arm_20.2.7.LTS/bin/armcl" -mv7M4 --code_state=16 --float_support=none -me -Ooff --include_path="C:/Users/thielith/Desktop/Shared/class/EEC_172/lab-files/2/files/workspace/sliding_ball" --include_path="C:/Users/thielith/ti/CC3200SDK_1.5.0/cc3200-sdk/" --include_path="C:/Users/thielith/ti/CC3200SDK_1.5.0/cc3200-sdk/driverlib/" --include_path="C:/Users/thielith/ti/CC3200SDK_1.5.0/cc3200-sdk/inc/" --include_path="C:/Users/thielith/ti/CC3200SDK_1.5.0/cc3200-sdk/example/common/" --include_path="C:/Users/thielith/ti/ccs1250/ccs/tools/compiler/ti-cgt-arm_20.2.7.LTS/include" --define=ccs --define=cc3200 -g --diag_warning=225 --diag_wrap=off --display_error_number --abi=eabi --preproc_with_compile --preproc_dependency="main.d_raw"  "../main.c"
"../main.c", line 109: warning #179-D: function "delay" was declared but never referenced
"../main.c", line 139: warning #179-D: variable "ball_radius" was declared but never referenced
"../main.c", line 140: warning #179-D: variable "old_radius" was declared but never referenced
Finished building: "../main.c"
 
Building target: "sliding_ball.out"
Invoking: Arm Linker
"C:/Users/thielith/ti/ccs1250/ccs/tools/compiler/ti-cgt-arm_20.2.7.LTS/bin/armcl" -mv7M4 --code_state=16 --float_support=none -me -Ooff --define=ccs --define=cc3200 -g --diag_warning=225 --diag_wrap=off --display_error_number --abi=eabi -z -m"sliding_ball.map" --heap_size=0x800 --stack_size=0x800 -i"C:/Users/thielith/ti/ccs1250/ccs/tools/compiler/ti-cgt-arm_20.2.7.LTS/lib" -i"C:/Users/thielith/ti/ccs1250/ccs/tools/compiler/ti-cgt-arm_20.2.7.LTS/include" --reread_libs --diag_wrap=off --display_error_number --warn_sections --xml_link_info="sliding_ball_linkInfo.xml" --rom_model -o "sliding_ball.out" "./Adafruit_GFX.obj" "./Adafruit_OLED.obj" "./i2c_if.obj" "./main.obj" "./oled_test.obj" "./pin_mux_config.obj" "./startup_ccs.obj" "./uart_if.obj" "../cc3200v1p32.cmd"  -l"C:/Users/thielith/ti/CC3200SDK_1.5.0/cc3200-sdk/driverlib/ccs/Release/driverlib.a" -llibc.a 
<Linking>
Finished building target: "sliding_ball.out"
 
C:/Users/thielith/ti/ccs1250/ccs/utils/tiobj2bin/tiobj2bin sliding_ball.out sliding_ball.bin C:/Users/thielith/ti/ccs1250/ccs/tools/compiler/ti-cgt-arm_20.2.7.LTS/bin/armofd C:/Users/thielith/ti/ccs1250/ccs/tools/compiler/ti-cgt-arm_20.2.7.LTS/bin/armhex C:/Users/thielith/ti/ccs1250/ccs/utils/tiobj2bin/mkhex4bin
 

**** Build Finished ****

**** Build of configuration Debug for project sliding_ball ****

"C:\\Users\\thielith\\ti\\ccs1250\\ccs\\utils\\bin\\gmake" -k -j 4 all -O 
 
Building file: "../main.c"
Invoking: Arm Compiler
"C:/Users/thielith/ti/ccs1250/ccs/tools/compiler/ti-cgt-arm_20.2.7.LTS/bin/armcl" -mv7M4 --code_state=16 --float_support=none -me -Ooff --include_path="C:/Users/thielith/Desktop/Shared/class/EEC_172/lab-files/2/files/workspace/sliding_ball" --include_path="C:/Users/thielith/ti/CC3200SDK_1.5.0/cc3200-sdk/" --include_path="C:/Users/thielith/ti/CC3200SDK_1.5.0/cc3200-sdk/driverlib/" --include_path="C:/Users/thielith/ti/CC3200SDK_1.5.0/cc3200-sdk/inc/" --include_path="C:/Users/thielith/ti/CC3200SDK_1.5.0/cc3200-sdk/example/common/" --include_path="C:/Users/thielith/ti/ccs1250/ccs/tools/compiler/ti-cgt-arm_20.2.7.LTS/include" --define=ccs --define=cc3200 -g --diag_warning=225 --diag_wrap=off --display_error_number --abi=eabi --preproc_with_compile --preproc_dependency="main.d_raw"  "../main.c"
"../main.c", line 109: warning #179-D: function "delay" was declared but never referenced
Finished building: "../main.c"
 
Building target: "sliding_ball.out"
Invoking: Arm Linker
"C:/Users/thielith/ti/ccs1250/ccs/tools/compiler/ti-cgt-arm_20.2.7.LTS/bin/armcl" -mv7M4 --code_state=16 --float_support=none -me -Ooff --define=ccs --define=cc3200 -g --diag_warning=225 --diag_wrap=off --display_error_number --abi=eabi -z -m"sliding_ball.map" --heap_size=0x800 --stack_size=0x800 -i"C:/Users/thielith/ti/ccs1250/ccs/tools/compiler/ti-cgt-arm_20.2.7.LTS/lib" -i"C:/Users/thielith/ti/ccs1250/ccs/tools/compiler/ti-cgt-arm_20.2.7.LTS/include" --reread_libs --diag_wrap=off --display_error_number --warn_sections --xml_link_info="sliding_ball_linkInfo.xml" --rom_model -o "sliding_ball.out" "./Adafruit_GFX.obj" "./Adafruit_OLED.obj" "./i2c_if.obj" "./main.obj" "./oled_test.obj" "./pin_mux_config.obj" "./startup_ccs.obj" "./uart_if.obj" "../cc3200v1p32.cmd"  -l"C:/Users/thielith/ti/CC3200SDK_1.5.0/cc3200-sdk/driverlib/ccs/Release/driverlib.a" -llibc.a 
<Linking>
Finished building target: "sliding_ball.out"
 
C:/Users/thielith/ti/ccs1250/ccs/utils/tiobj2bin/tiobj2bin sliding_ball.out sliding_ball.bin C:/Users/thielith/ti/ccs1250/ccs/tools/compiler/ti-cgt-arm_20.2.7.LTS/bin/armofd C:/Users/thielith/ti/ccs1250/ccs/tools/compiler/ti-cgt-arm_20.2.7.LTS/bin/armhex C:/Users/thielith/ti/ccs1250/ccs/utils/tiobj2bin/mkhex4bin
 

**** Build Finished ****

**** Build of configuration Debug for project sliding_ball ****

"C:\\Users\\thielith\\ti\\ccs1250\\ccs\\utils\\bin\\gmake" -k -j 4 all -O 
 
gmake[1]: 'sliding_ball.out' is up to date.

**** Build Finished ****

**** Build of configuration Debug for project sliding_ball ****

"C:\\Users\\thielith\\ti\\ccs1250\\ccs\\utils\\bin\\gmake" -k -j 4 all -O 
 
Building file: "../main.c"
Invoking: Arm Compiler
"C:/Users/thielith/ti/ccs1250/ccs/tools/compiler/ti-cgt-arm_20.2.7.LTS/bin/armcl" -mv7M4 --code_state=16 --float_support=none -me -Ooff --include_path="C:/Users/thielith/Desktop/Shared/class/EEC_172/lab-files/2/files/workspace/sliding_ball" --include_path="C:/Users/thielith/ti/CC3200SDK_1.5.0/cc3200-sdk/" --include_path="C:/Users/thielith/ti/CC3200SDK_1.5.0/cc3200-sdk/driverlib/" --include_path="C:/Users/thielith/ti/CC3200SDK_1.5.0/cc3200-sdk/inc/" --include_path="C:/Users/thielith/ti/CC3200SDK_1.5.0/cc3200-sdk/example/common/" --include_path="C:/Users/thielith/ti/ccs1250/ccs/tools/compiler/ti-cgt-arm_20.2.7.LTS/include" --define=ccs --define=cc3200 -g --diag_warning=225 --diag_wrap=off --display_error_number --abi=eabi --preproc_with_compile --preproc_dependency="main.d_raw"  "../main.c"
"../main.c", line 109: warning #179-D: function "delay" was declared but never referenced
Finished building: "../main.c"
 
Building target: "sliding_ball.out"
Invoking: Arm Linker
"C:/Users/thielith/ti/ccs1250/ccs/tools/compiler/ti-cgt-arm_20.2.7.LTS/bin/armcl" -mv7M4 --code_state=16 --float_support=none -me -Ooff --define=ccs --define=cc3200 -g --diag_warning=225 --diag_wrap=off --display_error_number --abi=eabi -z -m"sliding_ball.map" --heap_size=0x800 --stack_size=0x800 -i"C:/Users/thielith/ti/ccs1250/ccs/tools/compiler/ti-cgt-arm_20.2.7.LTS/lib" -i"C:/Users/thielith/ti/ccs1250/ccs/tools/compiler/ti-cgt-arm_20.2.7.LTS/include" --reread_libs --diag_wrap=off --display_error_number --warn_sections --xml_link_info="sliding_ball_linkInfo.xml" --rom_model -o "sliding_ball.out" "./Adafruit_GFX.obj" "./Adafruit_OLED.obj" "./i2c_if.obj" "./main.obj" "./oled_test.obj" "./pin_mux_config.obj" "./startup_ccs.obj" "./uart_if.obj" "../cc3200v1p32.cmd"  -l"C:/Users/thielith/ti/CC3200SDK_1.5.0/cc3200-sdk/driverlib/ccs/Release/driverlib.a" -llibc.a 
<Linking>
Finished building target: "sliding_ball.out"
 
C:/Users/thielith/ti/ccs1250/ccs/utils/tiobj2bin/tiobj2bin sliding_ball.out sliding_ball.bin C:/Users/thielith/ti/ccs1250/ccs/tools/compiler/ti-cgt-arm_20.2.7.LTS/bin/armofd C:/Users/thielith/ti/ccs1250/ccs/tools/compiler/ti-cgt-arm_20.2.7.LTS/bin/armhex C:/Users/thielith/ti/ccs1250/ccs/utils/tiobj2bin/mkhex4bin
 

**** Build Finished ****

**** Build of configuration Debug for project sliding_ball ****

"C:\\Users\\thielith\\ti\\ccs1250\\ccs\\utils\\bin\\gmake" -k -j 4 all -O 
 
Building file: "../main.c"
Invoking: Arm Compiler
"C:/Users/thielith/ti/ccs1250/ccs/tools/compiler/ti-cgt-arm_20.2.7.LTS/bin/armcl" -mv7M4 --code_state=16 --float_support=none -me -Ooff --include_path="C:/Users/thielith/Desktop/Shared/class/EEC_172/lab-files/2/files/workspace/sliding_ball" --include_path="C:/Users/thielith/ti/CC3200SDK_1.5.0/cc3200-sdk/" --include_path="C:/Users/thielith/ti/CC3200SDK_1.5.0/cc3200-sdk/driverlib/" --include_path="C:/Users/thielith/ti/CC3200SDK_1.5.0/cc3200-sdk/inc/" --include_path="C:/Users/thielith/ti/CC3200SDK_1.5.0/cc3200-sdk/example/common/" --include_path="C:/Users/thielith/ti/ccs1250/ccs/tools/compiler/ti-cgt-arm_20.2.7.LTS/include" --define=ccs --define=cc3200 -g --diag_warning=225 --diag_wrap=off --display_error_number --abi=eabi --preproc_with_compile --preproc_dependency="main.d_raw"  "../main.c"
"../main.c", line 109: warning #179-D: function "delay" was declared but never referenced
Finished building: "../main.c"
 
Building target: "sliding_ball.out"
Invoking: Arm Linker
"C:/Users/thielith/ti/ccs1250/ccs/tools/compiler/ti-cgt-arm_20.2.7.LTS/bin/armcl" -mv7M4 --code_state=16 --float_support=none -me -Ooff --define=ccs --define=cc3200 -g --diag_warning=225 --diag_wrap=off --display_error_number --abi=eabi -z -m"sliding_ball.map" --heap_size=0x800 --stack_size=0x800 -i"C:/Users/thielith/ti/ccs1250/ccs/tools/compiler/ti-cgt-arm_20.2.7.LTS/lib" -i"C:/Users/thielith/ti/ccs1250/ccs/tools/compiler/ti-cgt-arm_20.2.7.LTS/include" --reread_libs --diag_wrap=off --display_error_number --warn_sections --xml_link_info="sliding_ball_linkInfo.xml" --rom_model -o "sliding_ball.out" "./Adafruit_GFX.obj" "./Adafruit_OLED.obj" "./i2c_if.obj" "./main.obj" "./oled_test.obj" "./pin_mux_config.obj" "./startup_ccs.obj" "./uart_if.obj" "../cc3200v1p32.cmd"  -l"C:/Users/thielith/ti/CC3200SDK_1.5.0/cc3200-sdk/driverlib/ccs/Release/driverlib.a" -llibc.a 
<Linking>
Finished building target: "sliding_ball.out"
 
C:/Users/thielith/ti/ccs1250/ccs/utils/tiobj2bin/tiobj2bin sliding_ball.out sliding_ball.bin C:/Users/thielith/ti/ccs1250/ccs/tools/compiler/ti-cgt-arm_20.2.7.LTS/bin/armofd C:/Users/thielith/ti/ccs1250/ccs/tools/compiler/ti-cgt-arm_20.2.7.LTS/bin/armhex C:/Users/thielith/ti/ccs1250/ccs/utils/tiobj2bin/mkhex4bin
 

**** Build Finished ****

**** Clean-only build of configuration Debug for project sliding_ball ****

"C:\\Users\\thielith\\ti\\ccs1250\\ccs\\utils\\bin\\gmake" -k -j 4 clean -O 
 
DEL /F  "sliding_ball.out" 
DEL /F "Adafruit_GFX.obj" "Adafruit_OLED.obj" "i2c_if.obj" "main.obj" "oled_test.obj" "pin_mux_config.obj" "startup_ccs.obj" "uart_if.obj" 
DEL /F "Adafruit_GFX.d" "Adafruit_OLED.d" "i2c_if.d" "main.d" "oled_test.d" "pin_mux_config.d" "startup_ccs.d" "uart_if.d" 
Finished clean
 

**** Build Finished ****

**** Build of configuration Debug for project sliding_ball ****

"C:\\Users\\thielith\\ti\\ccs1250\\ccs\\utils\\bin\\gmake" -k -j 4 all -O 
 
Building file: "../main.c"
Invoking: Arm Compiler
"C:/Users/thielith/ti/ccs1250/ccs/tools/compiler/ti-cgt-arm_20.2.7.LTS/bin/armcl" -mv7M4 --code_state=16 --float_support=none -me -Ooff --include_path="C:/Users/thielith/Desktop/Shared/class/EEC_172/lab-files/2/files/workspace/sliding_ball" --include_path="C:/Users/thielith/ti/CC3200SDK_1.5.0/cc3200-sdk/" --include_path="C:/Users/thielith/ti/CC3200SDK_1.5.0/cc3200-sdk/driverlib/" --include_path="C:/Users/thielith/ti/CC3200SDK_1.5.0/cc3200-sdk/inc/" --include_path="C:/Users/thielith/ti/CC3200SDK_1.5.0/cc3200-sdk/example/common/" --include_path="C:/Users/thielith/ti/ccs1250/ccs/tools/compiler/ti-cgt-arm_20.2.7.LTS/include" --define=ccs --define=cc3200 -g --diag_warning=225 --diag_wrap=off --display_error_number --abi=eabi --preproc_with_compile --preproc_dependency="main.d_raw"  "../main.c"
 
>> Compilation failure
subdir_rules.mk:9: recipe for target 'main.obj' failed
"../main.c", line 217: error #20: identifier "acceleratorValue" is undefined
"../main.c", line 235: error #20: identifier "acceleratorValue" is undefined
"../main.c", line 109: warning #179-D: function "delay" was declared but never referenced
"../main.c", line 144: warning #552-D: variable "old_ax" was set but never used
"../main.c", line 152: warning #179-D: function "clamp_int" was declared but never referenced
2 errors detected in the compilation of "../main.c".
gmake: *** [main.obj] Error 1
Building file: "../Adafruit_OLED.c"
Invoking: Arm Compiler
"C:/Users/thielith/ti/ccs1250/ccs/tools/compiler/ti-cgt-arm_20.2.7.LTS/bin/armcl" -mv7M4 --code_state=16 --float_support=none -me -Ooff --include_path="C:/Users/thielith/Desktop/Shared/class/EEC_172/lab-files/2/files/workspace/sliding_ball" --include_path="C:/Users/thielith/ti/CC3200SDK_1.5.0/cc3200-sdk/" --include_path="C:/Users/thielith/ti/CC3200SDK_1.5.0/cc3200-sdk/driverlib/" --include_path="C:/Users/thielith/ti/CC3200SDK_1.5.0/cc3200-sdk/inc/" --include_path="C:/Users/thielith/ti/CC3200SDK_1.5.0/cc3200-sdk/example/common/" --include_path="C:/Users/thielith/ti/ccs1250/ccs/tools/compiler/ti-cgt-arm_20.2.7.LTS/include" --define=ccs --define=cc3200 -g --diag_warning=225 --diag_wrap=off --display_error_number --abi=eabi --preproc_with_compile --preproc_dependency="Adafruit_OLED.d_raw"  "../Adafruit_OLED.c"
Finished building: "../Adafruit_OLED.c"
 
Building file: "C:/Users/thielith/ti/CC3200SDK_1.5.0/cc3200-sdk/example/common/i2c_if.c"
Invoking: Arm Compiler
"C:/Users/thielith/ti/ccs1250/ccs/tools/compiler/ti-cgt-arm_20.2.7.LTS/bin/armcl" -mv7M4 --code_state=16 --float_support=none -me -Ooff --include_path="C:/Users/thielith/Desktop/Shared/class/EEC_172/lab-files/2/files/workspace/sliding_ball" --include_path="C:/Users/thielith/ti/CC3200SDK_1.5.0/cc3200-sdk/" --include_path="C:/Users/thielith/ti/CC3200SDK_1.5.0/cc3200-sdk/driverlib/" --include_path="C:/Users/thielith/ti/CC3200SDK_1.5.0/cc3200-sdk/inc/" --include_path="C:/Users/thielith/ti/CC3200SDK_1.5.0/cc3200-sdk/example/common/" --include_path="C:/Users/thielith/ti/ccs1250/ccs/tools/compiler/ti-cgt-arm_20.2.7.LTS/include" --define=ccs --define=cc3200 -g --diag_warning=225 --diag_wrap=off --display_error_number --abi=eabi --preproc_with_compile --preproc_dependency="i2c_if.d_raw"  "C:/Users/thielith/ti/CC3200SDK_1.5.0/cc3200-sdk/example/common/i2c_if.c"
Finished building: "C:/Users/thielith/ti/CC3200SDK_1.5.0/cc3200-sdk/example/common/i2c_if.c"
 
Building file: "../Adafruit_GFX.c"
Invoking: Arm Compiler
"C:/Users/thielith/ti/ccs1250/ccs/tools/compiler/ti-cgt-arm_20.2.7.LTS/bin/armcl" -mv7M4 --code_state=16 --float_support=none -me -Ooff --include_path="C:/Users/thielith/Desktop/Shared/class/EEC_172/lab-files/2/files/workspace/sliding_ball" --include_path="C:/Users/thielith/ti/CC3200SDK_1.5.0/cc3200-sdk/" --include_path="C:/Users/thielith/ti/CC3200SDK_1.5.0/cc3200-sdk/driverlib/" --include_path="C:/Users/thielith/ti/CC3200SDK_1.5.0/cc3200-sdk/inc/" --include_path="C:/Users/thielith/ti/CC3200SDK_1.5.0/cc3200-sdk/example/common/" --include_path="C:/Users/thielith/ti/ccs1250/ccs/tools/compiler/ti-cgt-arm_20.2.7.LTS/include" --define=ccs --define=cc3200 -g --diag_warning=225 --diag_wrap=off --display_error_number --abi=eabi --preproc_with_compile --preproc_dependency="Adafruit_GFX.d_raw"  "../Adafruit_GFX.c"
Finished building: "../Adafruit_GFX.c"
 
Building file: "../oled_test.c"
Invoking: Arm Compiler
"C:/Users/thielith/ti/ccs1250/ccs/tools/compiler/ti-cgt-arm_20.2.7.LTS/bin/armcl" -mv7M4 --code_state=16 --float_support=none -me -Ooff --include_path="C:/Users/thielith/Desktop/Shared/class/EEC_172/lab-files/2/files/workspace/sliding_ball" --include_path="C:/Users/thielith/ti/CC3200SDK_1.5.0/cc3200-sdk/" --include_path="C:/Users/thielith/ti/CC3200SDK_1.5.0/cc3200-sdk/driverlib/" --include_path="C:/Users/thielith/ti/CC3200SDK_1.5.0/cc3200-sdk/inc/" --include_path="C:/Users/thielith/ti/CC3200SDK_1.5.0/cc3200-sdk/example/common/" --include_path="C:/Users/thielith/ti/ccs1250/ccs/tools/compiler/ti-cgt-arm_20.2.7.LTS/include" --define=ccs --define=cc3200 -g --diag_warning=225 --diag_wrap=off --display_error_number --abi=eabi --preproc_with_compile --preproc_dependency="oled_test.d_raw"  "../oled_test.c"
Finished building: "../oled_test.c"
 
Building file: "../pin_mux_config.c"
Invoking: Arm Compiler
"C:/Users/thielith/ti/ccs1250/ccs/tools/compiler/ti-cgt-arm_20.2.7.LTS/bin/armcl" -mv7M4 --code_state=16 --float_support=none -me -Ooff --include_path="C:/Users/thielith/Desktop/Shared/class/EEC_172/lab-files/2/files/workspace/sliding_ball" --include_path="C:/Users/thielith/ti/CC3200SDK_1.5.0/cc3200-sdk/" --include_path="C:/Users/thielith/ti/CC3200SDK_1.5.0/cc3200-sdk/driverlib/" --include_path="C:/Users/thielith/ti/CC3200SDK_1.5.0/cc3200-sdk/inc/" --include_path="C:/Users/thielith/ti/CC3200SDK_1.5.0/cc3200-sdk/example/common/" --include_path="C:/Users/thielith/ti/ccs1250/ccs/tools/compiler/ti-cgt-arm_20.2.7.LTS/include" --define=ccs --define=cc3200 -g --diag_warning=225 --diag_wrap=off --display_error_number --abi=eabi --preproc_with_compile --preproc_dependency="pin_mux_config.d_raw"  "../pin_mux_config.c"
Finished building: "../pin_mux_config.c"
 
Building file: "C:/Users/thielith/ti/CC3200SDK_1.5.0/cc3200-sdk/example/common/startup_ccs.c"
Invoking: Arm Compiler
"C:/Users/thielith/ti/ccs1250/ccs/tools/compiler/ti-cgt-arm_20.2.7.LTS/bin/armcl" -mv7M4 --code_state=16 --float_support=none -me -Ooff --include_path="C:/Users/thielith/Desktop/Shared/class/EEC_172/lab-files/2/files/workspace/sliding_ball" --include_path="C:/Users/thielith/ti/CC3200SDK_1.5.0/cc3200-sdk/" --include_path="C:/Users/thielith/ti/CC3200SDK_1.5.0/cc3200-sdk/driverlib/" --include_path="C:/Users/thielith/ti/CC3200SDK_1.5.0/cc3200-sdk/inc/" --include_path="C:/Users/thielith/ti/CC3200SDK_1.5.0/cc3200-sdk/example/common/" --include_path="C:/Users/thielith/ti/ccs1250/ccs/tools/compiler/ti-cgt-arm_20.2.7.LTS/include" --define=ccs --define=cc3200 -g --diag_warning=225 --diag_wrap=off --display_error_number --abi=eabi --preproc_with_compile --preproc_dependency="startup_ccs.d_raw"  "C:/Users/thielith/ti/CC3200SDK_1.5.0/cc3200-sdk/example/common/startup_ccs.c"
Finished building: "C:/Users/thielith/ti/CC3200SDK_1.5.0/cc3200-sdk/example/common/startup_ccs.c"
 
Building file: "../uart_if.c"
Invoking: Arm Compiler
"C:/Users/thielith/ti/ccs1250/ccs/tools/compiler/ti-cgt-arm_20.2.7.LTS/bin/armcl" -mv7M4 --code_state=16 --float_support=none -me -Ooff --include_path="C:/Users/thielith/Desktop/Shared/class/EEC_172/lab-files/2/files/workspace/sliding_ball" --include_path="C:/Users/thielith/ti/CC3200SDK_1.5.0/cc3200-sdk/" --include_path="C:/Users/thielith/ti/CC3200SDK_1.5.0/cc3200-sdk/driverlib/" --include_path="C:/Users/thielith/ti/CC3200SDK_1.5.0/cc3200-sdk/inc/" --include_path="C:/Users/thielith/ti/CC3200SDK_1.5.0/cc3200-sdk/example/common/" --include_path="C:/Users/thielith/ti/ccs1250/ccs/tools/compiler/ti-cgt-arm_20.2.7.LTS/include" --define=ccs --define=cc3200 -g --diag_warning=225 --diag_wrap=off --display_error_number --abi=eabi --preproc_with_compile --preproc_dependency="uart_if.d_raw"  "../uart_if.c"
Finished building: "../uart_if.c"
 
gmake: Target 'all' not remade because of errors.

**** Build Finished ****

**** Build of configuration Debug for project sliding_ball ****

"C:\\Users\\thielith\\ti\\ccs1250\\ccs\\utils\\bin\\gmake" -k -j 4 all -O 
 
Building file: "../main.c"
Invoking: Arm Compiler
"C:/Users/thielith/ti/ccs1250/ccs/tools/compiler/ti-cgt-arm_20.2.7.LTS/bin/armcl" -mv7M4 --code_state=16 --float_support=none -me -Ooff --include_path="C:/Users/thielith/Desktop/Shared/class/EEC_172/lab-files/2/files/workspace/sliding_ball" --include_path="C:/Users/thielith/ti/CC3200SDK_1.5.0/cc3200-sdk/" --include_path="C:/Users/thielith/ti/CC3200SDK_1.5.0/cc3200-sdk/driverlib/" --include_path="C:/Users/thielith/ti/CC3200SDK_1.5.0/cc3200-sdk/inc/" --include_path="C:/Users/thielith/ti/CC3200SDK_1.5.0/cc3200-sdk/example/common/" --include_path="C:/Users/thielith/ti/ccs1250/ccs/tools/compiler/ti-cgt-arm_20.2.7.LTS/include" --define=ccs --define=cc3200 -g --diag_warning=225 --diag_wrap=off --display_error_number --abi=eabi --preproc_with_compile --preproc_dependency="main.d_raw"  "../main.c"
 
>> Compilation failure
subdir_rules.mk:9: recipe for target 'main.obj' failed
"../main.c", line 217: error #20: identifier "acceleratorValue" is undefined
"../main.c", line 235: error #20: identifier "acceleratorValue" is undefined
"../main.c", line 109: warning #179-D: function "delay" was declared but never referenced
"../main.c", line 144: warning #552-D: variable "old_ax" was set but never used
"../main.c", line 152: warning #179-D: function "clamp_int" was declared but never referenced
2 errors detected in the compilation of "../main.c".
gmake: *** [main.obj] Error 1
gmake: Target 'all' not remade because of errors.

**** Build Finished ****

**** Build of configuration Debug for project sliding_ball ****

"C:\\Users\\thielith\\ti\\ccs1250\\ccs\\utils\\bin\\gmake" -k -j 4 all -O 
 
Building file: "../main.c"
Invoking: Arm Compiler
"C:/Users/thielith/ti/ccs1250/ccs/tools/compiler/ti-cgt-arm_20.2.7.LTS/bin/armcl" -mv7M4 --code_state=16 --float_support=none -me -Ooff --include_path="C:/Users/thielith/Desktop/Shared/class/EEC_172/lab-files/2/files/workspace/sliding_ball" --include_path="C:/Users/thielith/ti/CC3200SDK_1.5.0/cc3200-sdk/" --include_path="C:/Users/thielith/ti/CC3200SDK_1.5.0/cc3200-sdk/driverlib/" --include_path="C:/Users/thielith/ti/CC3200SDK_1.5.0/cc3200-sdk/inc/" --include_path="C:/Users/thielith/ti/CC3200SDK_1.5.0/cc3200-sdk/example/common/" --include_path="C:/Users/thielith/ti/ccs1250/ccs/tools/compiler/ti-cgt-arm_20.2.7.LTS/include" --define=ccs --define=cc3200 -g --diag_warning=225 --diag_wrap=off --display_error_number --abi=eabi --preproc_with_compile --preproc_dependency="main.d_raw"  "../main.c"
"../main.c", line 109: warning #179-D: function "delay" was declared but never referenced
"../main.c", line 144: warning #552-D: variable "old_ax" was set but never used
"../main.c", line 152: warning #179-D: function "clamp_int" was declared but never referenced
Finished building: "../main.c"
 
Building target: "sliding_ball.out"
Invoking: Arm Linker
"C:/Users/thielith/ti/ccs1250/ccs/tools/compiler/ti-cgt-arm_20.2.7.LTS/bin/armcl" -mv7M4 --code_state=16 --float_support=none -me -Ooff --define=ccs --define=cc3200 -g --diag_warning=225 --diag_wrap=off --display_error_number --abi=eabi -z -m"sliding_ball.map" --heap_size=0x800 --stack_size=0x800 -i"C:/Users/thielith/ti/ccs1250/ccs/tools/compiler/ti-cgt-arm_20.2.7.LTS/lib" -i"C:/Users/thielith/ti/ccs1250/ccs/tools/compiler/ti-cgt-arm_20.2.7.LTS/include" --reread_libs --diag_wrap=off --display_error_number --warn_sections --xml_link_info="sliding_ball_linkInfo.xml" --rom_model -o "sliding_ball.out" "./Adafruit_GFX.obj" "./Adafruit_OLED.obj" "./i2c_if.obj" "./main.obj" "./oled_test.obj" "./pin_mux_config.obj" "./startup_ccs.obj" "./uart_if.obj" "../cc3200v1p32.cmd"  -l"C:/Users/thielith/ti/CC3200SDK_1.5.0/cc3200-sdk/driverlib/ccs/Release/driverlib.a" -llibc.a 
<Linking>
Finished building target: "sliding_ball.out"
 
C:/Users/thielith/ti/ccs1250/ccs/utils/tiobj2bin/tiobj2bin sliding_ball.out sliding_ball.bin C:/Users/thielith/ti/ccs1250/ccs/tools/compiler/ti-cgt-arm_20.2.7.LTS/bin/armofd C:/Users/thielith/ti/ccs1250/ccs/tools/compiler/ti-cgt-arm_20.2.7.LTS/bin/armhex C:/Users/thielith/ti/ccs1250/ccs/utils/tiobj2bin/mkhex4bin
 

**** Build Finished ****

**** Build of configuration Debug for project sliding_ball ****

"C:\\Users\\thielith\\ti\\ccs1250\\ccs\\utils\\bin\\gmake" -k -j 4 all -O 
 
gmake[1]: 'sliding_ball.out' is up to date.

**** Build Finished ****

**** Build of configuration Debug for project sliding_ball ****

"C:\\Users\\thielith\\ti\\ccs1250\\ccs\\utils\\bin\\gmake" -k -j 4 all -O 
 
Building file: "../main.c"
Invoking: Arm Compiler
"C:/Users/thielith/ti/ccs1250/ccs/tools/compiler/ti-cgt-arm_20.2.7.LTS/bin/armcl" -mv7M4 --code_state=16 --float_support=none -me -Ooff --include_path="C:/Users/thielith/Desktop/Shared/class/EEC_172/lab-files/2/files/workspace/sliding_ball" --include_path="C:/Users/thielith/ti/CC3200SDK_1.5.0/cc3200-sdk/" --include_path="C:/Users/thielith/ti/CC3200SDK_1.5.0/cc3200-sdk/driverlib/" --include_path="C:/Users/thielith/ti/CC3200SDK_1.5.0/cc3200-sdk/inc/" --include_path="C:/Users/thielith/ti/CC3200SDK_1.5.0/cc3200-sdk/example/common/" --include_path="C:/Users/thielith/ti/ccs1250/ccs/tools/compiler/ti-cgt-arm_20.2.7.LTS/include" --define=ccs --define=cc3200 -g --diag_warning=225 --diag_wrap=off --display_error_number --abi=eabi --preproc_with_compile --preproc_dependency="main.d_raw"  "../main.c"
"../main.c", line 109: warning #179-D: function "delay" was declared but never referenced
"../main.c", line 145: warning #552-D: variable "old_ax" was set but never used
"../main.c", line 153: warning #179-D: function "clamp_int" was declared but never referenced
Finished building: "../main.c"
 
Building target: "sliding_ball.out"
Invoking: Arm Linker
"C:/Users/thielith/ti/ccs1250/ccs/tools/compiler/ti-cgt-arm_20.2.7.LTS/bin/armcl" -mv7M4 --code_state=16 --float_support=none -me -Ooff --define=ccs --define=cc3200 -g --diag_warning=225 --diag_wrap=off --display_error_number --abi=eabi -z -m"sliding_ball.map" --heap_size=0x800 --stack_size=0x800 -i"C:/Users/thielith/ti/ccs1250/ccs/tools/compiler/ti-cgt-arm_20.2.7.LTS/lib" -i"C:/Users/thielith/ti/ccs1250/ccs/tools/compiler/ti-cgt-arm_20.2.7.LTS/include" --reread_libs --diag_wrap=off --display_error_number --warn_sections --xml_link_info="sliding_ball_linkInfo.xml" --rom_model -o "sliding_ball.out" "./Adafruit_GFX.obj" "./Adafruit_OLED.obj" "./i2c_if.obj" "./main.obj" "./oled_test.obj" "./pin_mux_config.obj" "./startup_ccs.obj" "./uart_if.obj" "../cc3200v1p32.cmd"  -l"C:/Users/thielith/ti/CC3200SDK_1.5.0/cc3200-sdk/driverlib/ccs/Release/driverlib.a" -llibc.a 
<Linking>
Finished building target: "sliding_ball.out"
 
C:/Users/thielith/ti/ccs1250/ccs/utils/tiobj2bin/tiobj2bin sliding_ball.out sliding_ball.bin C:/Users/thielith/ti/ccs1250/ccs/tools/compiler/ti-cgt-arm_20.2.7.LTS/bin/armofd C:/Users/thielith/ti/ccs1250/ccs/tools/compiler/ti-cgt-arm_20.2.7.LTS/bin/armhex C:/Users/thielith/ti/ccs1250/ccs/utils/tiobj2bin/mkhex4bin
 

**** Build Finished ****

**** Build of configuration Debug for project sliding_ball ****

"C:\\Users\\thielith\\ti\\ccs1250\\ccs\\utils\\bin\\gmake" -k -j 4 all -O 
 
gmake[1]: 'sliding_ball.out' is up to date.

**** Build Finished ****

**** Build of configuration Debug for project sliding_ball ****

"C:\\Users\\thielith\\ti\\ccs1250\\ccs\\utils\\bin\\gmake" -k -j 4 all -O 
 
Building file: "../main.c"
Invoking: Arm Compiler
"C:/Users/thielith/ti/ccs1250/ccs/tools/compiler/ti-cgt-arm_20.2.7.LTS/bin/armcl" -mv7M4 --code_state=16 --float_support=none -me -Ooff --include_path="C:/Users/thielith/Desktop/Shared/class/EEC_172/lab-files/2/files/workspace/sliding_ball" --include_path="C:/Users/thielith/ti/CC3200SDK_1.5.0/cc3200-sdk/" --include_path="C:/Users/thielith/ti/CC3200SDK_1.5.0/cc3200-sdk/driverlib/" --include_path="C:/Users/thielith/ti/CC3200SDK_1.5.0/cc3200-sdk/inc/" --include_path="C:/Users/thielith/ti/CC3200SDK_1.5.0/cc3200-sdk/example/common/" --include_path="C:/Users/thielith/ti/ccs1250/ccs/tools/compiler/ti-cgt-arm_20.2.7.LTS/include" --define=ccs --define=cc3200 -g --diag_warning=225 --diag_wrap=off --display_error_number --abi=eabi --preproc_with_compile --preproc_dependency="main.d_raw"  "../main.c"
"../main.c", line 109: warning #179-D: function "delay" was declared but never referenced
"../main.c", line 145: warning #552-D: variable "old_ax" was set but never used
"../main.c", line 145: warning #552-D: variable "old_ay" was set but never used
"../main.c", line 148: warning #552-D: variable "old_accel_x" was set but never used
"../main.c", line 156: warning #179-D: function "clamp_int" was declared but never referenced
Finished building: "../main.c"
 
Building target: "sliding_ball.out"
Invoking: Arm Linker
"C:/Users/thielith/ti/ccs1250/ccs/tools/compiler/ti-cgt-arm_20.2.7.LTS/bin/armcl" -mv7M4 --code_state=16 --float_support=none -me -Ooff --define=ccs --define=cc3200 -g --diag_warning=225 --diag_wrap=off --display_error_number --abi=eabi -z -m"sliding_ball.map" --heap_size=0x800 --stack_size=0x800 -i"C:/Users/thielith/ti/ccs1250/ccs/tools/compiler/ti-cgt-arm_20.2.7.LTS/lib" -i"C:/Users/thielith/ti/ccs1250/ccs/tools/compiler/ti-cgt-arm_20.2.7.LTS/include" --reread_libs --diag_wrap=off --display_error_number --warn_sections --xml_link_info="sliding_ball_linkInfo.xml" --rom_model -o "sliding_ball.out" "./Adafruit_GFX.obj" "./Adafruit_OLED.obj" "./i2c_if.obj" "./main.obj" "./oled_test.obj" "./pin_mux_config.obj" "./startup_ccs.obj" "./uart_if.obj" "../cc3200v1p32.cmd"  -l"C:/Users/thielith/ti/CC3200SDK_1.5.0/cc3200-sdk/driverlib/ccs/Release/driverlib.a" -llibc.a 
<Linking>
Finished building target: "sliding_ball.out"
 
C:/Users/thielith/ti/ccs1250/ccs/utils/tiobj2bin/tiobj2bin sliding_ball.out sliding_ball.bin C:/Users/thielith/ti/ccs1250/ccs/tools/compiler/ti-cgt-arm_20.2.7.LTS/bin/armofd C:/Users/thielith/ti/ccs1250/ccs/tools/compiler/ti-cgt-arm_20.2.7.LTS/bin/armhex C:/Users/thielith/ti/ccs1250/ccs/utils/tiobj2bin/mkhex4bin
 

**** Build Finished ****

**** Build of configuration Debug for project sliding_ball ****

"C:\\Users\\thielith\\ti\\ccs1250\\ccs\\utils\\bin\\gmake" -k -j 4 all -O 
 
gmake[1]: 'sliding_ball.out' is up to date.

**** Build Finished ****

**** Build of configuration Debug for project sliding_ball ****

"C:\\Users\\thielith\\ti\\ccs1250\\ccs\\utils\\bin\\gmake" -k -j 4 all -O 
 
Building file: "../main.c"
Invoking: Arm Compiler
"C:/Users/thielith/ti/ccs1250/ccs/tools/compiler/ti-cgt-arm_20.2.7.LTS/bin/armcl" -mv7M4 --code_state=16 --float_support=none -me -Ooff --include_path="C:/Users/thielith/Desktop/Shared/class/EEC_172/lab-files/2/files/workspace/sliding_ball" --include_path="C:/Users/thielith/ti/CC3200SDK_1.5.0/cc3200-sdk/" --include_path="C:/Users/thielith/ti/CC3200SDK_1.5.0/cc3200-sdk/driverlib/" --include_path="C:/Users/thielith/ti/CC3200SDK_1.5.0/cc3200-sdk/inc/" --include_path="C:/Users/thielith/ti/CC3200SDK_1.5.0/cc3200-sdk/example/common/" --include_path="C:/Users/thielith/ti/ccs1250/ccs/tools/compiler/ti-cgt-arm_20.2.7.LTS/include" --define=ccs --define=cc3200 -g --diag_warning=225 --diag_wrap=off --display_error_number --abi=eabi --preproc_with_compile --preproc_dependency="main.d_raw"  "../main.c"
"../main.c", line 145: warning #552-D: variable "old_ax" was set but never used
"../main.c", line 145: warning #552-D: variable "old_ay" was set but never used
"../main.c", line 148: warning #552-D: variable "old_accel_x" was set but never used
"../main.c", line 156: warning #179-D: function "clamp_int" was declared but never referenced
Finished building: "../main.c"
 
Building target: "sliding_ball.out"
Invoking: Arm Linker
"C:/Users/thielith/ti/ccs1250/ccs/tools/compiler/ti-cgt-arm_20.2.7.LTS/bin/armcl" -mv7M4 --code_state=16 --float_support=none -me -Ooff --define=ccs --define=cc3200 -g --diag_warning=225 --diag_wrap=off --display_error_number --abi=eabi -z -m"sliding_ball.map" --heap_size=0x800 --stack_size=0x800 -i"C:/Users/thielith/ti/ccs1250/ccs/tools/compiler/ti-cgt-arm_20.2.7.LTS/lib" -i"C:/Users/thielith/ti/ccs1250/ccs/tools/compiler/ti-cgt-arm_20.2.7.LTS/include" --reread_libs --diag_wrap=off --display_error_number --warn_sections --xml_link_info="sliding_ball_linkInfo.xml" --rom_model -o "sliding_ball.out" "./Adafruit_GFX.obj" "./Adafruit_OLED.obj" "./i2c_if.obj" "./main.obj" "./oled_test.obj" "./pin_mux_config.obj" "./startup_ccs.obj" "./uart_if.obj" "../cc3200v1p32.cmd"  -l"C:/Users/thielith/ti/CC3200SDK_1.5.0/cc3200-sdk/driverlib/ccs/Release/driverlib.a" -llibc.a 
<Linking>
Finished building target: "sliding_ball.out"
 
C:/Users/thielith/ti/ccs1250/ccs/utils/tiobj2bin/tiobj2bin sliding_ball.out sliding_ball.bin C:/Users/thielith/ti/ccs1250/ccs/tools/compiler/ti-cgt-arm_20.2.7.LTS/bin/armofd C:/Users/thielith/ti/ccs1250/ccs/tools/compiler/ti-cgt-arm_20.2.7.LTS/bin/armhex C:/Users/thielith/ti/ccs1250/ccs/utils/tiobj2bin/mkhex4bin
 

**** Build Finished ****

**** Build of configuration Debug for project sliding_ball ****

"C:\\Users\\thielith\\ti\\ccs1250\\ccs\\utils\\bin\\gmake" -k -j 4 all -O 
 
Building file: "../main.c"
Invoking: Arm Compiler
"C:/Users/thielith/ti/ccs1250/ccs/tools/compiler/ti-cgt-arm_20.2.7.LTS/bin/armcl" -mv7M4 --code_state=16 --float_support=none -me -Ooff --include_path="C:/Users/thielith/Desktop/Shared/class/EEC_172/lab-files/2/files/workspace/sliding_ball" --include_path="C:/Users/thielith/ti/CC3200SDK_1.5.0/cc3200-sdk/" --include_path="C:/Users/thielith/ti/CC3200SDK_1.5.0/cc3200-sdk/driverlib/" --include_path="C:/Users/thielith/ti/CC3200SDK_1.5.0/cc3200-sdk/inc/" --include_path="C:/Users/thielith/ti/CC3200SDK_1.5.0/cc3200-sdk/example/common/" --include_path="C:/Users/thielith/ti/ccs1250/ccs/tools/compiler/ti-cgt-arm_20.2.7.LTS/include" --define=ccs --define=cc3200 -g --diag_warning=225 --diag_wrap=off --display_error_number --abi=eabi --preproc_with_compile --preproc_dependency="main.d_raw"  "../main.c"
"../main.c", line 145: warning #552-D: variable "old_ax" was set but never used
"../main.c", line 145: warning #552-D: variable "old_ay" was set but never used
"../main.c", line 148: warning #552-D: variable "old_accel_x" was set but never used
"../main.c", line 156: warning #179-D: function "clamp_int" was declared but never referenced
Finished building: "../main.c"
 
Building target: "sliding_ball.out"
Invoking: Arm Linker
"C:/Users/thielith/ti/ccs1250/ccs/tools/compiler/ti-cgt-arm_20.2.7.LTS/bin/armcl" -mv7M4 --code_state=16 --float_support=none -me -Ooff --define=ccs --define=cc3200 -g --diag_warning=225 --diag_wrap=off --display_error_number --abi=eabi -z -m"sliding_ball.map" --heap_size=0x800 --stack_size=0x800 -i"C:/Users/thielith/ti/ccs1250/ccs/tools/compiler/ti-cgt-arm_20.2.7.LTS/lib" -i"C:/Users/thielith/ti/ccs1250/ccs/tools/compiler/ti-cgt-arm_20.2.7.LTS/include" --reread_libs --diag_wrap=off --display_error_number --warn_sections --xml_link_info="sliding_ball_linkInfo.xml" --rom_model -o "sliding_ball.out" "./Adafruit_GFX.obj" "./Adafruit_OLED.obj" "./i2c_if.obj" "./main.obj" "./oled_test.obj" "./pin_mux_config.obj" "./startup_ccs.obj" "./uart_if.obj" "../cc3200v1p32.cmd"  -l"C:/Users/thielith/ti/CC3200SDK_1.5.0/cc3200-sdk/driverlib/ccs/Release/driverlib.a" -llibc.a 
<Linking>
Finished building target: "sliding_ball.out"
 
C:/Users/thielith/ti/ccs1250/ccs/utils/tiobj2bin/tiobj2bin sliding_ball.out sliding_ball.bin C:/Users/thielith/ti/ccs1250/ccs/tools/compiler/ti-cgt-arm_20.2.7.LTS/bin/armofd C:/Users/thielith/ti/ccs1250/ccs/tools/compiler/ti-cgt-arm_20.2.7.LTS/bin/armhex C:/Users/thielith/ti/ccs1250/ccs/utils/tiobj2bin/mkhex4bin
 

**** Build Finished ****

**** Build of configuration Debug for project sliding_ball ****

"C:\\Users\\thielith\\ti\\ccs1250\\ccs\\utils\\bin\\gmake" -k -j 4 all -O 
 
Building file: "../main.c"
Invoking: Arm Compiler
"C:/Users/thielith/ti/ccs1250/ccs/tools/compiler/ti-cgt-arm_20.2.7.LTS/bin/armcl" -mv7M4 --code_state=16 --float_support=none -me -Ooff --include_path="C:/Users/thielith/Desktop/Shared/class/EEC_172/lab-files/2/files/workspace/sliding_ball" --include_path="C:/Users/thielith/ti/CC3200SDK_1.5.0/cc3200-sdk/" --include_path="C:/Users/thielith/ti/CC3200SDK_1.5.0/cc3200-sdk/driverlib/" --include_path="C:/Users/thielith/ti/CC3200SDK_1.5.0/cc3200-sdk/inc/" --include_path="C:/Users/thielith/ti/CC3200SDK_1.5.0/cc3200-sdk/example/common/" --include_path="C:/Users/thielith/ti/ccs1250/ccs/tools/compiler/ti-cgt-arm_20.2.7.LTS/include" --define=ccs --define=cc3200 -g --diag_warning=225 --diag_wrap=off --display_error_number --abi=eabi --preproc_with_compile --preproc_dependency="main.d_raw"  "../main.c"
"../main.c", line 109: warning #179-D: function "delay" was declared but never referenced
"../main.c", line 145: warning #552-D: variable "old_ax" was set but never used
"../main.c", line 145: warning #552-D: variable "old_ay" was set but never used
"../main.c", line 148: warning #552-D: variable "old_accel_x" was set but never used
"../main.c", line 156: warning #179-D: function "clamp_int" was declared but never referenced
Finished building: "../main.c"
 
Building target: "sliding_ball.out"
Invoking: Arm Linker
"C:/Users/thielith/ti/ccs1250/ccs/tools/compiler/ti-cgt-arm_20.2.7.LTS/bin/armcl" -mv7M4 --code_state=16 --float_support=none -me -Ooff --define=ccs --define=cc3200 -g --diag_warning=225 --diag_wrap=off --display_error_number --abi=eabi -z -m"sliding_ball.map" --heap_size=0x800 --stack_size=0x800 -i"C:/Users/thielith/ti/ccs1250/ccs/tools/compiler/ti-cgt-arm_20.2.7.LTS/lib" -i"C:/Users/thielith/ti/ccs1250/ccs/tools/compiler/ti-cgt-arm_20.2.7.LTS/include" --reread_libs --diag_wrap=off --display_error_number --warn_sections --xml_link_info="sliding_ball_linkInfo.xml" --rom_model -o "sliding_ball.out" "./Adafruit_GFX.obj" "./Adafruit_OLED.obj" "./i2c_if.obj" "./main.obj" "./oled_test.obj" "./pin_mux_config.obj" "./startup_ccs.obj" "./uart_if.obj" "../cc3200v1p32.cmd"  -l"C:/Users/thielith/ti/CC3200SDK_1.5.0/cc3200-sdk/driverlib/ccs/Release/driverlib.a" -llibc.a 
<Linking>
Finished building target: "sliding_ball.out"
 
C:/Users/thielith/ti/ccs1250/ccs/utils/tiobj2bin/tiobj2bin sliding_ball.out sliding_ball.bin C:/Users/thielith/ti/ccs1250/ccs/tools/compiler/ti-cgt-arm_20.2.7.LTS/bin/armofd C:/Users/thielith/ti/ccs1250/ccs/tools/compiler/ti-cgt-arm_20.2.7.LTS/bin/armhex C:/Users/thielith/ti/ccs1250/ccs/utils/tiobj2bin/mkhex4bin
 

**** Build Finished ****

**** Build of configuration Debug for project sliding_ball ****

"C:\\Users\\thielith\\ti\\ccs1250\\ccs\\utils\\bin\\gmake" -k -j 4 all -O 
 
Building file: "../main.c"
Invoking: Arm Compiler
"C:/Users/thielith/ti/ccs1250/ccs/tools/compiler/ti-cgt-arm_20.2.7.LTS/bin/armcl" -mv7M4 --code_state=16 --float_support=none -me -Ooff --include_path="C:/Users/thielith/Desktop/Shared/class/EEC_172/lab-files/2/files/workspace/sliding_ball" --include_path="C:/Users/thielith/ti/CC3200SDK_1.5.0/cc3200-sdk/" --include_path="C:/Users/thielith/ti/CC3200SDK_1.5.0/cc3200-sdk/driverlib/" --include_path="C:/Users/thielith/ti/CC3200SDK_1.5.0/cc3200-sdk/inc/" --include_path="C:/Users/thielith/ti/CC3200SDK_1.5.0/cc3200-sdk/example/common/" --include_path="C:/Users/thielith/ti/ccs1250/ccs/tools/compiler/ti-cgt-arm_20.2.7.LTS/include" --define=ccs --define=cc3200 -g --diag_warning=225 --diag_wrap=off --display_error_number --abi=eabi --preproc_with_compile --preproc_dependency="main.d_raw"  "../main.c"
"../main.c", line 109: warning #179-D: function "delay" was declared but never referenced
"../main.c", line 145: warning #552-D: variable "old_ax" was set but never used
"../main.c", line 145: warning #552-D: variable "old_ay" was set but never used
"../main.c", line 148: warning #552-D: variable "old_accel_x" was set but never used
"../main.c", line 156: warning #179-D: function "clamp_int" was declared but never referenced
Finished building: "../main.c"
 
Building target: "sliding_ball.out"
Invoking: Arm Linker
"C:/Users/thielith/ti/ccs1250/ccs/tools/compiler/ti-cgt-arm_20.2.7.LTS/bin/armcl" -mv7M4 --code_state=16 --float_support=none -me -Ooff --define=ccs --define=cc3200 -g --diag_warning=225 --diag_wrap=off --display_error_number --abi=eabi -z -m"sliding_ball.map" --heap_size=0x800 --stack_size=0x800 -i"C:/Users/thielith/ti/ccs1250/ccs/tools/compiler/ti-cgt-arm_20.2.7.LTS/lib" -i"C:/Users/thielith/ti/ccs1250/ccs/tools/compiler/ti-cgt-arm_20.2.7.LTS/include" --reread_libs --diag_wrap=off --display_error_number --warn_sections --xml_link_info="sliding_ball_linkInfo.xml" --rom_model -o "sliding_ball.out" "./Adafruit_GFX.obj" "./Adafruit_OLED.obj" "./i2c_if.obj" "./main.obj" "./oled_test.obj" "./pin_mux_config.obj" "./startup_ccs.obj" "./uart_if.obj" "../cc3200v1p32.cmd"  -l"C:/Users/thielith/ti/CC3200SDK_1.5.0/cc3200-sdk/driverlib/ccs/Release/driverlib.a" -llibc.a 
<Linking>
Finished building target: "sliding_ball.out"
 
C:/Users/thielith/ti/ccs1250/ccs/utils/tiobj2bin/tiobj2bin sliding_ball.out sliding_ball.bin C:/Users/thielith/ti/ccs1250/ccs/tools/compiler/ti-cgt-arm_20.2.7.LTS/bin/armofd C:/Users/thielith/ti/ccs1250/ccs/tools/compiler/ti-cgt-arm_20.2.7.LTS/bin/armhex C:/Users/thielith/ti/ccs1250/ccs/utils/tiobj2bin/mkhex4bin
 

**** Build Finished ****

**** Build of configuration Debug for project sliding_ball ****

"C:\\Users\\thielith\\ti\\ccs1250\\ccs\\utils\\bin\\gmake" -k -j 4 all -O 
 
gmake[1]: 'sliding_ball.out' is up to date.

**** Build Finished ****
